[0.017s] Invoking command in '/home/misys/forza_ws/race_stack/global_planner/build/global_planner': /usr/bin/cmake /home/misys/forza_ws/race_stack/global_planner -DCMAKE_INSTALL_PREFIX=/home/misys/forza_ws/race_stack/global_planner/install/global_planner
[0.033s] -- Found ament_cmake: 1.3.12 (/opt/ros/humble/share/ament_cmake/cmake)
[0.196s] -- Found rclcpp: 16.0.15 (/opt/ros/humble/share/rclcpp/cmake)
[0.228s] -- Found rosidl_generator_c: 3.1.7 (/opt/ros/humble/share/rosidl_generator_c/cmake)
[0.230s] -- Found rosidl_adapter: 3.1.7 (/opt/ros/humble/share/rosidl_adapter/cmake)
[0.236s] -- Found rosidl_generator_cpp: 3.1.7 (/opt/ros/humble/share/rosidl_generator_cpp/cmake)
[0.245s] -- Using all available rosidl_typesupport_c: rosidl_typesupport_fastrtps_c;rosidl_typesupport_introspection_c
[0.258s] -- Using all available rosidl_typesupport_cpp: rosidl_typesupport_fastrtps_cpp;rosidl_typesupport_introspection_cpp
[0.291s] -- Found rmw_implementation_cmake: 6.1.2 (/opt/ros/humble/share/rmw_implementation_cmake/cmake)
[0.293s] -- Found rmw_fastrtps_cpp: 6.2.9 (/opt/ros/humble/share/rmw_fastrtps_cpp/cmake)
[0.437s] -- Using RMW implementation 'rmw_fastrtps_cpp' as default
[0.488s] -- Found sensor_msgs: 4.9.0 (/opt/ros/humble/share/sensor_msgs/cmake)
[0.518s] -- Found nav_msgs: 4.9.0 (/opt/ros/humble/share/nav_msgs/cmake)
[0.535s] -- Found rosidl_default_generators: 1.2.0 (/opt/ros/humble/share/rosidl_default_generators/cmake)
[0.543s] [31mCMake Error at /opt/ros/humble/share/rosidl_cmake/cmake/rosidl_generate_interfaces.cmake:93 (message):
[0.543s]   rosidl_generate_interfaces() the passed file 'msg/wpntArray.msg' doesn't
[0.543s]   exist relative to the CMAKE_CURRENT_SOURCE_DIR
[0.543s]   '/home/misys/forza_ws/race_stack/global_planner'
[0.543s] Call Stack (most recent call first):
[0.543s]   CMakeLists.txt:16 (rosidl_generate_interfaces)
[0.543s] 
[0.543s] [0m
[0.543s] -- Configuring incomplete, errors occurred!
[0.544s] See also "/home/misys/forza_ws/race_stack/global_planner/build/global_planner/CMakeFiles/CMakeOutput.log".
[0.551s] Invoked command in '/home/misys/forza_ws/race_stack/global_planner/build/global_planner' returned '1': /usr/bin/cmake /home/misys/forza_ws/race_stack/global_planner -DCMAKE_INSTALL_PREFIX=/home/misys/forza_ws/race_stack/global_planner/install/global_planner
