[35m[1mConsolidate compiler generated dependencies of target detect[0m
[35m[1mConsolidate compiler generated dependencies of target tracking[0m
[ 50%] Built target tracking
[100%] Built target detect
-- Install configuration: ""
-- Up-to-date: /home/misys/forza_ws/race_stack/install/perception_cpp/lib/perception_cpp/detect
-- Up-to-date: /home/misys/forza_ws/race_stack/install/perception_cpp/lib/perception_cpp/tracking
-- Up-to-date: /home/misys/forza_ws/race_stack/install/perception_cpp/share/perception_cpp//launch
-- Up-to-date: /home/misys/forza_ws/race_stack/install/perception_cpp/share/perception_cpp//launch/perception_launch.xml
-- Up-to-date: /home/misys/forza_ws/race_stack/install/perception_cpp/share/ament_index/resource_index/package_run_dependencies/perception_cpp
-- Up-to-date: /home/misys/forza_ws/race_stack/install/perception_cpp/share/ament_index/resource_index/parent_prefix_path/perception_cpp
-- Up-to-date: /home/misys/forza_ws/race_stack/install/perception_cpp/share/perception_cpp/environment/ament_prefix_path.sh
-- Up-to-date: /home/misys/forza_ws/race_stack/install/perception_cpp/share/perception_cpp/environment/ament_prefix_path.dsv
-- Up-to-date: /home/misys/forza_ws/race_stack/install/perception_cpp/share/perception_cpp/environment/path.sh
-- Up-to-date: /home/misys/forza_ws/race_stack/install/perception_cpp/share/perception_cpp/environment/path.dsv
-- Up-to-date: /home/misys/forza_ws/race_stack/install/perception_cpp/share/perception_cpp/local_setup.bash
-- Up-to-date: /home/misys/forza_ws/race_stack/install/perception_cpp/share/perception_cpp/local_setup.sh
-- Up-to-date: /home/misys/forza_ws/race_stack/install/perception_cpp/share/perception_cpp/local_setup.zsh
-- Up-to-date: /home/misys/forza_ws/race_stack/install/perception_cpp/share/perception_cpp/local_setup.dsv
-- Installing: /home/misys/forza_ws/race_stack/install/perception_cpp/share/perception_cpp/package.dsv
-- Up-to-date: /home/misys/forza_ws/race_stack/install/perception_cpp/share/ament_index/resource_index/packages/perception_cpp
-- Up-to-date: /home/misys/forza_ws/race_stack/install/perception_cpp/share/perception_cpp/cmake/perception_cppConfig.cmake
-- Up-to-date: /home/misys/forza_ws/race_stack/install/perception_cpp/share/perception_cpp/cmake/perception_cppConfig-version.cmake
-- Up-to-date: /home/misys/forza_ws/race_stack/install/perception_cpp/share/perception_cpp/package.xml
