[6.190s] Invoking command in '/home/misys/forza_ws/race_stack/planner/global_planner': PYTHONPATH=/home/misys/forza_ws/race_stack/build/global_planner/prefix_override:/usr/lib/python3/dist-packages/colcon_core/task/python/colcon_distutils_commands:/home/misys/forza_ws/race_stack/install/global_planner/lib/python3.10/site-packages:${PYTHONPATH} /usr/bin/python3 -W ignore:setup.py install is deprecated -W ignore:easy_install command is deprecated setup.py egg_info --egg-base ../../build/global_planner build --build-base /home/misys/forza_ws/race_stack/build/global_planner/build install --record /home/misys/forza_ws/race_stack/build/global_planner/install.log --single-version-externally-managed install_data
[6.609s] running egg_info
[6.611s] writing ../../build/global_planner/global_planner.egg-info/PKG-INFO
[6.611s] writing dependency_links to ../../build/global_planner/global_planner.egg-info/dependency_links.txt
[6.612s] writing entry points to ../../build/global_planner/global_planner.egg-info/entry_points.txt
[6.613s] writing requirements to ../../build/global_planner/global_planner.egg-info/requires.txt
[6.613s] writing top-level names to ../../build/global_planner/global_planner.egg-info/top_level.txt
[6.618s] reading manifest file '../../build/global_planner/global_planner.egg-info/SOURCES.txt'
[6.619s] adding license file 'LICENSE'
[6.621s] writing manifest file '../../build/global_planner/global_planner.egg-info/SOURCES.txt'
[6.624s] running build
[6.624s] running build_py
[6.624s] copying global_planner/__init__.py -> /home/misys/forza_ws/race_stack/build/global_planner/build/lib/global_planner
[6.626s] copying global_planner/global_trajectory_publisher.py -> /home/misys/forza_ws/race_stack/build/global_planner/build/lib/global_planner
[6.626s] copying global_planner/readwrite_global_waypoints.py -> /home/misys/forza_ws/race_stack/build/global_planner/build/lib/global_planner
[6.627s] copying global_planner/global_planner_utils.py -> /home/misys/forza_ws/race_stack/build/global_planner/build/lib/global_planner
[6.627s] copying global_planner/global_planner_node.py -> /home/misys/forza_ws/race_stack/build/global_planner/build/lib/global_planner
[6.627s] copying global_planner/global_planner_logic.py -> /home/misys/forza_ws/race_stack/build/global_planner/build/lib/global_planner
[6.627s] running install
[6.628s] running install_lib
[6.629s] copying /home/misys/forza_ws/race_stack/build/global_planner/build/lib/global_planner/__init__.py -> /home/misys/forza_ws/race_stack/install/global_planner/lib/python3.10/site-packages/global_planner
[6.632s] copying /home/misys/forza_ws/race_stack/build/global_planner/build/lib/global_planner/global_trajectory_publisher.py -> /home/misys/forza_ws/race_stack/install/global_planner/lib/python3.10/site-packages/global_planner
[6.633s] copying /home/misys/forza_ws/race_stack/build/global_planner/build/lib/global_planner/readwrite_global_waypoints.py -> /home/misys/forza_ws/race_stack/install/global_planner/lib/python3.10/site-packages/global_planner
[6.633s] copying /home/misys/forza_ws/race_stack/build/global_planner/build/lib/global_planner/global_planner_utils.py -> /home/misys/forza_ws/race_stack/install/global_planner/lib/python3.10/site-packages/global_planner
[6.633s] copying /home/misys/forza_ws/race_stack/build/global_planner/build/lib/global_planner/global_planner_node.py -> /home/misys/forza_ws/race_stack/install/global_planner/lib/python3.10/site-packages/global_planner
[6.633s] copying /home/misys/forza_ws/race_stack/build/global_planner/build/lib/global_planner/global_planner_logic.py -> /home/misys/forza_ws/race_stack/install/global_planner/lib/python3.10/site-packages/global_planner
[6.635s] byte-compiling /home/misys/forza_ws/race_stack/install/global_planner/lib/python3.10/site-packages/global_planner/__init__.py to __init__.cpython-310.pyc
[6.636s] byte-compiling /home/misys/forza_ws/race_stack/install/global_planner/lib/python3.10/site-packages/global_planner/global_trajectory_publisher.py to global_trajectory_publisher.cpython-310.pyc
[6.638s] byte-compiling /home/misys/forza_ws/race_stack/install/global_planner/lib/python3.10/site-packages/global_planner/readwrite_global_waypoints.py to readwrite_global_waypoints.cpython-310.pyc
[6.639s] byte-compiling /home/misys/forza_ws/race_stack/install/global_planner/lib/python3.10/site-packages/global_planner/global_planner_utils.py to global_planner_utils.cpython-310.pyc
[6.646s] byte-compiling /home/misys/forza_ws/race_stack/install/global_planner/lib/python3.10/site-packages/global_planner/global_planner_node.py to global_planner_node.cpython-310.pyc
[6.648s] byte-compiling /home/misys/forza_ws/race_stack/install/global_planner/lib/python3.10/site-packages/global_planner/global_planner_logic.py to global_planner_logic.cpython-310.pyc
[6.652s] running install_data
[6.653s] copying resource/global_planner -> /home/misys/forza_ws/race_stack/install/global_planner/share/ament_index/resource_index/packages
[6.659s] copying package.xml -> /home/misys/forza_ws/race_stack/install/global_planner/share/global_planner
[6.659s] running install_egg_info
[6.662s] removing '/home/misys/forza_ws/race_stack/install/global_planner/lib/python3.10/site-packages/global_planner-0.0.0-py3.10.egg-info' (and everything under it)
[6.664s] Copying ../../build/global_planner/global_planner.egg-info to /home/misys/forza_ws/race_stack/install/global_planner/lib/python3.10/site-packages/global_planner-0.0.0-py3.10.egg-info
[6.666s] running install_scripts
[6.702s] Installing global_planner script to /home/misys/forza_ws/race_stack/install/global_planner/lib/global_planner
[6.705s] Installing global_trajectory_publisher script to /home/misys/forza_ws/race_stack/install/global_planner/lib/global_planner
[6.707s] writing list of installed files to '/home/misys/forza_ws/race_stack/build/global_planner/install.log'
[7.204s] Invoked command in '/home/misys/forza_ws/race_stack/planner/global_planner' returned '0': PYTHONPATH=/home/misys/forza_ws/race_stack/build/global_planner/prefix_override:/usr/lib/python3/dist-packages/colcon_core/task/python/colcon_distutils_commands:/home/misys/forza_ws/race_stack/install/global_planner/lib/python3.10/site-packages:${PYTHONPATH} /usr/bin/python3 -W ignore:setup.py install is deprecated -W ignore:easy_install command is deprecated setup.py egg_info --egg-base ../../build/global_planner build --build-base /home/misys/forza_ws/race_stack/build/global_planner/build install --record /home/misys/forza_ws/race_stack/build/global_planner/install.log --single-version-externally-managed install_data
