[0.082s] Invoking command in '/home/misys/forza_ws/race_stack/build/teleop_tools_msgs': CMAKE_PREFIX_PATH=/opt/ros/humble /usr/bin/cmake /home/misys/forza_ws/race_stack/base_system/f1tenth_system/teleop_tools/teleop_tools_msgs -DCMAKE_INSTALL_PREFIX=/home/misys/forza_ws/race_stack/install/teleop_tools_msgs
[3.803s] -- The C compiler identification is GNU 11.4.0
[3.803s] -- The CXX compiler identification is GNU 11.4.0
[3.803s] -- Detecting C compiler ABI info
[3.803s] -- Detecting C compiler ABI info - done
[3.803s] -- Check for working C compiler: /usr/bin/cc - skipped
[3.803s] -- Detecting C compile features
[3.803s] -- Detecting C compile features - done
[3.804s] -- Detecting CXX compiler ABI info
[3.804s] -- Detecting CXX compiler ABI info - done
[3.804s] -- Check for working CXX compiler: /usr/bin/c++ - skipped
[3.804s] -- Detecting CXX compile features
[3.804s] -- Detecting CXX compile features - done
[3.804s] -- Found ament_cmake: 1.3.12 (/opt/ros/humble/share/ament_cmake/cmake)
[3.804s] -- Found Python3: /usr/bin/python3 (found version "3.10.12") found components: Interpreter 
[3.804s] -- Found rosidl_default_generators: 1.2.0 (/opt/ros/humble/share/rosidl_default_generators/cmake)
[3.804s] -- Using all available rosidl_typesupport_c: rosidl_typesupport_fastrtps_c;rosidl_typesupport_introspection_c
[3.804s] -- Found rosidl_adapter: 3.1.7 (/opt/ros/humble/share/rosidl_adapter/cmake)
[3.804s] -- Using all available rosidl_typesupport_cpp: rosidl_typesupport_fastrtps_cpp;rosidl_typesupport_introspection_cpp
[3.804s] -- Found ament_lint_auto: 0.12.14 (/opt/ros/humble/share/ament_lint_auto/cmake)
[3.804s] -- Found ament_cmake_ros: 0.10.0 (/opt/ros/humble/share/ament_cmake_ros/cmake)
[3.804s] -- Using all available rosidl_typesupport_c: rosidl_typesupport_fastrtps_c;rosidl_typesupport_introspection_c
[3.804s] -- Using all available rosidl_typesupport_cpp: rosidl_typesupport_fastrtps_cpp;rosidl_typesupport_introspection_cpp
[3.804s] -- Found PythonInterp: /usr/bin/python3 (found suitable version "3.10.12", minimum required is "3.6") 
[3.804s] -- Found python_cmake_module: 0.10.0 (/opt/ros/humble/share/python_cmake_module/cmake)
[3.804s] -- Found PythonLibs: /usr/lib/x86_64-linux-gnu/libpython3.10.so (found suitable version "3.10.12", minimum required is "3.5") 
[3.805s] -- Using PYTHON_EXECUTABLE: /usr/bin/python3
[3.805s] -- Using PYTHON_INCLUDE_DIRS: /usr/include/python3.10
[3.806s] -- Using PYTHON_LIBRARIES: /usr/lib/x86_64-linux-gnu/libpython3.10.so
[3.806s] -- Found PythonExtra: .so  
[3.806s] -- Added test 'copyright' to check source files copyright and LICENSE
[3.806s] -- Added test 'lint_cmake' to check CMake code style
[3.806s] -- Added test 'xmllint' to check XML markup files
[3.806s] -- Configuring done
[3.806s] -- Generating done
[3.806s] -- Build files have been written to: /home/misys/forza_ws/race_stack/build/teleop_tools_msgs
[3.823s] Invoked command in '/home/misys/forza_ws/race_stack/build/teleop_tools_msgs' returned '0': CMAKE_PREFIX_PATH=/opt/ros/humble /usr/bin/cmake /home/misys/forza_ws/race_stack/base_system/f1tenth_system/teleop_tools/teleop_tools_msgs -DCMAKE_INSTALL_PREFIX=/home/misys/forza_ws/race_stack/install/teleop_tools_msgs
[3.823s] Invoking command in '/home/misys/forza_ws/race_stack/build/teleop_tools_msgs': CMAKE_PREFIX_PATH=/opt/ros/humble /usr/bin/cmake --build /home/misys/forza_ws/race_stack/build/teleop_tools_msgs -- -j18 -l18
[3.920s] [  3%] Generating C code for ROS interfaces
[3.926s] [  6%] Generating C++ code for ROS interfaces
[4.001s] [  6%] Built target ament_cmake_python_copy_teleop_tools_msgs
[4.782s] [  9%] Building C object CMakeFiles/teleop_tools_msgs__rosidl_generator_c.dir/rosidl_generator_c/teleop_tools_msgs/action/detail/increment__functions.c.o
[5.531s] [ 12%] Linking C shared library libteleop_tools_msgs__rosidl_generator_c.so
[5.531s] [ 12%] Built target teleop_tools_msgs__rosidl_generator_c
[5.531s] running egg_info
[5.532s] creating teleop_tools_msgs.egg-info
[5.532s] writing teleop_tools_msgs.egg-info/PKG-INFO
[5.532s] writing dependency_links to teleop_tools_msgs.egg-info/dependency_links.txt
[5.532s] writing top-level names to teleop_tools_msgs.egg-info/top_level.txt
[5.532s] writing manifest file 'teleop_tools_msgs.egg-info/SOURCES.txt'
[5.532s] reading manifest file 'teleop_tools_msgs.egg-info/SOURCES.txt'
[5.532s] writing manifest file 'teleop_tools_msgs.egg-info/SOURCES.txt'
[5.532s] [ 19%] Generating C type support dispatch for ROS interfaces
[5.532s] [ 19%] Generating C type support for eProsima Fast-RTPS
[5.532s] [ 22%] Generating C introspection for ROS interfaces
[5.532s] [ 22%] Built target ament_cmake_python_build_teleop_tools_msgs_egg
[5.701s] [ 22%] Built target teleop_tools_msgs__cpp
[5.701s] [ 25%] Generating C++ type support dispatch for ROS interfaces
[5.701s] [ 29%] Generating C++ introspection for ROS interfaces
[5.701s] [ 32%] Generating C++ type support for eProsima Fast-RTPS
[5.717s] [ 35%] Building CXX object CMakeFiles/teleop_tools_msgs__rosidl_typesupport_c.dir/rosidl_typesupport_c/teleop_tools_msgs/action/increment__type_support.cpp.o
[5.874s] [ 38%] Linking CXX shared library libteleop_tools_msgs__rosidl_typesupport_c.so
[8.457s] [ 41%] Building CXX object CMakeFiles/teleop_tools_msgs__rosidl_typesupport_fastrtps_c.dir/rosidl_typesupport_fastrtps_c/teleop_tools_msgs/action/detail/increment__type_support_c.cpp.o
[8.457s] [ 41%] Built target teleop_tools_msgs__rosidl_typesupport_c
[8.462s] [ 45%] Building CXX object CMakeFiles/teleop_tools_msgs__rosidl_typesupport_cpp.dir/rosidl_typesupport_cpp/teleop_tools_msgs/action/increment__type_support.cpp.o
[8.466s] [ 48%] Building C object CMakeFiles/teleop_tools_msgs__rosidl_typesupport_introspection_c.dir/rosidl_typesupport_introspection_c/teleop_tools_msgs/action/detail/increment__type_support.c.o
[8.466s] [ 51%] Linking C shared library libteleop_tools_msgs__rosidl_typesupport_introspection_c.so
[8.466s] [ 51%] Built target teleop_tools_msgs__rosidl_typesupport_introspection_c
[8.466s] [ 54%] Linking CXX shared library libteleop_tools_msgs__rosidl_typesupport_fastrtps_c.so
[8.466s] [ 58%] Building CXX object CMakeFiles/teleop_tools_msgs__rosidl_typesupport_introspection_cpp.dir/rosidl_typesupport_introspection_cpp/teleop_tools_msgs/action/detail/increment__type_support.cpp.o
[8.466s] [ 61%] Linking CXX shared library libteleop_tools_msgs__rosidl_typesupport_cpp.so
[8.466s] [ 61%] Built target teleop_tools_msgs__rosidl_typesupport_fastrtps_c
[8.466s] [ 64%] Building CXX object CMakeFiles/teleop_tools_msgs__rosidl_typesupport_fastrtps_cpp.dir/rosidl_typesupport_fastrtps_cpp/teleop_tools_msgs/action/detail/dds_fastrtps/increment__type_support.cpp.o
[8.466s] [ 64%] Built target teleop_tools_msgs__rosidl_typesupport_cpp
[9.471s] [ 67%] Linking CXX shared library libteleop_tools_msgs__rosidl_typesupport_introspection_cpp.so
[9.471s] [ 70%] Linking CXX shared library libteleop_tools_msgs__rosidl_typesupport_fastrtps_cpp.so
[9.471s] [ 70%] Built target teleop_tools_msgs__rosidl_typesupport_introspection_cpp
[9.471s] [ 70%] Built target teleop_tools_msgs__rosidl_typesupport_fastrtps_cpp
[9.471s] [ 70%] Built target teleop_tools_msgs
[9.471s] [ 74%] Generating Python code for ROS interfaces
[10.531s] [ 74%] Built target teleop_tools_msgs__py
[10.533s] [ 77%] Building C object CMakeFiles/teleop_tools_msgs__rosidl_generator_py.dir/rosidl_generator_py/teleop_tools_msgs/action/_increment_s.c.o
[10.534s] [ 80%] Linking C shared library rosidl_generator_py/teleop_tools_msgs/libteleop_tools_msgs__rosidl_generator_py.so
[10.534s] [ 80%] Built target teleop_tools_msgs__rosidl_generator_py
[10.534s] [ 90%] Building C object CMakeFiles/teleop_tools_msgs__rosidl_typesupport_fastrtps_c__pyext.dir/rosidl_generator_py/teleop_tools_msgs/_teleop_tools_msgs_s.ep.rosidl_typesupport_fastrtps_c.c.o
[10.534s] [ 90%] Building C object CMakeFiles/teleop_tools_msgs__rosidl_typesupport_c__pyext.dir/rosidl_generator_py/teleop_tools_msgs/_teleop_tools_msgs_s.ep.rosidl_typesupport_c.c.o
[10.534s] [ 90%] Building C object CMakeFiles/teleop_tools_msgs__rosidl_typesupport_introspection_c__pyext.dir/rosidl_generator_py/teleop_tools_msgs/_teleop_tools_msgs_s.ep.rosidl_typesupport_introspection_c.c.o
[10.966s] [ 93%] Linking C shared library rosidl_generator_py/teleop_tools_msgs/teleop_tools_msgs_s__rosidl_typesupport_introspection_c.cpython-310-x86_64-linux-gnu.so
[10.967s] [ 96%] Linking C shared library rosidl_generator_py/teleop_tools_msgs/teleop_tools_msgs_s__rosidl_typesupport_c.cpython-310-x86_64-linux-gnu.so
[10.967s] [100%] Linking C shared library rosidl_generator_py/teleop_tools_msgs/teleop_tools_msgs_s__rosidl_typesupport_fastrtps_c.cpython-310-x86_64-linux-gnu.so
[10.967s] [100%] Built target teleop_tools_msgs__rosidl_typesupport_introspection_c__pyext
[10.967s] [100%] Built target teleop_tools_msgs__rosidl_typesupport_c__pyext
[10.967s] [100%] Built target teleop_tools_msgs__rosidl_typesupport_fastrtps_c__pyext
[11.256s] Invoked command in '/home/misys/forza_ws/race_stack/build/teleop_tools_msgs' returned '0': CMAKE_PREFIX_PATH=/opt/ros/humble /usr/bin/cmake --build /home/misys/forza_ws/race_stack/build/teleop_tools_msgs -- -j18 -l18
[11.257s] Invoking command in '/home/misys/forza_ws/race_stack/build/teleop_tools_msgs': CMAKE_PREFIX_PATH=/opt/ros/humble /usr/bin/cmake --install /home/misys/forza_ws/race_stack/build/teleop_tools_msgs
[11.273s] -- Install configuration: ""
[11.273s] -- Installing: /home/misys/forza_ws/race_stack/install/teleop_tools_msgs/share/ament_index/resource_index/rosidl_interfaces/teleop_tools_msgs
[11.273s] -- Installing: /home/misys/forza_ws/race_stack/install/teleop_tools_msgs/include/teleop_tools_msgs/teleop_tools_msgs
[11.273s] -- Installing: /home/misys/forza_ws/race_stack/install/teleop_tools_msgs/include/teleop_tools_msgs/teleop_tools_msgs/action
[11.273s] -- Installing: /home/misys/forza_ws/race_stack/install/teleop_tools_msgs/include/teleop_tools_msgs/teleop_tools_msgs/action/detail
[11.274s] -- Installing: /home/misys/forza_ws/race_stack/install/teleop_tools_msgs/include/teleop_tools_msgs/teleop_tools_msgs/action/detail/increment__functions.c
[11.274s] -- Installing: /home/misys/forza_ws/race_stack/install/teleop_tools_msgs/include/teleop_tools_msgs/teleop_tools_msgs/action/detail/increment__struct.h
[11.274s] -- Installing: /home/misys/forza_ws/race_stack/install/teleop_tools_msgs/include/teleop_tools_msgs/teleop_tools_msgs/action/detail/increment__functions.h
[11.274s] -- Installing: /home/misys/forza_ws/race_stack/install/teleop_tools_msgs/include/teleop_tools_msgs/teleop_tools_msgs/action/detail/increment__type_support.h
[11.275s] -- Installing: /home/misys/forza_ws/race_stack/install/teleop_tools_msgs/include/teleop_tools_msgs/teleop_tools_msgs/action/increment.h
[11.275s] -- Installing: /home/misys/forza_ws/race_stack/install/teleop_tools_msgs/include/teleop_tools_msgs/teleop_tools_msgs/msg
[11.275s] -- Installing: /home/misys/forza_ws/race_stack/install/teleop_tools_msgs/include/teleop_tools_msgs/teleop_tools_msgs/msg/rosidl_generator_c__visibility_control.h
[11.275s] -- Installing: /home/misys/forza_ws/race_stack/install/teleop_tools_msgs/share/teleop_tools_msgs/environment/library_path.sh
[11.275s] -- Installing: /home/misys/forza_ws/race_stack/install/teleop_tools_msgs/share/teleop_tools_msgs/environment/library_path.dsv
[11.275s] -- Installing: /home/misys/forza_ws/race_stack/install/teleop_tools_msgs/lib/libteleop_tools_msgs__rosidl_generator_c.so
[11.275s] -- Set runtime path of "/home/misys/forza_ws/race_stack/install/teleop_tools_msgs/lib/libteleop_tools_msgs__rosidl_generator_c.so" to ""
[11.277s] -- Up-to-date: /home/misys/forza_ws/race_stack/install/teleop_tools_msgs/include/teleop_tools_msgs/teleop_tools_msgs
[11.277s] -- Up-to-date: /home/misys/forza_ws/race_stack/install/teleop_tools_msgs/include/teleop_tools_msgs/teleop_tools_msgs/action
[11.277s] -- Up-to-date: /home/misys/forza_ws/race_stack/install/teleop_tools_msgs/include/teleop_tools_msgs/teleop_tools_msgs/action/detail
[11.278s] -- Installing: /home/misys/forza_ws/race_stack/install/teleop_tools_msgs/include/teleop_tools_msgs/teleop_tools_msgs/action/detail/increment__rosidl_typesupport_fastrtps_c.h
[11.278s] -- Up-to-date: /home/misys/forza_ws/race_stack/install/teleop_tools_msgs/include/teleop_tools_msgs/teleop_tools_msgs/msg
[11.278s] -- Installing: /home/misys/forza_ws/race_stack/install/teleop_tools_msgs/include/teleop_tools_msgs/teleop_tools_msgs/msg/rosidl_typesupport_fastrtps_c__visibility_control.h
[11.278s] -- Installing: /home/misys/forza_ws/race_stack/install/teleop_tools_msgs/lib/libteleop_tools_msgs__rosidl_typesupport_fastrtps_c.so
[11.278s] -- Set runtime path of "/home/misys/forza_ws/race_stack/install/teleop_tools_msgs/lib/libteleop_tools_msgs__rosidl_typesupport_fastrtps_c.so" to ""
[11.278s] -- Up-to-date: /home/misys/forza_ws/race_stack/install/teleop_tools_msgs/include/teleop_tools_msgs/teleop_tools_msgs
[11.278s] -- Up-to-date: /home/misys/forza_ws/race_stack/install/teleop_tools_msgs/include/teleop_tools_msgs/teleop_tools_msgs/action
[11.278s] -- Up-to-date: /home/misys/forza_ws/race_stack/install/teleop_tools_msgs/include/teleop_tools_msgs/teleop_tools_msgs/action/detail
[11.278s] -- Installing: /home/misys/forza_ws/race_stack/install/teleop_tools_msgs/include/teleop_tools_msgs/teleop_tools_msgs/action/detail/increment__type_support.c
[11.278s] -- Installing: /home/misys/forza_ws/race_stack/install/teleop_tools_msgs/include/teleop_tools_msgs/teleop_tools_msgs/action/detail/increment__rosidl_typesupport_introspection_c.h
[11.278s] -- Up-to-date: /home/misys/forza_ws/race_stack/install/teleop_tools_msgs/include/teleop_tools_msgs/teleop_tools_msgs/msg
[11.279s] -- Installing: /home/misys/forza_ws/race_stack/install/teleop_tools_msgs/include/teleop_tools_msgs/teleop_tools_msgs/msg/rosidl_typesupport_introspection_c__visibility_control.h
[11.279s] -- Installing: /home/misys/forza_ws/race_stack/install/teleop_tools_msgs/lib/libteleop_tools_msgs__rosidl_typesupport_introspection_c.so
[11.279s] -- Set runtime path of "/home/misys/forza_ws/race_stack/install/teleop_tools_msgs/lib/libteleop_tools_msgs__rosidl_typesupport_introspection_c.so" to ""
[11.279s] -- Installing: /home/misys/forza_ws/race_stack/install/teleop_tools_msgs/lib/libteleop_tools_msgs__rosidl_typesupport_c.so
[11.279s] -- Set runtime path of "/home/misys/forza_ws/race_stack/install/teleop_tools_msgs/lib/libteleop_tools_msgs__rosidl_typesupport_c.so" to ""
[11.279s] -- Up-to-date: /home/misys/forza_ws/race_stack/install/teleop_tools_msgs/include/teleop_tools_msgs/teleop_tools_msgs
[11.279s] -- Up-to-date: /home/misys/forza_ws/race_stack/install/teleop_tools_msgs/include/teleop_tools_msgs/teleop_tools_msgs/action
[11.279s] -- Up-to-date: /home/misys/forza_ws/race_stack/install/teleop_tools_msgs/include/teleop_tools_msgs/teleop_tools_msgs/action/detail
[11.279s] -- Installing: /home/misys/forza_ws/race_stack/install/teleop_tools_msgs/include/teleop_tools_msgs/teleop_tools_msgs/action/detail/increment__builder.hpp
[11.280s] -- Installing: /home/misys/forza_ws/race_stack/install/teleop_tools_msgs/include/teleop_tools_msgs/teleop_tools_msgs/action/detail/increment__traits.hpp
[11.280s] -- Installing: /home/misys/forza_ws/race_stack/install/teleop_tools_msgs/include/teleop_tools_msgs/teleop_tools_msgs/action/detail/increment__struct.hpp
[11.280s] -- Installing: /home/misys/forza_ws/race_stack/install/teleop_tools_msgs/include/teleop_tools_msgs/teleop_tools_msgs/action/detail/increment__type_support.hpp
[11.280s] -- Installing: /home/misys/forza_ws/race_stack/install/teleop_tools_msgs/include/teleop_tools_msgs/teleop_tools_msgs/action/increment.hpp
[11.280s] -- Up-to-date: /home/misys/forza_ws/race_stack/install/teleop_tools_msgs/include/teleop_tools_msgs/teleop_tools_msgs/msg
[11.280s] -- Installing: /home/misys/forza_ws/race_stack/install/teleop_tools_msgs/include/teleop_tools_msgs/teleop_tools_msgs/msg/rosidl_generator_cpp__visibility_control.hpp
[11.280s] -- Up-to-date: /home/misys/forza_ws/race_stack/install/teleop_tools_msgs/include/teleop_tools_msgs/teleop_tools_msgs
[11.280s] -- Up-to-date: /home/misys/forza_ws/race_stack/install/teleop_tools_msgs/include/teleop_tools_msgs/teleop_tools_msgs/action
[11.280s] -- Up-to-date: /home/misys/forza_ws/race_stack/install/teleop_tools_msgs/include/teleop_tools_msgs/teleop_tools_msgs/action/detail
[11.280s] -- Installing: /home/misys/forza_ws/race_stack/install/teleop_tools_msgs/include/teleop_tools_msgs/teleop_tools_msgs/action/detail/increment__rosidl_typesupport_fastrtps_cpp.hpp
[11.280s] -- Installing: /home/misys/forza_ws/race_stack/install/teleop_tools_msgs/include/teleop_tools_msgs/teleop_tools_msgs/action/detail/dds_fastrtps
[11.280s] -- Up-to-date: /home/misys/forza_ws/race_stack/install/teleop_tools_msgs/include/teleop_tools_msgs/teleop_tools_msgs/msg
[11.281s] -- Installing: /home/misys/forza_ws/race_stack/install/teleop_tools_msgs/include/teleop_tools_msgs/teleop_tools_msgs/msg/rosidl_typesupport_fastrtps_cpp__visibility_control.h
[11.281s] -- Installing: /home/misys/forza_ws/race_stack/install/teleop_tools_msgs/lib/libteleop_tools_msgs__rosidl_typesupport_fastrtps_cpp.so
[11.281s] -- Set runtime path of "/home/misys/forza_ws/race_stack/install/teleop_tools_msgs/lib/libteleop_tools_msgs__rosidl_typesupport_fastrtps_cpp.so" to ""
[11.281s] -- Up-to-date: /home/misys/forza_ws/race_stack/install/teleop_tools_msgs/include/teleop_tools_msgs/teleop_tools_msgs
[11.281s] -- Up-to-date: /home/misys/forza_ws/race_stack/install/teleop_tools_msgs/include/teleop_tools_msgs/teleop_tools_msgs/action
[11.281s] -- Up-to-date: /home/misys/forza_ws/race_stack/install/teleop_tools_msgs/include/teleop_tools_msgs/teleop_tools_msgs/action/detail
[11.281s] -- Installing: /home/misys/forza_ws/race_stack/install/teleop_tools_msgs/include/teleop_tools_msgs/teleop_tools_msgs/action/detail/increment__rosidl_typesupport_introspection_cpp.hpp
[11.281s] -- Installing: /home/misys/forza_ws/race_stack/install/teleop_tools_msgs/include/teleop_tools_msgs/teleop_tools_msgs/action/detail/increment__type_support.cpp
[11.281s] -- Installing: /home/misys/forza_ws/race_stack/install/teleop_tools_msgs/lib/libteleop_tools_msgs__rosidl_typesupport_introspection_cpp.so
[11.281s] -- Set runtime path of "/home/misys/forza_ws/race_stack/install/teleop_tools_msgs/lib/libteleop_tools_msgs__rosidl_typesupport_introspection_cpp.so" to ""
[11.281s] -- Installing: /home/misys/forza_ws/race_stack/install/teleop_tools_msgs/lib/libteleop_tools_msgs__rosidl_typesupport_cpp.so
[11.281s] -- Set runtime path of "/home/misys/forza_ws/race_stack/install/teleop_tools_msgs/lib/libteleop_tools_msgs__rosidl_typesupport_cpp.so" to ""
[11.282s] -- Installing: /home/misys/forza_ws/race_stack/install/teleop_tools_msgs/share/teleop_tools_msgs/environment/pythonpath.sh
[11.282s] -- Installing: /home/misys/forza_ws/race_stack/install/teleop_tools_msgs/share/teleop_tools_msgs/environment/pythonpath.dsv
[11.282s] -- Installing: /home/misys/forza_ws/race_stack/install/teleop_tools_msgs/local/lib/python3.10/dist-packages/teleop_tools_msgs-1.5.0-py3.10.egg-info
[11.282s] -- Installing: /home/misys/forza_ws/race_stack/install/teleop_tools_msgs/local/lib/python3.10/dist-packages/teleop_tools_msgs-1.5.0-py3.10.egg-info/PKG-INFO
[11.282s] -- Installing: /home/misys/forza_ws/race_stack/install/teleop_tools_msgs/local/lib/python3.10/dist-packages/teleop_tools_msgs-1.5.0-py3.10.egg-info/SOURCES.txt
[11.282s] -- Installing: /home/misys/forza_ws/race_stack/install/teleop_tools_msgs/local/lib/python3.10/dist-packages/teleop_tools_msgs-1.5.0-py3.10.egg-info/dependency_links.txt
[11.282s] -- Installing: /home/misys/forza_ws/race_stack/install/teleop_tools_msgs/local/lib/python3.10/dist-packages/teleop_tools_msgs-1.5.0-py3.10.egg-info/top_level.txt
[11.282s] -- Installing: /home/misys/forza_ws/race_stack/install/teleop_tools_msgs/local/lib/python3.10/dist-packages/teleop_tools_msgs
[11.282s] -- Installing: /home/misys/forza_ws/race_stack/install/teleop_tools_msgs/local/lib/python3.10/dist-packages/teleop_tools_msgs/teleop_tools_msgs_s__rosidl_typesupport_fastrtps_c.cpython-310-x86_64-linux-gnu.so
[11.282s] -- Installing: /home/misys/forza_ws/race_stack/install/teleop_tools_msgs/local/lib/python3.10/dist-packages/teleop_tools_msgs/libteleop_tools_msgs__rosidl_generator_py.so
[11.282s] -- Installing: /home/misys/forza_ws/race_stack/install/teleop_tools_msgs/local/lib/python3.10/dist-packages/teleop_tools_msgs/teleop_tools_msgs_s__rosidl_typesupport_introspection_c.cpython-310-x86_64-linux-gnu.so
[11.282s] -- Installing: /home/misys/forza_ws/race_stack/install/teleop_tools_msgs/local/lib/python3.10/dist-packages/teleop_tools_msgs/teleop_tools_msgs_s__rosidl_typesupport_c.cpython-310-x86_64-linux-gnu.so
[11.282s] -- Installing: /home/misys/forza_ws/race_stack/install/teleop_tools_msgs/local/lib/python3.10/dist-packages/teleop_tools_msgs/_teleop_tools_msgs_s.ep.rosidl_typesupport_c.c
[11.283s] -- Installing: /home/misys/forza_ws/race_stack/install/teleop_tools_msgs/local/lib/python3.10/dist-packages/teleop_tools_msgs/_teleop_tools_msgs_s.ep.rosidl_typesupport_fastrtps_c.c
[11.283s] -- Installing: /home/misys/forza_ws/race_stack/install/teleop_tools_msgs/local/lib/python3.10/dist-packages/teleop_tools_msgs/_teleop_tools_msgs_s.ep.rosidl_typesupport_introspection_c.c
[11.283s] -- Installing: /home/misys/forza_ws/race_stack/install/teleop_tools_msgs/local/lib/python3.10/dist-packages/teleop_tools_msgs/__init__.py
[11.283s] -- Installing: /home/misys/forza_ws/race_stack/install/teleop_tools_msgs/local/lib/python3.10/dist-packages/teleop_tools_msgs/action
[11.283s] -- Installing: /home/misys/forza_ws/race_stack/install/teleop_tools_msgs/local/lib/python3.10/dist-packages/teleop_tools_msgs/action/_increment.py
[11.283s] -- Installing: /home/misys/forza_ws/race_stack/install/teleop_tools_msgs/local/lib/python3.10/dist-packages/teleop_tools_msgs/action/__init__.py
[11.283s] -- Installing: /home/misys/forza_ws/race_stack/install/teleop_tools_msgs/local/lib/python3.10/dist-packages/teleop_tools_msgs/action/_increment_s.c
[11.332s] Listing '/home/misys/forza_ws/race_stack/install/teleop_tools_msgs/local/lib/python3.10/dist-packages/teleop_tools_msgs'...
[11.332s] Compiling '/home/misys/forza_ws/race_stack/install/teleop_tools_msgs/local/lib/python3.10/dist-packages/teleop_tools_msgs/__init__.py'...
[11.332s] Listing '/home/misys/forza_ws/race_stack/install/teleop_tools_msgs/local/lib/python3.10/dist-packages/teleop_tools_msgs/action'...
[11.332s] Compiling '/home/misys/forza_ws/race_stack/install/teleop_tools_msgs/local/lib/python3.10/dist-packages/teleop_tools_msgs/action/__init__.py'...
[11.332s] Compiling '/home/misys/forza_ws/race_stack/install/teleop_tools_msgs/local/lib/python3.10/dist-packages/teleop_tools_msgs/action/_increment.py'...
[11.342s] -- Installing: /home/misys/forza_ws/race_stack/install/teleop_tools_msgs/local/lib/python3.10/dist-packages/teleop_tools_msgs/teleop_tools_msgs_s__rosidl_typesupport_fastrtps_c.cpython-310-x86_64-linux-gnu.so
[11.342s] -- Set runtime path of "/home/misys/forza_ws/race_stack/install/teleop_tools_msgs/local/lib/python3.10/dist-packages/teleop_tools_msgs/teleop_tools_msgs_s__rosidl_typesupport_fastrtps_c.cpython-310-x86_64-linux-gnu.so" to ""
[11.342s] -- Installing: /home/misys/forza_ws/race_stack/install/teleop_tools_msgs/local/lib/python3.10/dist-packages/teleop_tools_msgs/teleop_tools_msgs_s__rosidl_typesupport_introspection_c.cpython-310-x86_64-linux-gnu.so
[11.343s] -- Set runtime path of "/home/misys/forza_ws/race_stack/install/teleop_tools_msgs/local/lib/python3.10/dist-packages/teleop_tools_msgs/teleop_tools_msgs_s__rosidl_typesupport_introspection_c.cpython-310-x86_64-linux-gnu.so" to ""
[11.343s] -- Installing: /home/misys/forza_ws/race_stack/install/teleop_tools_msgs/local/lib/python3.10/dist-packages/teleop_tools_msgs/teleop_tools_msgs_s__rosidl_typesupport_c.cpython-310-x86_64-linux-gnu.so
[11.344s] -- Set runtime path of "/home/misys/forza_ws/race_stack/install/teleop_tools_msgs/local/lib/python3.10/dist-packages/teleop_tools_msgs/teleop_tools_msgs_s__rosidl_typesupport_c.cpython-310-x86_64-linux-gnu.so" to ""
[11.344s] -- Installing: /home/misys/forza_ws/race_stack/install/teleop_tools_msgs/lib/libteleop_tools_msgs__rosidl_generator_py.so
[11.344s] -- Set runtime path of "/home/misys/forza_ws/race_stack/install/teleop_tools_msgs/lib/libteleop_tools_msgs__rosidl_generator_py.so" to ""
[11.344s] -- Installing: /home/misys/forza_ws/race_stack/install/teleop_tools_msgs/share/teleop_tools_msgs/action/Increment.idl
[11.344s] -- Installing: /home/misys/forza_ws/race_stack/install/teleop_tools_msgs/share/teleop_tools_msgs/action/Increment.action
[11.346s] -- Installing: /home/misys/forza_ws/race_stack/install/teleop_tools_msgs/share/ament_index/resource_index/package_run_dependencies/teleop_tools_msgs
[11.346s] -- Installing: /home/misys/forza_ws/race_stack/install/teleop_tools_msgs/share/ament_index/resource_index/parent_prefix_path/teleop_tools_msgs
[11.347s] -- Installing: /home/misys/forza_ws/race_stack/install/teleop_tools_msgs/share/teleop_tools_msgs/environment/ament_prefix_path.sh
[11.348s] -- Installing: /home/misys/forza_ws/race_stack/install/teleop_tools_msgs/share/teleop_tools_msgs/environment/ament_prefix_path.dsv
[11.349s] -- Installing: /home/misys/forza_ws/race_stack/install/teleop_tools_msgs/share/teleop_tools_msgs/environment/path.sh
[11.350s] -- Installing: /home/misys/forza_ws/race_stack/install/teleop_tools_msgs/share/teleop_tools_msgs/environment/path.dsv
[11.350s] -- Installing: /home/misys/forza_ws/race_stack/install/teleop_tools_msgs/share/teleop_tools_msgs/local_setup.bash
[11.350s] -- Installing: /home/misys/forza_ws/race_stack/install/teleop_tools_msgs/share/teleop_tools_msgs/local_setup.sh
[11.351s] -- Installing: /home/misys/forza_ws/race_stack/install/teleop_tools_msgs/share/teleop_tools_msgs/local_setup.zsh
[11.351s] -- Installing: /home/misys/forza_ws/race_stack/install/teleop_tools_msgs/share/teleop_tools_msgs/local_setup.dsv
[11.351s] -- Installing: /home/misys/forza_ws/race_stack/install/teleop_tools_msgs/share/teleop_tools_msgs/package.dsv
[11.351s] -- Installing: /home/misys/forza_ws/race_stack/install/teleop_tools_msgs/share/ament_index/resource_index/packages/teleop_tools_msgs
[11.351s] -- Installing: /home/misys/forza_ws/race_stack/install/teleop_tools_msgs/share/teleop_tools_msgs/cmake/export_teleop_tools_msgs__rosidl_generator_cExport.cmake
[11.352s] -- Installing: /home/misys/forza_ws/race_stack/install/teleop_tools_msgs/share/teleop_tools_msgs/cmake/export_teleop_tools_msgs__rosidl_generator_cExport-noconfig.cmake
[11.352s] -- Installing: /home/misys/forza_ws/race_stack/install/teleop_tools_msgs/share/teleop_tools_msgs/cmake/export_teleop_tools_msgs__rosidl_typesupport_fastrtps_cExport.cmake
[11.352s] -- Installing: /home/misys/forza_ws/race_stack/install/teleop_tools_msgs/share/teleop_tools_msgs/cmake/export_teleop_tools_msgs__rosidl_typesupport_fastrtps_cExport-noconfig.cmake
[11.352s] -- Installing: /home/misys/forza_ws/race_stack/install/teleop_tools_msgs/share/teleop_tools_msgs/cmake/teleop_tools_msgs__rosidl_typesupport_introspection_cExport.cmake
[11.352s] -- Installing: /home/misys/forza_ws/race_stack/install/teleop_tools_msgs/share/teleop_tools_msgs/cmake/teleop_tools_msgs__rosidl_typesupport_introspection_cExport-noconfig.cmake
[11.352s] -- Installing: /home/misys/forza_ws/race_stack/install/teleop_tools_msgs/share/teleop_tools_msgs/cmake/teleop_tools_msgs__rosidl_typesupport_cExport.cmake
[11.353s] -- Installing: /home/misys/forza_ws/race_stack/install/teleop_tools_msgs/share/teleop_tools_msgs/cmake/teleop_tools_msgs__rosidl_typesupport_cExport-noconfig.cmake
[11.353s] -- Installing: /home/misys/forza_ws/race_stack/install/teleop_tools_msgs/share/teleop_tools_msgs/cmake/export_teleop_tools_msgs__rosidl_generator_cppExport.cmake
[11.353s] -- Installing: /home/misys/forza_ws/race_stack/install/teleop_tools_msgs/share/teleop_tools_msgs/cmake/export_teleop_tools_msgs__rosidl_typesupport_fastrtps_cppExport.cmake
[11.353s] -- Installing: /home/misys/forza_ws/race_stack/install/teleop_tools_msgs/share/teleop_tools_msgs/cmake/export_teleop_tools_msgs__rosidl_typesupport_fastrtps_cppExport-noconfig.cmake
[11.353s] -- Installing: /home/misys/forza_ws/race_stack/install/teleop_tools_msgs/share/teleop_tools_msgs/cmake/teleop_tools_msgs__rosidl_typesupport_introspection_cppExport.cmake
[11.353s] -- Installing: /home/misys/forza_ws/race_stack/install/teleop_tools_msgs/share/teleop_tools_msgs/cmake/teleop_tools_msgs__rosidl_typesupport_introspection_cppExport-noconfig.cmake
[11.353s] -- Installing: /home/misys/forza_ws/race_stack/install/teleop_tools_msgs/share/teleop_tools_msgs/cmake/teleop_tools_msgs__rosidl_typesupport_cppExport.cmake
[11.353s] -- Installing: /home/misys/forza_ws/race_stack/install/teleop_tools_msgs/share/teleop_tools_msgs/cmake/teleop_tools_msgs__rosidl_typesupport_cppExport-noconfig.cmake
[11.354s] -- Installing: /home/misys/forza_ws/race_stack/install/teleop_tools_msgs/share/teleop_tools_msgs/cmake/export_teleop_tools_msgs__rosidl_generator_pyExport.cmake
[11.354s] -- Installing: /home/misys/forza_ws/race_stack/install/teleop_tools_msgs/share/teleop_tools_msgs/cmake/export_teleop_tools_msgs__rosidl_generator_pyExport-noconfig.cmake
[11.354s] -- Installing: /home/misys/forza_ws/race_stack/install/teleop_tools_msgs/share/teleop_tools_msgs/cmake/rosidl_cmake-extras.cmake
[11.354s] -- Installing: /home/misys/forza_ws/race_stack/install/teleop_tools_msgs/share/teleop_tools_msgs/cmake/ament_cmake_export_dependencies-extras.cmake
[11.354s] -- Installing: /home/misys/forza_ws/race_stack/install/teleop_tools_msgs/share/teleop_tools_msgs/cmake/ament_cmake_export_include_directories-extras.cmake
[11.354s] -- Installing: /home/misys/forza_ws/race_stack/install/teleop_tools_msgs/share/teleop_tools_msgs/cmake/ament_cmake_export_libraries-extras.cmake
[11.354s] -- Installing: /home/misys/forza_ws/race_stack/install/teleop_tools_msgs/share/teleop_tools_msgs/cmake/ament_cmake_export_targets-extras.cmake
[11.354s] -- Installing: /home/misys/forza_ws/race_stack/install/teleop_tools_msgs/share/teleop_tools_msgs/cmake/rosidl_cmake_export_typesupport_targets-extras.cmake
[11.355s] -- Installing: /home/misys/forza_ws/race_stack/install/teleop_tools_msgs/share/teleop_tools_msgs/cmake/rosidl_cmake_export_typesupport_libraries-extras.cmake
[11.355s] -- Installing: /home/misys/forza_ws/race_stack/install/teleop_tools_msgs/share/teleop_tools_msgs/cmake/teleop_tools_msgsConfig.cmake
[11.355s] -- Installing: /home/misys/forza_ws/race_stack/install/teleop_tools_msgs/share/teleop_tools_msgs/cmake/teleop_tools_msgsConfig-version.cmake
[11.355s] -- Installing: /home/misys/forza_ws/race_stack/install/teleop_tools_msgs/share/teleop_tools_msgs/package.xml
[11.359s] Invoked command in '/home/misys/forza_ws/race_stack/build/teleop_tools_msgs' returned '0': CMAKE_PREFIX_PATH=/opt/ros/humble /usr/bin/cmake --install /home/misys/forza_ws/race_stack/build/teleop_tools_msgs
