[4.765s] Invoking command in '/home/misys/forza_ws/race_stack/base_system/f1tenth_system/teleop_tools/key_teleop': PYTHONPATH=/home/misys/forza_ws/race_stack/build/key_teleop/prefix_override:/usr/lib/python3/dist-packages/colcon_core/task/python/colcon_distutils_commands:/home/misys/forza_ws/race_stack/install/key_teleop/lib/python3.10/site-packages:${PYTHONPATH} /usr/bin/python3 -W ignore:setup.py install is deprecated -W ignore:easy_install command is deprecated setup.py egg_info --egg-base ../../../../build/key_teleop build --build-base /home/misys/forza_ws/race_stack/build/key_teleop/build install --record /home/misys/forza_ws/race_stack/build/key_teleop/install.log --single-version-externally-managed install_data
[5.567s] running egg_info
[5.567s] creating ../../../../build/key_teleop/key_teleop.egg-info
[5.567s] writing ../../../../build/key_teleop/key_teleop.egg-info/PKG-INFO
[5.567s] writing dependency_links to ../../../../build/key_teleop/key_teleop.egg-info/dependency_links.txt
[5.568s] writing entry points to ../../../../build/key_teleop/key_teleop.egg-info/entry_points.txt
[5.568s] writing requirements to ../../../../build/key_teleop/key_teleop.egg-info/requires.txt
[5.568s] writing top-level names to ../../../../build/key_teleop/key_teleop.egg-info/top_level.txt
[5.568s] writing manifest file '../../../../build/key_teleop/key_teleop.egg-info/SOURCES.txt'
[5.568s] reading manifest file '../../../../build/key_teleop/key_teleop.egg-info/SOURCES.txt'
[5.568s] adding license file 'LICENSE'
[5.568s] writing manifest file '../../../../build/key_teleop/key_teleop.egg-info/SOURCES.txt'
[5.568s] running build
[5.568s] running build_py
[5.568s] creating /home/misys/forza_ws/race_stack/build/key_teleop/build
[5.568s] creating /home/misys/forza_ws/race_stack/build/key_teleop/build/lib
[5.568s] creating /home/misys/forza_ws/race_stack/build/key_teleop/build/lib/key_teleop
[5.568s] copying key_teleop/key_teleop.py -> /home/misys/forza_ws/race_stack/build/key_teleop/build/lib/key_teleop
[5.568s] copying key_teleop/__init__.py -> /home/misys/forza_ws/race_stack/build/key_teleop/build/lib/key_teleop
[5.568s] running install
[5.568s] running install_lib
[5.569s] creating /home/misys/forza_ws/race_stack/install/key_teleop/lib/python3.10/site-packages/key_teleop
[5.569s] copying /home/misys/forza_ws/race_stack/build/key_teleop/build/lib/key_teleop/key_teleop.py -> /home/misys/forza_ws/race_stack/install/key_teleop/lib/python3.10/site-packages/key_teleop
[5.569s] copying /home/misys/forza_ws/race_stack/build/key_teleop/build/lib/key_teleop/__init__.py -> /home/misys/forza_ws/race_stack/install/key_teleop/lib/python3.10/site-packages/key_teleop
[5.573s] byte-compiling /home/misys/forza_ws/race_stack/install/key_teleop/lib/python3.10/site-packages/key_teleop/key_teleop.py to key_teleop.cpython-310.pyc
[5.573s] byte-compiling /home/misys/forza_ws/race_stack/install/key_teleop/lib/python3.10/site-packages/key_teleop/__init__.py to __init__.cpython-310.pyc
[5.573s] running install_data
[5.573s] copying package.xml -> /home/misys/forza_ws/race_stack/install/key_teleop/share/key_teleop
[5.573s] creating /home/misys/forza_ws/race_stack/install/key_teleop/share/key_teleop/config
[5.573s] copying config/key_teleop.yaml -> /home/misys/forza_ws/race_stack/install/key_teleop/share/key_teleop/config
[5.573s] creating /home/misys/forza_ws/race_stack/install/key_teleop/share/ament_index
[5.573s] creating /home/misys/forza_ws/race_stack/install/key_teleop/share/ament_index/resource_index
[5.573s] creating /home/misys/forza_ws/race_stack/install/key_teleop/share/ament_index/resource_index/packages
[5.574s] copying resource/key_teleop -> /home/misys/forza_ws/race_stack/install/key_teleop/share/ament_index/resource_index/packages
[5.574s] running install_egg_info
[5.574s] Copying ../../../../build/key_teleop/key_teleop.egg-info to /home/misys/forza_ws/race_stack/install/key_teleop/lib/python3.10/site-packages/key_teleop-1.5.0-py3.10.egg-info
[5.574s] running install_scripts
[5.574s] Installing key_teleop script to /home/misys/forza_ws/race_stack/install/key_teleop/lib/key_teleop
[5.574s] writing list of installed files to '/home/misys/forza_ws/race_stack/build/key_teleop/install.log'
[5.702s] Invoked command in '/home/misys/forza_ws/race_stack/base_system/f1tenth_system/teleop_tools/key_teleop' returned '0': PYTHONPATH=/home/misys/forza_ws/race_stack/build/key_teleop/prefix_override:/usr/lib/python3/dist-packages/colcon_core/task/python/colcon_distutils_commands:/home/misys/forza_ws/race_stack/install/key_teleop/lib/python3.10/site-packages:${PYTHONPATH} /usr/bin/python3 -W ignore:setup.py install is deprecated -W ignore:easy_install command is deprecated setup.py egg_info --egg-base ../../../../build/key_teleop build --build-base /home/misys/forza_ws/race_stack/build/key_teleop/build install --record /home/misys/forza_ws/race_stack/build/key_teleop/install.log --single-version-externally-managed install_data
