[35m[1mConsolidate compiler generated dependencies of target utils_lib[0m
[  1%] Built target global_planner__cpp
[ 10%] Built target global_planner__rosidl_generator_c
[ 13%] Built target utils_lib
[ 13%] Built target ament_cmake_python_copy_global_planner
[ 22%] Built target global_planner__rosidl_typesupport_cpp
[ 30%] Built target global_planner__rosidl_typesupport_fastrtps_cpp
[ 38%] Built target global_planner__rosidl_typesupport_introspection_c
[ 47%] Built target global_planner__rosidl_typesupport_c
[ 55%] Built target global_planner__rosidl_typesupport_introspection_cpp
[ 64%] Built target global_planner__rosidl_typesupport_fastrtps_c
[35m[1mConsolidate compiler generated dependencies of target velocity_planner[0m
[35m[1mConsolidate compiler generated dependencies of target centerline_extractor[0m
[35m[1mConsolidate compiler generated dependencies of target global_planner_node[0m
[35m[1mConsolidate compiler generated dependencies of target time_optimal_planner[0m
[35m[1mConsolidate compiler generated dependencies of target curvature_planner[0m
[ 64%] Built target global_planner
[ 66%] [32mBuilding CXX object CMakeFiles/curvature_planner.dir/src/curvature_planner.cpp.o[0m
[ 67%] [32mBuilding CXX object CMakeFiles/time_optimal_planner.dir/src/time_optimal_planner.cpp.o[0m
[ 71%] [32mBuilding CXX object CMakeFiles/velocity_planner.dir/src/velocity_planner.cpp.o[0m
[ 71%] [32mBuilding CXX object CMakeFiles/centerline_extractor.dir/src/centerline_extractor.cpp.o[0m
[ 72%] [32mBuilding CXX object CMakeFiles/global_planner_node.dir/src/global_planner_node.cpp.o[0m
[ 74%] Built target global_planner__py
[35m[1mConsolidate compiler generated dependencies of target global_planner__rosidl_generator_py[0m
[ 81%] Built target global_planner__rosidl_generator_py
[35m[1mConsolidate compiler generated dependencies of target global_planner__rosidl_typesupport_introspection_c__pyext[0m
[35m[1mConsolidate compiler generated dependencies of target global_planner__rosidl_typesupport_c__pyext[0m
[35m[1mConsolidate compiler generated dependencies of target global_planner__rosidl_typesupport_fastrtps_c__pyext[0m
[ 91%] Built target global_planner__rosidl_typesupport_c__pyext
[ 91%] Built target global_planner__rosidl_typesupport_fastrtps_c__pyext
[ 91%] Built target global_planner__rosidl_typesupport_introspection_c__pyext
running egg_info
writing global_planner.egg-info/PKG-INFO
writing dependency_links to global_planner.egg-info/dependency_links.txt
writing top-level names to global_planner.egg-info/top_level.txt
reading manifest file 'global_planner.egg-info/SOURCES.txt'
writing manifest file 'global_planner.egg-info/SOURCES.txt'
[ 91%] Built target ament_cmake_python_build_global_planner_egg
