[0.420s] Invoking command in '/home/misys/forza_ws/race_stack/build/vesc_driver': AMENT_PREFIX_PATH=/home/misys/forza_ws/race_stack/install/vesc_msgs:${AMENT_PREFIX_PATH} CMAKE_PREFIX_PATH=/home/misys/forza_ws/race_stack/install/vesc_msgs:/opt/ros/humble LD_LIBRARY_PATH=/home/misys/forza_ws/race_stack/install/vesc_msgs/lib:${LD_LIBRARY_PATH} PYTHONPATH=/home/misys/forza_ws/race_stack/install/vesc_msgs/local/lib/python3.10/dist-packages:${PYTHONPATH} /usr/bin/cmake /home/misys/forza_ws/race_stack/sensors/vesc/vesc_driver -DCMAKE_INSTALL_PREFIX=/home/misys/forza_ws/race_stack/install/vesc_driver
[0.527s] -- The C compiler identification is GNU 11.4.0
[0.608s] -- The CXX compiler identification is GNU 11.4.0
[0.618s] -- Detecting C compiler ABI info
[0.708s] -- Detecting C compiler ABI info - done
[0.720s] -- Check for working C compiler: /usr/bin/cc - skipped
[0.720s] -- Detecting C compile features
[0.723s] -- Detecting C compile features - done
[0.727s] -- Detecting CXX compiler ABI info
[0.843s] -- Detecting CXX compiler ABI info - done
[0.855s] -- Check for working CXX compiler: /usr/bin/c++ - skipped
[0.855s] -- Detecting CXX compile features
[0.855s] -- Detecting CXX compile features - done
[0.859s] -- Found ament_cmake_auto: 1.3.12 (/opt/ros/humble/share/ament_cmake_auto/cmake)
[1.217s] -- Found Python3: /usr/bin/python3 (found version "3.10.12") found components: Interpreter 
[1.490s] -- Found rosidl_generator_c: 3.1.7 (/opt/ros/humble/share/rosidl_generator_c/cmake)
[1.495s] -- Found rosidl_adapter: 3.1.7 (/opt/ros/humble/share/rosidl_adapter/cmake)
[1.506s] -- Found rosidl_generator_cpp: 3.1.7 (/opt/ros/humble/share/rosidl_generator_cpp/cmake)
[1.521s] -- Using all available rosidl_typesupport_c: rosidl_typesupport_fastrtps_c;rosidl_typesupport_introspection_c
[1.540s] -- Using all available rosidl_typesupport_cpp: rosidl_typesupport_fastrtps_cpp;rosidl_typesupport_introspection_cpp
[1.598s] -- Found rmw_implementation_cmake: 6.1.2 (/opt/ros/humble/share/rmw_implementation_cmake/cmake)
[1.601s] -- Found rmw_fastrtps_cpp: 6.2.9 (/opt/ros/humble/share/rmw_fastrtps_cpp/cmake)
[1.956s] -- Found OpenSSL: /usr/lib/x86_64-linux-gnu/libcrypto.so (found version "3.0.2")  
[1.956s] -- Found FastRTPS: /opt/ros/humble/include  
[1.956s] -- Using RMW implementation 'rmw_fastrtps_cpp' as default
[1.956s] -- Looking for pthread.h
[1.956s] -- Looking for pthread.h - found
[1.956s] -- Performing Test CMAKE_HAVE_LIBC_PTHREAD
[2.004s] -- Performing Test CMAKE_HAVE_LIBC_PTHREAD - Success
[2.007s] -- Found Threads: TRUE  
[2.211s] -- Found asio_cmake_module: 1.2.0 (/opt/ros/humble/share/asio_cmake_module/cmake)
[2.213s] -- Found ASIO: /usr/include  
[2.288s] -- Found ament_lint_auto: 0.12.14 (/opt/ros/humble/share/ament_lint_auto/cmake)
[2.312s] In this package, headers install destination is set to `include` by ament_auto_package. It is recommended to install `include/vesc_driver` instead and will be the default behavior of ament_auto_package from ROS 2 Kilted Kaiju. On distributions before Kilted, ament_auto_package behaves the same way when you use USE_SCOPED_HEADER_INSTALL_DIR option.
[2.316s] -- Added test 'copyright' to check source files copyright and LICENSE
[2.319s] -- Added test 'cppcheck' to perform static code analysis on C / C++ code
[2.319s] -- Configured cppcheck include dirs: /home/misys/forza_ws/race_stack/sensors/vesc/vesc_driver/include
[2.319s] -- Configured cppcheck exclude dirs and/or files: 
[2.322s] -- Added test 'cpplint' to check C / C++ code against the Google style
[2.322s] -- Configured cpplint exclude dirs and/or files: 
[2.323s] -- Added test 'flake8' to check Python code syntax and style conventions
[2.324s] -- Added test 'lint_cmake' to check CMake code style
[2.325s] -- Added test 'pep257' to check Python code against some of the docstring style conventions in PEP 257
[2.327s] -- Added test 'uncrustify' to check C / C++ code style
[2.327s] -- Configured uncrustify additional arguments: 
[2.328s] -- Added test 'xmllint' to check XML markup files
[2.332s] -- Configuring done
[2.378s] -- Generating done
[2.391s] -- Build files have been written to: /home/misys/forza_ws/race_stack/build/vesc_driver
[2.411s] Invoked command in '/home/misys/forza_ws/race_stack/build/vesc_driver' returned '0': AMENT_PREFIX_PATH=/home/misys/forza_ws/race_stack/install/vesc_msgs:${AMENT_PREFIX_PATH} CMAKE_PREFIX_PATH=/home/misys/forza_ws/race_stack/install/vesc_msgs:/opt/ros/humble LD_LIBRARY_PATH=/home/misys/forza_ws/race_stack/install/vesc_msgs/lib:${LD_LIBRARY_PATH} PYTHONPATH=/home/misys/forza_ws/race_stack/install/vesc_msgs/local/lib/python3.10/dist-packages:${PYTHONPATH} /usr/bin/cmake /home/misys/forza_ws/race_stack/sensors/vesc/vesc_driver -DCMAKE_INSTALL_PREFIX=/home/misys/forza_ws/race_stack/install/vesc_driver
[2.413s] Invoking command in '/home/misys/forza_ws/race_stack/build/vesc_driver': AMENT_PREFIX_PATH=/home/misys/forza_ws/race_stack/install/vesc_msgs:${AMENT_PREFIX_PATH} CMAKE_PREFIX_PATH=/home/misys/forza_ws/race_stack/install/vesc_msgs:/opt/ros/humble LD_LIBRARY_PATH=/home/misys/forza_ws/race_stack/install/vesc_msgs/lib:${LD_LIBRARY_PATH} PYTHONPATH=/home/misys/forza_ws/race_stack/install/vesc_msgs/local/lib/python3.10/dist-packages:${PYTHONPATH} /usr/bin/cmake --build /home/misys/forza_ws/race_stack/build/vesc_driver -- -j18 -l18
[2.487s] [ 10%] Building CXX object CMakeFiles/vesc_driver_node.dir/rclcpp_components/node_main_vesc_driver_node.cpp.o
[2.493s] [ 20%] Building CXX object CMakeFiles/vesc_driver.dir/src/vesc_driver.cpp.o
[2.493s] [ 30%] Building CXX object CMakeFiles/vesc_driver.dir/src/vesc_packet_factory.cpp.o
[2.499s] [ 40%] Building CXX object CMakeFiles/vesc_driver.dir/src/vesc_packet.cpp.o
[2.504s] [ 50%] Building CXX object CMakeFiles/vesc_driver.dir/src/vesc_interface.cpp.o
[9.162s] [ 60%] Linking CXX executable vesc_driver_node
[9.800s] [ 60%] Built target vesc_driver_node
[19.748s] [ 70%] Linking CXX shared library libvesc_driver.so
[20.867s] [ 70%] Built target vesc_driver
[20.900s] [ 80%] Building CXX object CMakeFiles/vesc_device_namer.dir/src/vesc_device_uuid_lookup.cpp.o
[20.900s] [ 90%] Building CXX object CMakeFiles/vesc_device_namer.dir/src/vesc_device_namer.cpp.o
[22.299s] [100%] Linking CXX executable vesc_device_namer
[23.066s] [100%] Built target vesc_device_namer
[23.091s] Invoked command in '/home/misys/forza_ws/race_stack/build/vesc_driver' returned '0': AMENT_PREFIX_PATH=/home/misys/forza_ws/race_stack/install/vesc_msgs:${AMENT_PREFIX_PATH} CMAKE_PREFIX_PATH=/home/misys/forza_ws/race_stack/install/vesc_msgs:/opt/ros/humble LD_LIBRARY_PATH=/home/misys/forza_ws/race_stack/install/vesc_msgs/lib:${LD_LIBRARY_PATH} PYTHONPATH=/home/misys/forza_ws/race_stack/install/vesc_msgs/local/lib/python3.10/dist-packages:${PYTHONPATH} /usr/bin/cmake --build /home/misys/forza_ws/race_stack/build/vesc_driver -- -j18 -l18
[23.093s] Invoking command in '/home/misys/forza_ws/race_stack/build/vesc_driver': AMENT_PREFIX_PATH=/home/misys/forza_ws/race_stack/install/vesc_msgs:${AMENT_PREFIX_PATH} CMAKE_PREFIX_PATH=/home/misys/forza_ws/race_stack/install/vesc_msgs:/opt/ros/humble LD_LIBRARY_PATH=/home/misys/forza_ws/race_stack/install/vesc_msgs/lib:${LD_LIBRARY_PATH} PYTHONPATH=/home/misys/forza_ws/race_stack/install/vesc_msgs/local/lib/python3.10/dist-packages:${PYTHONPATH} /usr/bin/cmake --install /home/misys/forza_ws/race_stack/build/vesc_driver
[23.113s] -- Install configuration: ""
[23.113s] -- Installing: /home/misys/forza_ws/race_stack/install/vesc_driver/lib/vesc_driver/vesc_driver_node
[23.115s] -- Set runtime path of "/home/misys/forza_ws/race_stack/install/vesc_driver/lib/vesc_driver/vesc_driver_node" to ""
[23.115s] -- Installing: /home/misys/forza_ws/race_stack/install/vesc_driver/include
[23.115s] -- Installing: /home/misys/forza_ws/race_stack/install/vesc_driver/include/vesc_driver
[23.116s] -- Installing: /home/misys/forza_ws/race_stack/install/vesc_driver/include/vesc_driver/vesc_packet.hpp
[23.118s] -- Installing: /home/misys/forza_ws/race_stack/install/vesc_driver/include/vesc_driver/datatypes.hpp
[23.118s] -- Installing: /home/misys/forza_ws/race_stack/install/vesc_driver/include/vesc_driver/vesc_packet_factory.hpp
[23.118s] -- Installing: /home/misys/forza_ws/race_stack/install/vesc_driver/include/vesc_driver/vesc_interface.hpp
[23.119s] -- Installing: /home/misys/forza_ws/race_stack/install/vesc_driver/include/vesc_driver/crc.hpp
[23.120s] -- Installing: /home/misys/forza_ws/race_stack/install/vesc_driver/include/vesc_driver/vesc_device_uuid_lookup.hpp
[23.120s] -- Installing: /home/misys/forza_ws/race_stack/install/vesc_driver/include/vesc_driver/vesc_driver.hpp
[23.122s] -- Installing: /home/misys/forza_ws/race_stack/install/vesc_driver/share/vesc_driver/environment/library_path.sh
[23.122s] -- Installing: /home/misys/forza_ws/race_stack/install/vesc_driver/share/vesc_driver/environment/library_path.dsv
[23.122s] -- Installing: /home/misys/forza_ws/race_stack/install/vesc_driver/lib/libvesc_driver.so
[23.134s] -- Set runtime path of "/home/misys/forza_ws/race_stack/install/vesc_driver/lib/libvesc_driver.so" to ""
[23.134s] -- Installing: /home/misys/forza_ws/race_stack/install/vesc_driver/lib/vesc_driver/vesc_device_namer
[23.135s] -- Set runtime path of "/home/misys/forza_ws/race_stack/install/vesc_driver/lib/vesc_driver/vesc_device_namer" to ""
[23.136s] -- Installing: /home/misys/forza_ws/race_stack/install/vesc_driver/share/vesc_driver/launch
[23.136s] -- Installing: /home/misys/forza_ws/race_stack/install/vesc_driver/share/vesc_driver/launch/vesc_driver_node.launch.py
[23.136s] -- Installing: /home/misys/forza_ws/race_stack/install/vesc_driver/share/vesc_driver/params
[23.136s] -- Installing: /home/misys/forza_ws/race_stack/install/vesc_driver/share/vesc_driver/params/vesc_config.yaml
[23.137s] -- Installing: /home/misys/forza_ws/race_stack/install/vesc_driver/share/ament_index/resource_index/package_run_dependencies/vesc_driver
[23.138s] -- Installing: /home/misys/forza_ws/race_stack/install/vesc_driver/share/ament_index/resource_index/parent_prefix_path/vesc_driver
[23.138s] -- Installing: /home/misys/forza_ws/race_stack/install/vesc_driver/share/vesc_driver/environment/ament_prefix_path.sh
[23.139s] -- Installing: /home/misys/forza_ws/race_stack/install/vesc_driver/share/vesc_driver/environment/ament_prefix_path.dsv
[23.139s] -- Installing: /home/misys/forza_ws/race_stack/install/vesc_driver/share/vesc_driver/environment/path.sh
[23.139s] -- Installing: /home/misys/forza_ws/race_stack/install/vesc_driver/share/vesc_driver/environment/path.dsv
[23.140s] -- Installing: /home/misys/forza_ws/race_stack/install/vesc_driver/share/vesc_driver/local_setup.bash
[23.141s] -- Installing: /home/misys/forza_ws/race_stack/install/vesc_driver/share/vesc_driver/local_setup.sh
[23.141s] -- Installing: /home/misys/forza_ws/race_stack/install/vesc_driver/share/vesc_driver/local_setup.zsh
[23.141s] -- Installing: /home/misys/forza_ws/race_stack/install/vesc_driver/share/vesc_driver/local_setup.dsv
[23.144s] -- Installing: /home/misys/forza_ws/race_stack/install/vesc_driver/share/vesc_driver/package.dsv
[23.145s] -- Installing: /home/misys/forza_ws/race_stack/install/vesc_driver/share/ament_index/resource_index/packages/vesc_driver
[23.145s] -- Installing: /home/misys/forza_ws/race_stack/install/vesc_driver/share/ament_index/resource_index/rclcpp_components/vesc_driver
[23.145s] -- Installing: /home/misys/forza_ws/race_stack/install/vesc_driver/share/vesc_driver/cmake/ament_cmake_export_dependencies-extras.cmake
[23.145s] -- Installing: /home/misys/forza_ws/race_stack/install/vesc_driver/share/vesc_driver/cmake/ament_cmake_export_include_directories-extras.cmake
[23.145s] -- Installing: /home/misys/forza_ws/race_stack/install/vesc_driver/share/vesc_driver/cmake/ament_cmake_export_libraries-extras.cmake
[23.145s] -- Installing: /home/misys/forza_ws/race_stack/install/vesc_driver/share/vesc_driver/cmake/vesc_driverConfig.cmake
[23.145s] -- Installing: /home/misys/forza_ws/race_stack/install/vesc_driver/share/vesc_driver/cmake/vesc_driverConfig-version.cmake
[23.145s] -- Installing: /home/misys/forza_ws/race_stack/install/vesc_driver/share/vesc_driver/package.xml
[23.150s] Invoked command in '/home/misys/forza_ws/race_stack/build/vesc_driver' returned '0': AMENT_PREFIX_PATH=/home/misys/forza_ws/race_stack/install/vesc_msgs:${AMENT_PREFIX_PATH} CMAKE_PREFIX_PATH=/home/misys/forza_ws/race_stack/install/vesc_msgs:/opt/ros/humble LD_LIBRARY_PATH=/home/misys/forza_ws/race_stack/install/vesc_msgs/lib:${LD_LIBRARY_PATH} PYTHONPATH=/home/misys/forza_ws/race_stack/install/vesc_msgs/local/lib/python3.10/dist-packages:${PYTHONPATH} /usr/bin/cmake --install /home/misys/forza_ws/race_stack/build/vesc_driver
