running egg_info
creating ../../../build/lap_analyser/lap_analyser.egg-info
writing ../../../build/lap_analyser/lap_analyser.egg-info/PKG-INFO
writing dependency_links to ../../../build/lap_analyser/lap_analyser.egg-info/dependency_links.txt
writing entry points to ../../../build/lap_analyser/lap_analyser.egg-info/entry_points.txt
writing requirements to ../../../build/lap_analyser/lap_analyser.egg-info/requires.txt
writing top-level names to ../../../build/lap_analyser/lap_analyser.egg-info/top_level.txt
writing manifest file '../../../build/lap_analyser/lap_analyser.egg-info/SOURCES.txt'
reading manifest file '../../../build/lap_analyser/lap_analyser.egg-info/SOURCES.txt'
adding license file 'LICENSE'
writing manifest file '../../../build/lap_analyser/lap_analyser.egg-info/SOURCES.txt'
running build
running build_py
creating /home/misys/forza_ws/race_stack/build/lap_analyser/build
creating /home/misys/forza_ws/race_stack/build/lap_analyser/build/lib
creating /home/misys/forza_ws/race_stack/build/lap_analyser/build/lib/lap_analyser
copying lap_analyser/__init__.py -> /home/misys/forza_ws/race_stack/build/lap_analyser/build/lib/lap_analyser
copying lap_analyser/lap_analyser.py -> /home/misys/forza_ws/race_stack/build/lap_analyser/build/lib/lap_analyser
running install
running install_lib
creating /home/misys/forza_ws/race_stack/install/lap_analyser/lib/python3.10/site-packages/lap_analyser
copying /home/misys/forza_ws/race_stack/build/lap_analyser/build/lib/lap_analyser/__init__.py -> /home/misys/forza_ws/race_stack/install/lap_analyser/lib/python3.10/site-packages/lap_analyser
copying /home/misys/forza_ws/race_stack/build/lap_analyser/build/lib/lap_analyser/lap_analyser.py -> /home/misys/forza_ws/race_stack/install/lap_analyser/lib/python3.10/site-packages/lap_analyser
byte-compiling /home/misys/forza_ws/race_stack/install/lap_analyser/lib/python3.10/site-packages/lap_analyser/__init__.py to __init__.cpython-310.pyc
byte-compiling /home/misys/forza_ws/race_stack/install/lap_analyser/lib/python3.10/site-packages/lap_analyser/lap_analyser.py to lap_analyser.cpython-310.pyc
running install_data
creating /home/misys/forza_ws/race_stack/install/lap_analyser/share/ament_index
creating /home/misys/forza_ws/race_stack/install/lap_analyser/share/ament_index/resource_index
creating /home/misys/forza_ws/race_stack/install/lap_analyser/share/ament_index/resource_index/packages
copying resource/lap_analyser -> /home/misys/forza_ws/race_stack/install/lap_analyser/share/ament_index/resource_index/packages
copying package.xml -> /home/misys/forza_ws/race_stack/install/lap_analyser/share/lap_analyser
creating /home/misys/forza_ws/race_stack/install/lap_analyser/share/lap_analyser/launch
copying launch/lap_analyser_launch.xml -> /home/misys/forza_ws/race_stack/install/lap_analyser/share/lap_analyser/launch
running install_egg_info
Copying ../../../build/lap_analyser/lap_analyser.egg-info to /home/misys/forza_ws/race_stack/install/lap_analyser/lib/python3.10/site-packages/lap_analyser-0.0.0-py3.10.egg-info
running install_scripts
Installing lap_analyser script to /home/misys/forza_ws/race_stack/install/lap_analyser/lib/lap_analyser
writing list of installed files to '/home/misys/forza_ws/race_stack/build/lap_analyser/install.log'
