[5.821s] Invoking command in '/home/misys/forza_ws/race_stack/utilities/nodes/lap_analyser': PYTHONPATH=/home/misys/forza_ws/race_stack/build/lap_analyser/prefix_override:/usr/lib/python3/dist-packages/colcon_core/task/python/colcon_distutils_commands:/home/misys/forza_ws/race_stack/install/lap_analyser/lib/python3.10/site-packages:${PYTHONPATH} /usr/bin/python3 -W ignore:setup.py install is deprecated -W ignore:easy_install command is deprecated setup.py egg_info --egg-base ../../../build/lap_analyser build --build-base /home/misys/forza_ws/race_stack/build/lap_analyser/build install --record /home/misys/forza_ws/race_stack/build/lap_analyser/install.log --single-version-externally-managed install_data
[9.292s] running egg_info
[9.292s] creating ../../../build/lap_analyser/lap_analyser.egg-info
[9.292s] writing ../../../build/lap_analyser/lap_analyser.egg-info/PKG-INFO
[9.292s] writing dependency_links to ../../../build/lap_analyser/lap_analyser.egg-info/dependency_links.txt
[9.292s] writing entry points to ../../../build/lap_analyser/lap_analyser.egg-info/entry_points.txt
[9.292s] writing requirements to ../../../build/lap_analyser/lap_analyser.egg-info/requires.txt
[9.292s] writing top-level names to ../../../build/lap_analyser/lap_analyser.egg-info/top_level.txt
[9.292s] writing manifest file '../../../build/lap_analyser/lap_analyser.egg-info/SOURCES.txt'
[9.292s] reading manifest file '../../../build/lap_analyser/lap_analyser.egg-info/SOURCES.txt'
[9.292s] adding license file 'LICENSE'
[9.292s] writing manifest file '../../../build/lap_analyser/lap_analyser.egg-info/SOURCES.txt'
[9.292s] running build
[9.292s] running build_py
[9.293s] creating /home/misys/forza_ws/race_stack/build/lap_analyser/build
[9.293s] creating /home/misys/forza_ws/race_stack/build/lap_analyser/build/lib
[9.293s] creating /home/misys/forza_ws/race_stack/build/lap_analyser/build/lib/lap_analyser
[9.293s] copying lap_analyser/__init__.py -> /home/misys/forza_ws/race_stack/build/lap_analyser/build/lib/lap_analyser
[9.293s] copying lap_analyser/lap_analyser.py -> /home/misys/forza_ws/race_stack/build/lap_analyser/build/lib/lap_analyser
[9.293s] running install
[9.293s] running install_lib
[9.293s] creating /home/misys/forza_ws/race_stack/install/lap_analyser/lib/python3.10/site-packages/lap_analyser
[9.293s] copying /home/misys/forza_ws/race_stack/build/lap_analyser/build/lib/lap_analyser/__init__.py -> /home/misys/forza_ws/race_stack/install/lap_analyser/lib/python3.10/site-packages/lap_analyser
[9.293s] copying /home/misys/forza_ws/race_stack/build/lap_analyser/build/lib/lap_analyser/lap_analyser.py -> /home/misys/forza_ws/race_stack/install/lap_analyser/lib/python3.10/site-packages/lap_analyser
[9.293s] byte-compiling /home/misys/forza_ws/race_stack/install/lap_analyser/lib/python3.10/site-packages/lap_analyser/__init__.py to __init__.cpython-310.pyc
[9.293s] byte-compiling /home/misys/forza_ws/race_stack/install/lap_analyser/lib/python3.10/site-packages/lap_analyser/lap_analyser.py to lap_analyser.cpython-310.pyc
[9.293s] running install_data
[9.293s] creating /home/misys/forza_ws/race_stack/install/lap_analyser/share/ament_index
[9.293s] creating /home/misys/forza_ws/race_stack/install/lap_analyser/share/ament_index/resource_index
[9.293s] creating /home/misys/forza_ws/race_stack/install/lap_analyser/share/ament_index/resource_index/packages
[9.294s] copying resource/lap_analyser -> /home/misys/forza_ws/race_stack/install/lap_analyser/share/ament_index/resource_index/packages
[9.294s] copying package.xml -> /home/misys/forza_ws/race_stack/install/lap_analyser/share/lap_analyser
[9.294s] creating /home/misys/forza_ws/race_stack/install/lap_analyser/share/lap_analyser/launch
[9.294s] copying launch/lap_analyser_launch.xml -> /home/misys/forza_ws/race_stack/install/lap_analyser/share/lap_analyser/launch
[9.294s] running install_egg_info
[9.294s] Copying ../../../build/lap_analyser/lap_analyser.egg-info to /home/misys/forza_ws/race_stack/install/lap_analyser/lib/python3.10/site-packages/lap_analyser-0.0.0-py3.10.egg-info
[9.294s] running install_scripts
[9.294s] Installing lap_analyser script to /home/misys/forza_ws/race_stack/install/lap_analyser/lib/lap_analyser
[9.294s] writing list of installed files to '/home/misys/forza_ws/race_stack/build/lap_analyser/install.log'
[9.406s] Invoked command in '/home/misys/forza_ws/race_stack/utilities/nodes/lap_analyser' returned '0': PYTHONPATH=/home/misys/forza_ws/race_stack/build/lap_analyser/prefix_override:/usr/lib/python3/dist-packages/colcon_core/task/python/colcon_distutils_commands:/home/misys/forza_ws/race_stack/install/lap_analyser/lib/python3.10/site-packages:${PYTHONPATH} /usr/bin/python3 -W ignore:setup.py install is deprecated -W ignore:easy_install command is deprecated setup.py egg_info --egg-base ../../../build/lap_analyser build --build-base /home/misys/forza_ws/race_stack/build/lap_analyser/build install --record /home/misys/forza_ws/race_stack/build/lap_analyser/install.log --single-version-externally-managed install_data
