-- The C compiler identification is GNU 11.4.0
-- The CXX compiler identification is GNU 11.4.0
-- Detecting C compiler ABI info
-- Detecting C compiler ABI info - done
-- Check for working C compiler: /usr/bin/cc - skipped
-- Detecting C compile features
-- Detecting C compile features - done
-- Detecting CXX compiler ABI info
-- Detecting CXX compiler ABI info - done
-- Check for working CXX compiler: /usr/bin/c++ - skipped
-- Detecting CXX compile features
-- Detecting CXX compile features - done
-- Found ament_cmake: 1.3.12 (/opt/ros/humble/share/ament_cmake/cmake)
-- Found Python3: /usr/bin/python3 (found version "3.10.12") found components: Interpreter 
-- Override CMake install command with custom implementation using symlinks instead of copying resources
-- Found rclcpp: 16.0.15 (/opt/ros/humble/share/rclcpp/cmake)
-- Found rosidl_generator_c: 3.1.7 (/opt/ros/humble/share/rosidl_generator_c/cmake)
-- Found rosidl_adapter: 3.1.7 (/opt/ros/humble/share/rosidl_adapter/cmake)
-- Found rosidl_generator_cpp: 3.1.7 (/opt/ros/humble/share/rosidl_generator_cpp/cmake)
-- Using all available rosidl_typesupport_c: rosidl_typesupport_fastrtps_c;rosidl_typesupport_introspection_c
-- Using all available rosidl_typesupport_cpp: rosidl_typesupport_fastrtps_cpp;rosidl_typesupport_introspection_cpp
-- Found rmw_implementation_cmake: 6.1.2 (/opt/ros/humble/share/rmw_implementation_cmake/cmake)
-- Found rmw_fastrtps_cpp: 6.2.9 (/opt/ros/humble/share/rmw_fastrtps_cpp/cmake)
-- Found OpenSSL: /usr/lib/x86_64-linux-gnu/libcrypto.so (found version "3.0.2")  
-- Found FastRTPS: /opt/ros/humble/include  
-- Using RMW implementation 'rmw_fastrtps_cpp' as default
-- Looking for pthread.h
-- Looking for pthread.h - found
-- Performing Test CMAKE_HAVE_LIBC_PTHREAD
-- Performing Test CMAKE_HAVE_LIBC_PTHREAD - Success
-- Found Threads: TRUE  
-- Found rclcpp_components: 16.0.15 (/opt/ros/humble/share/rclcpp_components/cmake)
-- Found geometry_msgs: 4.9.0 (/opt/ros/humble/share/geometry_msgs/cmake)
-- Found nav_msgs: 4.9.0 (/opt/ros/humble/share/nav_msgs/cmake)
-- Found visualization_msgs: 4.9.0 (/opt/ros/humble/share/visualization_msgs/cmake)
-- Found f110_msgs: 0.0.0 (/home/misys/forza_ws/race_stack/install/f110_msgs/share/f110_msgs/cmake)
-- Found ament_lint_auto: 0.12.14 (/opt/ros/humble/share/ament_lint_auto/cmake)
-- Found gtest sources under '/opt/ros/humble/src/gtest_vendor': C++ tests using 'Google Test' will be built
-- Added test 'copyright' to check source files copyright and LICENSE
-- Added test 'cppcheck' to perform static code analysis on C / C++ code
-- Configured cppcheck include dirs: /home/misys/forza_ws/race_stack/ADP-Project/teb_local_planner/include
-- Configured cppcheck exclude dirs and/or files: 
-- Added test 'cpplint' to check C / C++ code against the Google style
-- Configured cpplint exclude dirs and/or files: 
-- Added test 'flake8' to check Python code syntax and style conventions
-- Added test 'lint_cmake' to check CMake code style
-- Added test 'pep257' to check Python code against some of the docstring style conventions in PEP 257
-- Added test 'uncrustify' to check C / C++ code style
-- Configured uncrustify additional arguments: 
-- Added test 'xmllint' to check XML markup files
-- Configuring done
-- Generating done
-- Build files have been written to: /home/misys/forza_ws/race_stack/ADP-Project/build/teb_local_planner
[ 10%] [32mBuilding CXX object gtest/CMakeFiles/gtest.dir/src/gtest-all.cc.o[0m
[ 20%] [32mBuilding CXX object CMakeFiles/teb_local_planner.dir/src/local_planner_node.cpp.o[0m
[ 30%] [32mBuilding CXX object gtest/CMakeFiles/gtest_main.dir/src/gtest_main.cc.o[0m
[ 40%] [32m[1mLinking CXX static library libgtest_main.a[0m
[ 40%] Built target gtest_main
[ 50%] [32m[1mLinking CXX static library libgtest.a[0m
[ 50%] Built target gtest
[ 60%] [32m[1mLinking CXX shared library libteb_local_planner.so[0m
[ 60%] Built target teb_local_planner
[ 70%] [32mBuilding CXX object CMakeFiles/test_local_planner.dir/test/local_planner_test.cpp.o[0m
[ 80%] [32mBuilding CXX object CMakeFiles/local_planner_main.dir/src/main.cpp.o[0m
[ 90%] [32m[1mLinking CXX executable local_planner_main[0m
[ 90%] Built target local_planner_main
[100%] [32m[1mLinking CXX executable test_local_planner[0m
[100%] Built target test_local_planner
-- Install configuration: ""
-- Execute custom install script
-- Symlinking: /home/misys/forza_ws/race_stack/ADP-Project/install/teb_local_planner/lib/libteb_local_planner.so
-- Symlinking: /home/misys/forza_ws/race_stack/ADP-Project/install/teb_local_planner/lib/teb_local_planner/local_planner_main
-- Symlinking: /home/misys/forza_ws/race_stack/ADP-Project/install/teb_local_planner/include/teb_local_planner/local_planner_node.hpp
-- Symlinking: /home/misys/forza_ws/race_stack/ADP-Project/install/teb_local_planner/share/teb_local_planner/launch/local_planner.launch.py
-- Symlinking: /home/misys/forza_ws/race_stack/ADP-Project/install/teb_local_planner/share/teb_local_planner/config/local_planner.yaml
-- Symlinking: /home/misys/forza_ws/race_stack/ADP-Project/install/teb_local_planner/share/teb_local_planner/resource/teb_local_planner
-- Symlinking: /home/misys/forza_ws/race_stack/ADP-Project/install/teb_local_planner/share/ament_index/resource_index/package_run_dependencies/teb_local_planner
-- Symlinking: /home/misys/forza_ws/race_stack/ADP-Project/install/teb_local_planner/share/ament_index/resource_index/parent_prefix_path/teb_local_planner
-- Symlinking: /home/misys/forza_ws/race_stack/ADP-Project/install/teb_local_planner/share/teb_local_planner/environment/ament_prefix_path.sh
-- Symlinking: /home/misys/forza_ws/race_stack/ADP-Project/install/teb_local_planner/share/teb_local_planner/environment/ament_prefix_path.dsv
-- Symlinking: /home/misys/forza_ws/race_stack/ADP-Project/install/teb_local_planner/share/teb_local_planner/environment/path.sh
-- Symlinking: /home/misys/forza_ws/race_stack/ADP-Project/install/teb_local_planner/share/teb_local_planner/environment/path.dsv
-- Symlinking: /home/misys/forza_ws/race_stack/ADP-Project/install/teb_local_planner/share/teb_local_planner/local_setup.bash
-- Symlinking: /home/misys/forza_ws/race_stack/ADP-Project/install/teb_local_planner/share/teb_local_planner/local_setup.sh
-- Symlinking: /home/misys/forza_ws/race_stack/ADP-Project/install/teb_local_planner/share/teb_local_planner/local_setup.zsh
-- Symlinking: /home/misys/forza_ws/race_stack/ADP-Project/install/teb_local_planner/share/teb_local_planner/local_setup.dsv
-- Symlinking: /home/misys/forza_ws/race_stack/ADP-Project/install/teb_local_planner/share/teb_local_planner/package.dsv
-- Symlinking: /home/misys/forza_ws/race_stack/ADP-Project/install/teb_local_planner/share/ament_index/resource_index/packages/teb_local_planner
-- Symlinking: /home/misys/forza_ws/race_stack/ADP-Project/install/teb_local_planner/share/ament_index/resource_index/rclcpp_components/teb_local_planner
-- Symlinking: /home/misys/forza_ws/race_stack/ADP-Project/install/teb_local_planner/share/teb_local_planner/cmake/teb_local_plannerConfig.cmake
-- Symlinking: /home/misys/forza_ws/race_stack/ADP-Project/install/teb_local_planner/share/teb_local_planner/cmake/teb_local_plannerConfig-version.cmake
-- Symlinking: /home/misys/forza_ws/race_stack/ADP-Project/install/teb_local_planner/share/teb_local_planner/package.xml
