[0.009s] Invoking command in '/home/misys/forza_ws/race_stack/ADP-Project/build/teb_local_planner': CMAKE_PREFIX_PATH=${CMAKE_PREFIX_PATH}:/opt/ros/humble /usr/bin/cmake /home/misys/forza_ws/race_stack/ADP-Project/teb_local_planner -DAMENT_CMAKE_SYMLINK_INSTALL=1 -DCMAKE_INSTALL_PREFIX=/home/misys/forza_ws/race_stack/ADP-Project/install/teb_local_planner
[0.056s] -- The C compiler identification is GNU 11.4.0
[0.101s] -- The CXX compiler identification is GNU 11.4.0
[0.107s] -- Detecting C compiler ABI info
[0.163s] -- Detecting C compiler ABI info - done
[0.168s] -- Check for working C compiler: /usr/bin/cc - skipped
[0.168s] -- Detecting C compile features
[0.168s] -- Detecting C compile features - done
[0.170s] -- Detecting CXX compiler ABI info
[0.230s] -- Detecting CXX compiler ABI info - done
[0.235s] -- Check for working CXX compiler: /usr/bin/c++ - skipped
[0.235s] -- Detecting CXX compile features
[0.235s] -- Detecting CXX compile features - done
[0.237s] -- Found ament_cmake: 1.3.12 (/opt/ros/humble/share/ament_cmake/cmake)
[0.342s] -- Found Python3: /usr/bin/python3 (found version "3.10.12") found components: Interpreter 
[0.387s] -- Override CMake install command with custom implementation using symlinks instead of copying resources
[0.409s] -- Found rclcpp: 16.0.15 (/opt/ros/humble/share/rclcpp/cmake)
[0.435s] -- Found rosidl_generator_c: 3.1.7 (/opt/ros/humble/share/rosidl_generator_c/cmake)
[0.438s] -- Found rosidl_adapter: 3.1.7 (/opt/ros/humble/share/rosidl_adapter/cmake)
[0.443s] -- Found rosidl_generator_cpp: 3.1.7 (/opt/ros/humble/share/rosidl_generator_cpp/cmake)
[0.451s] -- Using all available rosidl_typesupport_c: rosidl_typesupport_fastrtps_c;rosidl_typesupport_introspection_c
[0.461s] -- Using all available rosidl_typesupport_cpp: rosidl_typesupport_fastrtps_cpp;rosidl_typesupport_introspection_cpp
[0.488s] -- Found rmw_implementation_cmake: 6.1.2 (/opt/ros/humble/share/rmw_implementation_cmake/cmake)
[0.490s] -- Found rmw_fastrtps_cpp: 6.2.9 (/opt/ros/humble/share/rmw_fastrtps_cpp/cmake)
[0.563s] -- Found OpenSSL: /usr/lib/x86_64-linux-gnu/libcrypto.so (found version "3.0.2")  
[0.584s] -- Found FastRTPS: /opt/ros/humble/include  
[0.616s] -- Using RMW implementation 'rmw_fastrtps_cpp' as default
[0.621s] -- Looking for pthread.h
[0.682s] -- Looking for pthread.h - found
[0.683s] -- Performing Test CMAKE_HAVE_LIBC_PTHREAD
[0.742s] -- Performing Test CMAKE_HAVE_LIBC_PTHREAD - Success
[0.743s] -- Found Threads: TRUE  
[0.775s] -- Found rclcpp_components: 16.0.15 (/opt/ros/humble/share/rclcpp_components/cmake)
[0.792s] -- Found geometry_msgs: 4.9.0 (/opt/ros/humble/share/geometry_msgs/cmake)
[0.801s] -- Found nav_msgs: 4.9.0 (/opt/ros/humble/share/nav_msgs/cmake)
[0.812s] -- Found visualization_msgs: 4.9.0 (/opt/ros/humble/share/visualization_msgs/cmake)
[0.834s] -- Found f110_msgs: 0.0.0 (/home/misys/forza_ws/race_stack/install/f110_msgs/share/f110_msgs/cmake)
[0.845s] -- Found ament_lint_auto: 0.12.14 (/opt/ros/humble/share/ament_lint_auto/cmake)
[0.897s] -- Found gtest sources under '/opt/ros/humble/src/gtest_vendor': C++ tests using 'Google Test' will be built
[0.902s] -- Added test 'copyright' to check source files copyright and LICENSE
[0.903s] -- Added test 'cppcheck' to perform static code analysis on C / C++ code
[0.904s] -- Configured cppcheck include dirs: /home/misys/forza_ws/race_stack/ADP-Project/teb_local_planner/include
[0.904s] -- Configured cppcheck exclude dirs and/or files: 
[0.904s] -- Added test 'cpplint' to check C / C++ code against the Google style
[0.904s] -- Configured cpplint exclude dirs and/or files: 
[0.904s] -- Added test 'flake8' to check Python code syntax and style conventions
[0.905s] -- Added test 'lint_cmake' to check CMake code style
[0.905s] -- Added test 'pep257' to check Python code against some of the docstring style conventions in PEP 257
[0.906s] -- Added test 'uncrustify' to check C / C++ code style
[0.906s] -- Configured uncrustify additional arguments: 
[0.906s] -- Added test 'xmllint' to check XML markup files
[0.907s] -- Configuring done
[0.922s] -- Generating done
[0.927s] -- Build files have been written to: /home/misys/forza_ws/race_stack/ADP-Project/build/teb_local_planner
[0.933s] Invoked command in '/home/misys/forza_ws/race_stack/ADP-Project/build/teb_local_planner' returned '0': CMAKE_PREFIX_PATH=${CMAKE_PREFIX_PATH}:/opt/ros/humble /usr/bin/cmake /home/misys/forza_ws/race_stack/ADP-Project/teb_local_planner -DAMENT_CMAKE_SYMLINK_INSTALL=1 -DCMAKE_INSTALL_PREFIX=/home/misys/forza_ws/race_stack/ADP-Project/install/teb_local_planner
[0.935s] Invoking command in '/home/misys/forza_ws/race_stack/ADP-Project/build/teb_local_planner': CMAKE_PREFIX_PATH=${CMAKE_PREFIX_PATH}:/opt/ros/humble /usr/bin/cmake --build /home/misys/forza_ws/race_stack/ADP-Project/build/teb_local_planner -- -j18 -l18
[0.977s] [ 10%] [32mBuilding CXX object gtest/CMakeFiles/gtest.dir/src/gtest-all.cc.o[0m
[0.977s] [ 20%] [32mBuilding CXX object CMakeFiles/teb_local_planner.dir/src/local_planner_node.cpp.o[0m
[0.978s] [ 30%] [32mBuilding CXX object gtest/CMakeFiles/gtest_main.dir/src/gtest_main.cc.o[0m
[1.521s] [ 40%] [32m[1mLinking CXX static library libgtest_main.a[0m
[1.554s] [ 40%] Built target gtest_main
[2.919s] [ 50%] [32m[1mLinking CXX static library libgtest.a[0m
[2.963s] [ 50%] Built target gtest
[10.121s] [ 60%] [32m[1mLinking CXX shared library libteb_local_planner.so[0m
[10.648s] [ 60%] Built target teb_local_planner
[10.668s] [ 70%] [32mBuilding CXX object CMakeFiles/test_local_planner.dir/test/local_planner_test.cpp.o[0m
[10.669s] [ 80%] [32mBuilding CXX object CMakeFiles/local_planner_main.dir/src/main.cpp.o[0m
[12.618s] [ 90%] [32m[1mLinking CXX executable local_planner_main[0m
[12.833s] [ 90%] Built target local_planner_main
[13.142s] [100%] [32m[1mLinking CXX executable test_local_planner[0m
[13.405s] [100%] Built target test_local_planner
[13.415s] Invoked command in '/home/misys/forza_ws/race_stack/ADP-Project/build/teb_local_planner' returned '0': CMAKE_PREFIX_PATH=${CMAKE_PREFIX_PATH}:/opt/ros/humble /usr/bin/cmake --build /home/misys/forza_ws/race_stack/ADP-Project/build/teb_local_planner -- -j18 -l18
[13.424s] Invoking command in '/home/misys/forza_ws/race_stack/ADP-Project/build/teb_local_planner': CMAKE_PREFIX_PATH=${CMAKE_PREFIX_PATH}:/opt/ros/humble /usr/bin/cmake --install /home/misys/forza_ws/race_stack/ADP-Project/build/teb_local_planner
[13.431s] -- Install configuration: ""
[13.431s] -- Execute custom install script
[13.431s] -- Symlinking: /home/misys/forza_ws/race_stack/ADP-Project/install/teb_local_planner/lib/libteb_local_planner.so
[13.437s] -- Symlinking: /home/misys/forza_ws/race_stack/ADP-Project/install/teb_local_planner/lib/teb_local_planner/local_planner_main
[13.443s] -- Symlinking: /home/misys/forza_ws/race_stack/ADP-Project/install/teb_local_planner/include/teb_local_planner/local_planner_node.hpp
[13.450s] -- Symlinking: /home/misys/forza_ws/race_stack/ADP-Project/install/teb_local_planner/share/teb_local_planner/launch/local_planner.launch.py
[13.455s] -- Symlinking: /home/misys/forza_ws/race_stack/ADP-Project/install/teb_local_planner/share/teb_local_planner/config/local_planner.yaml
[13.461s] -- Symlinking: /home/misys/forza_ws/race_stack/ADP-Project/install/teb_local_planner/share/teb_local_planner/resource/teb_local_planner
[13.468s] -- Symlinking: /home/misys/forza_ws/race_stack/ADP-Project/install/teb_local_planner/share/ament_index/resource_index/package_run_dependencies/teb_local_planner
[13.475s] -- Symlinking: /home/misys/forza_ws/race_stack/ADP-Project/install/teb_local_planner/share/ament_index/resource_index/parent_prefix_path/teb_local_planner
[13.481s] -- Symlinking: /home/misys/forza_ws/race_stack/ADP-Project/install/teb_local_planner/share/teb_local_planner/environment/ament_prefix_path.sh
[13.488s] -- Symlinking: /home/misys/forza_ws/race_stack/ADP-Project/install/teb_local_planner/share/teb_local_planner/environment/ament_prefix_path.dsv
[13.493s] -- Symlinking: /home/misys/forza_ws/race_stack/ADP-Project/install/teb_local_planner/share/teb_local_planner/environment/path.sh
[13.499s] -- Symlinking: /home/misys/forza_ws/race_stack/ADP-Project/install/teb_local_planner/share/teb_local_planner/environment/path.dsv
[13.505s] -- Symlinking: /home/misys/forza_ws/race_stack/ADP-Project/install/teb_local_planner/share/teb_local_planner/local_setup.bash
[13.510s] -- Symlinking: /home/misys/forza_ws/race_stack/ADP-Project/install/teb_local_planner/share/teb_local_planner/local_setup.sh
[13.516s] -- Symlinking: /home/misys/forza_ws/race_stack/ADP-Project/install/teb_local_planner/share/teb_local_planner/local_setup.zsh
[13.522s] -- Symlinking: /home/misys/forza_ws/race_stack/ADP-Project/install/teb_local_planner/share/teb_local_planner/local_setup.dsv
[13.527s] -- Symlinking: /home/misys/forza_ws/race_stack/ADP-Project/install/teb_local_planner/share/teb_local_planner/package.dsv
[13.533s] -- Symlinking: /home/misys/forza_ws/race_stack/ADP-Project/install/teb_local_planner/share/ament_index/resource_index/packages/teb_local_planner
[13.541s] -- Symlinking: /home/misys/forza_ws/race_stack/ADP-Project/install/teb_local_planner/share/ament_index/resource_index/rclcpp_components/teb_local_planner
[13.547s] -- Symlinking: /home/misys/forza_ws/race_stack/ADP-Project/install/teb_local_planner/share/teb_local_planner/cmake/teb_local_plannerConfig.cmake
[13.553s] -- Symlinking: /home/misys/forza_ws/race_stack/ADP-Project/install/teb_local_planner/share/teb_local_planner/cmake/teb_local_plannerConfig-version.cmake
[13.559s] -- Symlinking: /home/misys/forza_ws/race_stack/ADP-Project/install/teb_local_planner/share/teb_local_planner/package.xml
[13.566s] Invoked command in '/home/misys/forza_ws/race_stack/ADP-Project/build/teb_local_planner' returned '0': CMAKE_PREFIX_PATH=${CMAKE_PREFIX_PATH}:/opt/ros/humble /usr/bin/cmake --install /home/misys/forza_ws/race_stack/ADP-Project/build/teb_local_planner
