/home/misys/forza_ws/race_stack/install/f1tenth_gym_ros/lib/python3.10/site-packages/f1tenth_gym_ros/__init__.py
/home/misys/forza_ws/race_stack/install/f1tenth_gym_ros/lib/python3.10/site-packages/f1tenth_gym_ros/gym_bridge.py
/home/misys/forza_ws/race_stack/install/f1tenth_gym_ros/lib/python3.10/site-packages/f1tenth_gym_ros/__pycache__/__init__.cpython-310.pyc
/home/misys/forza_ws/race_stack/install/f1tenth_gym_ros/lib/python3.10/site-packages/f1tenth_gym_ros/__pycache__/gym_bridge.cpython-310.pyc
/home/misys/forza_ws/race_stack/install/f1tenth_gym_ros/share/ament_index/resource_index/packages/f1tenth_gym_ros
/home/misys/forza_ws/race_stack/install/f1tenth_gym_ros/share/f1tenth_gym_ros/package.xml
/home/misys/forza_ws/race_stack/install/f1tenth_gym_ros/share/f1tenth_gym_ros/launch/opp_racecar.xacro
/home/misys/forza_ws/race_stack/install/f1tenth_gym_ros/share/f1tenth_gym_ros/launch/gym_bridge_launch_test.py
/home/misys/forza_ws/race_stack/install/f1tenth_gym_ros/share/f1tenth_gym_ros/launch/gym_bridge_launch.py
/home/misys/forza_ws/race_stack/install/f1tenth_gym_ros/share/f1tenth_gym_ros/launch/ego_racecar.xacro
/home/misys/forza_ws/race_stack/install/f1tenth_gym_ros/share/f1tenth_gym_ros/launch/gym_bridge.rviz
/home/misys/forza_ws/race_stack/install/f1tenth_gym_ros/share/f1tenth_gym_ros/config/opp_racecar.xacro
/home/misys/forza_ws/race_stack/install/f1tenth_gym_ros/share/f1tenth_gym_ros/config/ego_racecar.xacro
/home/misys/forza_ws/race_stack/install/f1tenth_gym_ros/share/f1tenth_gym_ros/config/gym_bridge.rviz
/home/misys/forza_ws/race_stack/install/f1tenth_gym_ros/lib/python3.10/site-packages/f1tenth_gym_ros-0.0.0-py3.10.egg-info/PKG-INFO
/home/misys/forza_ws/race_stack/install/f1tenth_gym_ros/lib/python3.10/site-packages/f1tenth_gym_ros-0.0.0-py3.10.egg-info/SOURCES.txt
/home/misys/forza_ws/race_stack/install/f1tenth_gym_ros/lib/python3.10/site-packages/f1tenth_gym_ros-0.0.0-py3.10.egg-info/dependency_links.txt
/home/misys/forza_ws/race_stack/install/f1tenth_gym_ros/lib/python3.10/site-packages/f1tenth_gym_ros-0.0.0-py3.10.egg-info/zip-safe
/home/misys/forza_ws/race_stack/install/f1tenth_gym_ros/lib/python3.10/site-packages/f1tenth_gym_ros-0.0.0-py3.10.egg-info/entry_points.txt
/home/misys/forza_ws/race_stack/install/f1tenth_gym_ros/lib/python3.10/site-packages/f1tenth_gym_ros-0.0.0-py3.10.egg-info/requires.txt
/home/misys/forza_ws/race_stack/install/f1tenth_gym_ros/lib/python3.10/site-packages/f1tenth_gym_ros-0.0.0-py3.10.egg-info/top_level.txt
/home/misys/forza_ws/race_stack/install/f1tenth_gym_ros/lib/f1tenth_gym_ros/gym_bridge
