running egg_info
creating ../build/perception/perception.egg-info
writing ../build/perception/perception.egg-info/PKG-INFO
writing dependency_links to ../build/perception/perception.egg-info/dependency_links.txt
writing entry points to ../build/perception/perception.egg-info/entry_points.txt
writing requirements to ../build/perception/perception.egg-info/requires.txt
writing top-level names to ../build/perception/perception.egg-info/top_level.txt
writing manifest file '../build/perception/perception.egg-info/SOURCES.txt'
reading manifest file '../build/perception/perception.egg-info/SOURCES.txt'
adding license file 'LICENSE'
writing manifest file '../build/perception/perception.egg-info/SOURCES.txt'
running build
running build_py
creating /home/misys/forza_ws/race_stack/build/perception/build
creating /home/misys/forza_ws/race_stack/build/perception/build/lib
creating /home/misys/forza_ws/race_stack/build/perception/build/lib/perception
copying perception/__init__.py -> /home/misys/forza_ws/race_stack/build/perception/build/lib/perception
copying perception/tracking.py -> /home/misys/forza_ws/race_stack/build/perception/build/lib/perception
copying perception/detect.py -> /home/misys/forza_ws/race_stack/build/perception/build/lib/perception
running install
running install_lib
creating /home/misys/forza_ws/race_stack/install/perception/lib/python3.10/site-packages/perception
copying /home/misys/forza_ws/race_stack/build/perception/build/lib/perception/__init__.py -> /home/misys/forza_ws/race_stack/install/perception/lib/python3.10/site-packages/perception
copying /home/misys/forza_ws/race_stack/build/perception/build/lib/perception/tracking.py -> /home/misys/forza_ws/race_stack/install/perception/lib/python3.10/site-packages/perception
copying /home/misys/forza_ws/race_stack/build/perception/build/lib/perception/detect.py -> /home/misys/forza_ws/race_stack/install/perception/lib/python3.10/site-packages/perception
byte-compiling /home/misys/forza_ws/race_stack/install/perception/lib/python3.10/site-packages/perception/__init__.py to __init__.cpython-310.pyc
byte-compiling /home/misys/forza_ws/race_stack/install/perception/lib/python3.10/site-packages/perception/tracking.py to tracking.cpython-310.pyc
byte-compiling /home/misys/forza_ws/race_stack/install/perception/lib/python3.10/site-packages/perception/detect.py to detect.cpython-310.pyc
running install_data
creating /home/misys/forza_ws/race_stack/install/perception/share/ament_index
creating /home/misys/forza_ws/race_stack/install/perception/share/ament_index/resource_index
creating /home/misys/forza_ws/race_stack/install/perception/share/ament_index/resource_index/packages
copying resource/perception -> /home/misys/forza_ws/race_stack/install/perception/share/ament_index/resource_index/packages
copying package.xml -> /home/misys/forza_ws/race_stack/install/perception/share/perception
creating /home/misys/forza_ws/race_stack/install/perception/share/perception/launch
copying launch/detect_bag_launch.xml -> /home/misys/forza_ws/race_stack/install/perception/share/perception/launch
copying launch/perception_launch.xml -> /home/misys/forza_ws/race_stack/install/perception/share/perception/launch
running install_egg_info
Copying ../build/perception/perception.egg-info to /home/misys/forza_ws/race_stack/install/perception/lib/python3.10/site-packages/perception-0.0.0-py3.10.egg-info
running install_scripts
Installing detect script to /home/misys/forza_ws/race_stack/install/perception/lib/perception
Installing tracking script to /home/misys/forza_ws/race_stack/install/perception/lib/perception
writing list of installed files to '/home/misys/forza_ws/race_stack/build/perception/install.log'
