[5.573s] Invoking command in '/home/misys/forza_ws/race_stack/perception': PYTHONPATH=/home/misys/forza_ws/race_stack/build/perception/prefix_override:/usr/lib/python3/dist-packages/colcon_core/task/python/colcon_distutils_commands:/home/misys/forza_ws/race_stack/install/perception/lib/python3.10/site-packages:${PYTHONPATH} /usr/bin/python3 -W ignore:setup.py install is deprecated -W ignore:easy_install command is deprecated setup.py egg_info --egg-base ../build/perception build --build-base /home/misys/forza_ws/race_stack/build/perception/build install --record /home/misys/forza_ws/race_stack/build/perception/install.log --single-version-externally-managed install_data
[6.146s] running egg_info
[6.148s] creating ../build/perception/perception.egg-info
[6.148s] writing ../build/perception/perception.egg-info/PKG-INFO
[6.148s] writing dependency_links to ../build/perception/perception.egg-info/dependency_links.txt
[6.148s] writing entry points to ../build/perception/perception.egg-info/entry_points.txt
[6.148s] writing requirements to ../build/perception/perception.egg-info/requires.txt
[6.149s] writing top-level names to ../build/perception/perception.egg-info/top_level.txt
[6.149s] writing manifest file '../build/perception/perception.egg-info/SOURCES.txt'
[6.149s] reading manifest file '../build/perception/perception.egg-info/SOURCES.txt'
[6.149s] adding license file 'LICENSE'
[6.149s] writing manifest file '../build/perception/perception.egg-info/SOURCES.txt'
[6.149s] running build
[6.149s] running build_py
[6.149s] creating /home/misys/forza_ws/race_stack/build/perception/build
[6.149s] creating /home/misys/forza_ws/race_stack/build/perception/build/lib
[6.149s] creating /home/misys/forza_ws/race_stack/build/perception/build/lib/perception
[6.149s] copying perception/__init__.py -> /home/misys/forza_ws/race_stack/build/perception/build/lib/perception
[6.149s] copying perception/tracking.py -> /home/misys/forza_ws/race_stack/build/perception/build/lib/perception
[6.150s] copying perception/detect.py -> /home/misys/forza_ws/race_stack/build/perception/build/lib/perception
[6.150s] running install
[6.150s] running install_lib
[6.150s] creating /home/misys/forza_ws/race_stack/install/perception/lib/python3.10/site-packages/perception
[6.150s] copying /home/misys/forza_ws/race_stack/build/perception/build/lib/perception/__init__.py -> /home/misys/forza_ws/race_stack/install/perception/lib/python3.10/site-packages/perception
[6.150s] copying /home/misys/forza_ws/race_stack/build/perception/build/lib/perception/tracking.py -> /home/misys/forza_ws/race_stack/install/perception/lib/python3.10/site-packages/perception
[6.150s] copying /home/misys/forza_ws/race_stack/build/perception/build/lib/perception/detect.py -> /home/misys/forza_ws/race_stack/install/perception/lib/python3.10/site-packages/perception
[6.150s] byte-compiling /home/misys/forza_ws/race_stack/install/perception/lib/python3.10/site-packages/perception/__init__.py to __init__.cpython-310.pyc
[6.152s] byte-compiling /home/misys/forza_ws/race_stack/install/perception/lib/python3.10/site-packages/perception/tracking.py to tracking.cpython-310.pyc
[6.153s] byte-compiling /home/misys/forza_ws/race_stack/install/perception/lib/python3.10/site-packages/perception/detect.py to detect.cpython-310.pyc
[6.153s] running install_data
[6.153s] creating /home/misys/forza_ws/race_stack/install/perception/share/ament_index
[6.153s] creating /home/misys/forza_ws/race_stack/install/perception/share/ament_index/resource_index
[6.153s] creating /home/misys/forza_ws/race_stack/install/perception/share/ament_index/resource_index/packages
[6.153s] copying resource/perception -> /home/misys/forza_ws/race_stack/install/perception/share/ament_index/resource_index/packages
[6.153s] copying package.xml -> /home/misys/forza_ws/race_stack/install/perception/share/perception
[6.153s] creating /home/misys/forza_ws/race_stack/install/perception/share/perception/launch
[6.154s] copying launch/detect_bag_launch.xml -> /home/misys/forza_ws/race_stack/install/perception/share/perception/launch
[6.154s] copying launch/perception_launch.xml -> /home/misys/forza_ws/race_stack/install/perception/share/perception/launch
[6.154s] running install_egg_info
[6.154s] Copying ../build/perception/perception.egg-info to /home/misys/forza_ws/race_stack/install/perception/lib/python3.10/site-packages/perception-0.0.0-py3.10.egg-info
[6.154s] running install_scripts
[6.154s] Installing detect script to /home/misys/forza_ws/race_stack/install/perception/lib/perception
[6.154s] Installing tracking script to /home/misys/forza_ws/race_stack/install/perception/lib/perception
[6.154s] writing list of installed files to '/home/misys/forza_ws/race_stack/build/perception/install.log'
[6.171s] Invoked command in '/home/misys/forza_ws/race_stack/perception' returned '0': PYTHONPATH=/home/misys/forza_ws/race_stack/build/perception/prefix_override:/usr/lib/python3/dist-packages/colcon_core/task/python/colcon_distutils_commands:/home/misys/forza_ws/race_stack/install/perception/lib/python3.10/site-packages:${PYTHONPATH} /usr/bin/python3 -W ignore:setup.py install is deprecated -W ignore:easy_install command is deprecated setup.py egg_info --egg-base ../build/perception build --build-base /home/misys/forza_ws/race_stack/build/perception/build install --record /home/misys/forza_ws/race_stack/build/perception/install.log --single-version-externally-managed install_data
