[0.062s] DEBUG:colcon:Command line arguments: ['/usr/bin/colcon', 'build', '--packages-select', 'teb_local_planner', '--symlink-install']
[0.062s] DEBUG:colcon:Parsed command line arguments: Namespace(log_base=None, log_level=None, verb_name='build', build_base='build', install_base='install', merge_install=False, symlink_install=True, test_result_base=None, continue_on_error=False, executor='parallel', parallel_workers=18, event_handlers=None, ignore_user_meta=False, metas=['./colcon.meta'], base_paths=['.'], packages_ignore=None, packages_ignore_regex=None, paths=None, packages_up_to=None, packages_up_to_regex=None, packages_above=None, packages_above_and_dependencies=None, packages_above_depth=None, packages_select_by_dep=None, packages_skip_by_dep=None, packages_skip_up_to=None, packages_select_build_failed=False, packages_skip_build_finished=False, packages_select_test_failures=False, packages_skip_test_passed=False, packages_select=['teb_local_planner'], packages_skip=None, packages_select_regex=None, packages_skip_regex=None, packages_start=None, packages_end=None, cmake_args=None, cmake_target=None, cmake_target_skip_unavailable=False, cmake_clean_cache=False, cmake_clean_first=False, cmake_force_configure=False, ament_cmake_args=None, catkin_cmake_args=None, catkin_skip_building_tests=False, mixin_files=None, mixin=None, verb_parser=<colcon_mixin.mixin.mixin_argument.MixinArgumentDecorator object at 0x7e201333e3e0>, verb_extension=<colcon_core.verb.build.BuildVerb object at 0x7e201333da20>, main=<bound method BuildVerb.main of <colcon_core.verb.build.BuildVerb object at 0x7e201333da20>>, mixin_verb=('build',))
[0.168s] Level 1:colcon.colcon_core.package_discovery:discover_packages(colcon_meta) check parameters
[0.168s] Level 1:colcon.colcon_core.package_discovery:discover_packages(recursive) check parameters
[0.168s] Level 1:colcon.colcon_core.package_discovery:discover_packages(ignore) check parameters
[0.168s] Level 1:colcon.colcon_core.package_discovery:discover_packages(path) check parameters
[0.168s] Level 1:colcon.colcon_core.package_discovery:discover_packages(colcon_meta) discover
[0.168s] Level 1:colcon.colcon_core.package_discovery:discover_packages(recursive) discover
[0.168s] INFO:colcon.colcon_core.package_discovery:Crawling recursively for packages in '/home/misys/forza_ws/race_stack/ADP-Project'
[0.168s] Level 1:colcon.colcon_core.package_identification:_identify(.) by extensions ['ignore', 'ignore_ament_install']
[0.168s] Level 1:colcon.colcon_core.package_identification:_identify(.) by extension 'ignore'
[0.168s] Level 1:colcon.colcon_core.package_identification:_identify(.) by extension 'ignore_ament_install'
[0.168s] Level 1:colcon.colcon_core.package_identification:_identify(.) by extensions ['colcon_pkg']
[0.168s] Level 1:colcon.colcon_core.package_identification:_identify(.) by extension 'colcon_pkg'
[0.168s] Level 1:colcon.colcon_core.package_identification:_identify(.) by extensions ['colcon_meta']
[0.168s] Level 1:colcon.colcon_core.package_identification:_identify(.) by extension 'colcon_meta'
[0.168s] Level 1:colcon.colcon_core.package_identification:_identify(.) by extensions ['ros']
[0.168s] Level 1:colcon.colcon_core.package_identification:_identify(.) by extension 'ros'
[0.175s] Level 1:colcon.colcon_core.package_identification:_identify(.) by extensions ['cmake', 'python']
[0.175s] Level 1:colcon.colcon_core.package_identification:_identify(.) by extension 'cmake'
[0.175s] Level 1:colcon.colcon_core.package_identification:_identify(.) by extension 'python'
[0.175s] Level 1:colcon.colcon_core.package_identification:_identify(.) by extensions ['python_setup_py']
[0.175s] Level 1:colcon.colcon_core.package_identification:_identify(.) by extension 'python_setup_py'
[0.175s] Level 1:colcon.colcon_core.package_identification:_identify(build) by extensions ['ignore', 'ignore_ament_install']
[0.176s] Level 1:colcon.colcon_core.package_identification:_identify(build) by extension 'ignore'
[0.176s] Level 1:colcon.colcon_core.package_identification:_identify(build) ignored
[0.176s] Level 1:colcon.colcon_core.package_identification:_identify(forzaeth_local_planner) by extensions ['ignore', 'ignore_ament_install']
[0.176s] Level 1:colcon.colcon_core.package_identification:_identify(forzaeth_local_planner) by extension 'ignore'
[0.176s] Level 1:colcon.colcon_core.package_identification:_identify(forzaeth_local_planner) by extension 'ignore_ament_install'
[0.176s] Level 1:colcon.colcon_core.package_identification:_identify(forzaeth_local_planner) by extensions ['colcon_pkg']
[0.176s] Level 1:colcon.colcon_core.package_identification:_identify(forzaeth_local_planner) by extension 'colcon_pkg'
[0.176s] Level 1:colcon.colcon_core.package_identification:_identify(forzaeth_local_planner) by extensions ['colcon_meta']
[0.176s] Level 1:colcon.colcon_core.package_identification:_identify(forzaeth_local_planner) by extension 'colcon_meta'
[0.176s] Level 1:colcon.colcon_core.package_identification:_identify(forzaeth_local_planner) by extensions ['ros']
[0.176s] Level 1:colcon.colcon_core.package_identification:_identify(forzaeth_local_planner) by extension 'ros'
[0.183s] DEBUG:colcon.colcon_core.package_identification:Package 'forzaeth_local_planner' with type 'ros.ament_cmake' and name 'forzaeth_local_planner'
[0.183s] Level 1:colcon.colcon_core.package_identification:_identify(install) by extensions ['ignore', 'ignore_ament_install']
[0.183s] Level 1:colcon.colcon_core.package_identification:_identify(install) by extension 'ignore'
[0.183s] Level 1:colcon.colcon_core.package_identification:_identify(install) ignored
[0.183s] Level 1:colcon.colcon_core.package_identification:_identify(log) by extensions ['ignore', 'ignore_ament_install']
[0.183s] Level 1:colcon.colcon_core.package_identification:_identify(log) by extension 'ignore'
[0.183s] Level 1:colcon.colcon_core.package_identification:_identify(log) ignored
[0.184s] Level 1:colcon.colcon_core.package_identification:_identify(teb_local_planner) by extensions ['ignore', 'ignore_ament_install']
[0.184s] Level 1:colcon.colcon_core.package_identification:_identify(teb_local_planner) by extension 'ignore'
[0.184s] Level 1:colcon.colcon_core.package_identification:_identify(teb_local_planner) by extension 'ignore_ament_install'
[0.184s] Level 1:colcon.colcon_core.package_identification:_identify(teb_local_planner) by extensions ['colcon_pkg']
[0.184s] Level 1:colcon.colcon_core.package_identification:_identify(teb_local_planner) by extension 'colcon_pkg'
[0.184s] Level 1:colcon.colcon_core.package_identification:_identify(teb_local_planner) by extensions ['colcon_meta']
[0.184s] Level 1:colcon.colcon_core.package_identification:_identify(teb_local_planner) by extension 'colcon_meta'
[0.184s] Level 1:colcon.colcon_core.package_identification:_identify(teb_local_planner) by extensions ['ros']
[0.184s] Level 1:colcon.colcon_core.package_identification:_identify(teb_local_planner) by extension 'ros'
[0.184s] DEBUG:colcon.colcon_core.package_identification:Package 'teb_local_planner' with type 'ros.ament_cmake' and name 'teb_local_planner'
[0.184s] Level 1:colcon.colcon_core.package_discovery:discover_packages(recursive) using defaults
[0.184s] Level 1:colcon.colcon_core.package_discovery:discover_packages(ignore) discover
[0.184s] Level 1:colcon.colcon_core.package_discovery:discover_packages(ignore) using defaults
[0.184s] Level 1:colcon.colcon_core.package_discovery:discover_packages(path) discover
[0.184s] Level 1:colcon.colcon_core.package_discovery:discover_packages(path) using defaults
[0.196s] INFO:colcon.colcon_core.package_selection:Skipping not selected package 'forzaeth_local_planner' in 'forzaeth_local_planner'
[0.197s] Level 5:colcon.colcon_core.verb:set package 'teb_local_planner' build argument 'cmake_args' from command line to 'None'
[0.197s] Level 5:colcon.colcon_core.verb:set package 'teb_local_planner' build argument 'cmake_target' from command line to 'None'
[0.197s] Level 5:colcon.colcon_core.verb:set package 'teb_local_planner' build argument 'cmake_target_skip_unavailable' from command line to 'False'
[0.197s] Level 5:colcon.colcon_core.verb:set package 'teb_local_planner' build argument 'cmake_clean_cache' from command line to 'False'
[0.197s] Level 5:colcon.colcon_core.verb:set package 'teb_local_planner' build argument 'cmake_clean_first' from command line to 'False'
[0.197s] Level 5:colcon.colcon_core.verb:set package 'teb_local_planner' build argument 'cmake_force_configure' from command line to 'False'
[0.197s] Level 5:colcon.colcon_core.verb:set package 'teb_local_planner' build argument 'ament_cmake_args' from command line to 'None'
[0.197s] Level 5:colcon.colcon_core.verb:set package 'teb_local_planner' build argument 'catkin_cmake_args' from command line to 'None'
[0.197s] Level 5:colcon.colcon_core.verb:set package 'teb_local_planner' build argument 'catkin_skip_building_tests' from command line to 'False'
[0.197s] DEBUG:colcon.colcon_core.verb:Building package 'teb_local_planner' with the following arguments: {'ament_cmake_args': None, 'build_base': '/home/misys/forza_ws/race_stack/ADP-Project/build/teb_local_planner', 'catkin_cmake_args': None, 'catkin_skip_building_tests': False, 'cmake_args': None, 'cmake_clean_cache': False, 'cmake_clean_first': False, 'cmake_force_configure': False, 'cmake_target': None, 'cmake_target_skip_unavailable': False, 'install_base': '/home/misys/forza_ws/race_stack/ADP-Project/install/teb_local_planner', 'merge_install': False, 'path': '/home/misys/forza_ws/race_stack/ADP-Project/teb_local_planner', 'symlink_install': True, 'test_result_base': None}
[0.197s] INFO:colcon.colcon_core.executor:Executing jobs using 'parallel' executor
[0.198s] DEBUG:colcon.colcon_parallel_executor.executor.parallel:run_until_complete
[0.198s] INFO:colcon.colcon_ros.task.ament_cmake.build:Building ROS package in '/home/misys/forza_ws/race_stack/ADP-Project/teb_local_planner' with build type 'ament_cmake'
[0.198s] INFO:colcon.colcon_cmake.task.cmake.build:Building CMake package in '/home/misys/forza_ws/race_stack/ADP-Project/teb_local_planner'
[0.199s] INFO:colcon.colcon_core.plugin_system:Skipping extension 'colcon_core.shell.bat': Not used on non-Windows systems
[0.200s] INFO:colcon.colcon_core.shell:Skip shell extension 'powershell' for command environment: Not usable outside of PowerShell
[0.200s] DEBUG:colcon.colcon_core.shell:Skip shell extension 'dsv' for command environment
[0.207s] DEBUG:colcon.colcon_core.event_handler.log_command:Invoking command in '/home/misys/forza_ws/race_stack/ADP-Project/build/teb_local_planner': CMAKE_PREFIX_PATH=${CMAKE_PREFIX_PATH}:/opt/ros/humble /usr/bin/cmake /home/misys/forza_ws/race_stack/ADP-Project/teb_local_planner -DAMENT_CMAKE_SYMLINK_INSTALL=1 -DCMAKE_INSTALL_PREFIX=/home/misys/forza_ws/race_stack/ADP-Project/install/teb_local_planner
[1.132s] DEBUG:colcon.colcon_core.event_handler.log_command:Invoked command in '/home/misys/forza_ws/race_stack/ADP-Project/build/teb_local_planner' returned '0': CMAKE_PREFIX_PATH=${CMAKE_PREFIX_PATH}:/opt/ros/humble /usr/bin/cmake /home/misys/forza_ws/race_stack/ADP-Project/teb_local_planner -DAMENT_CMAKE_SYMLINK_INSTALL=1 -DCMAKE_INSTALL_PREFIX=/home/misys/forza_ws/race_stack/ADP-Project/install/teb_local_planner
[1.133s] DEBUG:colcon.colcon_core.event_handler.log_command:Invoking command in '/home/misys/forza_ws/race_stack/ADP-Project/build/teb_local_planner': CMAKE_PREFIX_PATH=${CMAKE_PREFIX_PATH}:/opt/ros/humble /usr/bin/cmake --build /home/misys/forza_ws/race_stack/ADP-Project/build/teb_local_planner -- -j18 -l18
[13.613s] DEBUG:colcon.colcon_core.event_handler.log_command:Invoked command in '/home/misys/forza_ws/race_stack/ADP-Project/build/teb_local_planner' returned '0': CMAKE_PREFIX_PATH=${CMAKE_PREFIX_PATH}:/opt/ros/humble /usr/bin/cmake --build /home/misys/forza_ws/race_stack/ADP-Project/build/teb_local_planner -- -j18 -l18
[13.623s] DEBUG:colcon.colcon_core.event_handler.log_command:Invoking command in '/home/misys/forza_ws/race_stack/ADP-Project/build/teb_local_planner': CMAKE_PREFIX_PATH=${CMAKE_PREFIX_PATH}:/opt/ros/humble /usr/bin/cmake --install /home/misys/forza_ws/race_stack/ADP-Project/build/teb_local_planner
[13.764s] Level 1:colcon.colcon_core.environment:create_environment_scripts_only(teb_local_planner)
[13.765s] DEBUG:colcon.colcon_core.event_handler.log_command:Invoked command in '/home/misys/forza_ws/race_stack/ADP-Project/build/teb_local_planner' returned '0': CMAKE_PREFIX_PATH=${CMAKE_PREFIX_PATH}:/opt/ros/humble /usr/bin/cmake --install /home/misys/forza_ws/race_stack/ADP-Project/build/teb_local_planner
[13.767s] Level 1:colcon.colcon_core.environment:checking '/home/misys/forza_ws/race_stack/ADP-Project/install/teb_local_planner' for CMake module files
[13.768s] Level 1:colcon.colcon_core.environment:checking '/home/misys/forza_ws/race_stack/ADP-Project/install/teb_local_planner' for CMake config files
[13.768s] Level 1:colcon.colcon_core.shell:create_environment_hook('teb_local_planner', 'cmake_prefix_path')
[13.769s] INFO:colcon.colcon_core.shell:Creating environment hook '/home/misys/forza_ws/race_stack/ADP-Project/install/teb_local_planner/share/teb_local_planner/hook/cmake_prefix_path.ps1'
[13.769s] INFO:colcon.colcon_core.shell:Creating environment descriptor '/home/misys/forza_ws/race_stack/ADP-Project/install/teb_local_planner/share/teb_local_planner/hook/cmake_prefix_path.dsv'
[13.770s] INFO:colcon.colcon_core.shell:Creating environment hook '/home/misys/forza_ws/race_stack/ADP-Project/install/teb_local_planner/share/teb_local_planner/hook/cmake_prefix_path.sh'
[13.771s] Level 1:colcon.colcon_core.environment:checking '/home/misys/forza_ws/race_stack/ADP-Project/install/teb_local_planner/lib'
[13.771s] Level 1:colcon.colcon_core.shell:create_environment_hook('teb_local_planner', 'ld_library_path_lib')
[13.771s] INFO:colcon.colcon_core.shell:Creating environment hook '/home/misys/forza_ws/race_stack/ADP-Project/install/teb_local_planner/share/teb_local_planner/hook/ld_library_path_lib.ps1'
[13.771s] INFO:colcon.colcon_core.shell:Creating environment descriptor '/home/misys/forza_ws/race_stack/ADP-Project/install/teb_local_planner/share/teb_local_planner/hook/ld_library_path_lib.dsv'
[13.772s] INFO:colcon.colcon_core.shell:Creating environment hook '/home/misys/forza_ws/race_stack/ADP-Project/install/teb_local_planner/share/teb_local_planner/hook/ld_library_path_lib.sh'
[13.772s] Level 1:colcon.colcon_core.environment:checking '/home/misys/forza_ws/race_stack/ADP-Project/install/teb_local_planner/bin'
[13.772s] Level 1:colcon.colcon_core.environment:checking '/home/misys/forza_ws/race_stack/ADP-Project/install/teb_local_planner/lib/pkgconfig/teb_local_planner.pc'
[13.773s] Level 1:colcon.colcon_core.environment:checking '/home/misys/forza_ws/race_stack/ADP-Project/install/teb_local_planner/lib/python3.10/site-packages'
[13.773s] Level 1:colcon.colcon_core.environment:checking '/home/misys/forza_ws/race_stack/ADP-Project/install/teb_local_planner/bin'
[13.773s] INFO:colcon.colcon_core.shell:Creating package script '/home/misys/forza_ws/race_stack/ADP-Project/install/teb_local_planner/share/teb_local_planner/package.ps1'
[13.774s] INFO:colcon.colcon_core.shell:Creating package descriptor '/home/misys/forza_ws/race_stack/ADP-Project/install/teb_local_planner/share/teb_local_planner/package.dsv'
[13.774s] INFO:colcon.colcon_core.shell:Creating package script '/home/misys/forza_ws/race_stack/ADP-Project/install/teb_local_planner/share/teb_local_planner/package.sh'
[13.775s] INFO:colcon.colcon_core.shell:Creating package script '/home/misys/forza_ws/race_stack/ADP-Project/install/teb_local_planner/share/teb_local_planner/package.bash'
[13.775s] INFO:colcon.colcon_core.shell:Creating package script '/home/misys/forza_ws/race_stack/ADP-Project/install/teb_local_planner/share/teb_local_planner/package.zsh'
[13.776s] Level 1:colcon.colcon_core.environment:create_file_with_runtime_dependencies(/home/misys/forza_ws/race_stack/ADP-Project/install/teb_local_planner/share/colcon-core/packages/teb_local_planner)
[13.783s] Level 1:colcon.colcon_core.environment:create_environment_scripts_only(teb_local_planner)
[13.783s] Level 1:colcon.colcon_core.environment:checking '/home/misys/forza_ws/race_stack/ADP-Project/install/teb_local_planner' for CMake module files
[13.783s] Level 1:colcon.colcon_core.environment:checking '/home/misys/forza_ws/race_stack/ADP-Project/install/teb_local_planner' for CMake config files
[13.783s] Level 1:colcon.colcon_core.shell:create_environment_hook('teb_local_planner', 'cmake_prefix_path')
[13.783s] INFO:colcon.colcon_core.shell:Creating environment hook '/home/misys/forza_ws/race_stack/ADP-Project/install/teb_local_planner/share/teb_local_planner/hook/cmake_prefix_path.ps1'
[13.784s] INFO:colcon.colcon_core.shell:Creating environment descriptor '/home/misys/forza_ws/race_stack/ADP-Project/install/teb_local_planner/share/teb_local_planner/hook/cmake_prefix_path.dsv'
[13.784s] INFO:colcon.colcon_core.shell:Creating environment hook '/home/misys/forza_ws/race_stack/ADP-Project/install/teb_local_planner/share/teb_local_planner/hook/cmake_prefix_path.sh'
[13.784s] Level 1:colcon.colcon_core.environment:checking '/home/misys/forza_ws/race_stack/ADP-Project/install/teb_local_planner/lib'
[13.784s] Level 1:colcon.colcon_core.shell:create_environment_hook('teb_local_planner', 'ld_library_path_lib')
[13.784s] INFO:colcon.colcon_core.shell:Creating environment hook '/home/misys/forza_ws/race_stack/ADP-Project/install/teb_local_planner/share/teb_local_planner/hook/ld_library_path_lib.ps1'
[13.785s] INFO:colcon.colcon_core.shell:Creating environment descriptor '/home/misys/forza_ws/race_stack/ADP-Project/install/teb_local_planner/share/teb_local_planner/hook/ld_library_path_lib.dsv'
[13.785s] INFO:colcon.colcon_core.shell:Creating environment hook '/home/misys/forza_ws/race_stack/ADP-Project/install/teb_local_planner/share/teb_local_planner/hook/ld_library_path_lib.sh'
[13.785s] Level 1:colcon.colcon_core.environment:checking '/home/misys/forza_ws/race_stack/ADP-Project/install/teb_local_planner/bin'
[13.785s] Level 1:colcon.colcon_core.environment:checking '/home/misys/forza_ws/race_stack/ADP-Project/install/teb_local_planner/lib/pkgconfig/teb_local_planner.pc'
[13.785s] Level 1:colcon.colcon_core.environment:checking '/home/misys/forza_ws/race_stack/ADP-Project/install/teb_local_planner/lib/python3.10/site-packages'
[13.785s] Level 1:colcon.colcon_core.environment:checking '/home/misys/forza_ws/race_stack/ADP-Project/install/teb_local_planner/bin'
[13.785s] INFO:colcon.colcon_core.shell:Creating package script '/home/misys/forza_ws/race_stack/ADP-Project/install/teb_local_planner/share/teb_local_planner/package.ps1'
[13.786s] INFO:colcon.colcon_core.shell:Creating package descriptor '/home/misys/forza_ws/race_stack/ADP-Project/install/teb_local_planner/share/teb_local_planner/package.dsv'
[13.786s] INFO:colcon.colcon_core.shell:Creating package script '/home/misys/forza_ws/race_stack/ADP-Project/install/teb_local_planner/share/teb_local_planner/package.sh'
[13.786s] INFO:colcon.colcon_core.shell:Creating package script '/home/misys/forza_ws/race_stack/ADP-Project/install/teb_local_planner/share/teb_local_planner/package.bash'
[13.786s] INFO:colcon.colcon_core.shell:Creating package script '/home/misys/forza_ws/race_stack/ADP-Project/install/teb_local_planner/share/teb_local_planner/package.zsh'
[13.787s] Level 1:colcon.colcon_core.environment:create_file_with_runtime_dependencies(/home/misys/forza_ws/race_stack/ADP-Project/install/teb_local_planner/share/colcon-core/packages/teb_local_planner)
[13.787s] DEBUG:colcon.colcon_parallel_executor.executor.parallel:closing loop
[13.787s] DEBUG:colcon.colcon_parallel_executor.executor.parallel:loop closed
[13.787s] DEBUG:colcon.colcon_parallel_executor.executor.parallel:run_until_complete finished with '0'
[13.787s] DEBUG:colcon.colcon_core.event_reactor:joining thread
[13.791s] INFO:colcon.colcon_core.plugin_system:Skipping extension 'colcon_notification.desktop_notification.notify_send': Could not find 'notify-send'
[13.791s] INFO:colcon.colcon_core.plugin_system:Skipping extension 'colcon_notification.desktop_notification.terminal_notifier': Not used on non-Darwin systems
[13.792s] INFO:colcon.colcon_core.plugin_system:Skipping extension 'colcon_notification.desktop_notification.win32': Not used on non-Windows systems
[13.792s] INFO:colcon.colcon_notification.desktop_notification:Sending desktop notification using 'notify2'
[13.794s] DEBUG:colcon.colcon_notification.desktop_notification.notify2:Failed to initialize notify2: org.freedesktop.DBus.Error.Spawn.ExecFailed: /usr/bin/dbus-launch terminated abnormally without any error message
[13.794s] DEBUG:colcon.colcon_core.event_reactor:joined thread
[13.795s] INFO:colcon.colcon_core.shell:Creating prefix script '/home/misys/forza_ws/race_stack/ADP-Project/install/local_setup.ps1'
[13.796s] INFO:colcon.colcon_core.shell:Creating prefix util module '/home/misys/forza_ws/race_stack/ADP-Project/install/_local_setup_util_ps1.py'
[13.796s] INFO:colcon.colcon_core.shell:Creating prefix chain script '/home/misys/forza_ws/race_stack/ADP-Project/install/setup.ps1'
[13.797s] INFO:colcon.colcon_core.shell:Creating prefix script '/home/misys/forza_ws/race_stack/ADP-Project/install/local_setup.sh'
[13.797s] INFO:colcon.colcon_core.shell:Creating prefix util module '/home/misys/forza_ws/race_stack/ADP-Project/install/_local_setup_util_sh.py'
[13.798s] INFO:colcon.colcon_core.shell:Creating prefix chain script '/home/misys/forza_ws/race_stack/ADP-Project/install/setup.sh'
[13.798s] INFO:colcon.colcon_core.shell:Creating prefix script '/home/misys/forza_ws/race_stack/ADP-Project/install/local_setup.bash'
[13.798s] INFO:colcon.colcon_core.shell:Creating prefix chain script '/home/misys/forza_ws/race_stack/ADP-Project/install/setup.bash'
[13.799s] INFO:colcon.colcon_core.shell:Creating prefix script '/home/misys/forza_ws/race_stack/ADP-Project/install/local_setup.zsh'
[13.799s] INFO:colcon.colcon_core.shell:Creating prefix chain script '/home/misys/forza_ws/race_stack/ADP-Project/install/setup.zsh'
