[0.386s] Invoking command in '/home/misys/forza_ws/race_stack/build/vesc_ackermann': AMENT_PREFIX_PATH=/home/misys/forza_ws/race_stack/install/vesc_msgs:${AMENT_PREFIX_PATH} CMAKE_PREFIX_PATH=/home/misys/forza_ws/race_stack/install/vesc_msgs:/opt/ros/humble LD_LIBRARY_PATH=/home/misys/forza_ws/race_stack/install/vesc_msgs/lib:${LD_LIBRARY_PATH} PYTHONPATH=/home/misys/forza_ws/race_stack/install/vesc_msgs/local/lib/python3.10/dist-packages:${PYTHONPATH} /usr/bin/cmake /home/misys/forza_ws/race_stack/sensors/vesc/vesc_ackermann -DCMAKE_INSTALL_PREFIX=/home/misys/forza_ws/race_stack/install/vesc_ackermann
[0.477s] -- The C compiler identification is GNU 11.4.0
[0.573s] -- The CXX compiler identification is GNU 11.4.0
[0.583s] -- Detecting C compiler ABI info
[0.710s] -- Detecting C compiler ABI info - done
[0.724s] -- Check for working C compiler: /usr/bin/cc - skipped
[0.724s] -- Detecting C compile features
[0.724s] -- Detecting C compile features - done
[0.731s] -- Detecting CXX compiler ABI info
[0.889s] -- Detecting CXX compiler ABI info - done
[0.899s] -- Check for working CXX compiler: /usr/bin/c++ - skipped
[0.899s] -- Detecting CXX compile features
[0.901s] -- Detecting CXX compile features - done
[0.908s] -- Found ament_cmake_auto: 1.3.12 (/opt/ros/humble/share/ament_cmake_auto/cmake)
[1.183s] -- Found Python3: /usr/bin/python3 (found version "3.10.12") found components: Interpreter 
[1.446s] -- Found rosidl_generator_c: 3.1.7 (/opt/ros/humble/share/rosidl_generator_c/cmake)
[1.453s] -- Found rosidl_adapter: 3.1.7 (/opt/ros/humble/share/rosidl_adapter/cmake)
[1.464s] -- Found rosidl_generator_cpp: 3.1.7 (/opt/ros/humble/share/rosidl_generator_cpp/cmake)
[1.483s] -- Using all available rosidl_typesupport_c: rosidl_typesupport_fastrtps_c;rosidl_typesupport_introspection_c
[1.500s] -- Using all available rosidl_typesupport_cpp: rosidl_typesupport_fastrtps_cpp;rosidl_typesupport_introspection_cpp
[1.658s] -- Found rmw_implementation_cmake: 6.1.2 (/opt/ros/humble/share/rmw_implementation_cmake/cmake)
[1.659s] -- Found rmw_fastrtps_cpp: 6.2.9 (/opt/ros/humble/share/rmw_fastrtps_cpp/cmake)
[1.958s] -- Found OpenSSL: /usr/lib/x86_64-linux-gnu/libcrypto.so (found version "3.0.2")  
[1.958s] -- Found FastRTPS: /opt/ros/humble/include  
[1.958s] -- Using RMW implementation 'rmw_fastrtps_cpp' as default
[1.958s] -- Looking for pthread.h
[1.963s] -- Looking for pthread.h - found
[1.963s] -- Performing Test CMAKE_HAVE_LIBC_PTHREAD
[2.043s] -- Performing Test CMAKE_HAVE_LIBC_PTHREAD - Success
[2.044s] -- Found Threads: TRUE  
[2.264s] -- Found ament_lint_auto: 0.12.14 (/opt/ros/humble/share/ament_lint_auto/cmake)
[2.287s] In this package, headers install destination is set to `include` by ament_auto_package. It is recommended to install `include/vesc_ackermann` instead and will be the default behavior of ament_auto_package from ROS 2 Kilted Kaiju. On distributions before Kilted, ament_auto_package behaves the same way when you use USE_SCOPED_HEADER_INSTALL_DIR option.
[2.292s] -- Added test 'copyright' to check source files copyright and LICENSE
[2.294s] -- Added test 'cppcheck' to perform static code analysis on C / C++ code
[2.294s] -- Configured cppcheck include dirs: /home/misys/forza_ws/race_stack/sensors/vesc/vesc_ackermann/include
[2.294s] -- Configured cppcheck exclude dirs and/or files: 
[2.296s] -- Added test 'cpplint' to check C / C++ code against the Google style
[2.296s] -- Configured cpplint exclude dirs and/or files: 
[2.297s] -- Added test 'lint_cmake' to check CMake code style
[2.299s] -- Added test 'uncrustify' to check C / C++ code style
[2.299s] -- Configured uncrustify additional arguments: 
[2.300s] -- Added test 'xmllint' to check XML markup files
[2.304s] -- Configuring done
[2.333s] -- Generating done
[2.344s] -- Build files have been written to: /home/misys/forza_ws/race_stack/build/vesc_ackermann
[2.364s] Invoked command in '/home/misys/forza_ws/race_stack/build/vesc_ackermann' returned '0': AMENT_PREFIX_PATH=/home/misys/forza_ws/race_stack/install/vesc_msgs:${AMENT_PREFIX_PATH} CMAKE_PREFIX_PATH=/home/misys/forza_ws/race_stack/install/vesc_msgs:/opt/ros/humble LD_LIBRARY_PATH=/home/misys/forza_ws/race_stack/install/vesc_msgs/lib:${LD_LIBRARY_PATH} PYTHONPATH=/home/misys/forza_ws/race_stack/install/vesc_msgs/local/lib/python3.10/dist-packages:${PYTHONPATH} /usr/bin/cmake /home/misys/forza_ws/race_stack/sensors/vesc/vesc_ackermann -DCMAKE_INSTALL_PREFIX=/home/misys/forza_ws/race_stack/install/vesc_ackermann
[2.366s] Invoking command in '/home/misys/forza_ws/race_stack/build/vesc_ackermann': AMENT_PREFIX_PATH=/home/misys/forza_ws/race_stack/install/vesc_msgs:${AMENT_PREFIX_PATH} CMAKE_PREFIX_PATH=/home/misys/forza_ws/race_stack/install/vesc_msgs:/opt/ros/humble LD_LIBRARY_PATH=/home/misys/forza_ws/race_stack/install/vesc_msgs/lib:${LD_LIBRARY_PATH} PYTHONPATH=/home/misys/forza_ws/race_stack/install/vesc_msgs/local/lib/python3.10/dist-packages:${PYTHONPATH} /usr/bin/cmake --build /home/misys/forza_ws/race_stack/build/vesc_ackermann -- -j18 -l18
[2.439s] [ 14%] Building CXX object CMakeFiles/vesc_ackermann.dir/src/vesc_to_odom.cpp.o
[2.441s] [ 28%] Building CXX object CMakeFiles/ackermann_to_vesc_node.dir/rclcpp_components/node_main_ackermann_to_vesc_node.cpp.o
[2.449s] [ 42%] Building CXX object CMakeFiles/vesc_ackermann.dir/src/ackermann_to_vesc.cpp.o
[2.453s] [ 57%] Building CXX object CMakeFiles/vesc_to_odom_node.dir/rclcpp_components/node_main_vesc_to_odom_node.cpp.o
[8.029s] [ 71%] Linking CXX executable ackermann_to_vesc_node
[8.308s] [ 71%] Built target ackermann_to_vesc_node
[9.632s] [ 85%] Linking CXX executable vesc_to_odom_node
[10.051s] [ 85%] Built target vesc_to_odom_node
[23.226s] [100%] Linking CXX shared library libvesc_ackermann.so
[24.534s] [100%] Built target vesc_ackermann
[24.555s] Invoked command in '/home/misys/forza_ws/race_stack/build/vesc_ackermann' returned '0': AMENT_PREFIX_PATH=/home/misys/forza_ws/race_stack/install/vesc_msgs:${AMENT_PREFIX_PATH} CMAKE_PREFIX_PATH=/home/misys/forza_ws/race_stack/install/vesc_msgs:/opt/ros/humble LD_LIBRARY_PATH=/home/misys/forza_ws/race_stack/install/vesc_msgs/lib:${LD_LIBRARY_PATH} PYTHONPATH=/home/misys/forza_ws/race_stack/install/vesc_msgs/local/lib/python3.10/dist-packages:${PYTHONPATH} /usr/bin/cmake --build /home/misys/forza_ws/race_stack/build/vesc_ackermann -- -j18 -l18
[24.558s] Invoking command in '/home/misys/forza_ws/race_stack/build/vesc_ackermann': AMENT_PREFIX_PATH=/home/misys/forza_ws/race_stack/install/vesc_msgs:${AMENT_PREFIX_PATH} CMAKE_PREFIX_PATH=/home/misys/forza_ws/race_stack/install/vesc_msgs:/opt/ros/humble LD_LIBRARY_PATH=/home/misys/forza_ws/race_stack/install/vesc_msgs/lib:${LD_LIBRARY_PATH} PYTHONPATH=/home/misys/forza_ws/race_stack/install/vesc_msgs/local/lib/python3.10/dist-packages:${PYTHONPATH} /usr/bin/cmake --install /home/misys/forza_ws/race_stack/build/vesc_ackermann
[24.570s] -- Install configuration: ""
[24.570s] -- Installing: /home/misys/forza_ws/race_stack/install/vesc_ackermann/lib/vesc_ackermann/ackermann_to_vesc_node
[24.571s] -- Set runtime path of "/home/misys/forza_ws/race_stack/install/vesc_ackermann/lib/vesc_ackermann/ackermann_to_vesc_node" to ""
[24.571s] -- Installing: /home/misys/forza_ws/race_stack/install/vesc_ackermann/lib/vesc_ackermann/vesc_to_odom_node
[24.571s] -- Set runtime path of "/home/misys/forza_ws/race_stack/install/vesc_ackermann/lib/vesc_ackermann/vesc_to_odom_node" to ""
[24.572s] -- Installing: /home/misys/forza_ws/race_stack/install/vesc_ackermann/include
[24.572s] -- Installing: /home/misys/forza_ws/race_stack/install/vesc_ackermann/include/vesc_ackermann
[24.572s] -- Installing: /home/misys/forza_ws/race_stack/install/vesc_ackermann/include/vesc_ackermann/vesc_to_odom.hpp
[24.572s] -- Installing: /home/misys/forza_ws/race_stack/install/vesc_ackermann/include/vesc_ackermann/ackermann_to_vesc.hpp
[24.573s] -- Installing: /home/misys/forza_ws/race_stack/install/vesc_ackermann/share/vesc_ackermann/environment/library_path.sh
[24.573s] -- Installing: /home/misys/forza_ws/race_stack/install/vesc_ackermann/share/vesc_ackermann/environment/library_path.dsv
[24.573s] -- Installing: /home/misys/forza_ws/race_stack/install/vesc_ackermann/lib/libvesc_ackermann.so
[24.586s] -- Set runtime path of "/home/misys/forza_ws/race_stack/install/vesc_ackermann/lib/libvesc_ackermann.so" to ""
[24.587s] -- Installing: /home/misys/forza_ws/race_stack/install/vesc_ackermann/share/vesc_ackermann/launch
[24.587s] -- Installing: /home/misys/forza_ws/race_stack/install/vesc_ackermann/share/vesc_ackermann/launch/vesc_to_odom_node.launch.xml
[24.587s] -- Installing: /home/misys/forza_ws/race_stack/install/vesc_ackermann/share/vesc_ackermann/launch/ackermann_to_vesc_node.launch.xml
[24.587s] -- Installing: /home/misys/forza_ws/race_stack/install/vesc_ackermann/share/ament_index/resource_index/package_run_dependencies/vesc_ackermann
[24.588s] -- Installing: /home/misys/forza_ws/race_stack/install/vesc_ackermann/share/ament_index/resource_index/parent_prefix_path/vesc_ackermann
[24.589s] -- Installing: /home/misys/forza_ws/race_stack/install/vesc_ackermann/share/vesc_ackermann/environment/ament_prefix_path.sh
[24.589s] -- Installing: /home/misys/forza_ws/race_stack/install/vesc_ackermann/share/vesc_ackermann/environment/ament_prefix_path.dsv
[24.589s] -- Installing: /home/misys/forza_ws/race_stack/install/vesc_ackermann/share/vesc_ackermann/environment/path.sh
[24.590s] -- Installing: /home/misys/forza_ws/race_stack/install/vesc_ackermann/share/vesc_ackermann/environment/path.dsv
[24.590s] -- Installing: /home/misys/forza_ws/race_stack/install/vesc_ackermann/share/vesc_ackermann/local_setup.bash
[24.590s] -- Installing: /home/misys/forza_ws/race_stack/install/vesc_ackermann/share/vesc_ackermann/local_setup.sh
[24.590s] -- Installing: /home/misys/forza_ws/race_stack/install/vesc_ackermann/share/vesc_ackermann/local_setup.zsh
[24.590s] -- Installing: /home/misys/forza_ws/race_stack/install/vesc_ackermann/share/vesc_ackermann/local_setup.dsv
[24.590s] -- Installing: /home/misys/forza_ws/race_stack/install/vesc_ackermann/share/vesc_ackermann/package.dsv
[24.590s] -- Installing: /home/misys/forza_ws/race_stack/install/vesc_ackermann/share/ament_index/resource_index/packages/vesc_ackermann
[24.590s] -- Installing: /home/misys/forza_ws/race_stack/install/vesc_ackermann/share/ament_index/resource_index/rclcpp_components/vesc_ackermann
[24.590s] -- Installing: /home/misys/forza_ws/race_stack/install/vesc_ackermann/share/vesc_ackermann/cmake/ament_cmake_export_dependencies-extras.cmake
[24.590s] -- Installing: /home/misys/forza_ws/race_stack/install/vesc_ackermann/share/vesc_ackermann/cmake/ament_cmake_export_include_directories-extras.cmake
[24.591s] -- Installing: /home/misys/forza_ws/race_stack/install/vesc_ackermann/share/vesc_ackermann/cmake/ament_cmake_export_libraries-extras.cmake
[24.591s] -- Installing: /home/misys/forza_ws/race_stack/install/vesc_ackermann/share/vesc_ackermann/cmake/vesc_ackermannConfig.cmake
[24.591s] -- Installing: /home/misys/forza_ws/race_stack/install/vesc_ackermann/share/vesc_ackermann/cmake/vesc_ackermannConfig-version.cmake
[24.591s] -- Installing: /home/misys/forza_ws/race_stack/install/vesc_ackermann/share/vesc_ackermann/package.xml
[24.595s] Invoked command in '/home/misys/forza_ws/race_stack/build/vesc_ackermann' returned '0': AMENT_PREFIX_PATH=/home/misys/forza_ws/race_stack/install/vesc_msgs:${AMENT_PREFIX_PATH} CMAKE_PREFIX_PATH=/home/misys/forza_ws/race_stack/install/vesc_msgs:/opt/ros/humble LD_LIBRARY_PATH=/home/misys/forza_ws/race_stack/install/vesc_msgs/lib:${LD_LIBRARY_PATH} PYTHONPATH=/home/misys/forza_ws/race_stack/install/vesc_msgs/local/lib/python3.10/dist-packages:${PYTHONPATH} /usr/bin/cmake --install /home/misys/forza_ws/race_stack/build/vesc_ackermann
