running egg_info
creating ../../build/steering_lookup/steering_lookup.egg-info
writing ../../build/steering_lookup/steering_lookup.egg-info/PKG-INFO
writing dependency_links to ../../build/steering_lookup/steering_lookup.egg-info/dependency_links.txt
writing requirements to ../../build/steering_lookup/steering_lookup.egg-info/requires.txt
writing top-level names to ../../build/steering_lookup/steering_lookup.egg-info/top_level.txt
writing manifest file '../../build/steering_lookup/steering_lookup.egg-info/SOURCES.txt'
reading manifest file '../../build/steering_lookup/steering_lookup.egg-info/SOURCES.txt'
adding license file 'LICENSE'
writing manifest file '../../build/steering_lookup/steering_lookup.egg-info/SOURCES.txt'
running build
running build_py
creating /home/misys/forza_ws/race_stack/build/steering_lookup/build
creating /home/misys/forza_ws/race_stack/build/steering_lookup/build/lib
creating /home/misys/forza_ws/race_stack/build/steering_lookup/build/lib/steering_lookup
copying steering_lookup/lookup_steer_angle.py -> /home/misys/forza_ws/race_stack/build/steering_lookup/build/lib/steering_lookup
copying steering_lookup/__init__.py -> /home/misys/forza_ws/race_stack/build/steering_lookup/build/lib/steering_lookup
running install
running install_lib
creating /home/misys/forza_ws/race_stack/install/steering_lookup/lib/python3.10/site-packages/steering_lookup
copying /home/misys/forza_ws/race_stack/build/steering_lookup/build/lib/steering_lookup/lookup_steer_angle.py -> /home/misys/forza_ws/race_stack/install/steering_lookup/lib/python3.10/site-packages/steering_lookup
copying /home/misys/forza_ws/race_stack/build/steering_lookup/build/lib/steering_lookup/__init__.py -> /home/misys/forza_ws/race_stack/install/steering_lookup/lib/python3.10/site-packages/steering_lookup
byte-compiling /home/misys/forza_ws/race_stack/install/steering_lookup/lib/python3.10/site-packages/steering_lookup/lookup_steer_angle.py to lookup_steer_angle.cpython-310.pyc
byte-compiling /home/misys/forza_ws/race_stack/install/steering_lookup/lib/python3.10/site-packages/steering_lookup/__init__.py to __init__.cpython-310.pyc
running install_data
creating /home/misys/forza_ws/race_stack/install/steering_lookup/share/ament_index
creating /home/misys/forza_ws/race_stack/install/steering_lookup/share/ament_index/resource_index
creating /home/misys/forza_ws/race_stack/install/steering_lookup/share/ament_index/resource_index/packages
copying resource/steering_lookup -> /home/misys/forza_ws/race_stack/install/steering_lookup/share/ament_index/resource_index/packages
copying package.xml -> /home/misys/forza_ws/race_stack/install/steering_lookup/share/steering_lookup
creating /home/misys/forza_ws/race_stack/install/steering_lookup/share/steering_lookup/launch
creating /home/misys/forza_ws/race_stack/install/steering_lookup/share/steering_lookup/cfg
copying cfg/NUC6_glc_pacejka_lookup_table.csv -> /home/misys/forza_ws/race_stack/install/steering_lookup/share/steering_lookup/cfg
copying cfg/NUC2_hangar_pacejka_lookup_table.csv -> /home/misys/forza_ws/race_stack/install/steering_lookup/share/steering_lookup/cfg
copying cfg/SIM_linear_lookup_table.csv -> /home/misys/forza_ws/race_stack/install/steering_lookup/share/steering_lookup/cfg
running install_egg_info
Copying ../../build/steering_lookup/steering_lookup.egg-info to /home/misys/forza_ws/race_stack/install/steering_lookup/lib/python3.10/site-packages/steering_lookup-0.0.0-py3.10.egg-info
running install_scripts
writing list of installed files to '/home/misys/forza_ws/race_stack/build/steering_lookup/install.log'
