[3.370s] Invoking command in '/home/misys/forza_ws/race_stack/system_identification/steering_lookup': PYTHONPATH=/home/misys/forza_ws/race_stack/build/steering_lookup/prefix_override:/usr/lib/python3/dist-packages/colcon_core/task/python/colcon_distutils_commands:/home/misys/forza_ws/race_stack/install/steering_lookup/lib/python3.10/site-packages:${PYTHONPATH} /usr/bin/python3 -W ignore:setup.py install is deprecated -W ignore:easy_install command is deprecated setup.py egg_info --egg-base ../../build/steering_lookup build --build-base /home/misys/forza_ws/race_stack/build/steering_lookup/build install --record /home/misys/forza_ws/race_stack/build/steering_lookup/install.log --single-version-externally-managed install_data
[3.750s] running egg_info
[3.751s] creating ../../build/steering_lookup/steering_lookup.egg-info
[3.751s] writing ../../build/steering_lookup/steering_lookup.egg-info/PKG-INFO
[3.751s] writing dependency_links to ../../build/steering_lookup/steering_lookup.egg-info/dependency_links.txt
[3.751s] writing requirements to ../../build/steering_lookup/steering_lookup.egg-info/requires.txt
[3.758s] writing top-level names to ../../build/steering_lookup/steering_lookup.egg-info/top_level.txt
[3.761s] writing manifest file '../../build/steering_lookup/steering_lookup.egg-info/SOURCES.txt'
[3.761s] reading manifest file '../../build/steering_lookup/steering_lookup.egg-info/SOURCES.txt'
[3.761s] adding license file 'LICENSE'
[3.762s] writing manifest file '../../build/steering_lookup/steering_lookup.egg-info/SOURCES.txt'
[3.762s] running build
[3.762s] running build_py
[3.762s] creating /home/misys/forza_ws/race_stack/build/steering_lookup/build
[3.762s] creating /home/misys/forza_ws/race_stack/build/steering_lookup/build/lib
[3.762s] creating /home/misys/forza_ws/race_stack/build/steering_lookup/build/lib/steering_lookup
[3.762s] copying steering_lookup/lookup_steer_angle.py -> /home/misys/forza_ws/race_stack/build/steering_lookup/build/lib/steering_lookup
[3.762s] copying steering_lookup/__init__.py -> /home/misys/forza_ws/race_stack/build/steering_lookup/build/lib/steering_lookup
[3.762s] running install
[3.763s] running install_lib
[3.763s] creating /home/misys/forza_ws/race_stack/install/steering_lookup/lib/python3.10/site-packages/steering_lookup
[3.772s] copying /home/misys/forza_ws/race_stack/build/steering_lookup/build/lib/steering_lookup/lookup_steer_angle.py -> /home/misys/forza_ws/race_stack/install/steering_lookup/lib/python3.10/site-packages/steering_lookup
[3.772s] copying /home/misys/forza_ws/race_stack/build/steering_lookup/build/lib/steering_lookup/__init__.py -> /home/misys/forza_ws/race_stack/install/steering_lookup/lib/python3.10/site-packages/steering_lookup
[3.772s] byte-compiling /home/misys/forza_ws/race_stack/install/steering_lookup/lib/python3.10/site-packages/steering_lookup/lookup_steer_angle.py to lookup_steer_angle.cpython-310.pyc
[3.772s] byte-compiling /home/misys/forza_ws/race_stack/install/steering_lookup/lib/python3.10/site-packages/steering_lookup/__init__.py to __init__.cpython-310.pyc
[3.772s] running install_data
[3.772s] creating /home/misys/forza_ws/race_stack/install/steering_lookup/share/ament_index
[3.773s] creating /home/misys/forza_ws/race_stack/install/steering_lookup/share/ament_index/resource_index
[3.773s] creating /home/misys/forza_ws/race_stack/install/steering_lookup/share/ament_index/resource_index/packages
[3.773s] copying resource/steering_lookup -> /home/misys/forza_ws/race_stack/install/steering_lookup/share/ament_index/resource_index/packages
[3.773s] copying package.xml -> /home/misys/forza_ws/race_stack/install/steering_lookup/share/steering_lookup
[3.773s] creating /home/misys/forza_ws/race_stack/install/steering_lookup/share/steering_lookup/launch
[3.773s] creating /home/misys/forza_ws/race_stack/install/steering_lookup/share/steering_lookup/cfg
[3.773s] copying cfg/NUC6_glc_pacejka_lookup_table.csv -> /home/misys/forza_ws/race_stack/install/steering_lookup/share/steering_lookup/cfg
[3.773s] copying cfg/NUC2_hangar_pacejka_lookup_table.csv -> /home/misys/forza_ws/race_stack/install/steering_lookup/share/steering_lookup/cfg
[3.773s] copying cfg/SIM_linear_lookup_table.csv -> /home/misys/forza_ws/race_stack/install/steering_lookup/share/steering_lookup/cfg
[3.773s] running install_egg_info
[3.773s] Copying ../../build/steering_lookup/steering_lookup.egg-info to /home/misys/forza_ws/race_stack/install/steering_lookup/lib/python3.10/site-packages/steering_lookup-0.0.0-py3.10.egg-info
[3.774s] running install_scripts
[3.807s] writing list of installed files to '/home/misys/forza_ws/race_stack/build/steering_lookup/install.log'
[3.887s] Invoked command in '/home/misys/forza_ws/race_stack/system_identification/steering_lookup' returned '0': PYTHONPATH=/home/misys/forza_ws/race_stack/build/steering_lookup/prefix_override:/usr/lib/python3/dist-packages/colcon_core/task/python/colcon_distutils_commands:/home/misys/forza_ws/race_stack/install/steering_lookup/lib/python3.10/site-packages:${PYTHONPATH} /usr/bin/python3 -W ignore:setup.py install is deprecated -W ignore:easy_install command is deprecated setup.py egg_info --egg-base ../../build/steering_lookup build --build-base /home/misys/forza_ws/race_stack/build/steering_lookup/build install --record /home/misys/forza_ws/race_stack/build/steering_lookup/install.log --single-version-externally-managed install_data
