-- Found ament_cmake: 1.3.12 (/opt/ros/humble/share/ament_cmake/cmake)
-- Found rclcpp: 16.0.15 (/opt/ros/humble/share/rclcpp/cmake)
-- Found rosidl_generator_c: 3.1.7 (/opt/ros/humble/share/rosidl_generator_c/cmake)
-- Found rosidl_adapter: 3.1.7 (/opt/ros/humble/share/rosidl_adapter/cmake)
-- Found rosidl_generator_cpp: 3.1.7 (/opt/ros/humble/share/rosidl_generator_cpp/cmake)
-- Using all available rosidl_typesupport_c: rosidl_typesupport_fastrtps_c;rosidl_typesupport_introspection_c
-- Using all available rosidl_typesupport_cpp: rosidl_typesupport_fastrtps_cpp;rosidl_typesupport_introspection_cpp
-- Found rmw_implementation_cmake: 6.1.2 (/opt/ros/humble/share/rmw_implementation_cmake/cmake)
-- Found rmw_fastrtps_cpp: 6.2.9 (/opt/ros/humble/share/rmw_fastrtps_cpp/cmake)
-- Using RMW implementation 'rmw_fastrtps_cpp' as default
-- Found geometry_msgs: 4.9.0 (/opt/ros/humble/share/geometry_msgs/cmake)
-- Found visualization_msgs: 4.9.0 (/opt/ros/humble/share/visualization_msgs/cmake)
-- Found nav_msgs: 4.9.0 (/opt/ros/humble/share/nav_msgs/cmake)
-- Found f110_msgs: 0.0.0 (/home/misys/forza_ws/race_stack/install/f110_msgs/share/f110_msgs/cmake)
-- Configuring done
-- Generating done
-- Build files have been written to: /home/misys/forza_ws/race_stack/build/teb_local_planner
-- Found ament_cmake: 1.3.12 (/opt/ros/humble/share/ament_cmake/cmake)
-- Found rclcpp: 16.0.15 (/opt/ros/humble/share/rclcpp/cmake)
-- Found rosidl_generator_c: 3.1.7 (/opt/ros/humble/share/rosidl_generator_c/cmake)
-- Found rosidl_adapter: 3.1.7 (/opt/ros/humble/share/rosidl_adapter/cmake)
-- Found rosidl_generator_cpp: 3.1.7 (/opt/ros/humble/share/rosidl_generator_cpp/cmake)
-- Using all available rosidl_typesupport_c: rosidl_typesupport_fastrtps_c;rosidl_typesupport_introspection_c
-- Using all available rosidl_typesupport_cpp: rosidl_typesupport_fastrtps_cpp;rosidl_typesupport_introspection_cpp
-- Found rmw_implementation_cmake: 6.1.2 (/opt/ros/humble/share/rmw_implementation_cmake/cmake)
-- Found rmw_fastrtps_cpp: 6.2.9 (/opt/ros/humble/share/rmw_fastrtps_cpp/cmake)
-- Using RMW implementation 'rmw_fastrtps_cpp' as default
-- Found geometry_msgs: 4.9.0 (/opt/ros/humble/share/geometry_msgs/cmake)
-- Found visualization_msgs: 4.9.0 (/opt/ros/humble/share/visualization_msgs/cmake)
-- Found nav_msgs: 4.9.0 (/opt/ros/humble/share/nav_msgs/cmake)
-- Found f110_msgs: 0.0.0 (/home/misys/forza_ws/race_stack/install/f110_msgs/share/f110_msgs/cmake)
-- Configuring done
-- Generating done
-- Build files have been written to: /home/misys/forza_ws/race_stack/build/teb_local_planner
[ 50%] [32mBuilding CXX object CMakeFiles/teb_local_planner_node.dir/src/teb_local_planner.cpp.o[0m
[100%] [32m[1mLinking CXX executable teb_local_planner_node[0m
[100%] Built target teb_local_planner_node
-- Install configuration: "Release"
-- Installing: /home/misys/forza_ws/race_stack/install/teb_local_planner/lib/teb_local_planner/teb_local_planner_node
-- Set runtime path of "/home/misys/forza_ws/race_stack/install/teb_local_planner/lib/teb_local_planner/teb_local_planner_node" to ""
-- Installing: /home/misys/forza_ws/race_stack/install/teb_local_planner/share/teb_local_planner//launch
-- Installing: /home/misys/forza_ws/race_stack/install/teb_local_planner/share/teb_local_planner//launch/teb_local_planner.launch.py
-- Installing: /home/misys/forza_ws/race_stack/install/teb_local_planner/share/ament_index/resource_index/package_run_dependencies/teb_local_planner
-- Installing: /home/misys/forza_ws/race_stack/install/teb_local_planner/share/ament_index/resource_index/parent_prefix_path/teb_local_planner
-- Installing: /home/misys/forza_ws/race_stack/install/teb_local_planner/share/teb_local_planner/environment/ament_prefix_path.sh
-- Installing: /home/misys/forza_ws/race_stack/install/teb_local_planner/share/teb_local_planner/environment/ament_prefix_path.dsv
-- Installing: /home/misys/forza_ws/race_stack/install/teb_local_planner/share/teb_local_planner/environment/path.sh
-- Installing: /home/misys/forza_ws/race_stack/install/teb_local_planner/share/teb_local_planner/environment/path.dsv
-- Installing: /home/misys/forza_ws/race_stack/install/teb_local_planner/share/teb_local_planner/local_setup.bash
-- Installing: /home/misys/forza_ws/race_stack/install/teb_local_planner/share/teb_local_planner/local_setup.sh
-- Installing: /home/misys/forza_ws/race_stack/install/teb_local_planner/share/teb_local_planner/local_setup.zsh
-- Installing: /home/misys/forza_ws/race_stack/install/teb_local_planner/share/teb_local_planner/local_setup.dsv
-- Installing: /home/misys/forza_ws/race_stack/install/teb_local_planner/share/teb_local_planner/package.dsv
-- Installing: /home/misys/forza_ws/race_stack/install/teb_local_planner/share/ament_index/resource_index/packages/teb_local_planner
-- Installing: /home/misys/forza_ws/race_stack/install/teb_local_planner/share/teb_local_planner/cmake/teb_local_plannerConfig.cmake
-- Installing: /home/misys/forza_ws/race_stack/install/teb_local_planner/share/teb_local_planner/cmake/teb_local_plannerConfig-version.cmake
-- Installing: /home/misys/forza_ws/race_stack/install/teb_local_planner/share/teb_local_planner/package.xml
