running egg_info
creating ../build/state_machine/state_machine.egg-info
writing ../build/state_machine/state_machine.egg-info/PKG-INFO
writing dependency_links to ../build/state_machine/state_machine.egg-info/dependency_links.txt
writing entry points to ../build/state_machine/state_machine.egg-info/entry_points.txt
writing requirements to ../build/state_machine/state_machine.egg-info/requires.txt
writing top-level names to ../build/state_machine/state_machine.egg-info/top_level.txt
writing manifest file '../build/state_machine/state_machine.egg-info/SOURCES.txt'
reading manifest file '../build/state_machine/state_machine.egg-info/SOURCES.txt'
adding license file 'LICENSE'
writing manifest file '../build/state_machine/state_machine.egg-info/SOURCES.txt'
running build
running build_py
creating /home/misys/forza_ws/race_stack/build/state_machine/build
creating /home/misys/forza_ws/race_stack/build/state_machine/build/lib
creating /home/misys/forza_ws/race_stack/build/state_machine/build/lib/state_machine
copying state_machine/transitions.py -> /home/misys/forza_ws/race_stack/build/state_machine/build/lib/state_machine
copying state_machine/states.py -> /home/misys/forza_ws/race_stack/build/state_machine/build/lib/state_machine
copying state_machine/state_machine.py -> /home/misys/forza_ws/race_stack/build/state_machine/build/lib/state_machine
copying state_machine/__init__.py -> /home/misys/forza_ws/race_stack/build/state_machine/build/lib/state_machine
copying state_machine/state_machine_params.py -> /home/misys/forza_ws/race_stack/build/state_machine/build/lib/state_machine
copying state_machine/state_types.py -> /home/misys/forza_ws/race_stack/build/state_machine/build/lib/state_machine
running install
running install_lib
creating /home/misys/forza_ws/race_stack/install/state_machine/lib/python3.10/site-packages/state_machine
copying /home/misys/forza_ws/race_stack/build/state_machine/build/lib/state_machine/transitions.py -> /home/misys/forza_ws/race_stack/install/state_machine/lib/python3.10/site-packages/state_machine
copying /home/misys/forza_ws/race_stack/build/state_machine/build/lib/state_machine/states.py -> /home/misys/forza_ws/race_stack/install/state_machine/lib/python3.10/site-packages/state_machine
copying /home/misys/forza_ws/race_stack/build/state_machine/build/lib/state_machine/state_machine.py -> /home/misys/forza_ws/race_stack/install/state_machine/lib/python3.10/site-packages/state_machine
copying /home/misys/forza_ws/race_stack/build/state_machine/build/lib/state_machine/__init__.py -> /home/misys/forza_ws/race_stack/install/state_machine/lib/python3.10/site-packages/state_machine
copying /home/misys/forza_ws/race_stack/build/state_machine/build/lib/state_machine/state_machine_params.py -> /home/misys/forza_ws/race_stack/install/state_machine/lib/python3.10/site-packages/state_machine
copying /home/misys/forza_ws/race_stack/build/state_machine/build/lib/state_machine/state_types.py -> /home/misys/forza_ws/race_stack/install/state_machine/lib/python3.10/site-packages/state_machine
byte-compiling /home/misys/forza_ws/race_stack/install/state_machine/lib/python3.10/site-packages/state_machine/transitions.py to transitions.cpython-310.pyc
byte-compiling /home/misys/forza_ws/race_stack/install/state_machine/lib/python3.10/site-packages/state_machine/states.py to states.cpython-310.pyc
byte-compiling /home/misys/forza_ws/race_stack/install/state_machine/lib/python3.10/site-packages/state_machine/state_machine.py to state_machine.cpython-310.pyc
byte-compiling /home/misys/forza_ws/race_stack/install/state_machine/lib/python3.10/site-packages/state_machine/__init__.py to __init__.cpython-310.pyc
byte-compiling /home/misys/forza_ws/race_stack/install/state_machine/lib/python3.10/site-packages/state_machine/state_machine_params.py to state_machine_params.cpython-310.pyc
byte-compiling /home/misys/forza_ws/race_stack/install/state_machine/lib/python3.10/site-packages/state_machine/state_types.py to state_types.cpython-310.pyc
running install_data
creating /home/misys/forza_ws/race_stack/install/state_machine/share/ament_index
creating /home/misys/forza_ws/race_stack/install/state_machine/share/ament_index/resource_index
creating /home/misys/forza_ws/race_stack/install/state_machine/share/ament_index/resource_index/packages
copying resource/state_machine -> /home/misys/forza_ws/race_stack/install/state_machine/share/ament_index/resource_index/packages
copying package.xml -> /home/misys/forza_ws/race_stack/install/state_machine/share/state_machine
creating /home/misys/forza_ws/race_stack/install/state_machine/share/state_machine/launch
copying launch/state_machine.launch.py -> /home/misys/forza_ws/race_stack/install/state_machine/share/state_machine/launch
copying launch/state_machine_launch.xml -> /home/misys/forza_ws/race_stack/install/state_machine/share/state_machine/launch
running install_egg_info
Copying ../build/state_machine/state_machine.egg-info to /home/misys/forza_ws/race_stack/install/state_machine/lib/python3.10/site-packages/state_machine-0.0.0-py3.10.egg-info
running install_scripts
Installing state_machine script to /home/misys/forza_ws/race_stack/install/state_machine/lib/state_machine
writing list of installed files to '/home/misys/forza_ws/race_stack/build/state_machine/install.log'
