[5.404s] Invoking command in '/home/misys/forza_ws/race_stack/state_machine': PYTHONPATH=/home/misys/forza_ws/race_stack/build/state_machine/prefix_override:/usr/lib/python3/dist-packages/colcon_core/task/python/colcon_distutils_commands:/home/misys/forza_ws/race_stack/install/state_machine/lib/python3.10/site-packages:${PYTHONPATH} /usr/bin/python3 -W ignore:setup.py install is deprecated -W ignore:easy_install command is deprecated setup.py egg_info --egg-base ../build/state_machine build --build-base /home/misys/forza_ws/race_stack/build/state_machine/build install --record /home/misys/forza_ws/race_stack/build/state_machine/install.log --single-version-externally-managed install_data
[5.985s] running egg_info
[5.985s] creating ../build/state_machine/state_machine.egg-info
[5.985s] writing ../build/state_machine/state_machine.egg-info/PKG-INFO
[5.985s] writing dependency_links to ../build/state_machine/state_machine.egg-info/dependency_links.txt
[5.985s] writing entry points to ../build/state_machine/state_machine.egg-info/entry_points.txt
[5.986s] writing requirements to ../build/state_machine/state_machine.egg-info/requires.txt
[5.986s] writing top-level names to ../build/state_machine/state_machine.egg-info/top_level.txt
[5.986s] writing manifest file '../build/state_machine/state_machine.egg-info/SOURCES.txt'
[5.986s] reading manifest file '../build/state_machine/state_machine.egg-info/SOURCES.txt'
[5.986s] adding license file 'LICENSE'
[5.986s] writing manifest file '../build/state_machine/state_machine.egg-info/SOURCES.txt'
[5.986s] running build
[5.986s] running build_py
[5.986s] creating /home/misys/forza_ws/race_stack/build/state_machine/build
[5.986s] creating /home/misys/forza_ws/race_stack/build/state_machine/build/lib
[5.986s] creating /home/misys/forza_ws/race_stack/build/state_machine/build/lib/state_machine
[5.986s] copying state_machine/transitions.py -> /home/misys/forza_ws/race_stack/build/state_machine/build/lib/state_machine
[5.986s] copying state_machine/states.py -> /home/misys/forza_ws/race_stack/build/state_machine/build/lib/state_machine
[5.986s] copying state_machine/state_machine.py -> /home/misys/forza_ws/race_stack/build/state_machine/build/lib/state_machine
[5.986s] copying state_machine/__init__.py -> /home/misys/forza_ws/race_stack/build/state_machine/build/lib/state_machine
[5.986s] copying state_machine/state_machine_params.py -> /home/misys/forza_ws/race_stack/build/state_machine/build/lib/state_machine
[5.986s] copying state_machine/state_types.py -> /home/misys/forza_ws/race_stack/build/state_machine/build/lib/state_machine
[5.986s] running install
[5.986s] running install_lib
[5.987s] creating /home/misys/forza_ws/race_stack/install/state_machine/lib/python3.10/site-packages/state_machine
[5.987s] copying /home/misys/forza_ws/race_stack/build/state_machine/build/lib/state_machine/transitions.py -> /home/misys/forza_ws/race_stack/install/state_machine/lib/python3.10/site-packages/state_machine
[5.987s] copying /home/misys/forza_ws/race_stack/build/state_machine/build/lib/state_machine/states.py -> /home/misys/forza_ws/race_stack/install/state_machine/lib/python3.10/site-packages/state_machine
[5.987s] copying /home/misys/forza_ws/race_stack/build/state_machine/build/lib/state_machine/state_machine.py -> /home/misys/forza_ws/race_stack/install/state_machine/lib/python3.10/site-packages/state_machine
[5.987s] copying /home/misys/forza_ws/race_stack/build/state_machine/build/lib/state_machine/__init__.py -> /home/misys/forza_ws/race_stack/install/state_machine/lib/python3.10/site-packages/state_machine
[5.987s] copying /home/misys/forza_ws/race_stack/build/state_machine/build/lib/state_machine/state_machine_params.py -> /home/misys/forza_ws/race_stack/install/state_machine/lib/python3.10/site-packages/state_machine
[5.987s] copying /home/misys/forza_ws/race_stack/build/state_machine/build/lib/state_machine/state_types.py -> /home/misys/forza_ws/race_stack/install/state_machine/lib/python3.10/site-packages/state_machine
[5.987s] byte-compiling /home/misys/forza_ws/race_stack/install/state_machine/lib/python3.10/site-packages/state_machine/transitions.py to transitions.cpython-310.pyc
[5.987s] byte-compiling /home/misys/forza_ws/race_stack/install/state_machine/lib/python3.10/site-packages/state_machine/states.py to states.cpython-310.pyc
[5.987s] byte-compiling /home/misys/forza_ws/race_stack/install/state_machine/lib/python3.10/site-packages/state_machine/state_machine.py to state_machine.cpython-310.pyc
[5.987s] byte-compiling /home/misys/forza_ws/race_stack/install/state_machine/lib/python3.10/site-packages/state_machine/__init__.py to __init__.cpython-310.pyc
[5.987s] byte-compiling /home/misys/forza_ws/race_stack/install/state_machine/lib/python3.10/site-packages/state_machine/state_machine_params.py to state_machine_params.cpython-310.pyc
[5.987s] byte-compiling /home/misys/forza_ws/race_stack/install/state_machine/lib/python3.10/site-packages/state_machine/state_types.py to state_types.cpython-310.pyc
[5.987s] running install_data
[5.987s] creating /home/misys/forza_ws/race_stack/install/state_machine/share/ament_index
[5.987s] creating /home/misys/forza_ws/race_stack/install/state_machine/share/ament_index/resource_index
[5.987s] creating /home/misys/forza_ws/race_stack/install/state_machine/share/ament_index/resource_index/packages
[5.988s] copying resource/state_machine -> /home/misys/forza_ws/race_stack/install/state_machine/share/ament_index/resource_index/packages
[5.988s] copying package.xml -> /home/misys/forza_ws/race_stack/install/state_machine/share/state_machine
[5.988s] creating /home/misys/forza_ws/race_stack/install/state_machine/share/state_machine/launch
[5.988s] copying launch/state_machine.launch.py -> /home/misys/forza_ws/race_stack/install/state_machine/share/state_machine/launch
[5.988s] copying launch/state_machine_launch.xml -> /home/misys/forza_ws/race_stack/install/state_machine/share/state_machine/launch
[5.988s] running install_egg_info
[5.988s] Copying ../build/state_machine/state_machine.egg-info to /home/misys/forza_ws/race_stack/install/state_machine/lib/python3.10/site-packages/state_machine-0.0.0-py3.10.egg-info
[5.988s] running install_scripts
[5.988s] Installing state_machine script to /home/misys/forza_ws/race_stack/install/state_machine/lib/state_machine
[5.988s] writing list of installed files to '/home/misys/forza_ws/race_stack/build/state_machine/install.log'
[6.015s] Invoked command in '/home/misys/forza_ws/race_stack/state_machine' returned '0': PYTHONPATH=/home/misys/forza_ws/race_stack/build/state_machine/prefix_override:/usr/lib/python3/dist-packages/colcon_core/task/python/colcon_distutils_commands:/home/misys/forza_ws/race_stack/install/state_machine/lib/python3.10/site-packages:${PYTHONPATH} /usr/bin/python3 -W ignore:setup.py install is deprecated -W ignore:easy_install command is deprecated setup.py egg_info --egg-base ../build/state_machine build --build-base /home/misys/forza_ws/race_stack/build/state_machine/build install --record /home/misys/forza_ws/race_stack/build/state_machine/install.log --single-version-externally-managed install_data
