running egg_info
creating ../../../build/frenet_conversion/frenet_conversion.egg-info
writing ../../../build/frenet_conversion/frenet_conversion.egg-info/PKG-INFO
writing dependency_links to ../../../build/frenet_conversion/frenet_conversion.egg-info/dependency_links.txt
writing entry points to ../../../build/frenet_conversion/frenet_conversion.egg-info/entry_points.txt
writing requirements to ../../../build/frenet_conversion/frenet_conversion.egg-info/requires.txt
writing top-level names to ../../../build/frenet_conversion/frenet_conversion.egg-info/top_level.txt
writing manifest file '../../../build/frenet_conversion/frenet_conversion.egg-info/SOURCES.txt'
reading manifest file '../../../build/frenet_conversion/frenet_conversion.egg-info/SOURCES.txt'
writing manifest file '../../../build/frenet_conversion/frenet_conversion.egg-info/SOURCES.txt'
running build
running build_py
creating /home/misys/forza_ws/race_stack/build/frenet_conversion/build
creating /home/misys/forza_ws/race_stack/build/frenet_conversion/build/lib
creating /home/misys/forza_ws/race_stack/build/frenet_conversion/build/lib/frenet_conversion
copying frenet_conversion/__init__.py -> /home/misys/forza_ws/race_stack/build/frenet_conversion/build/lib/frenet_conversion
copying frenet_conversion/frenet_converter.py -> /home/misys/forza_ws/race_stack/build/frenet_conversion/build/lib/frenet_conversion
copying frenet_conversion/frenet_converter_demo_node.py -> /home/misys/forza_ws/race_stack/build/frenet_conversion/build/lib/frenet_conversion
running install
running install_lib
creating /home/misys/forza_ws/race_stack/install/frenet_conversion/lib/python3.10/site-packages/frenet_conversion
copying /home/misys/forza_ws/race_stack/build/frenet_conversion/build/lib/frenet_conversion/__init__.py -> /home/misys/forza_ws/race_stack/install/frenet_conversion/lib/python3.10/site-packages/frenet_conversion
copying /home/misys/forza_ws/race_stack/build/frenet_conversion/build/lib/frenet_conversion/frenet_converter.py -> /home/misys/forza_ws/race_stack/install/frenet_conversion/lib/python3.10/site-packages/frenet_conversion
copying /home/misys/forza_ws/race_stack/build/frenet_conversion/build/lib/frenet_conversion/frenet_converter_demo_node.py -> /home/misys/forza_ws/race_stack/install/frenet_conversion/lib/python3.10/site-packages/frenet_conversion
byte-compiling /home/misys/forza_ws/race_stack/install/frenet_conversion/lib/python3.10/site-packages/frenet_conversion/__init__.py to __init__.cpython-310.pyc
byte-compiling /home/misys/forza_ws/race_stack/install/frenet_conversion/lib/python3.10/site-packages/frenet_conversion/frenet_converter.py to frenet_converter.cpython-310.pyc
byte-compiling /home/misys/forza_ws/race_stack/install/frenet_conversion/lib/python3.10/site-packages/frenet_conversion/frenet_converter_demo_node.py to frenet_converter_demo_node.cpython-310.pyc
running install_data
creating /home/misys/forza_ws/race_stack/install/frenet_conversion/share/ament_index
creating /home/misys/forza_ws/race_stack/install/frenet_conversion/share/ament_index/resource_index
creating /home/misys/forza_ws/race_stack/install/frenet_conversion/share/ament_index/resource_index/packages
copying resource/frenet_conversion -> /home/misys/forza_ws/race_stack/install/frenet_conversion/share/ament_index/resource_index/packages
copying package.xml -> /home/misys/forza_ws/race_stack/install/frenet_conversion/share/frenet_conversion
running install_egg_info
Copying ../../../build/frenet_conversion/frenet_conversion.egg-info to /home/misys/forza_ws/race_stack/install/frenet_conversion/lib/python3.10/site-packages/frenet_conversion-0.0.0-py3.10.egg-info
running install_scripts
Installing frenet_converter_demo script to /home/misys/forza_ws/race_stack/install/frenet_conversion/lib/frenet_conversion
writing list of installed files to '/home/misys/forza_ws/race_stack/build/frenet_conversion/install.log'
