[4.638s] Invoking command in '/home/misys/forza_ws/race_stack/utilities/libraries/frenet_conversion': PYTHONPATH=/home/misys/forza_ws/race_stack/build/frenet_conversion/prefix_override:/usr/lib/python3/dist-packages/colcon_core/task/python/colcon_distutils_commands:/home/misys/forza_ws/race_stack/install/frenet_conversion/lib/python3.10/site-packages:${PYTHONPATH} /usr/bin/python3 -W ignore:setup.py install is deprecated -W ignore:easy_install command is deprecated setup.py egg_info --egg-base ../../../build/frenet_conversion build --build-base /home/misys/forza_ws/race_stack/build/frenet_conversion/build install --record /home/misys/forza_ws/race_stack/build/frenet_conversion/install.log --single-version-externally-managed install_data
[5.536s] running egg_info
[5.536s] creating ../../../build/frenet_conversion/frenet_conversion.egg-info
[5.536s] writing ../../../build/frenet_conversion/frenet_conversion.egg-info/PKG-INFO
[5.536s] writing dependency_links to ../../../build/frenet_conversion/frenet_conversion.egg-info/dependency_links.txt
[5.536s] writing entry points to ../../../build/frenet_conversion/frenet_conversion.egg-info/entry_points.txt
[5.536s] writing requirements to ../../../build/frenet_conversion/frenet_conversion.egg-info/requires.txt
[5.536s] writing top-level names to ../../../build/frenet_conversion/frenet_conversion.egg-info/top_level.txt
[5.537s] writing manifest file '../../../build/frenet_conversion/frenet_conversion.egg-info/SOURCES.txt'
[5.537s] reading manifest file '../../../build/frenet_conversion/frenet_conversion.egg-info/SOURCES.txt'
[5.537s] writing manifest file '../../../build/frenet_conversion/frenet_conversion.egg-info/SOURCES.txt'
[5.537s] running build
[5.537s] running build_py
[5.537s] creating /home/misys/forza_ws/race_stack/build/frenet_conversion/build
[5.537s] creating /home/misys/forza_ws/race_stack/build/frenet_conversion/build/lib
[5.537s] creating /home/misys/forza_ws/race_stack/build/frenet_conversion/build/lib/frenet_conversion
[5.537s] copying frenet_conversion/__init__.py -> /home/misys/forza_ws/race_stack/build/frenet_conversion/build/lib/frenet_conversion
[5.537s] copying frenet_conversion/frenet_converter.py -> /home/misys/forza_ws/race_stack/build/frenet_conversion/build/lib/frenet_conversion
[5.537s] copying frenet_conversion/frenet_converter_demo_node.py -> /home/misys/forza_ws/race_stack/build/frenet_conversion/build/lib/frenet_conversion
[5.537s] running install
[5.537s] running install_lib
[5.537s] creating /home/misys/forza_ws/race_stack/install/frenet_conversion/lib/python3.10/site-packages/frenet_conversion
[5.537s] copying /home/misys/forza_ws/race_stack/build/frenet_conversion/build/lib/frenet_conversion/__init__.py -> /home/misys/forza_ws/race_stack/install/frenet_conversion/lib/python3.10/site-packages/frenet_conversion
[5.538s] copying /home/misys/forza_ws/race_stack/build/frenet_conversion/build/lib/frenet_conversion/frenet_converter.py -> /home/misys/forza_ws/race_stack/install/frenet_conversion/lib/python3.10/site-packages/frenet_conversion
[5.538s] copying /home/misys/forza_ws/race_stack/build/frenet_conversion/build/lib/frenet_conversion/frenet_converter_demo_node.py -> /home/misys/forza_ws/race_stack/install/frenet_conversion/lib/python3.10/site-packages/frenet_conversion
[5.538s] byte-compiling /home/misys/forza_ws/race_stack/install/frenet_conversion/lib/python3.10/site-packages/frenet_conversion/__init__.py to __init__.cpython-310.pyc
[5.538s] byte-compiling /home/misys/forza_ws/race_stack/install/frenet_conversion/lib/python3.10/site-packages/frenet_conversion/frenet_converter.py to frenet_converter.cpython-310.pyc
[5.538s] byte-compiling /home/misys/forza_ws/race_stack/install/frenet_conversion/lib/python3.10/site-packages/frenet_conversion/frenet_converter_demo_node.py to frenet_converter_demo_node.cpython-310.pyc
[5.538s] running install_data
[5.538s] creating /home/misys/forza_ws/race_stack/install/frenet_conversion/share/ament_index
[5.538s] creating /home/misys/forza_ws/race_stack/install/frenet_conversion/share/ament_index/resource_index
[5.538s] creating /home/misys/forza_ws/race_stack/install/frenet_conversion/share/ament_index/resource_index/packages
[5.538s] copying resource/frenet_conversion -> /home/misys/forza_ws/race_stack/install/frenet_conversion/share/ament_index/resource_index/packages
[5.538s] copying package.xml -> /home/misys/forza_ws/race_stack/install/frenet_conversion/share/frenet_conversion
[5.538s] running install_egg_info
[5.538s] Copying ../../../build/frenet_conversion/frenet_conversion.egg-info to /home/misys/forza_ws/race_stack/install/frenet_conversion/lib/python3.10/site-packages/frenet_conversion-0.0.0-py3.10.egg-info
[5.538s] running install_scripts
[5.538s] Installing frenet_converter_demo script to /home/misys/forza_ws/race_stack/install/frenet_conversion/lib/frenet_conversion
[5.538s] writing list of installed files to '/home/misys/forza_ws/race_stack/build/frenet_conversion/install.log'
[5.589s] Invoked command in '/home/misys/forza_ws/race_stack/utilities/libraries/frenet_conversion' returned '0': PYTHONPATH=/home/misys/forza_ws/race_stack/build/frenet_conversion/prefix_override:/usr/lib/python3/dist-packages/colcon_core/task/python/colcon_distutils_commands:/home/misys/forza_ws/race_stack/install/frenet_conversion/lib/python3.10/site-packages:${PYTHONPATH} /usr/bin/python3 -W ignore:setup.py install is deprecated -W ignore:easy_install command is deprecated setup.py egg_info --egg-base ../../../build/frenet_conversion build --build-base /home/misys/forza_ws/race_stack/build/frenet_conversion/build install --record /home/misys/forza_ws/race_stack/build/frenet_conversion/install.log --single-version-externally-managed install_data
