[0.017s] Invoking command in '/home/misys/forza_ws/race_stack/build/vesc': AMENT_PREFIX_PATH=/home/misys/forza_ws/race_stack/install/vesc_driver:/home/misys/forza_ws/race_stack/install/vesc_ackermann:/home/misys/forza_ws/race_stack/install/vesc_msgs:${AMENT_PREFIX_PATH} CMAKE_PREFIX_PATH=/home/misys/forza_ws/race_stack/install/vesc_driver:/home/misys/forza_ws/race_stack/install/vesc_ackermann:/home/misys/forza_ws/race_stack/install/vesc_msgs:/opt/ros/humble LD_LIBRARY_PATH=/home/misys/forza_ws/race_stack/install/vesc_driver/lib:/home/misys/forza_ws/race_stack/install/vesc_ackermann/lib:/home/misys/forza_ws/race_stack/install/vesc_msgs/lib:${LD_LIBRARY_PATH} PYTHONPATH=/home/misys/forza_ws/race_stack/install/vesc_msgs/local/lib/python3.10/dist-packages:${PYTHONPATH} /usr/bin/cmake /home/misys/forza_ws/race_stack/sensors/vesc/vesc -DCMAKE_INSTALL_PREFIX=/home/misys/forza_ws/race_stack/install/vesc
[0.093s] -- The C compiler identification is GNU 11.4.0
[0.185s] -- The CXX compiler identification is GNU 11.4.0
[0.194s] -- Detecting C compiler ABI info
[0.293s] -- Detecting C compiler ABI info - done
[0.301s] -- Check for working C compiler: /usr/bin/cc - skipped
[0.301s] -- Detecting C compile features
[0.302s] -- Detecting C compile features - done
[0.306s] -- Detecting CXX compiler ABI info
[0.408s] -- Detecting CXX compiler ABI info - done
[0.416s] -- Check for working CXX compiler: /usr/bin/c++ - skipped
[0.416s] -- Detecting CXX compile features
[0.417s] -- Detecting CXX compile features - done
[0.421s] -- Found ament_cmake_auto: 1.3.12 (/opt/ros/humble/share/ament_cmake_auto/cmake)
[0.695s] -- Found Python3: /usr/bin/python3 (found version "3.10.12") found components: Interpreter 
[0.966s] -- Configuring done
[0.969s] -- Generating done
[0.972s] -- Build files have been written to: /home/misys/forza_ws/race_stack/build/vesc
[0.980s] Invoked command in '/home/misys/forza_ws/race_stack/build/vesc' returned '0': AMENT_PREFIX_PATH=/home/misys/forza_ws/race_stack/install/vesc_driver:/home/misys/forza_ws/race_stack/install/vesc_ackermann:/home/misys/forza_ws/race_stack/install/vesc_msgs:${AMENT_PREFIX_PATH} CMAKE_PREFIX_PATH=/home/misys/forza_ws/race_stack/install/vesc_driver:/home/misys/forza_ws/race_stack/install/vesc_ackermann:/home/misys/forza_ws/race_stack/install/vesc_msgs:/opt/ros/humble LD_LIBRARY_PATH=/home/misys/forza_ws/race_stack/install/vesc_driver/lib:/home/misys/forza_ws/race_stack/install/vesc_ackermann/lib:/home/misys/forza_ws/race_stack/install/vesc_msgs/lib:${LD_LIBRARY_PATH} PYTHONPATH=/home/misys/forza_ws/race_stack/install/vesc_msgs/local/lib/python3.10/dist-packages:${PYTHONPATH} /usr/bin/cmake /home/misys/forza_ws/race_stack/sensors/vesc/vesc -DCMAKE_INSTALL_PREFIX=/home/misys/forza_ws/race_stack/install/vesc
[0.981s] Invoking command in '/home/misys/forza_ws/race_stack/build/vesc': AMENT_PREFIX_PATH=/home/misys/forza_ws/race_stack/install/vesc_driver:/home/misys/forza_ws/race_stack/install/vesc_ackermann:/home/misys/forza_ws/race_stack/install/vesc_msgs:${AMENT_PREFIX_PATH} CMAKE_PREFIX_PATH=/home/misys/forza_ws/race_stack/install/vesc_driver:/home/misys/forza_ws/race_stack/install/vesc_ackermann:/home/misys/forza_ws/race_stack/install/vesc_msgs:/opt/ros/humble LD_LIBRARY_PATH=/home/misys/forza_ws/race_stack/install/vesc_driver/lib:/home/misys/forza_ws/race_stack/install/vesc_ackermann/lib:/home/misys/forza_ws/race_stack/install/vesc_msgs/lib:${LD_LIBRARY_PATH} PYTHONPATH=/home/misys/forza_ws/race_stack/install/vesc_msgs/local/lib/python3.10/dist-packages:${PYTHONPATH} /usr/bin/cmake --build /home/misys/forza_ws/race_stack/build/vesc -- -j18 -l18
[1.053s] Invoked command in '/home/misys/forza_ws/race_stack/build/vesc' returned '0': AMENT_PREFIX_PATH=/home/misys/forza_ws/race_stack/install/vesc_driver:/home/misys/forza_ws/race_stack/install/vesc_ackermann:/home/misys/forza_ws/race_stack/install/vesc_msgs:${AMENT_PREFIX_PATH} CMAKE_PREFIX_PATH=/home/misys/forza_ws/race_stack/install/vesc_driver:/home/misys/forza_ws/race_stack/install/vesc_ackermann:/home/misys/forza_ws/race_stack/install/vesc_msgs:/opt/ros/humble LD_LIBRARY_PATH=/home/misys/forza_ws/race_stack/install/vesc_driver/lib:/home/misys/forza_ws/race_stack/install/vesc_ackermann/lib:/home/misys/forza_ws/race_stack/install/vesc_msgs/lib:${LD_LIBRARY_PATH} PYTHONPATH=/home/misys/forza_ws/race_stack/install/vesc_msgs/local/lib/python3.10/dist-packages:${PYTHONPATH} /usr/bin/cmake --build /home/misys/forza_ws/race_stack/build/vesc -- -j18 -l18
[1.055s] Invoking command in '/home/misys/forza_ws/race_stack/build/vesc': AMENT_PREFIX_PATH=/home/misys/forza_ws/race_stack/install/vesc_driver:/home/misys/forza_ws/race_stack/install/vesc_ackermann:/home/misys/forza_ws/race_stack/install/vesc_msgs:${AMENT_PREFIX_PATH} CMAKE_PREFIX_PATH=/home/misys/forza_ws/race_stack/install/vesc_driver:/home/misys/forza_ws/race_stack/install/vesc_ackermann:/home/misys/forza_ws/race_stack/install/vesc_msgs:/opt/ros/humble LD_LIBRARY_PATH=/home/misys/forza_ws/race_stack/install/vesc_driver/lib:/home/misys/forza_ws/race_stack/install/vesc_ackermann/lib:/home/misys/forza_ws/race_stack/install/vesc_msgs/lib:${LD_LIBRARY_PATH} PYTHONPATH=/home/misys/forza_ws/race_stack/install/vesc_msgs/local/lib/python3.10/dist-packages:${PYTHONPATH} /usr/bin/cmake --install /home/misys/forza_ws/race_stack/build/vesc
[1.069s] -- Install configuration: ""
[1.069s] -- Installing: /home/misys/forza_ws/race_stack/install/vesc/share/ament_index/resource_index/package_run_dependencies/vesc
[1.069s] -- Installing: /home/misys/forza_ws/race_stack/install/vesc/share/ament_index/resource_index/parent_prefix_path/vesc
[1.070s] -- Installing: /home/misys/forza_ws/race_stack/install/vesc/share/vesc/environment/ament_prefix_path.sh
[1.070s] -- Installing: /home/misys/forza_ws/race_stack/install/vesc/share/vesc/environment/ament_prefix_path.dsv
[1.071s] -- Installing: /home/misys/forza_ws/race_stack/install/vesc/share/vesc/environment/path.sh
[1.071s] -- Installing: /home/misys/forza_ws/race_stack/install/vesc/share/vesc/environment/path.dsv
[1.071s] -- Installing: /home/misys/forza_ws/race_stack/install/vesc/share/vesc/local_setup.bash
[1.071s] -- Installing: /home/misys/forza_ws/race_stack/install/vesc/share/vesc/local_setup.sh
[1.072s] -- Installing: /home/misys/forza_ws/race_stack/install/vesc/share/vesc/local_setup.zsh
[1.072s] -- Installing: /home/misys/forza_ws/race_stack/install/vesc/share/vesc/local_setup.dsv
[1.072s] -- Installing: /home/misys/forza_ws/race_stack/install/vesc/share/vesc/package.dsv
[1.072s] -- Installing: /home/misys/forza_ws/race_stack/install/vesc/share/ament_index/resource_index/packages/vesc
[1.072s] -- Installing: /home/misys/forza_ws/race_stack/install/vesc/share/vesc/cmake/vescConfig.cmake
[1.073s] -- Installing: /home/misys/forza_ws/race_stack/install/vesc/share/vesc/cmake/vescConfig-version.cmake
[1.073s] -- Installing: /home/misys/forza_ws/race_stack/install/vesc/share/vesc/package.xml
[1.076s] Invoked command in '/home/misys/forza_ws/race_stack/build/vesc' returned '0': AMENT_PREFIX_PATH=/home/misys/forza_ws/race_stack/install/vesc_driver:/home/misys/forza_ws/race_stack/install/vesc_ackermann:/home/misys/forza_ws/race_stack/install/vesc_msgs:${AMENT_PREFIX_PATH} CMAKE_PREFIX_PATH=/home/misys/forza_ws/race_stack/install/vesc_driver:/home/misys/forza_ws/race_stack/install/vesc_ackermann:/home/misys/forza_ws/race_stack/install/vesc_msgs:/opt/ros/humble LD_LIBRARY_PATH=/home/misys/forza_ws/race_stack/install/vesc_driver/lib:/home/misys/forza_ws/race_stack/install/vesc_ackermann/lib:/home/misys/forza_ws/race_stack/install/vesc_msgs/lib:${LD_LIBRARY_PATH} PYTHONPATH=/home/misys/forza_ws/race_stack/install/vesc_msgs/local/lib/python3.10/dist-packages:${PYTHONPATH} /usr/bin/cmake --install /home/misys/forza_ws/race_stack/build/vesc
