-- The C compiler identification is GNU 11.4.0
-- The CXX compiler identification is GNU 11.4.0
-- Detecting C compiler ABI info
-- Detecting C compiler ABI info - done
-- Check for working C compiler: /usr/bin/cc - skipped
-- Detecting C compile features
-- Detecting C compile features - done
-- Detecting CXX compiler ABI info
-- Detecting CXX compiler ABI info - done
-- Check for working CXX compiler: /usr/bin/c++ - skipped
-- Detecting CXX compile features
-- Detecting CXX compile features - done
-- Found ament_cmake: 1.3.12 (/opt/ros/humble/share/ament_cmake/cmake)
-- Found Python3: /usr/bin/python3 (found version "3.10.12") found components: Interpreter 
-- Found ament_lint_auto: 0.12.14 (/opt/ros/humble/share/ament_lint_auto/cmake)
-- Added test 'cppcheck' to perform static code analysis on C / C++ code
-- Configured cppcheck include dirs: $<BUILD_INTERFACE:/home/misys/forza_ws/race_stack/utilities/libraries/frenet_conversion_cpp/include>
-- Configured cppcheck exclude dirs and/or files: 
-- Added test 'lint_cmake' to check CMake code style
-- Added test 'uncrustify' to check C / C++ code style
-- Configured uncrustify additional arguments: 
-- Added test 'xmllint' to check XML markup files
-- Configuring done
-- Generating done
-- Build files have been written to: /home/misys/forza_ws/race_stack/build/frenet_conversion_cpp
[ 50%] Building CXX object CMakeFiles/frenet_conversion_cpp.dir/src/frenet_converter_cpp.cpp.o
[100%] Linking CXX shared library libfrenet_conversion_cpp.so
[100%] Built target frenet_conversion_cpp
-- Install configuration: ""
-- Installing: /home/misys/forza_ws/race_stack/install/frenet_conversion_cpp/share/frenet_conversion_cpp/environment/library_path.sh
-- Installing: /home/misys/forza_ws/race_stack/install/frenet_conversion_cpp/share/frenet_conversion_cpp/environment/library_path.dsv
-- Installing: /home/misys/forza_ws/race_stack/install/frenet_conversion_cpp/lib/libfrenet_conversion_cpp.so
-- Installing: /home/misys/forza_ws/race_stack/install/frenet_conversion_cpp/include
-- Installing: /home/misys/forza_ws/race_stack/install/frenet_conversion_cpp/include/frenet_conversion_cpp
-- Installing: /home/misys/forza_ws/race_stack/install/frenet_conversion_cpp/include/frenet_conversion_cpp/frenet_converter_cpp.hpp
-- Installing: /home/misys/forza_ws/race_stack/install/frenet_conversion_cpp/share/ament_index/resource_index/package_run_dependencies/frenet_conversion_cpp
-- Installing: /home/misys/forza_ws/race_stack/install/frenet_conversion_cpp/share/ament_index/resource_index/parent_prefix_path/frenet_conversion_cpp
-- Installing: /home/misys/forza_ws/race_stack/install/frenet_conversion_cpp/share/frenet_conversion_cpp/environment/ament_prefix_path.sh
-- Installing: /home/misys/forza_ws/race_stack/install/frenet_conversion_cpp/share/frenet_conversion_cpp/environment/ament_prefix_path.dsv
-- Installing: /home/misys/forza_ws/race_stack/install/frenet_conversion_cpp/share/frenet_conversion_cpp/environment/path.sh
-- Installing: /home/misys/forza_ws/race_stack/install/frenet_conversion_cpp/share/frenet_conversion_cpp/environment/path.dsv
-- Installing: /home/misys/forza_ws/race_stack/install/frenet_conversion_cpp/share/frenet_conversion_cpp/local_setup.bash
-- Installing: /home/misys/forza_ws/race_stack/install/frenet_conversion_cpp/share/frenet_conversion_cpp/local_setup.sh
-- Installing: /home/misys/forza_ws/race_stack/install/frenet_conversion_cpp/share/frenet_conversion_cpp/local_setup.zsh
-- Installing: /home/misys/forza_ws/race_stack/install/frenet_conversion_cpp/share/frenet_conversion_cpp/local_setup.dsv
-- Installing: /home/misys/forza_ws/race_stack/install/frenet_conversion_cpp/share/frenet_conversion_cpp/package.dsv
-- Installing: /home/misys/forza_ws/race_stack/install/frenet_conversion_cpp/share/ament_index/resource_index/packages/frenet_conversion_cpp
-- Installing: /home/misys/forza_ws/race_stack/install/frenet_conversion_cpp/share/frenet_conversion_cpp/cmake/export_frenet_conversion_cppExport.cmake
-- Installing: /home/misys/forza_ws/race_stack/install/frenet_conversion_cpp/share/frenet_conversion_cpp/cmake/export_frenet_conversion_cppExport-noconfig.cmake
-- Installing: /home/misys/forza_ws/race_stack/install/frenet_conversion_cpp/share/frenet_conversion_cpp/cmake/ament_cmake_export_targets-extras.cmake
-- Installing: /home/misys/forza_ws/race_stack/install/frenet_conversion_cpp/share/frenet_conversion_cpp/cmake/ament_cmake_export_include_directories-extras.cmake
-- Installing: /home/misys/forza_ws/race_stack/install/frenet_conversion_cpp/share/frenet_conversion_cpp/cmake/ament_cmake_export_dependencies-extras.cmake
-- Installing: /home/misys/forza_ws/race_stack/install/frenet_conversion_cpp/share/frenet_conversion_cpp/cmake/ament_cmake_export_libraries-extras.cmake
-- Installing: /home/misys/forza_ws/race_stack/install/frenet_conversion_cpp/share/frenet_conversion_cpp/cmake/frenet_conversion_cppConfig.cmake
-- Installing: /home/misys/forza_ws/race_stack/install/frenet_conversion_cpp/share/frenet_conversion_cpp/cmake/frenet_conversion_cppConfig-version.cmake
-- Installing: /home/misys/forza_ws/race_stack/install/frenet_conversion_cpp/share/frenet_conversion_cpp/package.xml
