[0.081s] Invoking command in '/home/misys/forza_ws/race_stack/build/frenet_conversion_cpp': CMAKE_PREFIX_PATH=/opt/ros/humble /usr/bin/cmake /home/misys/forza_ws/race_stack/utilities/libraries/frenet_conversion_cpp -DCMAKE_INSTALL_PREFIX=/home/misys/forza_ws/race_stack/install/frenet_conversion_cpp
[3.803s] -- The C compiler identification is GNU 11.4.0
[3.804s] -- The CXX compiler identification is GNU 11.4.0
[3.804s] -- Detecting C compiler ABI info
[3.804s] -- Detecting C compiler ABI info - done
[3.804s] -- Check for working C compiler: /usr/bin/cc - skipped
[3.804s] -- Detecting C compile features
[3.804s] -- Detecting C compile features - done
[3.804s] -- Detecting CXX compiler ABI info
[3.805s] -- Detecting CXX compiler ABI info - done
[3.805s] -- Check for working CXX compiler: /usr/bin/c++ - skipped
[3.805s] -- Detecting CXX compile features
[3.805s] -- Detecting CXX compile features - done
[3.806s] -- Found ament_cmake: 1.3.12 (/opt/ros/humble/share/ament_cmake/cmake)
[3.806s] -- Found Python3: /usr/bin/python3 (found version "3.10.12") found components: Interpreter 
[3.806s] -- Found ament_lint_auto: 0.12.14 (/opt/ros/humble/share/ament_lint_auto/cmake)
[3.806s] -- Added test 'cppcheck' to perform static code analysis on C / C++ code
[3.806s] -- Configured cppcheck include dirs: $<BUILD_INTERFACE:/home/misys/forza_ws/race_stack/utilities/libraries/frenet_conversion_cpp/include>
[3.806s] -- Configured cppcheck exclude dirs and/or files: 
[3.806s] -- Added test 'lint_cmake' to check CMake code style
[3.807s] -- Added test 'uncrustify' to check C / C++ code style
[3.807s] -- Configured uncrustify additional arguments: 
[3.807s] -- Added test 'xmllint' to check XML markup files
[3.808s] -- Configuring done
[3.808s] -- Generating done
[3.808s] -- Build files have been written to: /home/misys/forza_ws/race_stack/build/frenet_conversion_cpp
[3.821s] Invoked command in '/home/misys/forza_ws/race_stack/build/frenet_conversion_cpp' returned '0': CMAKE_PREFIX_PATH=/opt/ros/humble /usr/bin/cmake /home/misys/forza_ws/race_stack/utilities/libraries/frenet_conversion_cpp -DCMAKE_INSTALL_PREFIX=/home/misys/forza_ws/race_stack/install/frenet_conversion_cpp
[3.822s] Invoking command in '/home/misys/forza_ws/race_stack/build/frenet_conversion_cpp': CMAKE_PREFIX_PATH=/opt/ros/humble /usr/bin/cmake --build /home/misys/forza_ws/race_stack/build/frenet_conversion_cpp -- -j18 -l18
[3.917s] [ 50%] Building CXX object CMakeFiles/frenet_conversion_cpp.dir/src/frenet_converter_cpp.cpp.o
[5.560s] [100%] Linking CXX shared library libfrenet_conversion_cpp.so
[5.560s] [100%] Built target frenet_conversion_cpp
[5.601s] Invoked command in '/home/misys/forza_ws/race_stack/build/frenet_conversion_cpp' returned '0': CMAKE_PREFIX_PATH=/opt/ros/humble /usr/bin/cmake --build /home/misys/forza_ws/race_stack/build/frenet_conversion_cpp -- -j18 -l18
[5.614s] Invoking command in '/home/misys/forza_ws/race_stack/build/frenet_conversion_cpp': CMAKE_PREFIX_PATH=/opt/ros/humble /usr/bin/cmake --install /home/misys/forza_ws/race_stack/build/frenet_conversion_cpp
[5.752s] -- Install configuration: ""
[5.752s] -- Installing: /home/misys/forza_ws/race_stack/install/frenet_conversion_cpp/share/frenet_conversion_cpp/environment/library_path.sh
[5.752s] -- Installing: /home/misys/forza_ws/race_stack/install/frenet_conversion_cpp/share/frenet_conversion_cpp/environment/library_path.dsv
[5.752s] -- Installing: /home/misys/forza_ws/race_stack/install/frenet_conversion_cpp/lib/libfrenet_conversion_cpp.so
[5.752s] -- Installing: /home/misys/forza_ws/race_stack/install/frenet_conversion_cpp/include
[5.752s] -- Installing: /home/misys/forza_ws/race_stack/install/frenet_conversion_cpp/include/frenet_conversion_cpp
[5.752s] -- Installing: /home/misys/forza_ws/race_stack/install/frenet_conversion_cpp/include/frenet_conversion_cpp/frenet_converter_cpp.hpp
[5.753s] -- Installing: /home/misys/forza_ws/race_stack/install/frenet_conversion_cpp/share/ament_index/resource_index/package_run_dependencies/frenet_conversion_cpp
[5.753s] -- Installing: /home/misys/forza_ws/race_stack/install/frenet_conversion_cpp/share/ament_index/resource_index/parent_prefix_path/frenet_conversion_cpp
[5.753s] -- Installing: /home/misys/forza_ws/race_stack/install/frenet_conversion_cpp/share/frenet_conversion_cpp/environment/ament_prefix_path.sh
[5.753s] -- Installing: /home/misys/forza_ws/race_stack/install/frenet_conversion_cpp/share/frenet_conversion_cpp/environment/ament_prefix_path.dsv
[5.753s] -- Installing: /home/misys/forza_ws/race_stack/install/frenet_conversion_cpp/share/frenet_conversion_cpp/environment/path.sh
[5.753s] -- Installing: /home/misys/forza_ws/race_stack/install/frenet_conversion_cpp/share/frenet_conversion_cpp/environment/path.dsv
[5.753s] -- Installing: /home/misys/forza_ws/race_stack/install/frenet_conversion_cpp/share/frenet_conversion_cpp/local_setup.bash
[5.753s] -- Installing: /home/misys/forza_ws/race_stack/install/frenet_conversion_cpp/share/frenet_conversion_cpp/local_setup.sh
[5.753s] -- Installing: /home/misys/forza_ws/race_stack/install/frenet_conversion_cpp/share/frenet_conversion_cpp/local_setup.zsh
[5.753s] -- Installing: /home/misys/forza_ws/race_stack/install/frenet_conversion_cpp/share/frenet_conversion_cpp/local_setup.dsv
[5.753s] -- Installing: /home/misys/forza_ws/race_stack/install/frenet_conversion_cpp/share/frenet_conversion_cpp/package.dsv
[5.753s] -- Installing: /home/misys/forza_ws/race_stack/install/frenet_conversion_cpp/share/ament_index/resource_index/packages/frenet_conversion_cpp
[5.753s] -- Installing: /home/misys/forza_ws/race_stack/install/frenet_conversion_cpp/share/frenet_conversion_cpp/cmake/export_frenet_conversion_cppExport.cmake
[5.753s] -- Installing: /home/misys/forza_ws/race_stack/install/frenet_conversion_cpp/share/frenet_conversion_cpp/cmake/export_frenet_conversion_cppExport-noconfig.cmake
[5.754s] -- Installing: /home/misys/forza_ws/race_stack/install/frenet_conversion_cpp/share/frenet_conversion_cpp/cmake/ament_cmake_export_targets-extras.cmake
[5.754s] -- Installing: /home/misys/forza_ws/race_stack/install/frenet_conversion_cpp/share/frenet_conversion_cpp/cmake/ament_cmake_export_include_directories-extras.cmake
[5.754s] -- Installing: /home/misys/forza_ws/race_stack/install/frenet_conversion_cpp/share/frenet_conversion_cpp/cmake/ament_cmake_export_dependencies-extras.cmake
[5.754s] -- Installing: /home/misys/forza_ws/race_stack/install/frenet_conversion_cpp/share/frenet_conversion_cpp/cmake/ament_cmake_export_libraries-extras.cmake
[5.754s] -- Installing: /home/misys/forza_ws/race_stack/install/frenet_conversion_cpp/share/frenet_conversion_cpp/cmake/frenet_conversion_cppConfig.cmake
[5.754s] -- Installing: /home/misys/forza_ws/race_stack/install/frenet_conversion_cpp/share/frenet_conversion_cpp/cmake/frenet_conversion_cppConfig-version.cmake
[5.754s] -- Installing: /home/misys/forza_ws/race_stack/install/frenet_conversion_cpp/share/frenet_conversion_cpp/package.xml
[5.790s] Invoked command in '/home/misys/forza_ws/race_stack/build/frenet_conversion_cpp' returned '0': CMAKE_PREFIX_PATH=/opt/ros/humble /usr/bin/cmake --install /home/misys/forza_ws/race_stack/build/frenet_conversion_cpp
