[35m[1mConsolidate compiler generated dependencies of target frenet_conversion_cpp[0m
[100%] Built target frenet_conversion_cpp
-- Install configuration: ""
-- Up-to-date: /home/misys/forza_ws/race_stack/install/frenet_conversion_cpp/share/frenet_conversion_cpp/environment/library_path.sh
-- Up-to-date: /home/misys/forza_ws/race_stack/install/frenet_conversion_cpp/share/frenet_conversion_cpp/environment/library_path.dsv
-- Up-to-date: /home/misys/forza_ws/race_stack/install/frenet_conversion_cpp/lib/libfrenet_conversion_cpp.so
-- Up-to-date: /home/misys/forza_ws/race_stack/install/frenet_conversion_cpp/include
-- Up-to-date: /home/misys/forza_ws/race_stack/install/frenet_conversion_cpp/include/frenet_conversion_cpp
-- Up-to-date: /home/misys/forza_ws/race_stack/install/frenet_conversion_cpp/include/frenet_conversion_cpp/frenet_converter_cpp.hpp
-- Up-to-date: /home/misys/forza_ws/race_stack/install/frenet_conversion_cpp/share/ament_index/resource_index/package_run_dependencies/frenet_conversion_cpp
-- Up-to-date: /home/misys/forza_ws/race_stack/install/frenet_conversion_cpp/share/ament_index/resource_index/parent_prefix_path/frenet_conversion_cpp
-- Up-to-date: /home/misys/forza_ws/race_stack/install/frenet_conversion_cpp/share/frenet_conversion_cpp/environment/ament_prefix_path.sh
-- Up-to-date: /home/misys/forza_ws/race_stack/install/frenet_conversion_cpp/share/frenet_conversion_cpp/environment/ament_prefix_path.dsv
-- Up-to-date: /home/misys/forza_ws/race_stack/install/frenet_conversion_cpp/share/frenet_conversion_cpp/environment/path.sh
-- Up-to-date: /home/misys/forza_ws/race_stack/install/frenet_conversion_cpp/share/frenet_conversion_cpp/environment/path.dsv
-- Up-to-date: /home/misys/forza_ws/race_stack/install/frenet_conversion_cpp/share/frenet_conversion_cpp/local_setup.bash
-- Up-to-date: /home/misys/forza_ws/race_stack/install/frenet_conversion_cpp/share/frenet_conversion_cpp/local_setup.sh
-- Up-to-date: /home/misys/forza_ws/race_stack/install/frenet_conversion_cpp/share/frenet_conversion_cpp/local_setup.zsh
-- Up-to-date: /home/misys/forza_ws/race_stack/install/frenet_conversion_cpp/share/frenet_conversion_cpp/local_setup.dsv
-- Installing: /home/misys/forza_ws/race_stack/install/frenet_conversion_cpp/share/frenet_conversion_cpp/package.dsv
-- Up-to-date: /home/misys/forza_ws/race_stack/install/frenet_conversion_cpp/share/ament_index/resource_index/packages/frenet_conversion_cpp
-- Up-to-date: /home/misys/forza_ws/race_stack/install/frenet_conversion_cpp/share/frenet_conversion_cpp/cmake/export_frenet_conversion_cppExport.cmake
-- Up-to-date: /home/misys/forza_ws/race_stack/install/frenet_conversion_cpp/share/frenet_conversion_cpp/cmake/export_frenet_conversion_cppExport-noconfig.cmake
-- Up-to-date: /home/misys/forza_ws/race_stack/install/frenet_conversion_cpp/share/frenet_conversion_cpp/cmake/ament_cmake_export_targets-extras.cmake
-- Up-to-date: /home/misys/forza_ws/race_stack/install/frenet_conversion_cpp/share/frenet_conversion_cpp/cmake/ament_cmake_export_include_directories-extras.cmake
-- Up-to-date: /home/misys/forza_ws/race_stack/install/frenet_conversion_cpp/share/frenet_conversion_cpp/cmake/ament_cmake_export_dependencies-extras.cmake
-- Up-to-date: /home/misys/forza_ws/race_stack/install/frenet_conversion_cpp/share/frenet_conversion_cpp/cmake/ament_cmake_export_libraries-extras.cmake
-- Up-to-date: /home/misys/forza_ws/race_stack/install/frenet_conversion_cpp/share/frenet_conversion_cpp/cmake/frenet_conversion_cppConfig.cmake
-- Up-to-date: /home/misys/forza_ws/race_stack/install/frenet_conversion_cpp/share/frenet_conversion_cpp/cmake/frenet_conversion_cppConfig-version.cmake
-- Up-to-date: /home/misys/forza_ws/race_stack/install/frenet_conversion_cpp/share/frenet_conversion_cpp/package.xml
