[0.714s] Invoking command in '/home/misys/forza_ws/race_stack/build/frenet_conversion_cpp': CMAKE_PREFIX_PATH=${CMAKE_PREFIX_PATH}:/home/misys/forza_ws/race_stack/install/f1tenth_stack:/home/misys/forza_ws/race_stack/install/joy_teleop:/home/misys/forza_ws/race_stack/install/steering_lookup:/home/misys/forza_ws/race_stack/install/state_machine:/home/misys/forza_ws/race_stack/install/slam_tuner:/home/misys/forza_ws/race_stack/install/state_estimation:/home/misys/forza_ws/race_stack/install/map_editor:/home/misys/forza_ws/race_stack/install/stack_master:/home/misys/forza_ws/race_stack/install/spline_planner:/home/misys/forza_ws/race_stack/install/sector_tuner:/home/misys/forza_ws/race_stack/install/perception:/home/misys/forza_ws/race_stack/install/particle_filter:/home/misys/forza_ws/race_stack/install/opponent_publisher:/home/misys/forza_ws/race_stack/install/ofc:/home/misys/forza_ws/race_stack/install/mouse_teleop:/home/misys/forza_ws/race_stack/install/lap_analyser:/home/misys/forza_ws/race_stack/install/key_teleop:/home/misys/forza_ws/race_stack/install/id_controller:/home/misys/forza_ws/race_stack/install/global_planner:/home/misys/forza_ws/race_stack/install/frenet_odom_republisher:/home/misys/forza_ws/race_stack/install/frenet_conversion:/home/misys/forza_ws/race_stack/install/f1tenth_gym_ros:/home/misys/forza_ws/race_stack/install/controller:/opt/ros/humble /usr/bin/cmake --build /home/misys/forza_ws/race_stack/build/frenet_conversion_cpp -- -j18 -l18
[4.785s] [35m[1mConsolidate compiler generated dependencies of target frenet_conversion_cpp[0m
[4.785s] [100%] Built target frenet_conversion_cpp
[4.811s] Invoked command in '/home/misys/forza_ws/race_stack/build/frenet_conversion_cpp' returned '0': CMAKE_PREFIX_PATH=${CMAKE_PREFIX_PATH}:/home/misys/forza_ws/race_stack/install/f1tenth_stack:/home/misys/forza_ws/race_stack/install/joy_teleop:/home/misys/forza_ws/race_stack/install/steering_lookup:/home/misys/forza_ws/race_stack/install/state_machine:/home/misys/forza_ws/race_stack/install/slam_tuner:/home/misys/forza_ws/race_stack/install/state_estimation:/home/misys/forza_ws/race_stack/install/map_editor:/home/misys/forza_ws/race_stack/install/stack_master:/home/misys/forza_ws/race_stack/install/spline_planner:/home/misys/forza_ws/race_stack/install/sector_tuner:/home/misys/forza_ws/race_stack/install/perception:/home/misys/forza_ws/race_stack/install/particle_filter:/home/misys/forza_ws/race_stack/install/opponent_publisher:/home/misys/forza_ws/race_stack/install/ofc:/home/misys/forza_ws/race_stack/install/mouse_teleop:/home/misys/forza_ws/race_stack/install/lap_analyser:/home/misys/forza_ws/race_stack/install/key_teleop:/home/misys/forza_ws/race_stack/install/id_controller:/home/misys/forza_ws/race_stack/install/global_planner:/home/misys/forza_ws/race_stack/install/frenet_odom_republisher:/home/misys/forza_ws/race_stack/install/frenet_conversion:/home/misys/forza_ws/race_stack/install/f1tenth_gym_ros:/home/misys/forza_ws/race_stack/install/controller:/opt/ros/humble /usr/bin/cmake --build /home/misys/forza_ws/race_stack/build/frenet_conversion_cpp -- -j18 -l18
[4.813s] Invoking command in '/home/misys/forza_ws/race_stack/build/frenet_conversion_cpp': CMAKE_PREFIX_PATH=${CMAKE_PREFIX_PATH}:/home/misys/forza_ws/race_stack/install/f1tenth_stack:/home/misys/forza_ws/race_stack/install/joy_teleop:/home/misys/forza_ws/race_stack/install/steering_lookup:/home/misys/forza_ws/race_stack/install/state_machine:/home/misys/forza_ws/race_stack/install/slam_tuner:/home/misys/forza_ws/race_stack/install/state_estimation:/home/misys/forza_ws/race_stack/install/map_editor:/home/misys/forza_ws/race_stack/install/stack_master:/home/misys/forza_ws/race_stack/install/spline_planner:/home/misys/forza_ws/race_stack/install/sector_tuner:/home/misys/forza_ws/race_stack/install/perception:/home/misys/forza_ws/race_stack/install/particle_filter:/home/misys/forza_ws/race_stack/install/opponent_publisher:/home/misys/forza_ws/race_stack/install/ofc:/home/misys/forza_ws/race_stack/install/mouse_teleop:/home/misys/forza_ws/race_stack/install/lap_analyser:/home/misys/forza_ws/race_stack/install/key_teleop:/home/misys/forza_ws/race_stack/install/id_controller:/home/misys/forza_ws/race_stack/install/global_planner:/home/misys/forza_ws/race_stack/install/frenet_odom_republisher:/home/misys/forza_ws/race_stack/install/frenet_conversion:/home/misys/forza_ws/race_stack/install/f1tenth_gym_ros:/home/misys/forza_ws/race_stack/install/controller:/opt/ros/humble /usr/bin/cmake --install /home/misys/forza_ws/race_stack/build/frenet_conversion_cpp
[4.824s] -- Install configuration: ""
[4.825s] -- Up-to-date: /home/misys/forza_ws/race_stack/install/frenet_conversion_cpp/share/frenet_conversion_cpp/environment/library_path.sh
[4.843s] -- Up-to-date: /home/misys/forza_ws/race_stack/install/frenet_conversion_cpp/share/frenet_conversion_cpp/environment/library_path.dsv
[4.845s] -- Up-to-date: /home/misys/forza_ws/race_stack/install/frenet_conversion_cpp/lib/libfrenet_conversion_cpp.so
[4.851s] -- Up-to-date: /home/misys/forza_ws/race_stack/install/frenet_conversion_cpp/include
[4.857s] -- Up-to-date: /home/misys/forza_ws/race_stack/install/frenet_conversion_cpp/include/frenet_conversion_cpp
[4.859s] -- Up-to-date: /home/misys/forza_ws/race_stack/install/frenet_conversion_cpp/include/frenet_conversion_cpp/frenet_converter_cpp.hpp
[4.859s] -- Up-to-date: /home/misys/forza_ws/race_stack/install/frenet_conversion_cpp/share/ament_index/resource_index/package_run_dependencies/frenet_conversion_cpp
[4.876s] -- Up-to-date: /home/misys/forza_ws/race_stack/install/frenet_conversion_cpp/share/ament_index/resource_index/parent_prefix_path/frenet_conversion_cpp
[4.878s] -- Up-to-date: /home/misys/forza_ws/race_stack/install/frenet_conversion_cpp/share/frenet_conversion_cpp/environment/ament_prefix_path.sh
[4.879s] -- Up-to-date: /home/misys/forza_ws/race_stack/install/frenet_conversion_cpp/share/frenet_conversion_cpp/environment/ament_prefix_path.dsv
[4.880s] -- Up-to-date: /home/misys/forza_ws/race_stack/install/frenet_conversion_cpp/share/frenet_conversion_cpp/environment/path.sh
[4.881s] -- Up-to-date: /home/misys/forza_ws/race_stack/install/frenet_conversion_cpp/share/frenet_conversion_cpp/environment/path.dsv
[4.885s] -- Up-to-date: /home/misys/forza_ws/race_stack/install/frenet_conversion_cpp/share/frenet_conversion_cpp/local_setup.bash
[4.886s] -- Up-to-date: /home/misys/forza_ws/race_stack/install/frenet_conversion_cpp/share/frenet_conversion_cpp/local_setup.sh
[4.887s] -- Up-to-date: /home/misys/forza_ws/race_stack/install/frenet_conversion_cpp/share/frenet_conversion_cpp/local_setup.zsh
[4.888s] -- Up-to-date: /home/misys/forza_ws/race_stack/install/frenet_conversion_cpp/share/frenet_conversion_cpp/local_setup.dsv
[4.888s] -- Installing: /home/misys/forza_ws/race_stack/install/frenet_conversion_cpp/share/frenet_conversion_cpp/package.dsv
[4.895s] -- Up-to-date: /home/misys/forza_ws/race_stack/install/frenet_conversion_cpp/share/ament_index/resource_index/packages/frenet_conversion_cpp
[4.897s] -- Up-to-date: /home/misys/forza_ws/race_stack/install/frenet_conversion_cpp/share/frenet_conversion_cpp/cmake/export_frenet_conversion_cppExport.cmake
[4.907s] -- Up-to-date: /home/misys/forza_ws/race_stack/install/frenet_conversion_cpp/share/frenet_conversion_cpp/cmake/export_frenet_conversion_cppExport-noconfig.cmake
[4.908s] -- Up-to-date: /home/misys/forza_ws/race_stack/install/frenet_conversion_cpp/share/frenet_conversion_cpp/cmake/ament_cmake_export_targets-extras.cmake
[4.909s] -- Up-to-date: /home/misys/forza_ws/race_stack/install/frenet_conversion_cpp/share/frenet_conversion_cpp/cmake/ament_cmake_export_include_directories-extras.cmake
[4.916s] -- Up-to-date: /home/misys/forza_ws/race_stack/install/frenet_conversion_cpp/share/frenet_conversion_cpp/cmake/ament_cmake_export_dependencies-extras.cmake
[4.922s] -- Up-to-date: /home/misys/forza_ws/race_stack/install/frenet_conversion_cpp/share/frenet_conversion_cpp/cmake/ament_cmake_export_libraries-extras.cmake
[4.924s] -- Up-to-date: /home/misys/forza_ws/race_stack/install/frenet_conversion_cpp/share/frenet_conversion_cpp/cmake/frenet_conversion_cppConfig.cmake
[4.925s] -- Up-to-date: /home/misys/forza_ws/race_stack/install/frenet_conversion_cpp/share/frenet_conversion_cpp/cmake/frenet_conversion_cppConfig-version.cmake
[4.937s] -- Up-to-date: /home/misys/forza_ws/race_stack/install/frenet_conversion_cpp/share/frenet_conversion_cpp/package.xml
[4.965s] Invoked command in '/home/misys/forza_ws/race_stack/build/frenet_conversion_cpp' returned '0': CMAKE_PREFIX_PATH=${CMAKE_PREFIX_PATH}:/home/misys/forza_ws/race_stack/install/f1tenth_stack:/home/misys/forza_ws/race_stack/install/joy_teleop:/home/misys/forza_ws/race_stack/install/steering_lookup:/home/misys/forza_ws/race_stack/install/state_machine:/home/misys/forza_ws/race_stack/install/slam_tuner:/home/misys/forza_ws/race_stack/install/state_estimation:/home/misys/forza_ws/race_stack/install/map_editor:/home/misys/forza_ws/race_stack/install/stack_master:/home/misys/forza_ws/race_stack/install/spline_planner:/home/misys/forza_ws/race_stack/install/sector_tuner:/home/misys/forza_ws/race_stack/install/perception:/home/misys/forza_ws/race_stack/install/particle_filter:/home/misys/forza_ws/race_stack/install/opponent_publisher:/home/misys/forza_ws/race_stack/install/ofc:/home/misys/forza_ws/race_stack/install/mouse_teleop:/home/misys/forza_ws/race_stack/install/lap_analyser:/home/misys/forza_ws/race_stack/install/key_teleop:/home/misys/forza_ws/race_stack/install/id_controller:/home/misys/forza_ws/race_stack/install/global_planner:/home/misys/forza_ws/race_stack/install/frenet_odom_republisher:/home/misys/forza_ws/race_stack/install/frenet_conversion:/home/misys/forza_ws/race_stack/install/f1tenth_gym_ros:/home/misys/forza_ws/race_stack/install/controller:/opt/ros/humble /usr/bin/cmake --install /home/misys/forza_ws/race_stack/build/frenet_conversion_cpp
