Determining if the function sgemm_ exists failed with the following output:
Change Dir: /home/misys/forza_ws/race_stack/build/slam_toolbox/CMakeFiles/CMakeTmp

Run Build Command(s):/usr/bin/gmake -f Makefile cmTC_3fd4d/fast && /usr/bin/gmake  -f CMakeFiles/cmTC_3fd4d.dir/build.make CMakeFiles/cmTC_3fd4d.dir/build
gmake[1]: Entering directory '/home/misys/forza_ws/race_stack/build/slam_toolbox/CMakeFiles/CMakeTmp'
Building C object CMakeFiles/cmTC_3fd4d.dir/CheckFunctionExists.c.o
/usr/bin/cc   -DCHECK_FUNCTION_EXISTS=sgemm_ -o CMakeFiles/cmTC_3fd4d.dir/CheckFunctionExists.c.o -c /usr/share/cmake-3.22/Modules/CheckFunctionExists.c
Linking C executable cmTC_3fd4d
/usr/bin/cmake -E cmake_link_script CMakeFiles/cmTC_3fd4d.dir/link.txt --verbose=1
/usr/bin/cc  -DCHECK_FUNCTION_EXISTS=sgemm_ CMakeFiles/cmTC_3fd4d.dir/CheckFunctionExists.c.o -o cmTC_3fd4d 
/usr/bin/ld: CMakeFiles/cmTC_3fd4d.dir/CheckFunctionExists.c.o: in function `main':
CheckFunctionExists.c:(.text+0x14): undefined reference to `sgemm_'
collect2: error: ld returned 1 exit status
gmake[1]: *** [CMakeFiles/cmTC_3fd4d.dir/build.make:99: cmTC_3fd4d] Error 1
gmake[1]: Leaving directory '/home/misys/forza_ws/race_stack/build/slam_toolbox/CMakeFiles/CMakeTmp'
gmake: *** [Makefile:127: cmTC_3fd4d/fast] Error 2



Determining if the function cheev_ exists failed with the following output:
Change Dir: /home/misys/forza_ws/race_stack/build/slam_toolbox/CMakeFiles/CMakeTmp

Run Build Command(s):/usr/bin/gmake -f Makefile cmTC_2b139/fast && /usr/bin/gmake  -f CMakeFiles/cmTC_2b139.dir/build.make CMakeFiles/cmTC_2b139.dir/build
gmake[1]: Entering directory '/home/misys/forza_ws/race_stack/build/slam_toolbox/CMakeFiles/CMakeTmp'
Building C object CMakeFiles/cmTC_2b139.dir/CheckFunctionExists.c.o
/usr/bin/cc   -DCHECK_FUNCTION_EXISTS=cheev_ -o CMakeFiles/cmTC_2b139.dir/CheckFunctionExists.c.o -c /usr/share/cmake-3.22/Modules/CheckFunctionExists.c
Linking C executable cmTC_2b139
/usr/bin/cmake -E cmake_link_script CMakeFiles/cmTC_2b139.dir/link.txt --verbose=1
/usr/bin/cc  -DCHECK_FUNCTION_EXISTS=cheev_ CMakeFiles/cmTC_2b139.dir/CheckFunctionExists.c.o -o cmTC_2b139  /usr/lib/x86_64-linux-gnu/libblas.so -lm -ldl 
/usr/bin/ld: CMakeFiles/cmTC_2b139.dir/CheckFunctionExists.c.o: in function `main':
CheckFunctionExists.c:(.text+0x14): undefined reference to `cheev_'
collect2: error: ld returned 1 exit status
gmake[1]: *** [CMakeFiles/cmTC_2b139.dir/build.make:100: cmTC_2b139] Error 1
gmake[1]: Leaving directory '/home/misys/forza_ws/race_stack/build/slam_toolbox/CMakeFiles/CMakeTmp'
gmake: *** [Makefile:127: cmTC_2b139/fast] Error 2



Determining if the function cheev_ exists failed with the following output:
Change Dir: /home/misys/forza_ws/race_stack/build/slam_toolbox/CMakeFiles/CMakeTmp

Run Build Command(s):/usr/bin/gmake -f Makefile cmTC_08886/fast && /usr/bin/gmake  -f CMakeFiles/cmTC_08886.dir/build.make CMakeFiles/cmTC_08886.dir/build
gmake[1]: Entering directory '/home/misys/forza_ws/race_stack/build/slam_toolbox/CMakeFiles/CMakeTmp'
Building C object CMakeFiles/cmTC_08886.dir/CheckFunctionExists.c.o
/usr/bin/cc   -DCHECK_FUNCTION_EXISTS=cheev_ -o CMakeFiles/cmTC_08886.dir/CheckFunctionExists.c.o -c /usr/share/cmake-3.22/Modules/CheckFunctionExists.c
Linking C executable cmTC_08886
/usr/bin/cmake -E cmake_link_script CMakeFiles/cmTC_08886.dir/link.txt --verbose=1
/usr/bin/cc  -DCHECK_FUNCTION_EXISTS=cheev_ CMakeFiles/cmTC_08886.dir/CheckFunctionExists.c.o -o cmTC_08886  /usr/lib/x86_64-linux-gnu/liblapack.so /usr/lib/x86_64-linux-gnu/libblas.so -fortranlibs 
cc: error: unrecognized command-line option ‘-fortranlibs’
gmake[1]: *** [CMakeFiles/cmTC_08886.dir/build.make:101: cmTC_08886] Error 1
gmake[1]: Leaving directory '/home/misys/forza_ws/race_stack/build/slam_toolbox/CMakeFiles/CMakeTmp'
gmake: *** [Makefile:127: cmTC_08886/fast] Error 2



