/home/misys/forza_ws/race_stack/install/state_machine/lib/python3.10/site-packages/state_machine/transitions.py
/home/misys/forza_ws/race_stack/install/state_machine/lib/python3.10/site-packages/state_machine/states.py
/home/misys/forza_ws/race_stack/install/state_machine/lib/python3.10/site-packages/state_machine/state_machine.py
/home/misys/forza_ws/race_stack/install/state_machine/lib/python3.10/site-packages/state_machine/__init__.py
/home/misys/forza_ws/race_stack/install/state_machine/lib/python3.10/site-packages/state_machine/state_machine_params.py
/home/misys/forza_ws/race_stack/install/state_machine/lib/python3.10/site-packages/state_machine/state_types.py
/home/misys/forza_ws/race_stack/install/state_machine/lib/python3.10/site-packages/state_machine/__pycache__/transitions.cpython-310.pyc
/home/misys/forza_ws/race_stack/install/state_machine/lib/python3.10/site-packages/state_machine/__pycache__/states.cpython-310.pyc
/home/misys/forza_ws/race_stack/install/state_machine/lib/python3.10/site-packages/state_machine/__pycache__/state_machine.cpython-310.pyc
/home/misys/forza_ws/race_stack/install/state_machine/lib/python3.10/site-packages/state_machine/__pycache__/__init__.cpython-310.pyc
/home/misys/forza_ws/race_stack/install/state_machine/lib/python3.10/site-packages/state_machine/__pycache__/state_machine_params.cpython-310.pyc
/home/misys/forza_ws/race_stack/install/state_machine/lib/python3.10/site-packages/state_machine/__pycache__/state_types.cpython-310.pyc
/home/misys/forza_ws/race_stack/install/state_machine/share/ament_index/resource_index/packages/state_machine
/home/misys/forza_ws/race_stack/install/state_machine/share/state_machine/package.xml
/home/misys/forza_ws/race_stack/install/state_machine/share/state_machine/launch/state_machine.launch.py
/home/misys/forza_ws/race_stack/install/state_machine/share/state_machine/launch/state_machine_launch.xml
/home/misys/forza_ws/race_stack/install/state_machine/lib/python3.10/site-packages/state_machine-0.0.0-py3.10.egg-info/PKG-INFO
/home/misys/forza_ws/race_stack/install/state_machine/lib/python3.10/site-packages/state_machine-0.0.0-py3.10.egg-info/SOURCES.txt
/home/misys/forza_ws/race_stack/install/state_machine/lib/python3.10/site-packages/state_machine-0.0.0-py3.10.egg-info/dependency_links.txt
/home/misys/forza_ws/race_stack/install/state_machine/lib/python3.10/site-packages/state_machine-0.0.0-py3.10.egg-info/zip-safe
/home/misys/forza_ws/race_stack/install/state_machine/lib/python3.10/site-packages/state_machine-0.0.0-py3.10.egg-info/entry_points.txt
/home/misys/forza_ws/race_stack/install/state_machine/lib/python3.10/site-packages/state_machine-0.0.0-py3.10.egg-info/requires.txt
/home/misys/forza_ws/race_stack/install/state_machine/lib/python3.10/site-packages/state_machine-0.0.0-py3.10.egg-info/top_level.txt
/home/misys/forza_ws/race_stack/install/state_machine/lib/state_machine/state_machine
