-- Found ament_cmake: 1.3.12 (/opt/ros/humble/share/ament_cmake/cmake)
-- Found rclcpp: 16.0.15 (/opt/ros/humble/share/rclcpp/cmake)
-- Found rosidl_generator_c: 3.1.7 (/opt/ros/humble/share/rosidl_generator_c/cmake)
-- Found rosidl_adapter: 3.1.7 (/opt/ros/humble/share/rosidl_adapter/cmake)
-- Found rosidl_generator_cpp: 3.1.7 (/opt/ros/humble/share/rosidl_generator_cpp/cmake)
-- Using all available rosidl_typesupport_c: rosidl_typesupport_fastrtps_c;rosidl_typesupport_introspection_c
-- Using all available rosidl_typesupport_cpp: rosidl_typesupport_fastrtps_cpp;rosidl_typesupport_introspection_cpp
-- Found rmw_implementation_cmake: 6.1.2 (/opt/ros/humble/share/rmw_implementation_cmake/cmake)
-- Found rmw_fastrtps_cpp: 6.2.9 (/opt/ros/humble/share/rmw_fastrtps_cpp/cmake)
-- Using RMW implementation 'rmw_fastrtps_cpp' as default
-- Found sensor_msgs: 4.9.0 (/opt/ros/humble/share/sensor_msgs/cmake)
-- Found nav_msgs: 4.9.0 (/opt/ros/humble/share/nav_msgs/cmake)
-- Found rosidl_default_generators: 1.2.0 (/opt/ros/humble/share/rosidl_default_generators/cmake)
Error parsing '/home/misys/forza_ws/race_stack/global_planner/package.xml':
Traceback (most recent call last):
  File "/opt/ros/humble/share/ament_cmake_core/cmake/core/package_xml_2_cmake.py", line 150, in <module>
    main()
  File "/opt/ros/humble/share/ament_cmake_core/cmake/core/package_xml_2_cmake.py", line 53, in main
    raise e
  File "/opt/ros/humble/share/ament_cmake_core/cmake/core/package_xml_2_cmake.py", line 49, in main
    package = parse_package_string(
  File "/usr/lib/python3/dist-packages/catkin_pkg/package.py", line 788, in parse_package_string
    pkg.validate(warnings=warnings)
  File "/usr/lib/python3/dist-packages/catkin_pkg/package.py", line 330, in validate
    raise InvalidPackage('\n'.join(errors), self.filename)
catkin_pkg.package.InvalidPackage: Error(s) in package '/home/misys/forza_ws/race_stack/global_planner/package.xml':
The package node must contain at least one "license" tag
[31mCMake Error at /opt/ros/humble/share/ament_cmake_core/cmake/core/ament_package_xml.cmake:95 (message):
  execute_process(/usr/bin/python3
  /opt/ros/humble/share/ament_cmake_core/cmake/core/package_xml_2_cmake.py
  /home/misys/forza_ws/race_stack/global_planner/package.xml
  /home/misys/forza_ws/race_stack/global_planner/build/global_planner/ament_cmake_core/package.cmake)
  returned error code 1
Call Stack (most recent call first):
  /opt/ros/humble/share/ament_cmake_core/cmake/core/ament_package_xml.cmake:49 (_ament_package_xml)
  /opt/ros/humble/share/rosidl_cmake/cmake/rosidl_generate_interfaces.cmake:226 (ament_package_xml)
  CMakeLists.txt:16 (rosidl_generate_interfaces)

[0m
-- Configuring incomplete, errors occurred!
See also "/home/misys/forza_ws/race_stack/global_planner/build/global_planner/CMakeFiles/CMakeOutput.log".
