[0.016s] Invoking command in '/home/misys/forza_ws/race_stack/global_planner/build/global_planner': /usr/bin/cmake /home/misys/forza_ws/race_stack/global_planner -DCMAKE_INSTALL_PREFIX=/home/misys/forza_ws/race_stack/global_planner/install/global_planner
[0.032s] -- Found ament_cmake: 1.3.12 (/opt/ros/humble/share/ament_cmake/cmake)
[0.182s] -- Found rclcpp: 16.0.15 (/opt/ros/humble/share/rclcpp/cmake)
[0.214s] -- Found rosidl_generator_c: 3.1.7 (/opt/ros/humble/share/rosidl_generator_c/cmake)
[0.216s] -- Found rosidl_adapter: 3.1.7 (/opt/ros/humble/share/rosidl_adapter/cmake)
[0.223s] -- Found rosidl_generator_cpp: 3.1.7 (/opt/ros/humble/share/rosidl_generator_cpp/cmake)
[0.233s] -- Using all available rosidl_typesupport_c: rosidl_typesupport_fastrtps_c;rosidl_typesupport_introspection_c
[0.245s] -- Using all available rosidl_typesupport_cpp: rosidl_typesupport_fastrtps_cpp;rosidl_typesupport_introspection_cpp
[0.279s] -- Found rmw_implementation_cmake: 6.1.2 (/opt/ros/humble/share/rmw_implementation_cmake/cmake)
[0.281s] -- Found rmw_fastrtps_cpp: 6.2.9 (/opt/ros/humble/share/rmw_fastrtps_cpp/cmake)
[0.414s] -- Using RMW implementation 'rmw_fastrtps_cpp' as default
[0.479s] -- Found sensor_msgs: 4.9.0 (/opt/ros/humble/share/sensor_msgs/cmake)
[0.508s] -- Found nav_msgs: 4.9.0 (/opt/ros/humble/share/nav_msgs/cmake)
[0.526s] -- Found rosidl_default_generators: 1.2.0 (/opt/ros/humble/share/rosidl_default_generators/cmake)
[0.765s] Error parsing '/home/misys/forza_ws/race_stack/global_planner/package.xml':
[0.765s] Traceback (most recent call last):
[0.765s]   File "/opt/ros/humble/share/ament_cmake_core/cmake/core/package_xml_2_cmake.py", line 150, in <module>
[0.765s]     main()
[0.766s]   File "/opt/ros/humble/share/ament_cmake_core/cmake/core/package_xml_2_cmake.py", line 53, in main
[0.766s]     raise e
[0.766s]   File "/opt/ros/humble/share/ament_cmake_core/cmake/core/package_xml_2_cmake.py", line 49, in main
[0.766s]     package = parse_package_string(
[0.766s]   File "/usr/lib/python3/dist-packages/catkin_pkg/package.py", line 788, in parse_package_string
[0.766s]     pkg.validate(warnings=warnings)
[0.766s]   File "/usr/lib/python3/dist-packages/catkin_pkg/package.py", line 330, in validate
[0.766s]     raise InvalidPackage('\n'.join(errors), self.filename)
[0.766s] catkin_pkg.package.InvalidPackage: Error(s) in package '/home/misys/forza_ws/race_stack/global_planner/package.xml':
[0.766s] The package node must contain at least one "license" tag
[0.773s] [31mCMake Error at /opt/ros/humble/share/ament_cmake_core/cmake/core/ament_package_xml.cmake:95 (message):
[0.774s]   execute_process(/usr/bin/python3
[0.774s]   /opt/ros/humble/share/ament_cmake_core/cmake/core/package_xml_2_cmake.py
[0.774s]   /home/misys/forza_ws/race_stack/global_planner/package.xml
[0.774s]   /home/misys/forza_ws/race_stack/global_planner/build/global_planner/ament_cmake_core/package.cmake)
[0.774s]   returned error code 1
[0.775s] Call Stack (most recent call first):
[0.775s]   /opt/ros/humble/share/ament_cmake_core/cmake/core/ament_package_xml.cmake:49 (_ament_package_xml)
[0.775s]   /opt/ros/humble/share/rosidl_cmake/cmake/rosidl_generate_interfaces.cmake:226 (ament_package_xml)
[0.775s]   CMakeLists.txt:16 (rosidl_generate_interfaces)
[0.775s] 
[0.775s] [0m
[0.775s] -- Configuring incomplete, errors occurred!
[0.775s] See also "/home/misys/forza_ws/race_stack/global_planner/build/global_planner/CMakeFiles/CMakeOutput.log".
[0.785s] Invoked command in '/home/misys/forza_ws/race_stack/global_planner/build/global_planner' returned '1': /usr/bin/cmake /home/misys/forza_ws/race_stack/global_planner -DCMAKE_INSTALL_PREFIX=/home/misys/forza_ws/race_stack/global_planner/install/global_planner
