-- Found ament_cmake: 1.3.12 (/opt/ros/humble/share/ament_cmake/cmake)
-- Found rclcpp: 16.0.15 (/opt/ros/humble/share/rclcpp/cmake)
-- Found rosidl_generator_c: 3.1.7 (/opt/ros/humble/share/rosidl_generator_c/cmake)
-- Found rosidl_adapter: 3.1.7 (/opt/ros/humble/share/rosidl_adapter/cmake)
-- Found rosidl_generator_cpp: 3.1.7 (/opt/ros/humble/share/rosidl_generator_cpp/cmake)
-- Using all available rosidl_typesupport_c: rosidl_typesupport_fastrtps_c;rosidl_typesupport_introspection_c
-- Using all available rosidl_typesupport_cpp: rosidl_typesupport_fastrtps_cpp;rosidl_typesupport_introspection_cpp
-- Found rmw_implementation_cmake: 6.1.2 (/opt/ros/humble/share/rmw_implementation_cmake/cmake)
-- Found rmw_fastrtps_cpp: 6.2.9 (/opt/ros/humble/share/rmw_fastrtps_cpp/cmake)
-- Using RMW implementation 'rmw_fastrtps_cpp' as default
-- Found sensor_msgs: 4.9.0 (/opt/ros/humble/share/sensor_msgs/cmake)
-- Found nav_msgs: 4.9.0 (/opt/ros/humble/share/nav_msgs/cmake)
-- Found rosidl_default_generators: 1.2.0 (/opt/ros/humble/share/rosidl_default_generators/cmake)
-- Found ament_cmake_ros: 0.10.0 (/opt/ros/humble/share/ament_cmake_ros/cmake)
-- Using all available rosidl_typesupport_c: rosidl_typesupport_fastrtps_c;rosidl_typesupport_introspection_c
-- Using all available rosidl_typesupport_cpp: rosidl_typesupport_fastrtps_cpp;rosidl_typesupport_introspection_cpp
-- Found python_cmake_module: 0.10.0 (/opt/ros/humble/share/python_cmake_module/cmake)
-- Using PYTHON_EXECUTABLE: /usr/bin/python3
-- Using PYTHON_INCLUDE_DIRS: /usr/include/python3.10
-- Using PYTHON_LIBRARIES: /usr/lib/x86_64-linux-gnu/libpython3.10.so
-- Configuring done
-- Generating done
-- Build files have been written to: /home/misys/forza_ws/race_stack/global_planner/build/global_planner
[35m[1mConsolidate compiler generated dependencies of target global_planner__rosidl_generator_c[0m
[  3%] [32mBuilding CXX object CMakeFiles/utils_lib.dir/src/utils.cpp.o[0m
[  3%] Built target global_planner__cpp
[ 11%] Built target global_planner__rosidl_generator_c
[ 11%] Built target ament_cmake_python_copy_global_planner
[35m[1mConsolidate compiler generated dependencies of target global_planner__rosidl_typesupport_c[0m
[35m[1mConsolidate compiler generated dependencies of target global_planner__rosidl_typesupport_cpp[0m
[35m[1mConsolidate compiler generated dependencies of target global_planner__rosidl_typesupport_introspection_c[0m
[35m[1mConsolidate compiler generated dependencies of target global_planner__rosidl_typesupport_fastrtps_cpp[0m
[35m[1mConsolidate compiler generated dependencies of target global_planner__rosidl_typesupport_fastrtps_c[0m
[35m[1mConsolidate compiler generated dependencies of target global_planner__rosidl_typesupport_introspection_cpp[0m
[ 20%] Built target global_planner__rosidl_typesupport_c
[ 28%] Built target global_planner__rosidl_typesupport_introspection_c
[ 37%] Built target global_planner__rosidl_typesupport_fastrtps_cpp
[ 45%] Built target global_planner__rosidl_typesupport_fastrtps_c
[ 54%] Built target global_planner__rosidl_typesupport_cpp
[ 62%] Built target global_planner__rosidl_typesupport_introspection_cpp
running egg_info
writing global_planner.egg-info/PKG-INFO
writing dependency_links to global_planner.egg-info/dependency_links.txt
writing top-level names to global_planner.egg-info/top_level.txt
reading manifest file 'global_planner.egg-info/SOURCES.txt'
writing manifest file 'global_planner.egg-info/SOURCES.txt'
[ 62%] Built target ament_cmake_python_build_global_planner_egg
