[35m[1mConsolidate compiler generated dependencies of target controller_manager_cpp[0m
[100%] Built target controller_manager_cpp
-- Install configuration: ""
-- Up-to-date: /home/misys/forza_ws/race_stack/install/controller_cpp/lib/controller_cpp/controller_manager_cpp
-- Up-to-date: /home/misys/forza_ws/race_stack/install/controller_cpp/share/controller_cpp/launch
-- Up-to-date: /home/misys/forza_ws/race_stack/install/controller_cpp/share/controller_cpp/launch/controller_launch.xml
-- Up-to-date: /home/misys/forza_ws/race_stack/install/controller_cpp/share/controller_cpp/cfg
-- Up-to-date: /home/misys/forza_ws/race_stack/install/controller_cpp/share/controller_cpp/cfg/NUC6_glc_pacejka_lookup_table.csv
-- Up-to-date: /home/misys/forza_ws/race_stack/install/controller_cpp/share/controller_cpp/cfg/NUC2_hangar_pacejka_lookup_table.csv
-- Up-to-date: /home/misys/forza_ws/race_stack/install/controller_cpp/share/controller_cpp/cfg/SIM_linear_lookup_table.csv
-- Up-to-date: /home/misys/forza_ws/race_stack/install/controller_cpp/share/controller_cpp/cfg/F1TENTH_Pacejka_lookup_table.csv
-- Up-to-date: /home/misys/forza_ws/race_stack/install/controller_cpp/share/controller_cpp/cfg/backup
-- Up-to-date: /home/misys/forza_ws/race_stack/install/controller_cpp/share/controller_cpp/cfg/backup/NUC4_hangar_pacejka_lookup_table.csv
-- Up-to-date: /home/misys/forza_ws/race_stack/install/controller_cpp/share/controller_cpp/cfg/backup/NUC4_hangar_linear_lookup_table.csv
-- Up-to-date: /home/misys/forza_ws/race_stack/install/controller_cpp/share/ament_index/resource_index/package_run_dependencies/controller_cpp
-- Up-to-date: /home/misys/forza_ws/race_stack/install/controller_cpp/share/ament_index/resource_index/parent_prefix_path/controller_cpp
-- Up-to-date: /home/misys/forza_ws/race_stack/install/controller_cpp/share/controller_cpp/environment/ament_prefix_path.sh
-- Up-to-date: /home/misys/forza_ws/race_stack/install/controller_cpp/share/controller_cpp/environment/ament_prefix_path.dsv
-- Up-to-date: /home/misys/forza_ws/race_stack/install/controller_cpp/share/controller_cpp/environment/path.sh
-- Up-to-date: /home/misys/forza_ws/race_stack/install/controller_cpp/share/controller_cpp/environment/path.dsv
-- Up-to-date: /home/misys/forza_ws/race_stack/install/controller_cpp/share/controller_cpp/local_setup.bash
-- Up-to-date: /home/misys/forza_ws/race_stack/install/controller_cpp/share/controller_cpp/local_setup.sh
-- Up-to-date: /home/misys/forza_ws/race_stack/install/controller_cpp/share/controller_cpp/local_setup.zsh
-- Up-to-date: /home/misys/forza_ws/race_stack/install/controller_cpp/share/controller_cpp/local_setup.dsv
-- Installing: /home/misys/forza_ws/race_stack/install/controller_cpp/share/controller_cpp/package.dsv
-- Up-to-date: /home/misys/forza_ws/race_stack/install/controller_cpp/share/ament_index/resource_index/packages/controller_cpp
-- Up-to-date: /home/misys/forza_ws/race_stack/install/controller_cpp/share/controller_cpp/cmake/controller_cppConfig.cmake
-- Up-to-date: /home/misys/forza_ws/race_stack/install/controller_cpp/share/controller_cpp/cmake/controller_cppConfig-version.cmake
-- Up-to-date: /home/misys/forza_ws/race_stack/install/controller_cpp/share/controller_cpp/package.xml
