running egg_info
creating ../build/state_estimation/state_estimation.egg-info
writing ../build/state_estimation/state_estimation.egg-info/PKG-INFO
writing dependency_links to ../build/state_estimation/state_estimation.egg-info/dependency_links.txt
writing entry points to ../build/state_estimation/state_estimation.egg-info/entry_points.txt
writing requirements to ../build/state_estimation/state_estimation.egg-info/requires.txt
writing top-level names to ../build/state_estimation/state_estimation.egg-info/top_level.txt
writing manifest file '../build/state_estimation/state_estimation.egg-info/SOURCES.txt'
reading manifest file '../build/state_estimation/state_estimation.egg-info/SOURCES.txt'
adding license file 'LICENSE'
writing manifest file '../build/state_estimation/state_estimation.egg-info/SOURCES.txt'
running build
running build_py
creating /home/misys/forza_ws/race_stack/build/state_estimation/build
creating /home/misys/forza_ws/race_stack/build/state_estimation/build/lib
creating /home/misys/forza_ws/race_stack/build/state_estimation/build/lib/state_estimation
copying state_estimation/__init__.py -> /home/misys/forza_ws/race_stack/build/state_estimation/build/lib/state_estimation
copying state_estimation/carstate_node.py -> /home/misys/forza_ws/race_stack/build/state_estimation/build/lib/state_estimation
running install
running install_lib
creating /home/misys/forza_ws/race_stack/install/state_estimation/lib/python3.10/site-packages/state_estimation
copying /home/misys/forza_ws/race_stack/build/state_estimation/build/lib/state_estimation/__init__.py -> /home/misys/forza_ws/race_stack/install/state_estimation/lib/python3.10/site-packages/state_estimation
copying /home/misys/forza_ws/race_stack/build/state_estimation/build/lib/state_estimation/carstate_node.py -> /home/misys/forza_ws/race_stack/install/state_estimation/lib/python3.10/site-packages/state_estimation
byte-compiling /home/misys/forza_ws/race_stack/install/state_estimation/lib/python3.10/site-packages/state_estimation/__init__.py to __init__.cpython-310.pyc
byte-compiling /home/misys/forza_ws/race_stack/install/state_estimation/lib/python3.10/site-packages/state_estimation/carstate_node.py to carstate_node.cpython-310.pyc
running install_data
creating /home/misys/forza_ws/race_stack/install/state_estimation/share/ament_index
creating /home/misys/forza_ws/race_stack/install/state_estimation/share/ament_index/resource_index
creating /home/misys/forza_ws/race_stack/install/state_estimation/share/ament_index/resource_index/packages
copying resource/state_estimation -> /home/misys/forza_ws/race_stack/install/state_estimation/share/ament_index/resource_index/packages
copying package.xml -> /home/misys/forza_ws/race_stack/install/state_estimation/share/state_estimation
creating /home/misys/forza_ws/race_stack/install/state_estimation/share/state_estimation/config
copying config/ekf.yaml -> /home/misys/forza_ws/race_stack/install/state_estimation/share/state_estimation/config
copying config/ekf_sim.yaml -> /home/misys/forza_ws/race_stack/install/state_estimation/share/state_estimation/config
creating /home/misys/forza_ws/race_stack/install/state_estimation/share/state_estimation/launch
copying launch/ekf_launch.py -> /home/misys/forza_ws/race_stack/install/state_estimation/share/state_estimation/launch
copying launch/state_estimation_launch.xml -> /home/misys/forza_ws/race_stack/install/state_estimation/share/state_estimation/launch
running install_egg_info
Copying ../build/state_estimation/state_estimation.egg-info to /home/misys/forza_ws/race_stack/install/state_estimation/lib/python3.10/site-packages/state_estimation-0.0.0-py3.10.egg-info
running install_scripts
Installing carstate_node script to /home/misys/forza_ws/race_stack/install/state_estimation/lib/state_estimation
writing list of installed files to '/home/misys/forza_ws/race_stack/build/state_estimation/install.log'
