[5.612s] Invoking command in '/home/misys/forza_ws/race_stack/state_estimation': PYTHONPATH=/home/misys/forza_ws/race_stack/build/state_estimation/prefix_override:/usr/lib/python3/dist-packages/colcon_core/task/python/colcon_distutils_commands:/home/misys/forza_ws/race_stack/install/state_estimation/lib/python3.10/site-packages:${PYTHONPATH} /usr/bin/python3 -W ignore:setup.py install is deprecated -W ignore:easy_install command is deprecated setup.py egg_info --egg-base ../build/state_estimation build --build-base /home/misys/forza_ws/race_stack/build/state_estimation/build install --record /home/misys/forza_ws/race_stack/build/state_estimation/install.log --single-version-externally-managed install_data
[8.497s] running egg_info
[8.497s] creating ../build/state_estimation/state_estimation.egg-info
[8.497s] writing ../build/state_estimation/state_estimation.egg-info/PKG-INFO
[8.498s] writing dependency_links to ../build/state_estimation/state_estimation.egg-info/dependency_links.txt
[8.498s] writing entry points to ../build/state_estimation/state_estimation.egg-info/entry_points.txt
[8.498s] writing requirements to ../build/state_estimation/state_estimation.egg-info/requires.txt
[8.499s] writing top-level names to ../build/state_estimation/state_estimation.egg-info/top_level.txt
[8.499s] writing manifest file '../build/state_estimation/state_estimation.egg-info/SOURCES.txt'
[8.499s] reading manifest file '../build/state_estimation/state_estimation.egg-info/SOURCES.txt'
[8.500s] adding license file 'LICENSE'
[8.500s] writing manifest file '../build/state_estimation/state_estimation.egg-info/SOURCES.txt'
[8.500s] running build
[8.500s] running build_py
[8.500s] creating /home/misys/forza_ws/race_stack/build/state_estimation/build
[8.500s] creating /home/misys/forza_ws/race_stack/build/state_estimation/build/lib
[8.500s] creating /home/misys/forza_ws/race_stack/build/state_estimation/build/lib/state_estimation
[8.500s] copying state_estimation/__init__.py -> /home/misys/forza_ws/race_stack/build/state_estimation/build/lib/state_estimation
[8.500s] copying state_estimation/carstate_node.py -> /home/misys/forza_ws/race_stack/build/state_estimation/build/lib/state_estimation
[8.500s] running install
[8.500s] running install_lib
[8.500s] creating /home/misys/forza_ws/race_stack/install/state_estimation/lib/python3.10/site-packages/state_estimation
[8.500s] copying /home/misys/forza_ws/race_stack/build/state_estimation/build/lib/state_estimation/__init__.py -> /home/misys/forza_ws/race_stack/install/state_estimation/lib/python3.10/site-packages/state_estimation
[8.500s] copying /home/misys/forza_ws/race_stack/build/state_estimation/build/lib/state_estimation/carstate_node.py -> /home/misys/forza_ws/race_stack/install/state_estimation/lib/python3.10/site-packages/state_estimation
[8.501s] byte-compiling /home/misys/forza_ws/race_stack/install/state_estimation/lib/python3.10/site-packages/state_estimation/__init__.py to __init__.cpython-310.pyc
[8.501s] byte-compiling /home/misys/forza_ws/race_stack/install/state_estimation/lib/python3.10/site-packages/state_estimation/carstate_node.py to carstate_node.cpython-310.pyc
[8.501s] running install_data
[8.501s] creating /home/misys/forza_ws/race_stack/install/state_estimation/share/ament_index
[8.501s] creating /home/misys/forza_ws/race_stack/install/state_estimation/share/ament_index/resource_index
[8.503s] creating /home/misys/forza_ws/race_stack/install/state_estimation/share/ament_index/resource_index/packages
[8.503s] copying resource/state_estimation -> /home/misys/forza_ws/race_stack/install/state_estimation/share/ament_index/resource_index/packages
[8.503s] copying package.xml -> /home/misys/forza_ws/race_stack/install/state_estimation/share/state_estimation
[8.503s] creating /home/misys/forza_ws/race_stack/install/state_estimation/share/state_estimation/config
[8.503s] copying config/ekf.yaml -> /home/misys/forza_ws/race_stack/install/state_estimation/share/state_estimation/config
[8.503s] copying config/ekf_sim.yaml -> /home/misys/forza_ws/race_stack/install/state_estimation/share/state_estimation/config
[8.504s] creating /home/misys/forza_ws/race_stack/install/state_estimation/share/state_estimation/launch
[8.504s] copying launch/ekf_launch.py -> /home/misys/forza_ws/race_stack/install/state_estimation/share/state_estimation/launch
[8.504s] copying launch/state_estimation_launch.xml -> /home/misys/forza_ws/race_stack/install/state_estimation/share/state_estimation/launch
[8.504s] running install_egg_info
[8.504s] Copying ../build/state_estimation/state_estimation.egg-info to /home/misys/forza_ws/race_stack/install/state_estimation/lib/python3.10/site-packages/state_estimation-0.0.0-py3.10.egg-info
[8.504s] running install_scripts
[9.341s] Installing carstate_node script to /home/misys/forza_ws/race_stack/install/state_estimation/lib/state_estimation
[9.341s] writing list of installed files to '/home/misys/forza_ws/race_stack/build/state_estimation/install.log'
[10.106s] Invoked command in '/home/misys/forza_ws/race_stack/state_estimation' returned '0': PYTHONPATH=/home/misys/forza_ws/race_stack/build/state_estimation/prefix_override:/usr/lib/python3/dist-packages/colcon_core/task/python/colcon_distutils_commands:/home/misys/forza_ws/race_stack/install/state_estimation/lib/python3.10/site-packages:${PYTHONPATH} /usr/bin/python3 -W ignore:setup.py install is deprecated -W ignore:easy_install command is deprecated setup.py egg_info --egg-base ../build/state_estimation build --build-base /home/misys/forza_ws/race_stack/build/state_estimation/build install --record /home/misys/forza_ws/race_stack/build/state_estimation/install.log --single-version-externally-managed install_data
