running egg_info
writing ../build/ofc/ofc.egg-info/PKG-INFO
writing dependency_links to ../build/ofc/ofc.egg-info/dependency_links.txt
writing entry points to ../build/ofc/ofc.egg-info/entry_points.txt
writing requirements to ../build/ofc/ofc.egg-info/requires.txt
writing top-level names to ../build/ofc/ofc.egg-info/top_level.txt
reading manifest file '../build/ofc/ofc.egg-info/SOURCES.txt'
writing manifest file '../build/ofc/ofc.egg-info/SOURCES.txt'
running build
running build_py
running install
running install_lib
running install_data
running install_egg_info
removing '/home/misys/forza_ws/race_stack/install/ofc/lib/python3.10/site-packages/ofc-0.1.0-py3.10.egg-info' (and everything under it)
Copying ../build/ofc/ofc.egg-info to /home/misys/forza_ws/race_stack/install/ofc/lib/python3.10/site-packages/ofc-0.1.0-py3.10.egg-info
running install_scripts
Installing bag_recorder script to /home/misys/forza_ws/race_stack/install/ofc/lib/ofc
Installing bag_recorder_sim script to /home/misys/forza_ws/race_stack/install/ofc/lib/ofc
Installing enabled_guard script to /home/misys/forza_ws/race_stack/install/ofc/lib/ofc
Installing ftg script to /home/misys/forza_ws/race_stack/install/ofc/lib/ofc
Installing joy_controller script to /home/misys/forza_ws/race_stack/install/ofc/lib/ofc
Installing tln_inference script to /home/misys/forza_ws/race_stack/install/ofc/lib/ofc
writing list of installed files to '/home/misys/forza_ws/race_stack/build/ofc/install.log'
