[6.011s] Invoking command in '/home/misys/forza_ws/race_stack/ofc': PYTHONPATH=/home/misys/forza_ws/race_stack/build/ofc/prefix_override:/usr/lib/python3/dist-packages/colcon_core/task/python/colcon_distutils_commands:/home/misys/forza_ws/race_stack/install/ofc/lib/python3.10/site-packages:${PYTHONPATH} /usr/bin/python3 -W ignore:setup.py install is deprecated -W ignore:easy_install command is deprecated setup.py egg_info --egg-base ../build/ofc build --build-base /home/misys/forza_ws/race_stack/build/ofc/build install --record /home/misys/forza_ws/race_stack/build/ofc/install.log --install-scripts $base/lib/ofc --single-version-externally-managed install_data
[6.615s] running egg_info
[6.615s] writing ../build/ofc/ofc.egg-info/PKG-INFO
[6.616s] writing dependency_links to ../build/ofc/ofc.egg-info/dependency_links.txt
[6.616s] writing entry points to ../build/ofc/ofc.egg-info/entry_points.txt
[6.616s] writing requirements to ../build/ofc/ofc.egg-info/requires.txt
[6.616s] writing top-level names to ../build/ofc/ofc.egg-info/top_level.txt
[6.617s] reading manifest file '../build/ofc/ofc.egg-info/SOURCES.txt'
[6.617s] writing manifest file '../build/ofc/ofc.egg-info/SOURCES.txt'
[6.617s] running build
[6.617s] running build_py
[6.617s] running install
[6.617s] running install_lib
[6.617s] running install_data
[6.618s] running install_egg_info
[6.618s] removing '/home/misys/forza_ws/race_stack/install/ofc/lib/python3.10/site-packages/ofc-0.1.0-py3.10.egg-info' (and everything under it)
[6.618s] Copying ../build/ofc/ofc.egg-info to /home/misys/forza_ws/race_stack/install/ofc/lib/python3.10/site-packages/ofc-0.1.0-py3.10.egg-info
[6.618s] running install_scripts
[6.618s] Installing bag_recorder script to /home/misys/forza_ws/race_stack/install/ofc/lib/ofc
[6.618s] Installing bag_recorder_sim script to /home/misys/forza_ws/race_stack/install/ofc/lib/ofc
[6.619s] Installing enabled_guard script to /home/misys/forza_ws/race_stack/install/ofc/lib/ofc
[6.619s] Installing ftg script to /home/misys/forza_ws/race_stack/install/ofc/lib/ofc
[6.619s] Installing joy_controller script to /home/misys/forza_ws/race_stack/install/ofc/lib/ofc
[6.619s] Installing tln_inference script to /home/misys/forza_ws/race_stack/install/ofc/lib/ofc
[6.619s] writing list of installed files to '/home/misys/forza_ws/race_stack/build/ofc/install.log'
[6.972s] Invoked command in '/home/misys/forza_ws/race_stack/ofc' returned '0': PYTHONPATH=/home/misys/forza_ws/race_stack/build/ofc/prefix_override:/usr/lib/python3/dist-packages/colcon_core/task/python/colcon_distutils_commands:/home/misys/forza_ws/race_stack/install/ofc/lib/python3.10/site-packages:${PYTHONPATH} /usr/bin/python3 -W ignore:setup.py install is deprecated -W ignore:easy_install command is deprecated setup.py egg_info --egg-base ../build/ofc build --build-base /home/misys/forza_ws/race_stack/build/ofc/build install --record /home/misys/forza_ws/race_stack/build/ofc/install.log --install-scripts $base/lib/ofc --single-version-externally-managed install_data
