running egg_info
writing ../../../build/lap_analyser/lap_analyser.egg-info/PKG-INFO
writing dependency_links to ../../../build/lap_analyser/lap_analyser.egg-info/dependency_links.txt
writing entry points to ../../../build/lap_analyser/lap_analyser.egg-info/entry_points.txt
writing requirements to ../../../build/lap_analyser/lap_analyser.egg-info/requires.txt
writing top-level names to ../../../build/lap_analyser/lap_analyser.egg-info/top_level.txt
reading manifest file '../../../build/lap_analyser/lap_analyser.egg-info/SOURCES.txt'
adding license file 'LICENSE'
writing manifest file '../../../build/lap_analyser/lap_analyser.egg-info/SOURCES.txt'
running build
running build_py
running install
running install_lib
running install_data
running install_egg_info
removing '/home/misys/forza_ws/race_stack/install/lap_analyser/lib/python3.10/site-packages/lap_analyser-0.0.0-py3.10.egg-info' (and everything under it)
Copying ../../../build/lap_analyser/lap_analyser.egg-info to /home/misys/forza_ws/race_stack/install/lap_analyser/lib/python3.10/site-packages/lap_analyser-0.0.0-py3.10.egg-info
running install_scripts
Installing lap_analyser script to /home/misys/forza_ws/race_stack/install/lap_analyser/lib/lap_analyser
writing list of installed files to '/home/misys/forza_ws/race_stack/build/lap_analyser/install.log'
