[35m[1mConsolidate compiler generated dependencies of target opponent_publisher[0m
[35m[1mConsolidate compiler generated dependencies of target collision_detector[0m
[100%] Built target opponent_publisher
[100%] Built target collision_detector
-- Install configuration: ""
-- Up-to-date: /home/misys/forza_ws/race_stack/install/opponent_publisher_cpp/lib/opponent_publisher_cpp/opponent_publisher
-- Up-to-date: /home/misys/forza_ws/race_stack/install/opponent_publisher_cpp/lib/opponent_publisher_cpp/collision_detector
-- Up-to-date: /home/misys/forza_ws/race_stack/install/opponent_publisher_cpp/share/opponent_publisher_cpp/launch
-- Up-to-date: /home/misys/forza_ws/race_stack/install/opponent_publisher_cpp/share/opponent_publisher_cpp/launch/opponent_publisher_launch.xml
-- Up-to-date: /home/misys/forza_ws/race_stack/install/opponent_publisher_cpp/share/ament_index/resource_index/package_run_dependencies/opponent_publisher_cpp
-- Up-to-date: /home/misys/forza_ws/race_stack/install/opponent_publisher_cpp/share/ament_index/resource_index/parent_prefix_path/opponent_publisher_cpp
-- Up-to-date: /home/misys/forza_ws/race_stack/install/opponent_publisher_cpp/share/opponent_publisher_cpp/environment/ament_prefix_path.sh
-- Up-to-date: /home/misys/forza_ws/race_stack/install/opponent_publisher_cpp/share/opponent_publisher_cpp/environment/ament_prefix_path.dsv
-- Up-to-date: /home/misys/forza_ws/race_stack/install/opponent_publisher_cpp/share/opponent_publisher_cpp/environment/path.sh
-- Up-to-date: /home/misys/forza_ws/race_stack/install/opponent_publisher_cpp/share/opponent_publisher_cpp/environment/path.dsv
-- Up-to-date: /home/misys/forza_ws/race_stack/install/opponent_publisher_cpp/share/opponent_publisher_cpp/local_setup.bash
-- Up-to-date: /home/misys/forza_ws/race_stack/install/opponent_publisher_cpp/share/opponent_publisher_cpp/local_setup.sh
-- Up-to-date: /home/misys/forza_ws/race_stack/install/opponent_publisher_cpp/share/opponent_publisher_cpp/local_setup.zsh
-- Up-to-date: /home/misys/forza_ws/race_stack/install/opponent_publisher_cpp/share/opponent_publisher_cpp/local_setup.dsv
-- Installing: /home/misys/forza_ws/race_stack/install/opponent_publisher_cpp/share/opponent_publisher_cpp/package.dsv
-- Up-to-date: /home/misys/forza_ws/race_stack/install/opponent_publisher_cpp/share/ament_index/resource_index/packages/opponent_publisher_cpp
-- Up-to-date: /home/misys/forza_ws/race_stack/install/opponent_publisher_cpp/share/opponent_publisher_cpp/cmake/opponent_publisher_cppConfig.cmake
-- Up-to-date: /home/misys/forza_ws/race_stack/install/opponent_publisher_cpp/share/opponent_publisher_cpp/cmake/opponent_publisher_cppConfig-version.cmake
-- Up-to-date: /home/misys/forza_ws/race_stack/install/opponent_publisher_cpp/share/opponent_publisher_cpp/package.xml
