running egg_info
creating ../../../build/map_editor/map_editor.egg-info
writing ../../../build/map_editor/map_editor.egg-info/PKG-INFO
writing dependency_links to ../../../build/map_editor/map_editor.egg-info/dependency_links.txt
writing requirements to ../../../build/map_editor/map_editor.egg-info/requires.txt
writing top-level names to ../../../build/map_editor/map_editor.egg-info/top_level.txt
writing manifest file '../../../build/map_editor/map_editor.egg-info/SOURCES.txt'
reading manifest file '../../../build/map_editor/map_editor.egg-info/SOURCES.txt'
adding license file 'LICENSE'
writing manifest file '../../../build/map_editor/map_editor.egg-info/SOURCES.txt'
running build
running build_py
creating /home/misys/forza_ws/race_stack/build/map_editor/build
creating /home/misys/forza_ws/race_stack/build/map_editor/build/lib
creating /home/misys/forza_ws/race_stack/build/map_editor/build/lib/map_editor
copying map_editor/__init__.py -> /home/misys/forza_ws/race_stack/build/map_editor/build/lib/map_editor
running install
running install_lib
creating /home/misys/forza_ws/race_stack/install/map_editor/lib/python3.10/site-packages/map_editor
copying /home/misys/forza_ws/race_stack/build/map_editor/build/lib/map_editor/__init__.py -> /home/misys/forza_ws/race_stack/install/map_editor/lib/python3.10/site-packages/map_editor
byte-compiling /home/misys/forza_ws/race_stack/install/map_editor/lib/python3.10/site-packages/map_editor/__init__.py to __init__.cpython-310.pyc
running install_data
creating /home/misys/forza_ws/race_stack/install/map_editor/share/ament_index
creating /home/misys/forza_ws/race_stack/install/map_editor/share/ament_index/resource_index
creating /home/misys/forza_ws/race_stack/install/map_editor/share/ament_index/resource_index/packages
copying resource/map_editor -> /home/misys/forza_ws/race_stack/install/map_editor/share/ament_index/resource_index/packages
copying package.xml -> /home/misys/forza_ws/race_stack/install/map_editor/share/map_editor
creating /home/misys/forza_ws/race_stack/install/map_editor/share/map_editor/launch
copying launch/map_editor_launch.xml -> /home/misys/forza_ws/race_stack/install/map_editor/share/map_editor/launch
creating /home/misys/forza_ws/race_stack/install/map_editor/share/map_editor/rviz
copying rviz/editor.rviz -> /home/misys/forza_ws/race_stack/install/map_editor/share/map_editor/rviz
running install_egg_info
Copying ../../../build/map_editor/map_editor.egg-info to /home/misys/forza_ws/race_stack/install/map_editor/lib/python3.10/site-packages/map_editor-0.0.0-py3.10.egg-info
running install_scripts
writing list of installed files to '/home/misys/forza_ws/race_stack/build/map_editor/install.log'
