[0.925s] Invoking command in '/home/misys/forza_ws/race_stack/utilities/nodes/map_editor': AMENT_PREFIX_PATH=/home/misys/forza_ws/race_stack/install/stack_master:/home/misys/forza_ws/race_stack/install/global_planner:/home/misys/forza_ws/race_stack/install/f110_msgs:${AMENT_PREFIX_PATH} CMAKE_PREFIX_PATH=/home/misys/forza_ws/race_stack/install/f110_msgs LD_LIBRARY_PATH=/home/misys/forza_ws/race_stack/install/f110_msgs/lib:${LD_LIBRARY_PATH} PYTHONPATH=/home/misys/forza_ws/race_stack/build/map_editor/prefix_override:/usr/lib/python3/dist-packages/colcon_core/task/python/colcon_distutils_commands:/home/misys/forza_ws/race_stack/install/map_editor/lib/python3.10/site-packages:/home/misys/forza_ws/race_stack/install/stack_master/lib/python3.10/site-packages:/home/misys/forza_ws/race_stack/install/global_planner/lib/python3.10/site-packages:/home/misys/forza_ws/race_stack/install/f110_msgs/local/lib/python3.10/dist-packages:${PYTHONPATH} /usr/bin/python3 -W ignore:setup.py install is deprecated -W ignore:easy_install command is deprecated setup.py egg_info --egg-base ../../../build/map_editor build --build-base /home/misys/forza_ws/race_stack/build/map_editor/build install --record /home/misys/forza_ws/race_stack/build/map_editor/install.log --single-version-externally-managed install_data
[1.425s] running egg_info
[1.425s] creating ../../../build/map_editor/map_editor.egg-info
[1.425s] writing ../../../build/map_editor/map_editor.egg-info/PKG-INFO
[1.425s] writing dependency_links to ../../../build/map_editor/map_editor.egg-info/dependency_links.txt
[1.426s] writing requirements to ../../../build/map_editor/map_editor.egg-info/requires.txt
[1.426s] writing top-level names to ../../../build/map_editor/map_editor.egg-info/top_level.txt
[1.426s] writing manifest file '../../../build/map_editor/map_editor.egg-info/SOURCES.txt'
[1.426s] reading manifest file '../../../build/map_editor/map_editor.egg-info/SOURCES.txt'
[1.426s] adding license file 'LICENSE'
[1.427s] writing manifest file '../../../build/map_editor/map_editor.egg-info/SOURCES.txt'
[1.427s] running build
[1.427s] running build_py
[1.427s] creating /home/misys/forza_ws/race_stack/build/map_editor/build
[1.427s] creating /home/misys/forza_ws/race_stack/build/map_editor/build/lib
[1.427s] creating /home/misys/forza_ws/race_stack/build/map_editor/build/lib/map_editor
[1.428s] copying map_editor/__init__.py -> /home/misys/forza_ws/race_stack/build/map_editor/build/lib/map_editor
[1.428s] running install
[1.428s] running install_lib
[1.430s] creating /home/misys/forza_ws/race_stack/install/map_editor/lib/python3.10/site-packages/map_editor
[1.430s] copying /home/misys/forza_ws/race_stack/build/map_editor/build/lib/map_editor/__init__.py -> /home/misys/forza_ws/race_stack/install/map_editor/lib/python3.10/site-packages/map_editor
[1.432s] byte-compiling /home/misys/forza_ws/race_stack/install/map_editor/lib/python3.10/site-packages/map_editor/__init__.py to __init__.cpython-310.pyc
[1.432s] running install_data
[1.432s] creating /home/misys/forza_ws/race_stack/install/map_editor/share/ament_index
[1.433s] creating /home/misys/forza_ws/race_stack/install/map_editor/share/ament_index/resource_index
[1.444s] creating /home/misys/forza_ws/race_stack/install/map_editor/share/ament_index/resource_index/packages
[1.444s] copying resource/map_editor -> /home/misys/forza_ws/race_stack/install/map_editor/share/ament_index/resource_index/packages
[1.444s] copying package.xml -> /home/misys/forza_ws/race_stack/install/map_editor/share/map_editor
[1.444s] creating /home/misys/forza_ws/race_stack/install/map_editor/share/map_editor/launch
[1.444s] copying launch/map_editor_launch.xml -> /home/misys/forza_ws/race_stack/install/map_editor/share/map_editor/launch
[1.444s] creating /home/misys/forza_ws/race_stack/install/map_editor/share/map_editor/rviz
[1.444s] copying rviz/editor.rviz -> /home/misys/forza_ws/race_stack/install/map_editor/share/map_editor/rviz
[1.444s] running install_egg_info
[1.444s] Copying ../../../build/map_editor/map_editor.egg-info to /home/misys/forza_ws/race_stack/install/map_editor/lib/python3.10/site-packages/map_editor-0.0.0-py3.10.egg-info
[1.444s] running install_scripts
[1.476s] writing list of installed files to '/home/misys/forza_ws/race_stack/build/map_editor/install.log'
[1.519s] Invoked command in '/home/misys/forza_ws/race_stack/utilities/nodes/map_editor' returned '0': AMENT_PREFIX_PATH=/home/misys/forza_ws/race_stack/install/stack_master:/home/misys/forza_ws/race_stack/install/global_planner:/home/misys/forza_ws/race_stack/install/f110_msgs:${AMENT_PREFIX_PATH} CMAKE_PREFIX_PATH=/home/misys/forza_ws/race_stack/install/f110_msgs LD_LIBRARY_PATH=/home/misys/forza_ws/race_stack/install/f110_msgs/lib:${LD_LIBRARY_PATH} PYTHONPATH=/home/misys/forza_ws/race_stack/build/map_editor/prefix_override:/usr/lib/python3/dist-packages/colcon_core/task/python/colcon_distutils_commands:/home/misys/forza_ws/race_stack/install/map_editor/lib/python3.10/site-packages:/home/misys/forza_ws/race_stack/install/stack_master/lib/python3.10/site-packages:/home/misys/forza_ws/race_stack/install/global_planner/lib/python3.10/site-packages:/home/misys/forza_ws/race_stack/install/f110_msgs/local/lib/python3.10/dist-packages:${PYTHONPATH} /usr/bin/python3 -W ignore:setup.py install is deprecated -W ignore:easy_install command is deprecated setup.py egg_info --egg-base ../../../build/map_editor build --build-base /home/misys/forza_ws/race_stack/build/map_editor/build install --record /home/misys/forza_ws/race_stack/build/map_editor/install.log --single-version-externally-managed install_data
