running egg_info
creating ../../build/global_planner/global_planner.egg-info
writing ../../build/global_planner/global_planner.egg-info/PKG-INFO
writing dependency_links to ../../build/global_planner/global_planner.egg-info/dependency_links.txt
writing entry points to ../../build/global_planner/global_planner.egg-info/entry_points.txt
writing requirements to ../../build/global_planner/global_planner.egg-info/requires.txt
writing top-level names to ../../build/global_planner/global_planner.egg-info/top_level.txt
writing manifest file '../../build/global_planner/global_planner.egg-info/SOURCES.txt'
reading manifest file '../../build/global_planner/global_planner.egg-info/SOURCES.txt'
adding license file 'LICENSE'
writing manifest file '../../build/global_planner/global_planner.egg-info/SOURCES.txt'
running build
running build_py
creating /home/misys/forza_ws/race_stack/build/global_planner/build
creating /home/misys/forza_ws/race_stack/build/global_planner/build/lib
creating /home/misys/forza_ws/race_stack/build/global_planner/build/lib/global_planner
copying global_planner/__init__.py -> /home/misys/forza_ws/race_stack/build/global_planner/build/lib/global_planner
copying global_planner/global_trajectory_publisher.py -> /home/misys/forza_ws/race_stack/build/global_planner/build/lib/global_planner
copying global_planner/readwrite_global_waypoints.py -> /home/misys/forza_ws/race_stack/build/global_planner/build/lib/global_planner
copying global_planner/global_planner_utils.py -> /home/misys/forza_ws/race_stack/build/global_planner/build/lib/global_planner
copying global_planner/global_planner_node.py -> /home/misys/forza_ws/race_stack/build/global_planner/build/lib/global_planner
copying global_planner/global_planner_logic.py -> /home/misys/forza_ws/race_stack/build/global_planner/build/lib/global_planner
running install
running install_lib
creating /home/misys/forza_ws/race_stack/install/global_planner/lib/python3.10/site-packages/global_planner
copying /home/misys/forza_ws/race_stack/build/global_planner/build/lib/global_planner/__init__.py -> /home/misys/forza_ws/race_stack/install/global_planner/lib/python3.10/site-packages/global_planner
copying /home/misys/forza_ws/race_stack/build/global_planner/build/lib/global_planner/global_trajectory_publisher.py -> /home/misys/forza_ws/race_stack/install/global_planner/lib/python3.10/site-packages/global_planner
copying /home/misys/forza_ws/race_stack/build/global_planner/build/lib/global_planner/readwrite_global_waypoints.py -> /home/misys/forza_ws/race_stack/install/global_planner/lib/python3.10/site-packages/global_planner
copying /home/misys/forza_ws/race_stack/build/global_planner/build/lib/global_planner/global_planner_utils.py -> /home/misys/forza_ws/race_stack/install/global_planner/lib/python3.10/site-packages/global_planner
copying /home/misys/forza_ws/race_stack/build/global_planner/build/lib/global_planner/global_planner_node.py -> /home/misys/forza_ws/race_stack/install/global_planner/lib/python3.10/site-packages/global_planner
copying /home/misys/forza_ws/race_stack/build/global_planner/build/lib/global_planner/global_planner_logic.py -> /home/misys/forza_ws/race_stack/install/global_planner/lib/python3.10/site-packages/global_planner
byte-compiling /home/misys/forza_ws/race_stack/install/global_planner/lib/python3.10/site-packages/global_planner/__init__.py to __init__.cpython-310.pyc
byte-compiling /home/misys/forza_ws/race_stack/install/global_planner/lib/python3.10/site-packages/global_planner/global_trajectory_publisher.py to global_trajectory_publisher.cpython-310.pyc
byte-compiling /home/misys/forza_ws/race_stack/install/global_planner/lib/python3.10/site-packages/global_planner/readwrite_global_waypoints.py to readwrite_global_waypoints.cpython-310.pyc
byte-compiling /home/misys/forza_ws/race_stack/install/global_planner/lib/python3.10/site-packages/global_planner/global_planner_utils.py to global_planner_utils.cpython-310.pyc
byte-compiling /home/misys/forza_ws/race_stack/install/global_planner/lib/python3.10/site-packages/global_planner/global_planner_node.py to global_planner_node.cpython-310.pyc
byte-compiling /home/misys/forza_ws/race_stack/install/global_planner/lib/python3.10/site-packages/global_planner/global_planner_logic.py to global_planner_logic.cpython-310.pyc
running install_data
creating /home/misys/forza_ws/race_stack/install/global_planner/share/ament_index
creating /home/misys/forza_ws/race_stack/install/global_planner/share/ament_index/resource_index
creating /home/misys/forza_ws/race_stack/install/global_planner/share/ament_index/resource_index/packages
copying resource/global_planner -> /home/misys/forza_ws/race_stack/install/global_planner/share/ament_index/resource_index/packages
copying package.xml -> /home/misys/forza_ws/race_stack/install/global_planner/share/global_planner
running install_egg_info
Copying ../../build/global_planner/global_planner.egg-info to /home/misys/forza_ws/race_stack/install/global_planner/lib/python3.10/site-packages/global_planner-0.0.0-py3.10.egg-info
running install_scripts
Installing global_planner script to /home/misys/forza_ws/race_stack/install/global_planner/lib/global_planner
Installing global_trajectory_publisher script to /home/misys/forza_ws/race_stack/install/global_planner/lib/global_planner
writing list of installed files to '/home/misys/forza_ws/race_stack/build/global_planner/install.log'
