[5.618s] Invoking command in '/home/misys/forza_ws/race_stack/planner/global_planner': PYTHONPATH=/home/misys/forza_ws/race_stack/build/global_planner/prefix_override:/usr/lib/python3/dist-packages/colcon_core/task/python/colcon_distutils_commands:/home/misys/forza_ws/race_stack/install/global_planner/lib/python3.10/site-packages:${PYTHONPATH} /usr/bin/python3 -W ignore:setup.py install is deprecated -W ignore:easy_install command is deprecated setup.py egg_info --egg-base ../../build/global_planner build --build-base /home/misys/forza_ws/race_stack/build/global_planner/build install --record /home/misys/forza_ws/race_stack/build/global_planner/install.log --single-version-externally-managed install_data
[8.466s] running egg_info
[8.466s] creating ../../build/global_planner/global_planner.egg-info
[8.466s] writing ../../build/global_planner/global_planner.egg-info/PKG-INFO
[8.466s] writing dependency_links to ../../build/global_planner/global_planner.egg-info/dependency_links.txt
[8.466s] writing entry points to ../../build/global_planner/global_planner.egg-info/entry_points.txt
[8.466s] writing requirements to ../../build/global_planner/global_planner.egg-info/requires.txt
[8.466s] writing top-level names to ../../build/global_planner/global_planner.egg-info/top_level.txt
[8.466s] writing manifest file '../../build/global_planner/global_planner.egg-info/SOURCES.txt'
[8.466s] reading manifest file '../../build/global_planner/global_planner.egg-info/SOURCES.txt'
[8.466s] adding license file 'LICENSE'
[8.466s] writing manifest file '../../build/global_planner/global_planner.egg-info/SOURCES.txt'
[8.466s] running build
[8.467s] running build_py
[8.467s] creating /home/misys/forza_ws/race_stack/build/global_planner/build
[8.467s] creating /home/misys/forza_ws/race_stack/build/global_planner/build/lib
[8.467s] creating /home/misys/forza_ws/race_stack/build/global_planner/build/lib/global_planner
[8.467s] copying global_planner/__init__.py -> /home/misys/forza_ws/race_stack/build/global_planner/build/lib/global_planner
[8.467s] copying global_planner/global_trajectory_publisher.py -> /home/misys/forza_ws/race_stack/build/global_planner/build/lib/global_planner
[8.467s] copying global_planner/readwrite_global_waypoints.py -> /home/misys/forza_ws/race_stack/build/global_planner/build/lib/global_planner
[8.467s] copying global_planner/global_planner_utils.py -> /home/misys/forza_ws/race_stack/build/global_planner/build/lib/global_planner
[8.467s] copying global_planner/global_planner_node.py -> /home/misys/forza_ws/race_stack/build/global_planner/build/lib/global_planner
[8.467s] copying global_planner/global_planner_logic.py -> /home/misys/forza_ws/race_stack/build/global_planner/build/lib/global_planner
[8.467s] running install
[8.467s] running install_lib
[8.473s] creating /home/misys/forza_ws/race_stack/install/global_planner/lib/python3.10/site-packages/global_planner
[8.473s] copying /home/misys/forza_ws/race_stack/build/global_planner/build/lib/global_planner/__init__.py -> /home/misys/forza_ws/race_stack/install/global_planner/lib/python3.10/site-packages/global_planner
[8.473s] copying /home/misys/forza_ws/race_stack/build/global_planner/build/lib/global_planner/global_trajectory_publisher.py -> /home/misys/forza_ws/race_stack/install/global_planner/lib/python3.10/site-packages/global_planner
[8.474s] copying /home/misys/forza_ws/race_stack/build/global_planner/build/lib/global_planner/readwrite_global_waypoints.py -> /home/misys/forza_ws/race_stack/install/global_planner/lib/python3.10/site-packages/global_planner
[8.474s] copying /home/misys/forza_ws/race_stack/build/global_planner/build/lib/global_planner/global_planner_utils.py -> /home/misys/forza_ws/race_stack/install/global_planner/lib/python3.10/site-packages/global_planner
[8.474s] copying /home/misys/forza_ws/race_stack/build/global_planner/build/lib/global_planner/global_planner_node.py -> /home/misys/forza_ws/race_stack/install/global_planner/lib/python3.10/site-packages/global_planner
[8.474s] copying /home/misys/forza_ws/race_stack/build/global_planner/build/lib/global_planner/global_planner_logic.py -> /home/misys/forza_ws/race_stack/install/global_planner/lib/python3.10/site-packages/global_planner
[8.474s] byte-compiling /home/misys/forza_ws/race_stack/install/global_planner/lib/python3.10/site-packages/global_planner/__init__.py to __init__.cpython-310.pyc
[8.474s] byte-compiling /home/misys/forza_ws/race_stack/install/global_planner/lib/python3.10/site-packages/global_planner/global_trajectory_publisher.py to global_trajectory_publisher.cpython-310.pyc
[8.474s] byte-compiling /home/misys/forza_ws/race_stack/install/global_planner/lib/python3.10/site-packages/global_planner/readwrite_global_waypoints.py to readwrite_global_waypoints.cpython-310.pyc
[8.474s] byte-compiling /home/misys/forza_ws/race_stack/install/global_planner/lib/python3.10/site-packages/global_planner/global_planner_utils.py to global_planner_utils.cpython-310.pyc
[8.474s] byte-compiling /home/misys/forza_ws/race_stack/install/global_planner/lib/python3.10/site-packages/global_planner/global_planner_node.py to global_planner_node.cpython-310.pyc
[8.474s] byte-compiling /home/misys/forza_ws/race_stack/install/global_planner/lib/python3.10/site-packages/global_planner/global_planner_logic.py to global_planner_logic.cpython-310.pyc
[8.474s] running install_data
[8.478s] creating /home/misys/forza_ws/race_stack/install/global_planner/share/ament_index
[8.478s] creating /home/misys/forza_ws/race_stack/install/global_planner/share/ament_index/resource_index
[8.478s] creating /home/misys/forza_ws/race_stack/install/global_planner/share/ament_index/resource_index/packages
[8.478s] copying resource/global_planner -> /home/misys/forza_ws/race_stack/install/global_planner/share/ament_index/resource_index/packages
[8.478s] copying package.xml -> /home/misys/forza_ws/race_stack/install/global_planner/share/global_planner
[8.478s] running install_egg_info
[8.478s] Copying ../../build/global_planner/global_planner.egg-info to /home/misys/forza_ws/race_stack/install/global_planner/lib/python3.10/site-packages/global_planner-0.0.0-py3.10.egg-info
[8.478s] running install_scripts
[8.478s] Installing global_planner script to /home/misys/forza_ws/race_stack/install/global_planner/lib/global_planner
[8.479s] Installing global_trajectory_publisher script to /home/misys/forza_ws/race_stack/install/global_planner/lib/global_planner
[8.479s] writing list of installed files to '/home/misys/forza_ws/race_stack/build/global_planner/install.log'
[9.376s] Invoked command in '/home/misys/forza_ws/race_stack/planner/global_planner' returned '0': PYTHONPATH=/home/misys/forza_ws/race_stack/build/global_planner/prefix_override:/usr/lib/python3/dist-packages/colcon_core/task/python/colcon_distutils_commands:/home/misys/forza_ws/race_stack/install/global_planner/lib/python3.10/site-packages:${PYTHONPATH} /usr/bin/python3 -W ignore:setup.py install is deprecated -W ignore:easy_install command is deprecated setup.py egg_info --egg-base ../../build/global_planner build --build-base /home/misys/forza_ws/race_stack/build/global_planner/build install --record /home/misys/forza_ws/race_stack/build/global_planner/install.log --single-version-externally-managed install_data
