running egg_info
writing ../build/stack_master/stack_master.egg-info/PKG-INFO
writing dependency_links to ../build/stack_master/stack_master.egg-info/dependency_links.txt
writing entry points to ../build/stack_master/stack_master.egg-info/entry_points.txt
writing requirements to ../build/stack_master/stack_master.egg-info/requires.txt
writing top-level names to ../build/stack_master/stack_master.egg-info/top_level.txt
reading manifest file '../build/stack_master/stack_master.egg-info/SOURCES.txt'
adding license file 'LICENSE'
writing manifest file '../build/stack_master/stack_master.egg-info/SOURCES.txt'
running build
running build_py
running install
running install_lib
running install_data
running install_egg_info
removing '/home/misys/forza_ws/race_stack/install/stack_master/lib/python3.10/site-packages/stack_master-0.0.0-py3.10.egg-info' (and everything under it)
Copying ../build/stack_master/stack_master.egg-info to /home/misys/forza_ws/race_stack/install/stack_master/lib/python3.10/site-packages/stack_master-0.0.0-py3.10.egg-info
running install_scripts
Installing global_parameter_node script to /home/misys/forza_ws/race_stack/install/stack_master/lib/stack_master
writing list of installed files to '/home/misys/forza_ws/race_stack/build/stack_master/install.log'
