[6.142s] Invoking command in '/home/misys/forza_ws/race_stack/stack_master': PYTHONPATH=/home/misys/forza_ws/race_stack/build/stack_master/prefix_override:/usr/lib/python3/dist-packages/colcon_core/task/python/colcon_distutils_commands:/home/misys/forza_ws/race_stack/install/stack_master/lib/python3.10/site-packages:${PYTHONPATH} /usr/bin/python3 -W ignore:setup.py install is deprecated -W ignore:easy_install command is deprecated setup.py egg_info --egg-base ../build/stack_master build --build-base /home/misys/forza_ws/race_stack/build/stack_master/build install --record /home/misys/forza_ws/race_stack/build/stack_master/install.log --single-version-externally-managed install_data
[6.471s] running egg_info
[6.485s] writing ../build/stack_master/stack_master.egg-info/PKG-INFO
[6.487s] writing dependency_links to ../build/stack_master/stack_master.egg-info/dependency_links.txt
[6.488s] writing entry points to ../build/stack_master/stack_master.egg-info/entry_points.txt
[6.489s] writing requirements to ../build/stack_master/stack_master.egg-info/requires.txt
[6.490s] writing top-level names to ../build/stack_master/stack_master.egg-info/top_level.txt
[6.497s] reading manifest file '../build/stack_master/stack_master.egg-info/SOURCES.txt'
[6.499s] adding license file 'LICENSE'
[6.502s] writing manifest file '../build/stack_master/stack_master.egg-info/SOURCES.txt'
[6.503s] running build
[6.503s] running build_py
[6.504s] running install
[6.504s] running install_lib
[6.507s] running install_data
[6.511s] running install_egg_info
[6.517s] removing '/home/misys/forza_ws/race_stack/install/stack_master/lib/python3.10/site-packages/stack_master-0.0.0-py3.10.egg-info' (and everything under it)
[6.525s] Copying ../build/stack_master/stack_master.egg-info to /home/misys/forza_ws/race_stack/install/stack_master/lib/python3.10/site-packages/stack_master-0.0.0-py3.10.egg-info
[6.529s] running install_scripts
[6.572s] Installing global_parameter_node script to /home/misys/forza_ws/race_stack/install/stack_master/lib/stack_master
[6.573s] writing list of installed files to '/home/misys/forza_ws/race_stack/build/stack_master/install.log'
[7.092s] Invoked command in '/home/misys/forza_ws/race_stack/stack_master' returned '0': PYTHONPATH=/home/misys/forza_ws/race_stack/build/stack_master/prefix_override:/usr/lib/python3/dist-packages/colcon_core/task/python/colcon_distutils_commands:/home/misys/forza_ws/race_stack/install/stack_master/lib/python3.10/site-packages:${PYTHONPATH} /usr/bin/python3 -W ignore:setup.py install is deprecated -W ignore:easy_install command is deprecated setup.py egg_info --egg-base ../build/stack_master build --build-base /home/misys/forza_ws/race_stack/build/stack_master/build install --record /home/misys/forza_ws/race_stack/build/stack_master/install.log --single-version-externally-managed install_data
