[3.672s] Invoking command in '/home/misys/forza_ws/race_stack/base_system/f1tenth_system/teleop_tools/joy_teleop': CMAKE_PREFIX_PATH=/home/misys/forza_ws/race_stack/install/teleop_tools_msgs:/home/misys/forza_ws/race_stack/install/vesc:/home/misys/forza_ws/race_stack/install/vesc_driver:/home/misys/forza_ws/race_stack/install/vesc_ackermann:/home/misys/forza_ws/race_stack/install/vesc_msgs:/home/misys/forza_ws/race_stack/install/urg_node2:/home/misys/forza_ws/race_stack/install/teleop_tools:/home/misys/forza_ws/race_stack/install/slam_toolbox:/home/misys/forza_ws/race_stack/install/perception_cpp:/home/misys/forza_ws/race_stack/install/opponent_publisher_cpp:/home/misys/forza_ws/race_stack/install/frenet_odom_republisher_cpp:/home/misys/forza_ws/race_stack/install/frenet_conversion_cpp:/home/misys/forza_ws/race_stack/install/controller_cpp:/home/misys/forza_ws/race_stack/install/f110_msgs:/home/misys/forza_ws/race_stack/install/ackermann_mux LD_LIBRARY_PATH=/home/misys/forza_ws/race_stack/install/teleop_tools_msgs/lib:/home/misys/forza_ws/race_stack/install/vesc_driver/lib:/home/misys/forza_ws/race_stack/install/vesc_ackermann/lib:/home/misys/forza_ws/race_stack/install/vesc_msgs/lib:/home/misys/forza_ws/race_stack/install/urg_node2/lib:/home/misys/forza_ws/race_stack/install/slam_toolbox/lib:/home/misys/forza_ws/race_stack/install/frenet_conversion_cpp/lib:/home/misys/forza_ws/race_stack/install/f110_msgs/lib:/opt/ros/humble/opt/rviz_ogre_vendor/lib:/opt/ros/humble/lib/x86_64-linux-gnu:/opt/ros/humble/lib:/usr/local/nvidia/lib:/usr/local/nvidia/lib64 PYTHONPATH=/home/misys/forza_ws/race_stack/build/joy_teleop/prefix_override:/usr/lib/python3/dist-packages/colcon_core/task/python/colcon_distutils_commands:/home/misys/forza_ws/race_stack/install/joy_teleop/lib/python3.10/site-packages:${PYTHONPATH} /usr/bin/python3 -W ignore:setup.py install is deprecated -W ignore:easy_install command is deprecated setup.py egg_info --egg-base ../../../../build/joy_teleop build --build-base /home/misys/forza_ws/race_stack/build/joy_teleop/build install --record /home/misys/forza_ws/race_stack/build/joy_teleop/install.log --single-version-externally-managed install_data
[4.155s] running egg_info
[4.157s] writing ../../../../build/joy_teleop/joy_teleop.egg-info/PKG-INFO
[4.158s] writing dependency_links to ../../../../build/joy_teleop/joy_teleop.egg-info/dependency_links.txt
[4.158s] writing entry points to ../../../../build/joy_teleop/joy_teleop.egg-info/entry_points.txt
[4.160s] writing requirements to ../../../../build/joy_teleop/joy_teleop.egg-info/requires.txt
[4.160s] writing top-level names to ../../../../build/joy_teleop/joy_teleop.egg-info/top_level.txt
[4.166s] reading manifest file '../../../../build/joy_teleop/joy_teleop.egg-info/SOURCES.txt'
[4.168s] writing manifest file '../../../../build/joy_teleop/joy_teleop.egg-info/SOURCES.txt'
[4.169s] running build
[4.169s] running build_py
[4.169s] running install
[4.170s] running install_lib
[4.172s] running install_data
[4.172s] running install_egg_info
[4.174s] removing '/home/misys/forza_ws/race_stack/install/joy_teleop/lib/python3.10/site-packages/joy_teleop-1.5.0-py3.10.egg-info' (and everything under it)
[4.180s] Copying ../../../../build/joy_teleop/joy_teleop.egg-info to /home/misys/forza_ws/race_stack/install/joy_teleop/lib/python3.10/site-packages/joy_teleop-1.5.0-py3.10.egg-info
[4.182s] running install_scripts
[4.208s] Installing incrementer_server script to /home/misys/forza_ws/race_stack/install/joy_teleop/lib/joy_teleop
[4.210s] Installing joy_teleop script to /home/misys/forza_ws/race_stack/install/joy_teleop/lib/joy_teleop
[4.211s] writing list of installed files to '/home/misys/forza_ws/race_stack/build/joy_teleop/install.log'
[4.277s] Invoked command in '/home/misys/forza_ws/race_stack/base_system/f1tenth_system/teleop_tools/joy_teleop' returned '0': CMAKE_PREFIX_PATH=/home/misys/forza_ws/race_stack/install/teleop_tools_msgs:/home/misys/forza_ws/race_stack/install/vesc:/home/misys/forza_ws/race_stack/install/vesc_driver:/home/misys/forza_ws/race_stack/install/vesc_ackermann:/home/misys/forza_ws/race_stack/install/vesc_msgs:/home/misys/forza_ws/race_stack/install/urg_node2:/home/misys/forza_ws/race_stack/install/teleop_tools:/home/misys/forza_ws/race_stack/install/slam_toolbox:/home/misys/forza_ws/race_stack/install/perception_cpp:/home/misys/forza_ws/race_stack/install/opponent_publisher_cpp:/home/misys/forza_ws/race_stack/install/frenet_odom_republisher_cpp:/home/misys/forza_ws/race_stack/install/frenet_conversion_cpp:/home/misys/forza_ws/race_stack/install/controller_cpp:/home/misys/forza_ws/race_stack/install/f110_msgs:/home/misys/forza_ws/race_stack/install/ackermann_mux LD_LIBRARY_PATH=/home/misys/forza_ws/race_stack/install/teleop_tools_msgs/lib:/home/misys/forza_ws/race_stack/install/vesc_driver/lib:/home/misys/forza_ws/race_stack/install/vesc_ackermann/lib:/home/misys/forza_ws/race_stack/install/vesc_msgs/lib:/home/misys/forza_ws/race_stack/install/urg_node2/lib:/home/misys/forza_ws/race_stack/install/slam_toolbox/lib:/home/misys/forza_ws/race_stack/install/frenet_conversion_cpp/lib:/home/misys/forza_ws/race_stack/install/f110_msgs/lib:/opt/ros/humble/opt/rviz_ogre_vendor/lib:/opt/ros/humble/lib/x86_64-linux-gnu:/opt/ros/humble/lib:/usr/local/nvidia/lib:/usr/local/nvidia/lib64 PYTHONPATH=/home/misys/forza_ws/race_stack/build/joy_teleop/prefix_override:/usr/lib/python3/dist-packages/colcon_core/task/python/colcon_distutils_commands:/home/misys/forza_ws/race_stack/install/joy_teleop/lib/python3.10/site-packages:${PYTHONPATH} /usr/bin/python3 -W ignore:setup.py install is deprecated -W ignore:easy_install command is deprecated setup.py egg_info --egg-base ../../../../build/joy_teleop build --build-base /home/misys/forza_ws/race_stack/build/joy_teleop/build install --record /home/misys/forza_ws/race_stack/build/joy_teleop/install.log --single-version-externally-managed install_data
