-- Found ament_cmake: 1.3.12 (/opt/ros/humble/share/ament_cmake/cmake)
-- Found rclcpp: 16.0.15 (/opt/ros/humble/share/rclcpp/cmake)
-- Found rosidl_generator_c: 3.1.7 (/opt/ros/humble/share/rosidl_generator_c/cmake)
-- Found rosidl_adapter: 3.1.7 (/opt/ros/humble/share/rosidl_adapter/cmake)
-- Found rosidl_generator_cpp: 3.1.7 (/opt/ros/humble/share/rosidl_generator_cpp/cmake)
-- Using all available rosidl_typesupport_c: rosidl_typesupport_fastrtps_c;rosidl_typesupport_introspection_c
-- Using all available rosidl_typesupport_cpp: rosidl_typesupport_fastrtps_cpp;rosidl_typesupport_introspection_cpp
-- Found rmw_implementation_cmake: 6.1.2 (/opt/ros/humble/share/rmw_implementation_cmake/cmake)
-- Found rmw_fastrtps_cpp: 6.2.9 (/opt/ros/humble/share/rmw_fastrtps_cpp/cmake)
-- Using RMW implementation 'rmw_fastrtps_cpp' as default
-- Found sensor_msgs: 4.9.0 (/opt/ros/humble/share/sensor_msgs/cmake)
-- Found nav_msgs: 4.9.0 (/opt/ros/humble/share/nav_msgs/cmake)
-- Found rosidl_default_generators: 1.2.0 (/opt/ros/humble/share/rosidl_default_generators/cmake)
-- Found ament_cmake_ros: 0.10.0 (/opt/ros/humble/share/ament_cmake_ros/cmake)
-- Using all available rosidl_typesupport_c: rosidl_typesupport_fastrtps_c;rosidl_typesupport_introspection_c
-- Using all available rosidl_typesupport_cpp: rosidl_typesupport_fastrtps_cpp;rosidl_typesupport_introspection_cpp
-- Found python_cmake_module: 0.10.0 (/opt/ros/humble/share/python_cmake_module/cmake)
-- Using PYTHON_EXECUTABLE: /usr/bin/python3
-- Using PYTHON_INCLUDE_DIRS: /usr/include/python3.10
-- Using PYTHON_LIBRARIES: /usr/lib/x86_64-linux-gnu/libpython3.10.so
-- Configuring done
-- Generating done
-- Build files have been written to: /home/misys/forza_ws/race_stack/global_planner/build/global_planner
[  1%] [34m[1mGenerating C code for ROS interfaces[0m
[  5%] [34m[1mGenerating C++ code for ROS interfaces[0m
[  5%] [32mBuilding CXX object CMakeFiles/utils_lib.dir/src/utils.cpp.o[0m
[  5%] Built target ament_cmake_python_copy_global_planner
running egg_info
creating global_planner.egg-info
writing global_planner.egg-info/PKG-INFO
writing dependency_links to global_planner.egg-info/dependency_links.txt
writing top-level names to global_planner.egg-info/top_level.txt
writing manifest file 'global_planner.egg-info/SOURCES.txt'
reading manifest file 'global_planner.egg-info/SOURCES.txt'
writing manifest file 'global_planner.egg-info/SOURCES.txt'
[  5%] Built target ament_cmake_python_build_global_planner_egg
[  5%] Built target global_planner__cpp
[  6%] [32mBuilding C object CMakeFiles/global_planner__rosidl_generator_c.dir/rosidl_generator_c/global_planner/msg/detail/wpnt__functions.c.o[0m
[  8%] [32mBuilding C object CMakeFiles/global_planner__rosidl_generator_c.dir/rosidl_generator_c/global_planner/msg/detail/wpnt_array__functions.c.o[0m
[ 10%] [32mBuilding C object CMakeFiles/global_planner__rosidl_generator_c.dir/rosidl_generator_c/global_planner/msg/detail/metadata__functions.c.o[0m
[ 11%] [32m[1mLinking C shared library libglobal_planner__rosidl_generator_c.so[0m
[ 11%] Built target global_planner__rosidl_generator_c
