/home/misys/forza_ws/race_stack/install/controller/lib/python3.10/site-packages/controller/controller_manager.py
/home/misys/forza_ws/race_stack/install/controller/lib/python3.10/site-packages/controller/__init__.py
/home/misys/forza_ws/race_stack/install/controller/lib/python3.10/site-packages/controller/controller_manager_small.py
/home/misys/forza_ws/race_stack/install/controller/lib/python3.10/site-packages/controller/ftg.py
/home/misys/forza_ws/race_stack/install/controller/lib/python3.10/site-packages/controller/pp.py
/home/misys/forza_ws/race_stack/install/controller/lib/python3.10/site-packages/controller/map.py
/home/misys/forza_ws/race_stack/install/controller/lib/python3.10/site-packages/controller/__pycache__/controller_manager.cpython-310.pyc
/home/misys/forza_ws/race_stack/install/controller/lib/python3.10/site-packages/controller/__pycache__/__init__.cpython-310.pyc
/home/misys/forza_ws/race_stack/install/controller/lib/python3.10/site-packages/controller/__pycache__/controller_manager_small.cpython-310.pyc
/home/misys/forza_ws/race_stack/install/controller/lib/python3.10/site-packages/controller/__pycache__/ftg.cpython-310.pyc
/home/misys/forza_ws/race_stack/install/controller/lib/python3.10/site-packages/controller/__pycache__/pp.cpython-310.pyc
/home/misys/forza_ws/race_stack/install/controller/lib/python3.10/site-packages/controller/__pycache__/map.cpython-310.pyc
/home/misys/forza_ws/race_stack/install/controller/share/ament_index/resource_index/packages/controller
/home/misys/forza_ws/race_stack/install/controller/share/controller/package.xml
/home/misys/forza_ws/race_stack/install/controller/share/controller/launch/controller_small_launch.xml
/home/misys/forza_ws/race_stack/install/controller/share/controller/launch/controller_launch.xml
/home/misys/forza_ws/race_stack/install/controller/lib/python3.10/site-packages/controller-0.0.0-py3.10.egg-info/PKG-INFO
/home/misys/forza_ws/race_stack/install/controller/lib/python3.10/site-packages/controller-0.0.0-py3.10.egg-info/SOURCES.txt
/home/misys/forza_ws/race_stack/install/controller/lib/python3.10/site-packages/controller-0.0.0-py3.10.egg-info/dependency_links.txt
/home/misys/forza_ws/race_stack/install/controller/lib/python3.10/site-packages/controller-0.0.0-py3.10.egg-info/zip-safe
/home/misys/forza_ws/race_stack/install/controller/lib/python3.10/site-packages/controller-0.0.0-py3.10.egg-info/entry_points.txt
/home/misys/forza_ws/race_stack/install/controller/lib/python3.10/site-packages/controller-0.0.0-py3.10.egg-info/requires.txt
/home/misys/forza_ws/race_stack/install/controller/lib/python3.10/site-packages/controller-0.0.0-py3.10.egg-info/top_level.txt
/home/misys/forza_ws/race_stack/install/controller/lib/controller/controller
/home/misys/forza_ws/race_stack/install/controller/lib/controller/controller_small
