running egg_info
creating ../../../build/opponent_publisher/opponent_publisher.egg-info
writing ../../../build/opponent_publisher/opponent_publisher.egg-info/PKG-INFO
writing dependency_links to ../../../build/opponent_publisher/opponent_publisher.egg-info/dependency_links.txt
writing entry points to ../../../build/opponent_publisher/opponent_publisher.egg-info/entry_points.txt
writing requirements to ../../../build/opponent_publisher/opponent_publisher.egg-info/requires.txt
writing top-level names to ../../../build/opponent_publisher/opponent_publisher.egg-info/top_level.txt
writing manifest file '../../../build/opponent_publisher/opponent_publisher.egg-info/SOURCES.txt'
reading manifest file '../../../build/opponent_publisher/opponent_publisher.egg-info/SOURCES.txt'
adding license file 'LICENSE'
writing manifest file '../../../build/opponent_publisher/opponent_publisher.egg-info/SOURCES.txt'
running build
running build_py
creating /home/misys/forza_ws/race_stack/build/opponent_publisher/build
creating /home/misys/forza_ws/race_stack/build/opponent_publisher/build/lib
creating /home/misys/forza_ws/race_stack/build/opponent_publisher/build/lib/opponent_publisher
copying opponent_publisher/collision_detector.py -> /home/misys/forza_ws/race_stack/build/opponent_publisher/build/lib/opponent_publisher
copying opponent_publisher/__init__.py -> /home/misys/forza_ws/race_stack/build/opponent_publisher/build/lib/opponent_publisher
copying opponent_publisher/obstacle_publisher.py -> /home/misys/forza_ws/race_stack/build/opponent_publisher/build/lib/opponent_publisher
running install
running install_lib
creating /home/misys/forza_ws/race_stack/install/opponent_publisher/lib/python3.10/site-packages/opponent_publisher
copying /home/misys/forza_ws/race_stack/build/opponent_publisher/build/lib/opponent_publisher/collision_detector.py -> /home/misys/forza_ws/race_stack/install/opponent_publisher/lib/python3.10/site-packages/opponent_publisher
copying /home/misys/forza_ws/race_stack/build/opponent_publisher/build/lib/opponent_publisher/__init__.py -> /home/misys/forza_ws/race_stack/install/opponent_publisher/lib/python3.10/site-packages/opponent_publisher
copying /home/misys/forza_ws/race_stack/build/opponent_publisher/build/lib/opponent_publisher/obstacle_publisher.py -> /home/misys/forza_ws/race_stack/install/opponent_publisher/lib/python3.10/site-packages/opponent_publisher
byte-compiling /home/misys/forza_ws/race_stack/install/opponent_publisher/lib/python3.10/site-packages/opponent_publisher/collision_detector.py to collision_detector.cpython-310.pyc
byte-compiling /home/misys/forza_ws/race_stack/install/opponent_publisher/lib/python3.10/site-packages/opponent_publisher/__init__.py to __init__.cpython-310.pyc
byte-compiling /home/misys/forza_ws/race_stack/install/opponent_publisher/lib/python3.10/site-packages/opponent_publisher/obstacle_publisher.py to obstacle_publisher.cpython-310.pyc
running install_data
creating /home/misys/forza_ws/race_stack/install/opponent_publisher/share/ament_index
creating /home/misys/forza_ws/race_stack/install/opponent_publisher/share/ament_index/resource_index
creating /home/misys/forza_ws/race_stack/install/opponent_publisher/share/ament_index/resource_index/packages
copying resource/opponent_publisher -> /home/misys/forza_ws/race_stack/install/opponent_publisher/share/ament_index/resource_index/packages
copying package.xml -> /home/misys/forza_ws/race_stack/install/opponent_publisher/share/opponent_publisher
creating /home/misys/forza_ws/race_stack/install/opponent_publisher/share/opponent_publisher/launch
copying launch/opponent_publisher_launch.xml -> /home/misys/forza_ws/race_stack/install/opponent_publisher/share/opponent_publisher/launch
running install_egg_info
Copying ../../../build/opponent_publisher/opponent_publisher.egg-info to /home/misys/forza_ws/race_stack/install/opponent_publisher/lib/python3.10/site-packages/opponent_publisher-0.0.0-py3.10.egg-info
running install_scripts
Installing collision_detector script to /home/misys/forza_ws/race_stack/install/opponent_publisher/lib/opponent_publisher
Installing obstacle_publisher script to /home/misys/forza_ws/race_stack/install/opponent_publisher/lib/opponent_publisher
writing list of installed files to '/home/misys/forza_ws/race_stack/build/opponent_publisher/install.log'
