[4.708s] Invoking command in '/home/misys/forza_ws/race_stack/utilities/nodes/opponent_publisher': PYTHONPATH=/home/misys/forza_ws/race_stack/build/opponent_publisher/prefix_override:/usr/lib/python3/dist-packages/colcon_core/task/python/colcon_distutils_commands:/home/misys/forza_ws/race_stack/install/opponent_publisher/lib/python3.10/site-packages:${PYTHONPATH} /usr/bin/python3 -W ignore:setup.py install is deprecated -W ignore:easy_install command is deprecated setup.py egg_info --egg-base ../../../build/opponent_publisher build --build-base /home/misys/forza_ws/race_stack/build/opponent_publisher/build install --record /home/misys/forza_ws/race_stack/build/opponent_publisher/install.log --single-version-externally-managed install_data
[5.790s] running egg_info
[5.790s] creating ../../../build/opponent_publisher/opponent_publisher.egg-info
[5.790s] writing ../../../build/opponent_publisher/opponent_publisher.egg-info/PKG-INFO
[5.790s] writing dependency_links to ../../../build/opponent_publisher/opponent_publisher.egg-info/dependency_links.txt
[5.790s] writing entry points to ../../../build/opponent_publisher/opponent_publisher.egg-info/entry_points.txt
[5.790s] writing requirements to ../../../build/opponent_publisher/opponent_publisher.egg-info/requires.txt
[5.790s] writing top-level names to ../../../build/opponent_publisher/opponent_publisher.egg-info/top_level.txt
[5.790s] writing manifest file '../../../build/opponent_publisher/opponent_publisher.egg-info/SOURCES.txt'
[5.790s] reading manifest file '../../../build/opponent_publisher/opponent_publisher.egg-info/SOURCES.txt'
[5.790s] adding license file 'LICENSE'
[5.790s] writing manifest file '../../../build/opponent_publisher/opponent_publisher.egg-info/SOURCES.txt'
[5.791s] running build
[5.791s] running build_py
[5.791s] creating /home/misys/forza_ws/race_stack/build/opponent_publisher/build
[5.791s] creating /home/misys/forza_ws/race_stack/build/opponent_publisher/build/lib
[5.791s] creating /home/misys/forza_ws/race_stack/build/opponent_publisher/build/lib/opponent_publisher
[5.791s] copying opponent_publisher/collision_detector.py -> /home/misys/forza_ws/race_stack/build/opponent_publisher/build/lib/opponent_publisher
[5.791s] copying opponent_publisher/__init__.py -> /home/misys/forza_ws/race_stack/build/opponent_publisher/build/lib/opponent_publisher
[5.791s] copying opponent_publisher/obstacle_publisher.py -> /home/misys/forza_ws/race_stack/build/opponent_publisher/build/lib/opponent_publisher
[5.791s] running install
[5.791s] running install_lib
[5.791s] creating /home/misys/forza_ws/race_stack/install/opponent_publisher/lib/python3.10/site-packages/opponent_publisher
[5.791s] copying /home/misys/forza_ws/race_stack/build/opponent_publisher/build/lib/opponent_publisher/collision_detector.py -> /home/misys/forza_ws/race_stack/install/opponent_publisher/lib/python3.10/site-packages/opponent_publisher
[5.791s] copying /home/misys/forza_ws/race_stack/build/opponent_publisher/build/lib/opponent_publisher/__init__.py -> /home/misys/forza_ws/race_stack/install/opponent_publisher/lib/python3.10/site-packages/opponent_publisher
[5.791s] copying /home/misys/forza_ws/race_stack/build/opponent_publisher/build/lib/opponent_publisher/obstacle_publisher.py -> /home/misys/forza_ws/race_stack/install/opponent_publisher/lib/python3.10/site-packages/opponent_publisher
[5.791s] byte-compiling /home/misys/forza_ws/race_stack/install/opponent_publisher/lib/python3.10/site-packages/opponent_publisher/collision_detector.py to collision_detector.cpython-310.pyc
[5.792s] byte-compiling /home/misys/forza_ws/race_stack/install/opponent_publisher/lib/python3.10/site-packages/opponent_publisher/__init__.py to __init__.cpython-310.pyc
[5.792s] byte-compiling /home/misys/forza_ws/race_stack/install/opponent_publisher/lib/python3.10/site-packages/opponent_publisher/obstacle_publisher.py to obstacle_publisher.cpython-310.pyc
[5.792s] running install_data
[5.792s] creating /home/misys/forza_ws/race_stack/install/opponent_publisher/share/ament_index
[5.792s] creating /home/misys/forza_ws/race_stack/install/opponent_publisher/share/ament_index/resource_index
[5.792s] creating /home/misys/forza_ws/race_stack/install/opponent_publisher/share/ament_index/resource_index/packages
[5.792s] copying resource/opponent_publisher -> /home/misys/forza_ws/race_stack/install/opponent_publisher/share/ament_index/resource_index/packages
[5.792s] copying package.xml -> /home/misys/forza_ws/race_stack/install/opponent_publisher/share/opponent_publisher
[5.792s] creating /home/misys/forza_ws/race_stack/install/opponent_publisher/share/opponent_publisher/launch
[5.792s] copying launch/opponent_publisher_launch.xml -> /home/misys/forza_ws/race_stack/install/opponent_publisher/share/opponent_publisher/launch
[5.792s] running install_egg_info
[5.792s] Copying ../../../build/opponent_publisher/opponent_publisher.egg-info to /home/misys/forza_ws/race_stack/install/opponent_publisher/lib/python3.10/site-packages/opponent_publisher-0.0.0-py3.10.egg-info
[5.792s] running install_scripts
[5.792s] Installing collision_detector script to /home/misys/forza_ws/race_stack/install/opponent_publisher/lib/opponent_publisher
[5.793s] Installing obstacle_publisher script to /home/misys/forza_ws/race_stack/install/opponent_publisher/lib/opponent_publisher
[5.793s] writing list of installed files to '/home/misys/forza_ws/race_stack/build/opponent_publisher/install.log'
[6.208s] Invoked command in '/home/misys/forza_ws/race_stack/utilities/nodes/opponent_publisher' returned '0': PYTHONPATH=/home/misys/forza_ws/race_stack/build/opponent_publisher/prefix_override:/usr/lib/python3/dist-packages/colcon_core/task/python/colcon_distutils_commands:/home/misys/forza_ws/race_stack/install/opponent_publisher/lib/python3.10/site-packages:${PYTHONPATH} /usr/bin/python3 -W ignore:setup.py install is deprecated -W ignore:easy_install command is deprecated setup.py egg_info --egg-base ../../../build/opponent_publisher build --build-base /home/misys/forza_ws/race_stack/build/opponent_publisher/build install --record /home/misys/forza_ws/race_stack/build/opponent_publisher/install.log --single-version-externally-managed install_data
