[0.032s] Invoking command in '/home/misys/forza_ws/race_stack/build/teb_local_planner': AMENT_PREFIX_PATH=/home/misys/forza_ws/race_stack/install/frenet_conversion:/home/misys/forza_ws/race_stack/install/f1tenth_stack:/home/misys/forza_ws/race_stack/install/vesc:/home/misys/forza_ws/race_stack/install/vesc_driver:/home/misys/forza_ws/race_stack/install/vesc_ackermann:/home/misys/forza_ws/race_stack/install/vesc_msgs:/home/misys/forza_ws/race_stack/install/urg_node2:/home/misys/forza_ws/race_stack/install/teleop_tools:/home/misys/forza_ws/race_stack/install/joy_teleop:/home/misys/forza_ws/race_stack/install/teleop_tools_msgs:/home/misys/forza_ws/race_stack/install/steering_lookup:/home/misys/forza_ws/race_stack/install/state_machine:/home/misys/forza_ws/race_stack/install/slam_tuner:/home/misys/forza_ws/race_stack/install/state_estimation:/home/misys/forza_ws/race_stack/install/map_editor:/home/misys/forza_ws/race_stack/install/stack_master:/home/misys/forza_ws/race_stack/install/spline_planner:/home/misys/forza_ws/race_stack/install/slam_toolbox:/home/misys/forza_ws/race_stack/install/sector_tuner:/home/misys/forza_ws/race_stack/install/perception_cpp:/home/misys/forza_ws/race_stack/install/perception:/home/misys/forza_ws/race_stack/install/particle_filter:/home/misys/forza_ws/race_stack/install/opponent_publisher_cpp:/home/misys/forza_ws/race_stack/install/opponent_publisher:/home/misys/forza_ws/race_stack/install/ofc:/home/misys/forza_ws/race_stack/install/mouse_teleop:/home/misys/forza_ws/race_stack/install/lap_analyser:/home/misys/forza_ws/race_stack/install/key_teleop:/home/misys/forza_ws/race_stack/install/id_controller:/home/misys/forza_ws/race_stack/install/global_planner:/home/misys/forza_ws/race_stack/install/frenet_odom_republisher_cpp:/home/misys/forza_ws/race_stack/install/frenet_odom_republisher:/home/misys/forza_ws/race_stack/install/frenet_conversion_cpp:/home/misys/forza_ws/race_stack/install/f1tenth_gym_ros:/home/misys/forza_ws/race_stack/install/controller_cpp:/home/misys/forza_ws/race_stack/install/f110_msgs:/home/misys/forza_ws/race_stack/install/controller:/home/misys/forza_ws/race_stack/install/ackermann_mux:/opt/ros/humble CMAKE_PREFIX_PATH=/home/misys/forza_ws/race_stack/install/f110_msgs:/home/misys/forza_ws/race_stack/install/vesc:/home/misys/forza_ws/race_stack/install/vesc_driver:/home/misys/forza_ws/race_stack/install/vesc_ackermann:/home/misys/forza_ws/race_stack/install/vesc_msgs:/home/misys/forza_ws/race_stack/install/urg_node2:/home/misys/forza_ws/race_stack/install/teleop_tools:/home/misys/forza_ws/race_stack/install/teleop_tools_msgs:/home/misys/forza_ws/race_stack/install/slam_toolbox:/home/misys/forza_ws/race_stack/install/perception_cpp:/home/misys/forza_ws/race_stack/install/opponent_publisher_cpp:/home/misys/forza_ws/race_stack/install/frenet_odom_republisher_cpp:/home/misys/forza_ws/race_stack/install/frenet_conversion_cpp:/home/misys/forza_ws/race_stack/install/controller_cpp:/home/misys/forza_ws/race_stack/install/ackermann_mux LD_LIBRARY_PATH=/home/misys/forza_ws/race_stack/install/f110_msgs/lib:/home/misys/forza_ws/race_stack/install/vesc_driver/lib:/home/misys/forza_ws/race_stack/install/vesc_ackermann/lib:/home/misys/forza_ws/race_stack/install/vesc_msgs/lib:/home/misys/forza_ws/race_stack/install/urg_node2/lib:/home/misys/forza_ws/race_stack/install/teleop_tools_msgs/lib:/home/misys/forza_ws/race_stack/install/slam_toolbox/lib:/home/misys/forza_ws/race_stack/install/frenet_conversion_cpp/lib:/opt/ros/humble/opt/rviz_ogre_vendor/lib:/opt/ros/humble/lib/x86_64-linux-gnu:/opt/ros/humble/lib:/usr/local/nvidia/lib:/usr/local/nvidia/lib64 PYTHONPATH=/home/misys/forza_ws/race_stack/install/frenet_conversion/lib/python3.10/site-packages:/home/misys/forza_ws/race_stack/install/f1tenth_stack/lib/python3.10/site-packages:/home/misys/forza_ws/race_stack/install/vesc_msgs/local/lib/python3.10/dist-packages:/home/misys/forza_ws/race_stack/install/joy_teleop/lib/python3.10/site-packages:/home/misys/forza_ws/race_stack/install/teleop_tools_msgs/local/lib/python3.10/dist-packages:/home/misys/forza_ws/race_stack/install/steering_lookup/lib/python3.10/site-packages:/home/misys/forza_ws/race_stack/install/state_machine/lib/python3.10/site-packages:/home/misys/forza_ws/race_stack/install/slam_tuner/lib/python3.10/site-packages:/home/misys/forza_ws/race_stack/install/state_estimation/lib/python3.10/site-packages:/home/misys/forza_ws/race_stack/install/map_editor/lib/python3.10/site-packages:/home/misys/forza_ws/race_stack/install/stack_master/lib/python3.10/site-packages:/home/misys/forza_ws/race_stack/install/spline_planner/lib/python3.10/site-packages:/home/misys/forza_ws/race_stack/install/slam_toolbox/local/lib/python3.10/dist-packages:/home/misys/forza_ws/race_stack/install/sector_tuner/lib/python3.10/site-packages:/home/misys/forza_ws/race_stack/install/perception/lib/python3.10/site-packages:/home/misys/forza_ws/race_stack/install/particle_filter/lib/python3.10/site-packages:/home/misys/forza_ws/race_stack/install/opponent_publisher/lib/python3.10/site-packages:/home/misys/forza_ws/race_stack/install/ofc/lib/python3.10/site-packages:/home/misys/forza_ws/race_stack/install/mouse_teleop/lib/python3.10/site-packages:/home/misys/forza_ws/race_stack/install/lap_analyser/lib/python3.10/site-packages:/home/misys/forza_ws/race_stack/install/key_teleop/lib/python3.10/site-packages:/home/misys/forza_ws/race_stack/install/id_controller/lib/python3.10/site-packages:/home/misys/forza_ws/race_stack/install/global_planner/lib/python3.10/site-packages:/home/misys/forza_ws/race_stack/install/frenet_odom_republisher/lib/python3.10/site-packages:/home/misys/forza_ws/race_stack/install/f1tenth_gym_ros/lib/python3.10/site-packages:/home/misys/forza_ws/race_stack/install/f110_msgs/local/lib/python3.10/dist-packages:/home/misys/forza_ws/race_stack/install/f110_gym/lib/python3.10/site-packages:/home/misys/forza_ws/race_stack/install/controller/lib/python3.10/site-packages:/opt/ros/humble/lib/python3.10/site-packages:/opt/ros/humble/local/lib/python3.10/dist-packages /usr/bin/cmake /home/misys/forza_ws/race_stack/ADP-Project/src/teb_local_planner -DCATKIN_INSTALL_INTO_PREFIX_ROOT=0 -DCATKIN_SYMLINK_INSTALL=ON -DCMAKE_INSTALL_PREFIX=/home/misys/forza_ws/race_stack/install/teb_local_planner
[0.203s] -- The C compiler identification is GNU 11.4.0
[0.307s] -- The CXX compiler identification is GNU 11.4.0
[0.322s] -- Detecting C compiler ABI info
[0.429s] -- Detecting C compiler ABI info - done
[0.437s] -- Check for working C compiler: /usr/bin/cc - skipped
[0.437s] -- Detecting C compile features
[0.438s] -- Detecting C compile features - done
[0.442s] -- Detecting CXX compiler ABI info
[0.552s] -- Detecting CXX compiler ABI info - done
[0.560s] -- Check for working CXX compiler: /usr/bin/c++ - skipped
[0.560s] -- Detecting CXX compile features
[0.561s] -- Detecting CXX compile features - done
[0.569s] -- Found ament_cmake: 1.3.12 (/opt/ros/humble/share/ament_cmake/cmake)
[0.834s] -- Found Python3: /usr/bin/python3 (found version "3.10.12") found components: Interpreter 
[1.010s] -- Found rclcpp: 16.0.15 (/opt/ros/humble/share/rclcpp/cmake)
[1.088s] -- Found rosidl_generator_c: 3.1.7 (/opt/ros/humble/share/rosidl_generator_c/cmake)
[1.098s] -- Found rosidl_adapter: 3.1.7 (/opt/ros/humble/share/rosidl_adapter/cmake)
[1.119s] -- Found rosidl_generator_cpp: 3.1.7 (/opt/ros/humble/share/rosidl_generator_cpp/cmake)
[1.143s] -- Using all available rosidl_typesupport_c: rosidl_typesupport_fastrtps_c;rosidl_typesupport_introspection_c
[1.171s] -- Using all available rosidl_typesupport_cpp: rosidl_typesupport_fastrtps_cpp;rosidl_typesupport_introspection_cpp
[1.251s] -- Found rmw_implementation_cmake: 6.1.2 (/opt/ros/humble/share/rmw_implementation_cmake/cmake)
[1.258s] -- Found rmw_fastrtps_cpp: 6.2.9 (/opt/ros/humble/share/rmw_fastrtps_cpp/cmake)
[1.406s] -- Found OpenSSL: /usr/lib/x86_64-linux-gnu/libcrypto.so (found version "3.0.2")  
[1.455s] -- Found FastRTPS: /opt/ros/humble/include  
[1.523s] -- Using RMW implementation 'rmw_fastrtps_cpp' as default
[1.544s] -- Looking for pthread.h
[1.653s] -- Looking for pthread.h - found
[1.653s] -- Performing Test CMAKE_HAVE_LIBC_PTHREAD
[1.764s] -- Performing Test CMAKE_HAVE_LIBC_PTHREAD - Success
[1.766s] -- Found Threads: TRUE  
[1.852s] -- Found geometry_msgs: 4.9.0 (/opt/ros/humble/share/geometry_msgs/cmake)
[1.872s] -- Found visualization_msgs: 4.9.0 (/opt/ros/humble/share/visualization_msgs/cmake)
[1.926s] -- Found nav_msgs: 4.9.0 (/opt/ros/humble/share/nav_msgs/cmake)
[1.950s] -- Found f110_msgs: 0.0.0 (/home/misys/forza_ws/race_stack/install/f110_msgs/share/f110_msgs/cmake)
[1.988s] [31mCMake Error at CMakeLists.txt:14 (find_package):
[1.988s]   By not providing "Findfrenet_conversion.cmake" in CMAKE_MODULE_PATH this
[1.988s]   project has asked CMake to find a package configuration file provided by
[1.988s]   "frenet_conversion", but CMake did not find one.
[1.988s] 
[1.988s]   Could not find a package configuration file provided by "frenet_conversion"
[1.988s]   with any of the following names:
[1.989s] 
[1.989s]     frenet_conversionConfig.cmake
[1.989s]     frenet_conversion-config.cmake
[1.989s] 
[1.989s]   Add the installation prefix of "frenet_conversion" to CMAKE_PREFIX_PATH or
[1.989s]   set "frenet_conversion_DIR" to a directory containing one of the above
[1.989s]   files.  If "frenet_conversion" provides a separate development package or
[1.989s]   SDK, be sure it has been installed.
[1.989s] 
[1.989s] [0m
[1.989s] -- Configuring incomplete, errors occurred!
[1.989s] See also "/home/misys/forza_ws/race_stack/build/teb_local_planner/CMakeFiles/CMakeOutput.log".
[1.998s] Invoked command in '/home/misys/forza_ws/race_stack/build/teb_local_planner' returned '1': AMENT_PREFIX_PATH=/home/misys/forza_ws/race_stack/install/frenet_conversion:/home/misys/forza_ws/race_stack/install/f1tenth_stack:/home/misys/forza_ws/race_stack/install/vesc:/home/misys/forza_ws/race_stack/install/vesc_driver:/home/misys/forza_ws/race_stack/install/vesc_ackermann:/home/misys/forza_ws/race_stack/install/vesc_msgs:/home/misys/forza_ws/race_stack/install/urg_node2:/home/misys/forza_ws/race_stack/install/teleop_tools:/home/misys/forza_ws/race_stack/install/joy_teleop:/home/misys/forza_ws/race_stack/install/teleop_tools_msgs:/home/misys/forza_ws/race_stack/install/steering_lookup:/home/misys/forza_ws/race_stack/install/state_machine:/home/misys/forza_ws/race_stack/install/slam_tuner:/home/misys/forza_ws/race_stack/install/state_estimation:/home/misys/forza_ws/race_stack/install/map_editor:/home/misys/forza_ws/race_stack/install/stack_master:/home/misys/forza_ws/race_stack/install/spline_planner:/home/misys/forza_ws/race_stack/install/slam_toolbox:/home/misys/forza_ws/race_stack/install/sector_tuner:/home/misys/forza_ws/race_stack/install/perception_cpp:/home/misys/forza_ws/race_stack/install/perception:/home/misys/forza_ws/race_stack/install/particle_filter:/home/misys/forza_ws/race_stack/install/opponent_publisher_cpp:/home/misys/forza_ws/race_stack/install/opponent_publisher:/home/misys/forza_ws/race_stack/install/ofc:/home/misys/forza_ws/race_stack/install/mouse_teleop:/home/misys/forza_ws/race_stack/install/lap_analyser:/home/misys/forza_ws/race_stack/install/key_teleop:/home/misys/forza_ws/race_stack/install/id_controller:/home/misys/forza_ws/race_stack/install/global_planner:/home/misys/forza_ws/race_stack/install/frenet_odom_republisher_cpp:/home/misys/forza_ws/race_stack/install/frenet_odom_republisher:/home/misys/forza_ws/race_stack/install/frenet_conversion_cpp:/home/misys/forza_ws/race_stack/install/f1tenth_gym_ros:/home/misys/forza_ws/race_stack/install/controller_cpp:/home/misys/forza_ws/race_stack/install/f110_msgs:/home/misys/forza_ws/race_stack/install/controller:/home/misys/forza_ws/race_stack/install/ackermann_mux:/opt/ros/humble CMAKE_PREFIX_PATH=/home/misys/forza_ws/race_stack/install/f110_msgs:/home/misys/forza_ws/race_stack/install/vesc:/home/misys/forza_ws/race_stack/install/vesc_driver:/home/misys/forza_ws/race_stack/install/vesc_ackermann:/home/misys/forza_ws/race_stack/install/vesc_msgs:/home/misys/forza_ws/race_stack/install/urg_node2:/home/misys/forza_ws/race_stack/install/teleop_tools:/home/misys/forza_ws/race_stack/install/teleop_tools_msgs:/home/misys/forza_ws/race_stack/install/slam_toolbox:/home/misys/forza_ws/race_stack/install/perception_cpp:/home/misys/forza_ws/race_stack/install/opponent_publisher_cpp:/home/misys/forza_ws/race_stack/install/frenet_odom_republisher_cpp:/home/misys/forza_ws/race_stack/install/frenet_conversion_cpp:/home/misys/forza_ws/race_stack/install/controller_cpp:/home/misys/forza_ws/race_stack/install/ackermann_mux LD_LIBRARY_PATH=/home/misys/forza_ws/race_stack/install/f110_msgs/lib:/home/misys/forza_ws/race_stack/install/vesc_driver/lib:/home/misys/forza_ws/race_stack/install/vesc_ackermann/lib:/home/misys/forza_ws/race_stack/install/vesc_msgs/lib:/home/misys/forza_ws/race_stack/install/urg_node2/lib:/home/misys/forza_ws/race_stack/install/teleop_tools_msgs/lib:/home/misys/forza_ws/race_stack/install/slam_toolbox/lib:/home/misys/forza_ws/race_stack/install/frenet_conversion_cpp/lib:/opt/ros/humble/opt/rviz_ogre_vendor/lib:/opt/ros/humble/lib/x86_64-linux-gnu:/opt/ros/humble/lib:/usr/local/nvidia/lib:/usr/local/nvidia/lib64 PYTHONPATH=/home/misys/forza_ws/race_stack/install/frenet_conversion/lib/python3.10/site-packages:/home/misys/forza_ws/race_stack/install/f1tenth_stack/lib/python3.10/site-packages:/home/misys/forza_ws/race_stack/install/vesc_msgs/local/lib/python3.10/dist-packages:/home/misys/forza_ws/race_stack/install/joy_teleop/lib/python3.10/site-packages:/home/misys/forza_ws/race_stack/install/teleop_tools_msgs/local/lib/python3.10/dist-packages:/home/misys/forza_ws/race_stack/install/steering_lookup/lib/python3.10/site-packages:/home/misys/forza_ws/race_stack/install/state_machine/lib/python3.10/site-packages:/home/misys/forza_ws/race_stack/install/slam_tuner/lib/python3.10/site-packages:/home/misys/forza_ws/race_stack/install/state_estimation/lib/python3.10/site-packages:/home/misys/forza_ws/race_stack/install/map_editor/lib/python3.10/site-packages:/home/misys/forza_ws/race_stack/install/stack_master/lib/python3.10/site-packages:/home/misys/forza_ws/race_stack/install/spline_planner/lib/python3.10/site-packages:/home/misys/forza_ws/race_stack/install/slam_toolbox/local/lib/python3.10/dist-packages:/home/misys/forza_ws/race_stack/install/sector_tuner/lib/python3.10/site-packages:/home/misys/forza_ws/race_stack/install/perception/lib/python3.10/site-packages:/home/misys/forza_ws/race_stack/install/particle_filter/lib/python3.10/site-packages:/home/misys/forza_ws/race_stack/install/opponent_publisher/lib/python3.10/site-packages:/home/misys/forza_ws/race_stack/install/ofc/lib/python3.10/site-packages:/home/misys/forza_ws/race_stack/install/mouse_teleop/lib/python3.10/site-packages:/home/misys/forza_ws/race_stack/install/lap_analyser/lib/python3.10/site-packages:/home/misys/forza_ws/race_stack/install/key_teleop/lib/python3.10/site-packages:/home/misys/forza_ws/race_stack/install/id_controller/lib/python3.10/site-packages:/home/misys/forza_ws/race_stack/install/global_planner/lib/python3.10/site-packages:/home/misys/forza_ws/race_stack/install/frenet_odom_republisher/lib/python3.10/site-packages:/home/misys/forza_ws/race_stack/install/f1tenth_gym_ros/lib/python3.10/site-packages:/home/misys/forza_ws/race_stack/install/f110_msgs/local/lib/python3.10/dist-packages:/home/misys/forza_ws/race_stack/install/f110_gym/lib/python3.10/site-packages:/home/misys/forza_ws/race_stack/install/controller/lib/python3.10/site-packages:/opt/ros/humble/lib/python3.10/site-packages:/opt/ros/humble/local/lib/python3.10/dist-packages /usr/bin/cmake /home/misys/forza_ws/race_stack/ADP-Project/src/teb_local_planner -DCATKIN_INSTALL_INTO_PREFIX_ROOT=0 -DCATKIN_SYMLINK_INSTALL=ON -DCMAKE_INSTALL_PREFIX=/home/misys/forza_ws/race_stack/install/teb_local_planner
