-- Found ament_cmake: 1.3.12 (/opt/ros/humble/share/ament_cmake/cmake)
-- Found Python3: /usr/bin/python3 (found version "3.10.12") found components: Interpreter 
-- Configuring done
-- Generating done
-- Build files have been written to: /home/misys/forza_ws/race_stack/build/teleop_tools
-- Install configuration: ""
-- Installing: /home/misys/forza_ws/race_stack/install/teleop_tools/share/ament_index/resource_index/package_run_dependencies/teleop_tools
-- Installing: /home/misys/forza_ws/race_stack/install/teleop_tools/share/ament_index/resource_index/parent_prefix_path/teleop_tools
-- Installing: /home/misys/forza_ws/race_stack/install/teleop_tools/share/teleop_tools/environment/ament_prefix_path.sh
-- Installing: /home/misys/forza_ws/race_stack/install/teleop_tools/share/teleop_tools/environment/ament_prefix_path.dsv
-- Installing: /home/misys/forza_ws/race_stack/install/teleop_tools/share/teleop_tools/environment/path.sh
-- Installing: /home/misys/forza_ws/race_stack/install/teleop_tools/share/teleop_tools/environment/path.dsv
-- Installing: /home/misys/forza_ws/race_stack/install/teleop_tools/share/teleop_tools/local_setup.bash
-- Installing: /home/misys/forza_ws/race_stack/install/teleop_tools/share/teleop_tools/local_setup.sh
-- Installing: /home/misys/forza_ws/race_stack/install/teleop_tools/share/teleop_tools/local_setup.zsh
-- Installing: /home/misys/forza_ws/race_stack/install/teleop_tools/share/teleop_tools/local_setup.dsv
-- Installing: /home/misys/forza_ws/race_stack/install/teleop_tools/share/teleop_tools/package.dsv
-- Installing: /home/misys/forza_ws/race_stack/install/teleop_tools/share/ament_index/resource_index/packages/teleop_tools
-- Installing: /home/misys/forza_ws/race_stack/install/teleop_tools/share/teleop_tools/cmake/teleop_toolsConfig.cmake
-- Installing: /home/misys/forza_ws/race_stack/install/teleop_tools/share/teleop_tools/cmake/teleop_toolsConfig-version.cmake
-- Installing: /home/misys/forza_ws/race_stack/install/teleop_tools/share/teleop_tools/package.xml
