[0.016s] Invoking command in '/home/misys/forza_ws/race_stack/build/teleop_tools': AMENT_PREFIX_PATH=/home/misys/forza_ws/race_stack/install/joy_teleop:/home/misys/forza_ws/race_stack/install/teleop_tools_msgs:/home/misys/forza_ws/race_stack/install/key_teleop:${AMENT_PREFIX_PATH} CMAKE_PREFIX_PATH=/home/misys/forza_ws/race_stack/install/teleop_tools_msgs:/opt/ros/humble LD_LIBRARY_PATH=/home/misys/forza_ws/race_stack/install/teleop_tools_msgs/lib:${LD_LIBRARY_PATH} PYTHONPATH=/home/misys/forza_ws/race_stack/install/joy_teleop/lib/python3.10/site-packages:/home/misys/forza_ws/race_stack/install/teleop_tools_msgs/local/lib/python3.10/dist-packages:/home/misys/forza_ws/race_stack/install/key_teleop/lib/python3.10/site-packages:${PYTHONPATH} /usr/bin/cmake /home/misys/forza_ws/race_stack/base_system/f1tenth_system/teleop_tools/teleop_tools -DCMAKE_INSTALL_PREFIX=/home/misys/forza_ws/race_stack/install/teleop_tools
[0.063s] -- Found ament_cmake: 1.3.12 (/opt/ros/humble/share/ament_cmake/cmake)
[0.364s] -- Found Python3: /usr/bin/python3 (found version "3.10.12") found components: Interpreter 
[0.481s] -- Configuring done
[0.485s] -- Generating done
[0.489s] -- Build files have been written to: /home/misys/forza_ws/race_stack/build/teleop_tools
[0.495s] Invoked command in '/home/misys/forza_ws/race_stack/build/teleop_tools' returned '0': AMENT_PREFIX_PATH=/home/misys/forza_ws/race_stack/install/joy_teleop:/home/misys/forza_ws/race_stack/install/teleop_tools_msgs:/home/misys/forza_ws/race_stack/install/key_teleop:${AMENT_PREFIX_PATH} CMAKE_PREFIX_PATH=/home/misys/forza_ws/race_stack/install/teleop_tools_msgs:/opt/ros/humble LD_LIBRARY_PATH=/home/misys/forza_ws/race_stack/install/teleop_tools_msgs/lib:${LD_LIBRARY_PATH} PYTHONPATH=/home/misys/forza_ws/race_stack/install/joy_teleop/lib/python3.10/site-packages:/home/misys/forza_ws/race_stack/install/teleop_tools_msgs/local/lib/python3.10/dist-packages:/home/misys/forza_ws/race_stack/install/key_teleop/lib/python3.10/site-packages:${PYTHONPATH} /usr/bin/cmake /home/misys/forza_ws/race_stack/base_system/f1tenth_system/teleop_tools/teleop_tools -DCMAKE_INSTALL_PREFIX=/home/misys/forza_ws/race_stack/install/teleop_tools
[0.496s] Invoking command in '/home/misys/forza_ws/race_stack/build/teleop_tools': AMENT_PREFIX_PATH=/home/misys/forza_ws/race_stack/install/joy_teleop:/home/misys/forza_ws/race_stack/install/teleop_tools_msgs:/home/misys/forza_ws/race_stack/install/key_teleop:${AMENT_PREFIX_PATH} CMAKE_PREFIX_PATH=/home/misys/forza_ws/race_stack/install/teleop_tools_msgs:/opt/ros/humble LD_LIBRARY_PATH=/home/misys/forza_ws/race_stack/install/teleop_tools_msgs/lib:${LD_LIBRARY_PATH} PYTHONPATH=/home/misys/forza_ws/race_stack/install/joy_teleop/lib/python3.10/site-packages:/home/misys/forza_ws/race_stack/install/teleop_tools_msgs/local/lib/python3.10/dist-packages:/home/misys/forza_ws/race_stack/install/key_teleop/lib/python3.10/site-packages:${PYTHONPATH} /usr/bin/cmake --build /home/misys/forza_ws/race_stack/build/teleop_tools -- -j18 -l18
[0.562s] Invoked command in '/home/misys/forza_ws/race_stack/build/teleop_tools' returned '0': AMENT_PREFIX_PATH=/home/misys/forza_ws/race_stack/install/joy_teleop:/home/misys/forza_ws/race_stack/install/teleop_tools_msgs:/home/misys/forza_ws/race_stack/install/key_teleop:${AMENT_PREFIX_PATH} CMAKE_PREFIX_PATH=/home/misys/forza_ws/race_stack/install/teleop_tools_msgs:/opt/ros/humble LD_LIBRARY_PATH=/home/misys/forza_ws/race_stack/install/teleop_tools_msgs/lib:${LD_LIBRARY_PATH} PYTHONPATH=/home/misys/forza_ws/race_stack/install/joy_teleop/lib/python3.10/site-packages:/home/misys/forza_ws/race_stack/install/teleop_tools_msgs/local/lib/python3.10/dist-packages:/home/misys/forza_ws/race_stack/install/key_teleop/lib/python3.10/site-packages:${PYTHONPATH} /usr/bin/cmake --build /home/misys/forza_ws/race_stack/build/teleop_tools -- -j18 -l18
[0.563s] Invoking command in '/home/misys/forza_ws/race_stack/build/teleop_tools': AMENT_PREFIX_PATH=/home/misys/forza_ws/race_stack/install/joy_teleop:/home/misys/forza_ws/race_stack/install/teleop_tools_msgs:/home/misys/forza_ws/race_stack/install/key_teleop:${AMENT_PREFIX_PATH} CMAKE_PREFIX_PATH=/home/misys/forza_ws/race_stack/install/teleop_tools_msgs:/opt/ros/humble LD_LIBRARY_PATH=/home/misys/forza_ws/race_stack/install/teleop_tools_msgs/lib:${LD_LIBRARY_PATH} PYTHONPATH=/home/misys/forza_ws/race_stack/install/joy_teleop/lib/python3.10/site-packages:/home/misys/forza_ws/race_stack/install/teleop_tools_msgs/local/lib/python3.10/dist-packages:/home/misys/forza_ws/race_stack/install/key_teleop/lib/python3.10/site-packages:${PYTHONPATH} /usr/bin/cmake --install /home/misys/forza_ws/race_stack/build/teleop_tools
[0.571s] -- Install configuration: ""
[0.572s] -- Installing: /home/misys/forza_ws/race_stack/install/teleop_tools/share/ament_index/resource_index/package_run_dependencies/teleop_tools
[0.572s] -- Installing: /home/misys/forza_ws/race_stack/install/teleop_tools/share/ament_index/resource_index/parent_prefix_path/teleop_tools
[0.572s] -- Installing: /home/misys/forza_ws/race_stack/install/teleop_tools/share/teleop_tools/environment/ament_prefix_path.sh
[0.572s] -- Installing: /home/misys/forza_ws/race_stack/install/teleop_tools/share/teleop_tools/environment/ament_prefix_path.dsv
[0.572s] -- Installing: /home/misys/forza_ws/race_stack/install/teleop_tools/share/teleop_tools/environment/path.sh
[0.573s] -- Installing: /home/misys/forza_ws/race_stack/install/teleop_tools/share/teleop_tools/environment/path.dsv
[0.573s] -- Installing: /home/misys/forza_ws/race_stack/install/teleop_tools/share/teleop_tools/local_setup.bash
[0.573s] -- Installing: /home/misys/forza_ws/race_stack/install/teleop_tools/share/teleop_tools/local_setup.sh
[0.574s] -- Installing: /home/misys/forza_ws/race_stack/install/teleop_tools/share/teleop_tools/local_setup.zsh
[0.574s] -- Installing: /home/misys/forza_ws/race_stack/install/teleop_tools/share/teleop_tools/local_setup.dsv
[0.574s] -- Installing: /home/misys/forza_ws/race_stack/install/teleop_tools/share/teleop_tools/package.dsv
[0.574s] -- Installing: /home/misys/forza_ws/race_stack/install/teleop_tools/share/ament_index/resource_index/packages/teleop_tools
[0.575s] -- Installing: /home/misys/forza_ws/race_stack/install/teleop_tools/share/teleop_tools/cmake/teleop_toolsConfig.cmake
[0.575s] -- Installing: /home/misys/forza_ws/race_stack/install/teleop_tools/share/teleop_tools/cmake/teleop_toolsConfig-version.cmake
[0.575s] -- Installing: /home/misys/forza_ws/race_stack/install/teleop_tools/share/teleop_tools/package.xml
[0.578s] Invoked command in '/home/misys/forza_ws/race_stack/build/teleop_tools' returned '0': AMENT_PREFIX_PATH=/home/misys/forza_ws/race_stack/install/joy_teleop:/home/misys/forza_ws/race_stack/install/teleop_tools_msgs:/home/misys/forza_ws/race_stack/install/key_teleop:${AMENT_PREFIX_PATH} CMAKE_PREFIX_PATH=/home/misys/forza_ws/race_stack/install/teleop_tools_msgs:/opt/ros/humble LD_LIBRARY_PATH=/home/misys/forza_ws/race_stack/install/teleop_tools_msgs/lib:${LD_LIBRARY_PATH} PYTHONPATH=/home/misys/forza_ws/race_stack/install/joy_teleop/lib/python3.10/site-packages:/home/misys/forza_ws/race_stack/install/teleop_tools_msgs/local/lib/python3.10/dist-packages:/home/misys/forza_ws/race_stack/install/key_teleop/lib/python3.10/site-packages:${PYTHONPATH} /usr/bin/cmake --install /home/misys/forza_ws/race_stack/build/teleop_tools
