running egg_info
creating ../build/ofc/ofc.egg-info
writing ../build/ofc/ofc.egg-info/PKG-INFO
writing dependency_links to ../build/ofc/ofc.egg-info/dependency_links.txt
writing entry points to ../build/ofc/ofc.egg-info/entry_points.txt
writing requirements to ../build/ofc/ofc.egg-info/requires.txt
writing top-level names to ../build/ofc/ofc.egg-info/top_level.txt
writing manifest file '../build/ofc/ofc.egg-info/SOURCES.txt'
reading manifest file '../build/ofc/ofc.egg-info/SOURCES.txt'
writing manifest file '../build/ofc/ofc.egg-info/SOURCES.txt'
running build
running build_py
creating /home/misys/forza_ws/race_stack/build/ofc/build
creating /home/misys/forza_ws/race_stack/build/ofc/build/lib
creating /home/misys/forza_ws/race_stack/build/ofc/build/lib/ofc
copying ofc/joy_controller.py -> /home/misys/forza_ws/race_stack/build/ofc/build/lib/ofc
copying ofc/bag_recorder_sim.py -> /home/misys/forza_ws/race_stack/build/ofc/build/lib/ofc
copying ofc/__init__.py -> /home/misys/forza_ws/race_stack/build/ofc/build/lib/ofc
copying ofc/bag_recorder.py -> /home/misys/forza_ws/race_stack/build/ofc/build/lib/ofc
copying ofc/ftg.py -> /home/misys/forza_ws/race_stack/build/ofc/build/lib/ofc
copying ofc/enabled_guard.py -> /home/misys/forza_ws/race_stack/build/ofc/build/lib/ofc
copying ofc/inference_node.py -> /home/misys/forza_ws/race_stack/build/ofc/build/lib/ofc
running install
running install_lib
creating /home/misys/forza_ws/race_stack/install/ofc/lib/python3.10/site-packages/ofc
copying /home/misys/forza_ws/race_stack/build/ofc/build/lib/ofc/joy_controller.py -> /home/misys/forza_ws/race_stack/install/ofc/lib/python3.10/site-packages/ofc
copying /home/misys/forza_ws/race_stack/build/ofc/build/lib/ofc/bag_recorder_sim.py -> /home/misys/forza_ws/race_stack/install/ofc/lib/python3.10/site-packages/ofc
copying /home/misys/forza_ws/race_stack/build/ofc/build/lib/ofc/__init__.py -> /home/misys/forza_ws/race_stack/install/ofc/lib/python3.10/site-packages/ofc
copying /home/misys/forza_ws/race_stack/build/ofc/build/lib/ofc/bag_recorder.py -> /home/misys/forza_ws/race_stack/install/ofc/lib/python3.10/site-packages/ofc
copying /home/misys/forza_ws/race_stack/build/ofc/build/lib/ofc/ftg.py -> /home/misys/forza_ws/race_stack/install/ofc/lib/python3.10/site-packages/ofc
copying /home/misys/forza_ws/race_stack/build/ofc/build/lib/ofc/enabled_guard.py -> /home/misys/forza_ws/race_stack/install/ofc/lib/python3.10/site-packages/ofc
copying /home/misys/forza_ws/race_stack/build/ofc/build/lib/ofc/inference_node.py -> /home/misys/forza_ws/race_stack/install/ofc/lib/python3.10/site-packages/ofc
byte-compiling /home/misys/forza_ws/race_stack/install/ofc/lib/python3.10/site-packages/ofc/joy_controller.py to joy_controller.cpython-310.pyc
byte-compiling /home/misys/forza_ws/race_stack/install/ofc/lib/python3.10/site-packages/ofc/bag_recorder_sim.py to bag_recorder_sim.cpython-310.pyc
byte-compiling /home/misys/forza_ws/race_stack/install/ofc/lib/python3.10/site-packages/ofc/__init__.py to __init__.cpython-310.pyc
byte-compiling /home/misys/forza_ws/race_stack/install/ofc/lib/python3.10/site-packages/ofc/bag_recorder.py to bag_recorder.cpython-310.pyc
byte-compiling /home/misys/forza_ws/race_stack/install/ofc/lib/python3.10/site-packages/ofc/ftg.py to ftg.cpython-310.pyc
byte-compiling /home/misys/forza_ws/race_stack/install/ofc/lib/python3.10/site-packages/ofc/enabled_guard.py to enabled_guard.cpython-310.pyc
byte-compiling /home/misys/forza_ws/race_stack/install/ofc/lib/python3.10/site-packages/ofc/inference_node.py to inference_node.cpython-310.pyc
running install_data
creating /home/misys/forza_ws/race_stack/install/ofc/share/ament_index
creating /home/misys/forza_ws/race_stack/install/ofc/share/ament_index/resource_index
creating /home/misys/forza_ws/race_stack/install/ofc/share/ament_index/resource_index/packages
copying resource/ofc -> /home/misys/forza_ws/race_stack/install/ofc/share/ament_index/resource_index/packages
copying package.xml -> /home/misys/forza_ws/race_stack/install/ofc/share/ofc
creating /home/misys/forza_ws/race_stack/install/ofc/share/ofc/launch
copying launch/ofc_enabled_sim.launch.py -> /home/misys/forza_ws/race_stack/install/ofc/share/ofc/launch
copying launch/ofc_enabled.launch.py -> /home/misys/forza_ws/race_stack/install/ofc/share/ofc/launch
creating /home/misys/forza_ws/race_stack/install/ofc/share/ofc/models
copying ofc/models/f2_f4_silverstone_7lap_mirrored.keras -> /home/misys/forza_ws/race_stack/install/ofc/share/ofc/models
copying ofc/models/train4_silverstone_7lap.keras -> /home/misys/forza_ws/race_stack/install/ofc/share/ofc/models
copying ofc/models/f2_f4_alone.keras -> /home/misys/forza_ws/race_stack/install/ofc/share/ofc/models
copying ofc/models/f2_f4_alone2.keras -> /home/misys/forza_ws/race_stack/install/ofc/share/ofc/models
copying ofc/models/original_plus_small_map.keras -> /home/misys/forza_ws/race_stack/install/ofc/share/ofc/models
copying ofc/models/final_mirrored.keras -> /home/misys/forza_ws/race_stack/install/ofc/share/ofc/models
copying ofc/models/f2_f4_additional_finetune_SAFE.keras -> /home/misys/forza_ws/race_stack/install/ofc/share/ofc/models
copying ofc/models/f2_f4_additional_finetune.best.keras -> /home/misys/forza_ws/race_stack/install/ofc/share/ofc/models
copying ofc/models/f2_f4_inner.keras -> /home/misys/forza_ws/race_stack/install/ofc/share/ofc/models
copying ofc/models/f2_f4_silverstone_7lap_inner_reversed2.keras -> /home/misys/forza_ws/race_stack/install/ofc/share/ofc/models
copying ofc/models/f2_f4_silverstone_7lap_inner_reversed.keras -> /home/misys/forza_ws/race_stack/install/ofc/share/ofc/models
copying ofc/models/f2_f4_silverstone_7lap.keras -> /home/misys/forza_ws/race_stack/install/ofc/share/ofc/models
copying ofc/models/f2_f4_silverstone_7lap_curve.keras -> /home/misys/forza_ws/race_stack/install/ofc/share/ofc/models
copying ofc/models/f2_f4_all_silverstone_7lap_reversed5.keras -> /home/misys/forza_ws/race_stack/install/ofc/share/ofc/models
copying ofc/models/f2_f4_all_silverstone_7lap_plus_inner.keras -> /home/misys/forza_ws/race_stack/install/ofc/share/ofc/models
copying ofc/models/f2_f4_silverstone_mirrored.keras -> /home/misys/forza_ws/race_stack/install/ofc/share/ofc/models
copying ofc/models/f2_f4_silverstone_7lap_inner_reversed4.keras -> /home/misys/forza_ws/race_stack/install/ofc/share/ofc/models
copying ofc/models/f2_f4_silverstone_7lap_reversed.keras -> /home/misys/forza_ws/race_stack/install/ofc/share/ofc/models
copying ofc/models/TLN_aug.keras -> /home/misys/forza_ws/race_stack/install/ofc/share/ofc/models
running install_egg_info
Copying ../build/ofc/ofc.egg-info to /home/misys/forza_ws/race_stack/install/ofc/lib/python3.10/site-packages/ofc-0.1.0-py3.10.egg-info
running install_scripts
Installing bag_recorder script to /home/misys/forza_ws/race_stack/install/ofc/lib/ofc
Installing bag_recorder_sim script to /home/misys/forza_ws/race_stack/install/ofc/lib/ofc
Installing enabled_guard script to /home/misys/forza_ws/race_stack/install/ofc/lib/ofc
Installing ftg script to /home/misys/forza_ws/race_stack/install/ofc/lib/ofc
Installing joy_controller script to /home/misys/forza_ws/race_stack/install/ofc/lib/ofc
Installing tln_inference script to /home/misys/forza_ws/race_stack/install/ofc/lib/ofc
writing list of installed files to '/home/misys/forza_ws/race_stack/build/ofc/install.log'
