[5.590s] Invoking command in '/home/misys/forza_ws/race_stack/ofc': PYTHONPATH=/home/misys/forza_ws/race_stack/build/ofc/prefix_override:/usr/lib/python3/dist-packages/colcon_core/task/python/colcon_distutils_commands:/home/misys/forza_ws/race_stack/install/ofc/lib/python3.10/site-packages:${PYTHONPATH} /usr/bin/python3 -W ignore:setup.py install is deprecated -W ignore:easy_install command is deprecated setup.py egg_info --egg-base ../build/ofc build --build-base /home/misys/forza_ws/race_stack/build/ofc/build install --record /home/misys/forza_ws/race_stack/build/ofc/install.log --install-scripts $base/lib/ofc --single-version-externally-managed install_data
[8.430s] running egg_info
[8.430s] creating ../build/ofc/ofc.egg-info
[8.430s] writing ../build/ofc/ofc.egg-info/PKG-INFO
[8.430s] writing dependency_links to ../build/ofc/ofc.egg-info/dependency_links.txt
[8.430s] writing entry points to ../build/ofc/ofc.egg-info/entry_points.txt
[8.430s] writing requirements to ../build/ofc/ofc.egg-info/requires.txt
[8.431s] writing top-level names to ../build/ofc/ofc.egg-info/top_level.txt
[8.431s] writing manifest file '../build/ofc/ofc.egg-info/SOURCES.txt'
[8.431s] reading manifest file '../build/ofc/ofc.egg-info/SOURCES.txt'
[8.438s] writing manifest file '../build/ofc/ofc.egg-info/SOURCES.txt'
[8.439s] running build
[8.439s] running build_py
[8.439s] creating /home/misys/forza_ws/race_stack/build/ofc/build
[8.439s] creating /home/misys/forza_ws/race_stack/build/ofc/build/lib
[8.439s] creating /home/misys/forza_ws/race_stack/build/ofc/build/lib/ofc
[8.439s] copying ofc/joy_controller.py -> /home/misys/forza_ws/race_stack/build/ofc/build/lib/ofc
[8.439s] copying ofc/bag_recorder_sim.py -> /home/misys/forza_ws/race_stack/build/ofc/build/lib/ofc
[8.439s] copying ofc/__init__.py -> /home/misys/forza_ws/race_stack/build/ofc/build/lib/ofc
[8.439s] copying ofc/bag_recorder.py -> /home/misys/forza_ws/race_stack/build/ofc/build/lib/ofc
[8.439s] copying ofc/ftg.py -> /home/misys/forza_ws/race_stack/build/ofc/build/lib/ofc
[8.439s] copying ofc/enabled_guard.py -> /home/misys/forza_ws/race_stack/build/ofc/build/lib/ofc
[8.439s] copying ofc/inference_node.py -> /home/misys/forza_ws/race_stack/build/ofc/build/lib/ofc
[8.439s] running install
[8.439s] running install_lib
[8.440s] creating /home/misys/forza_ws/race_stack/install/ofc/lib/python3.10/site-packages/ofc
[8.440s] copying /home/misys/forza_ws/race_stack/build/ofc/build/lib/ofc/joy_controller.py -> /home/misys/forza_ws/race_stack/install/ofc/lib/python3.10/site-packages/ofc
[8.440s] copying /home/misys/forza_ws/race_stack/build/ofc/build/lib/ofc/bag_recorder_sim.py -> /home/misys/forza_ws/race_stack/install/ofc/lib/python3.10/site-packages/ofc
[8.440s] copying /home/misys/forza_ws/race_stack/build/ofc/build/lib/ofc/__init__.py -> /home/misys/forza_ws/race_stack/install/ofc/lib/python3.10/site-packages/ofc
[8.440s] copying /home/misys/forza_ws/race_stack/build/ofc/build/lib/ofc/bag_recorder.py -> /home/misys/forza_ws/race_stack/install/ofc/lib/python3.10/site-packages/ofc
[8.440s] copying /home/misys/forza_ws/race_stack/build/ofc/build/lib/ofc/ftg.py -> /home/misys/forza_ws/race_stack/install/ofc/lib/python3.10/site-packages/ofc
[8.440s] copying /home/misys/forza_ws/race_stack/build/ofc/build/lib/ofc/enabled_guard.py -> /home/misys/forza_ws/race_stack/install/ofc/lib/python3.10/site-packages/ofc
[8.440s] copying /home/misys/forza_ws/race_stack/build/ofc/build/lib/ofc/inference_node.py -> /home/misys/forza_ws/race_stack/install/ofc/lib/python3.10/site-packages/ofc
[8.440s] byte-compiling /home/misys/forza_ws/race_stack/install/ofc/lib/python3.10/site-packages/ofc/joy_controller.py to joy_controller.cpython-310.pyc
[8.440s] byte-compiling /home/misys/forza_ws/race_stack/install/ofc/lib/python3.10/site-packages/ofc/bag_recorder_sim.py to bag_recorder_sim.cpython-310.pyc
[8.440s] byte-compiling /home/misys/forza_ws/race_stack/install/ofc/lib/python3.10/site-packages/ofc/__init__.py to __init__.cpython-310.pyc
[8.440s] byte-compiling /home/misys/forza_ws/race_stack/install/ofc/lib/python3.10/site-packages/ofc/bag_recorder.py to bag_recorder.cpython-310.pyc
[8.440s] byte-compiling /home/misys/forza_ws/race_stack/install/ofc/lib/python3.10/site-packages/ofc/ftg.py to ftg.cpython-310.pyc
[8.441s] byte-compiling /home/misys/forza_ws/race_stack/install/ofc/lib/python3.10/site-packages/ofc/enabled_guard.py to enabled_guard.cpython-310.pyc
[8.441s] byte-compiling /home/misys/forza_ws/race_stack/install/ofc/lib/python3.10/site-packages/ofc/inference_node.py to inference_node.cpython-310.pyc
[8.441s] running install_data
[8.441s] creating /home/misys/forza_ws/race_stack/install/ofc/share/ament_index
[8.444s] creating /home/misys/forza_ws/race_stack/install/ofc/share/ament_index/resource_index
[8.445s] creating /home/misys/forza_ws/race_stack/install/ofc/share/ament_index/resource_index/packages
[8.445s] copying resource/ofc -> /home/misys/forza_ws/race_stack/install/ofc/share/ament_index/resource_index/packages
[8.448s] copying package.xml -> /home/misys/forza_ws/race_stack/install/ofc/share/ofc
[8.448s] creating /home/misys/forza_ws/race_stack/install/ofc/share/ofc/launch
[8.448s] copying launch/ofc_enabled_sim.launch.py -> /home/misys/forza_ws/race_stack/install/ofc/share/ofc/launch
[8.448s] copying launch/ofc_enabled.launch.py -> /home/misys/forza_ws/race_stack/install/ofc/share/ofc/launch
[8.448s] creating /home/misys/forza_ws/race_stack/install/ofc/share/ofc/models
[8.449s] copying ofc/models/f2_f4_silverstone_7lap_mirrored.keras -> /home/misys/forza_ws/race_stack/install/ofc/share/ofc/models
[8.449s] copying ofc/models/train4_silverstone_7lap.keras -> /home/misys/forza_ws/race_stack/install/ofc/share/ofc/models
[8.449s] copying ofc/models/f2_f4_alone.keras -> /home/misys/forza_ws/race_stack/install/ofc/share/ofc/models
[8.449s] copying ofc/models/f2_f4_alone2.keras -> /home/misys/forza_ws/race_stack/install/ofc/share/ofc/models
[8.449s] copying ofc/models/original_plus_small_map.keras -> /home/misys/forza_ws/race_stack/install/ofc/share/ofc/models
[8.449s] copying ofc/models/final_mirrored.keras -> /home/misys/forza_ws/race_stack/install/ofc/share/ofc/models
[8.449s] copying ofc/models/f2_f4_additional_finetune_SAFE.keras -> /home/misys/forza_ws/race_stack/install/ofc/share/ofc/models
[8.449s] copying ofc/models/f2_f4_additional_finetune.best.keras -> /home/misys/forza_ws/race_stack/install/ofc/share/ofc/models
[8.449s] copying ofc/models/f2_f4_inner.keras -> /home/misys/forza_ws/race_stack/install/ofc/share/ofc/models
[8.449s] copying ofc/models/f2_f4_silverstone_7lap_inner_reversed2.keras -> /home/misys/forza_ws/race_stack/install/ofc/share/ofc/models
[8.449s] copying ofc/models/f2_f4_silverstone_7lap_inner_reversed.keras -> /home/misys/forza_ws/race_stack/install/ofc/share/ofc/models
[8.449s] copying ofc/models/f2_f4_silverstone_7lap.keras -> /home/misys/forza_ws/race_stack/install/ofc/share/ofc/models
[8.449s] copying ofc/models/f2_f4_silverstone_7lap_curve.keras -> /home/misys/forza_ws/race_stack/install/ofc/share/ofc/models
[8.450s] copying ofc/models/f2_f4_all_silverstone_7lap_reversed5.keras -> /home/misys/forza_ws/race_stack/install/ofc/share/ofc/models
[8.450s] copying ofc/models/f2_f4_all_silverstone_7lap_plus_inner.keras -> /home/misys/forza_ws/race_stack/install/ofc/share/ofc/models
[8.450s] copying ofc/models/f2_f4_silverstone_mirrored.keras -> /home/misys/forza_ws/race_stack/install/ofc/share/ofc/models
[8.450s] copying ofc/models/f2_f4_silverstone_7lap_inner_reversed4.keras -> /home/misys/forza_ws/race_stack/install/ofc/share/ofc/models
[8.450s] copying ofc/models/f2_f4_silverstone_7lap_reversed.keras -> /home/misys/forza_ws/race_stack/install/ofc/share/ofc/models
[8.450s] copying ofc/models/TLN_aug.keras -> /home/misys/forza_ws/race_stack/install/ofc/share/ofc/models
[8.450s] running install_egg_info
[8.450s] Copying ../build/ofc/ofc.egg-info to /home/misys/forza_ws/race_stack/install/ofc/lib/python3.10/site-packages/ofc-0.1.0-py3.10.egg-info
[8.450s] running install_scripts
[8.450s] Installing bag_recorder script to /home/misys/forza_ws/race_stack/install/ofc/lib/ofc
[8.450s] Installing bag_recorder_sim script to /home/misys/forza_ws/race_stack/install/ofc/lib/ofc
[8.450s] Installing enabled_guard script to /home/misys/forza_ws/race_stack/install/ofc/lib/ofc
[8.450s] Installing ftg script to /home/misys/forza_ws/race_stack/install/ofc/lib/ofc
[8.450s] Installing joy_controller script to /home/misys/forza_ws/race_stack/install/ofc/lib/ofc
[8.451s] Installing tln_inference script to /home/misys/forza_ws/race_stack/install/ofc/lib/ofc
[8.451s] writing list of installed files to '/home/misys/forza_ws/race_stack/build/ofc/install.log'
[9.352s] Invoked command in '/home/misys/forza_ws/race_stack/ofc' returned '0': PYTHONPATH=/home/misys/forza_ws/race_stack/build/ofc/prefix_override:/usr/lib/python3/dist-packages/colcon_core/task/python/colcon_distutils_commands:/home/misys/forza_ws/race_stack/install/ofc/lib/python3.10/site-packages:${PYTHONPATH} /usr/bin/python3 -W ignore:setup.py install is deprecated -W ignore:easy_install command is deprecated setup.py egg_info --egg-base ../build/ofc build --build-base /home/misys/forza_ws/race_stack/build/ofc/build install --record /home/misys/forza_ws/race_stack/build/ofc/install.log --install-scripts $base/lib/ofc --single-version-externally-managed install_data
