/home/misys/forza_ws/race_stack/install/ofc/lib/python3.10/site-packages/ofc/joy_controller.py
/home/misys/forza_ws/race_stack/install/ofc/lib/python3.10/site-packages/ofc/bag_recorder_sim.py
/home/misys/forza_ws/race_stack/install/ofc/lib/python3.10/site-packages/ofc/__init__.py
/home/misys/forza_ws/race_stack/install/ofc/lib/python3.10/site-packages/ofc/bag_recorder.py
/home/misys/forza_ws/race_stack/install/ofc/lib/python3.10/site-packages/ofc/ftg.py
/home/misys/forza_ws/race_stack/install/ofc/lib/python3.10/site-packages/ofc/enabled_guard.py
/home/misys/forza_ws/race_stack/install/ofc/lib/python3.10/site-packages/ofc/inference_node.py
/home/misys/forza_ws/race_stack/install/ofc/lib/python3.10/site-packages/ofc/__pycache__/joy_controller.cpython-310.pyc
/home/misys/forza_ws/race_stack/install/ofc/lib/python3.10/site-packages/ofc/__pycache__/bag_recorder_sim.cpython-310.pyc
/home/misys/forza_ws/race_stack/install/ofc/lib/python3.10/site-packages/ofc/__pycache__/__init__.cpython-310.pyc
/home/misys/forza_ws/race_stack/install/ofc/lib/python3.10/site-packages/ofc/__pycache__/bag_recorder.cpython-310.pyc
/home/misys/forza_ws/race_stack/install/ofc/lib/python3.10/site-packages/ofc/__pycache__/ftg.cpython-310.pyc
/home/misys/forza_ws/race_stack/install/ofc/lib/python3.10/site-packages/ofc/__pycache__/enabled_guard.cpython-310.pyc
/home/misys/forza_ws/race_stack/install/ofc/lib/python3.10/site-packages/ofc/__pycache__/inference_node.cpython-310.pyc
/home/misys/forza_ws/race_stack/install/ofc/share/ament_index/resource_index/packages/ofc
/home/misys/forza_ws/race_stack/install/ofc/share/ofc/package.xml
/home/misys/forza_ws/race_stack/install/ofc/share/ofc/launch/ofc_enabled_sim.launch.py
/home/misys/forza_ws/race_stack/install/ofc/share/ofc/launch/ofc_enabled.launch.py
/home/misys/forza_ws/race_stack/install/ofc/share/ofc/models/f2_f4_silverstone_7lap_mirrored.keras
/home/misys/forza_ws/race_stack/install/ofc/share/ofc/models/train4_silverstone_7lap.keras
/home/misys/forza_ws/race_stack/install/ofc/share/ofc/models/f2_f4_alone.keras
/home/misys/forza_ws/race_stack/install/ofc/share/ofc/models/f2_f4_alone2.keras
/home/misys/forza_ws/race_stack/install/ofc/share/ofc/models/original_plus_small_map.keras
/home/misys/forza_ws/race_stack/install/ofc/share/ofc/models/final_mirrored.keras
/home/misys/forza_ws/race_stack/install/ofc/share/ofc/models/f2_f4_additional_finetune_SAFE.keras
/home/misys/forza_ws/race_stack/install/ofc/share/ofc/models/f2_f4_additional_finetune.best.keras
/home/misys/forza_ws/race_stack/install/ofc/share/ofc/models/f2_f4_inner.keras
/home/misys/forza_ws/race_stack/install/ofc/share/ofc/models/f2_f4_silverstone_7lap_inner_reversed2.keras
/home/misys/forza_ws/race_stack/install/ofc/share/ofc/models/f2_f4_silverstone_7lap_inner_reversed.keras
/home/misys/forza_ws/race_stack/install/ofc/share/ofc/models/f2_f4_silverstone_7lap.keras
/home/misys/forza_ws/race_stack/install/ofc/share/ofc/models/f2_f4_silverstone_7lap_curve.keras
/home/misys/forza_ws/race_stack/install/ofc/share/ofc/models/f2_f4_all_silverstone_7lap_reversed5.keras
/home/misys/forza_ws/race_stack/install/ofc/share/ofc/models/f2_f4_all_silverstone_7lap_plus_inner.keras
/home/misys/forza_ws/race_stack/install/ofc/share/ofc/models/f2_f4_silverstone_mirrored.keras
/home/misys/forza_ws/race_stack/install/ofc/share/ofc/models/f2_f4_silverstone_7lap_inner_reversed4.keras
/home/misys/forza_ws/race_stack/install/ofc/share/ofc/models/f2_f4_silverstone_7lap_reversed.keras
/home/misys/forza_ws/race_stack/install/ofc/share/ofc/models/TLN_aug.keras
/home/misys/forza_ws/race_stack/install/ofc/lib/python3.10/site-packages/ofc-0.1.0-py3.10.egg-info/PKG-INFO
/home/misys/forza_ws/race_stack/install/ofc/lib/python3.10/site-packages/ofc-0.1.0-py3.10.egg-info/SOURCES.txt
/home/misys/forza_ws/race_stack/install/ofc/lib/python3.10/site-packages/ofc-0.1.0-py3.10.egg-info/dependency_links.txt
/home/misys/forza_ws/race_stack/install/ofc/lib/python3.10/site-packages/ofc-0.1.0-py3.10.egg-info/zip-safe
/home/misys/forza_ws/race_stack/install/ofc/lib/python3.10/site-packages/ofc-0.1.0-py3.10.egg-info/entry_points.txt
/home/misys/forza_ws/race_stack/install/ofc/lib/python3.10/site-packages/ofc-0.1.0-py3.10.egg-info/requires.txt
/home/misys/forza_ws/race_stack/install/ofc/lib/python3.10/site-packages/ofc-0.1.0-py3.10.egg-info/top_level.txt
/home/misys/forza_ws/race_stack/install/ofc/lib/ofc/bag_recorder
/home/misys/forza_ws/race_stack/install/ofc/lib/ofc/bag_recorder_sim
/home/misys/forza_ws/race_stack/install/ofc/lib/ofc/enabled_guard
/home/misys/forza_ws/race_stack/install/ofc/lib/ofc/ftg
/home/misys/forza_ws/race_stack/install/ofc/lib/ofc/joy_controller
/home/misys/forza_ws/race_stack/install/ofc/lib/ofc/tln_inference
