running egg_info
creating ../../../build/frenet_odom_republisher/frenet_odom_republisher.egg-info
writing ../../../build/frenet_odom_republisher/frenet_odom_republisher.egg-info/PKG-INFO
writing dependency_links to ../../../build/frenet_odom_republisher/frenet_odom_republisher.egg-info/dependency_links.txt
writing entry points to ../../../build/frenet_odom_republisher/frenet_odom_republisher.egg-info/entry_points.txt
writing requirements to ../../../build/frenet_odom_republisher/frenet_odom_republisher.egg-info/requires.txt
writing top-level names to ../../../build/frenet_odom_republisher/frenet_odom_republisher.egg-info/top_level.txt
writing manifest file '../../../build/frenet_odom_republisher/frenet_odom_republisher.egg-info/SOURCES.txt'
reading manifest file '../../../build/frenet_odom_republisher/frenet_odom_republisher.egg-info/SOURCES.txt'
writing manifest file '../../../build/frenet_odom_republisher/frenet_odom_republisher.egg-info/SOURCES.txt'
running build
running build_py
creating /home/misys/forza_ws/race_stack/build/frenet_odom_republisher/build
creating /home/misys/forza_ws/race_stack/build/frenet_odom_republisher/build/lib
creating /home/misys/forza_ws/race_stack/build/frenet_odom_republisher/build/lib/frenet_odom_republisher
copying frenet_odom_republisher/frenet_odom_republisher_node.py -> /home/misys/forza_ws/race_stack/build/frenet_odom_republisher/build/lib/frenet_odom_republisher
copying frenet_odom_republisher/__init__.py -> /home/misys/forza_ws/race_stack/build/frenet_odom_republisher/build/lib/frenet_odom_republisher
running install
running install_lib
creating /home/misys/forza_ws/race_stack/install/frenet_odom_republisher/lib/python3.10/site-packages/frenet_odom_republisher
copying /home/misys/forza_ws/race_stack/build/frenet_odom_republisher/build/lib/frenet_odom_republisher/frenet_odom_republisher_node.py -> /home/misys/forza_ws/race_stack/install/frenet_odom_republisher/lib/python3.10/site-packages/frenet_odom_republisher
copying /home/misys/forza_ws/race_stack/build/frenet_odom_republisher/build/lib/frenet_odom_republisher/__init__.py -> /home/misys/forza_ws/race_stack/install/frenet_odom_republisher/lib/python3.10/site-packages/frenet_odom_republisher
byte-compiling /home/misys/forza_ws/race_stack/install/frenet_odom_republisher/lib/python3.10/site-packages/frenet_odom_republisher/frenet_odom_republisher_node.py to frenet_odom_republisher_node.cpython-310.pyc
byte-compiling /home/misys/forza_ws/race_stack/install/frenet_odom_republisher/lib/python3.10/site-packages/frenet_odom_republisher/__init__.py to __init__.cpython-310.pyc
running install_data
creating /home/misys/forza_ws/race_stack/install/frenet_odom_republisher/share/ament_index
creating /home/misys/forza_ws/race_stack/install/frenet_odom_republisher/share/ament_index/resource_index
creating /home/misys/forza_ws/race_stack/install/frenet_odom_republisher/share/ament_index/resource_index/packages
copying resource/frenet_odom_republisher -> /home/misys/forza_ws/race_stack/install/frenet_odom_republisher/share/ament_index/resource_index/packages
copying package.xml -> /home/misys/forza_ws/race_stack/install/frenet_odom_republisher/share/frenet_odom_republisher
creating /home/misys/forza_ws/race_stack/install/frenet_odom_republisher/share/frenet_odom_republisher/launch
copying launch/frenet_odom_republisher_launch.xml -> /home/misys/forza_ws/race_stack/install/frenet_odom_republisher/share/frenet_odom_republisher/launch
running install_egg_info
Copying ../../../build/frenet_odom_republisher/frenet_odom_republisher.egg-info to /home/misys/forza_ws/race_stack/install/frenet_odom_republisher/lib/python3.10/site-packages/frenet_odom_republisher-0.0.0-py3.10.egg-info
running install_scripts
Installing frenet_odom_republisher_node script to /home/misys/forza_ws/race_stack/install/frenet_odom_republisher/lib/frenet_odom_republisher
writing list of installed files to '/home/misys/forza_ws/race_stack/build/frenet_odom_republisher/install.log'
