[4.629s] Invoking command in '/home/misys/forza_ws/race_stack/utilities/nodes/frenet_odom_republisher': PYTHONPATH=/home/misys/forza_ws/race_stack/build/frenet_odom_republisher/prefix_override:/usr/lib/python3/dist-packages/colcon_core/task/python/colcon_distutils_commands:/home/misys/forza_ws/race_stack/install/frenet_odom_republisher/lib/python3.10/site-packages:${PYTHONPATH} /usr/bin/python3 -W ignore:setup.py install is deprecated -W ignore:easy_install command is deprecated setup.py egg_info --egg-base ../../../build/frenet_odom_republisher build --build-base /home/misys/forza_ws/race_stack/build/frenet_odom_republisher/build install --record /home/misys/forza_ws/race_stack/build/frenet_odom_republisher/install.log --single-version-externally-managed install_data
[5.486s] running egg_info
[5.486s] creating ../../../build/frenet_odom_republisher/frenet_odom_republisher.egg-info
[5.487s] writing ../../../build/frenet_odom_republisher/frenet_odom_republisher.egg-info/PKG-INFO
[5.487s] writing dependency_links to ../../../build/frenet_odom_republisher/frenet_odom_republisher.egg-info/dependency_links.txt
[5.487s] writing entry points to ../../../build/frenet_odom_republisher/frenet_odom_republisher.egg-info/entry_points.txt
[5.487s] writing requirements to ../../../build/frenet_odom_republisher/frenet_odom_republisher.egg-info/requires.txt
[5.487s] writing top-level names to ../../../build/frenet_odom_republisher/frenet_odom_republisher.egg-info/top_level.txt
[5.487s] writing manifest file '../../../build/frenet_odom_republisher/frenet_odom_republisher.egg-info/SOURCES.txt'
[5.487s] reading manifest file '../../../build/frenet_odom_republisher/frenet_odom_republisher.egg-info/SOURCES.txt'
[5.487s] writing manifest file '../../../build/frenet_odom_republisher/frenet_odom_republisher.egg-info/SOURCES.txt'
[5.487s] running build
[5.487s] running build_py
[5.487s] creating /home/misys/forza_ws/race_stack/build/frenet_odom_republisher/build
[5.487s] creating /home/misys/forza_ws/race_stack/build/frenet_odom_republisher/build/lib
[5.487s] creating /home/misys/forza_ws/race_stack/build/frenet_odom_republisher/build/lib/frenet_odom_republisher
[5.487s] copying frenet_odom_republisher/frenet_odom_republisher_node.py -> /home/misys/forza_ws/race_stack/build/frenet_odom_republisher/build/lib/frenet_odom_republisher
[5.488s] copying frenet_odom_republisher/__init__.py -> /home/misys/forza_ws/race_stack/build/frenet_odom_republisher/build/lib/frenet_odom_republisher
[5.488s] running install
[5.488s] running install_lib
[5.488s] creating /home/misys/forza_ws/race_stack/install/frenet_odom_republisher/lib/python3.10/site-packages/frenet_odom_republisher
[5.488s] copying /home/misys/forza_ws/race_stack/build/frenet_odom_republisher/build/lib/frenet_odom_republisher/frenet_odom_republisher_node.py -> /home/misys/forza_ws/race_stack/install/frenet_odom_republisher/lib/python3.10/site-packages/frenet_odom_republisher
[5.488s] copying /home/misys/forza_ws/race_stack/build/frenet_odom_republisher/build/lib/frenet_odom_republisher/__init__.py -> /home/misys/forza_ws/race_stack/install/frenet_odom_republisher/lib/python3.10/site-packages/frenet_odom_republisher
[5.488s] byte-compiling /home/misys/forza_ws/race_stack/install/frenet_odom_republisher/lib/python3.10/site-packages/frenet_odom_republisher/frenet_odom_republisher_node.py to frenet_odom_republisher_node.cpython-310.pyc
[5.488s] byte-compiling /home/misys/forza_ws/race_stack/install/frenet_odom_republisher/lib/python3.10/site-packages/frenet_odom_republisher/__init__.py to __init__.cpython-310.pyc
[5.488s] running install_data
[5.488s] creating /home/misys/forza_ws/race_stack/install/frenet_odom_republisher/share/ament_index
[5.488s] creating /home/misys/forza_ws/race_stack/install/frenet_odom_republisher/share/ament_index/resource_index
[5.488s] creating /home/misys/forza_ws/race_stack/install/frenet_odom_republisher/share/ament_index/resource_index/packages
[5.488s] copying resource/frenet_odom_republisher -> /home/misys/forza_ws/race_stack/install/frenet_odom_republisher/share/ament_index/resource_index/packages
[5.488s] copying package.xml -> /home/misys/forza_ws/race_stack/install/frenet_odom_republisher/share/frenet_odom_republisher
[5.499s] creating /home/misys/forza_ws/race_stack/install/frenet_odom_republisher/share/frenet_odom_republisher/launch
[5.499s] copying launch/frenet_odom_republisher_launch.xml -> /home/misys/forza_ws/race_stack/install/frenet_odom_republisher/share/frenet_odom_republisher/launch
[5.499s] running install_egg_info
[5.499s] Copying ../../../build/frenet_odom_republisher/frenet_odom_republisher.egg-info to /home/misys/forza_ws/race_stack/install/frenet_odom_republisher/lib/python3.10/site-packages/frenet_odom_republisher-0.0.0-py3.10.egg-info
[5.499s] running install_scripts
[5.499s] Installing frenet_odom_republisher_node script to /home/misys/forza_ws/race_stack/install/frenet_odom_republisher/lib/frenet_odom_republisher
[5.499s] writing list of installed files to '/home/misys/forza_ws/race_stack/build/frenet_odom_republisher/install.log'
[5.548s] Invoked command in '/home/misys/forza_ws/race_stack/utilities/nodes/frenet_odom_republisher' returned '0': PYTHONPATH=/home/misys/forza_ws/race_stack/build/frenet_odom_republisher/prefix_override:/usr/lib/python3/dist-packages/colcon_core/task/python/colcon_distutils_commands:/home/misys/forza_ws/race_stack/install/frenet_odom_republisher/lib/python3.10/site-packages:${PYTHONPATH} /usr/bin/python3 -W ignore:setup.py install is deprecated -W ignore:easy_install command is deprecated setup.py egg_info --egg-base ../../../build/frenet_odom_republisher build --build-base /home/misys/forza_ws/race_stack/build/frenet_odom_republisher/build install --record /home/misys/forza_ws/race_stack/build/frenet_odom_republisher/install.log --single-version-externally-managed install_data
