/home/misys/forza_ws/race_stack/install/stack_master/lib/python3.10/site-packages/stack_master/global_parameter_node.py
/home/misys/forza_ws/race_stack/install/stack_master/lib/python3.10/site-packages/stack_master/parameter_event_handler.py
/home/misys/forza_ws/race_stack/install/stack_master/lib/python3.10/site-packages/stack_master/__init__.py
/home/misys/forza_ws/race_stack/install/stack_master/lib/python3.10/site-packages/stack_master/__pycache__/global_parameter_node.cpython-310.pyc
/home/misys/forza_ws/race_stack/install/stack_master/lib/python3.10/site-packages/stack_master/__pycache__/parameter_event_handler.cpython-310.pyc
/home/misys/forza_ws/race_stack/install/stack_master/lib/python3.10/site-packages/stack_master/__pycache__/__init__.cpython-310.pyc
/home/misys/forza_ws/race_stack/install/stack_master/share/ament_index/resource_index/packages/stack_master
/home/misys/forza_ws/race_stack/install/stack_master/share/stack_master/package.xml
/home/misys/forza_ws/race_stack/install/stack_master/share/stack_master/launch/mapping_launch.xml
/home/misys/forza_ws/race_stack/install/stack_master/share/stack_master/launch/mapping_ctrl_launch.xml
/home/misys/forza_ws/race_stack/install/stack_master/share/stack_master/launch/time_trials_launch.xml
/home/misys/forza_ws/race_stack/install/stack_master/share/stack_master/launch/time_trials_ctrl_launch.xml
/home/misys/forza_ws/race_stack/install/stack_master/share/stack_master/launch/test_launch.xml
/home/misys/forza_ws/race_stack/install/stack_master/share/stack_master/launch/head_to_head_launch.xml
/home/misys/forza_ws/race_stack/install/stack_master/share/stack_master/launch/base_system_launch.xml
/home/misys/forza_ws/race_stack/install/stack_master/share/stack_master/launch/subsystems
/home/misys/forza_ws/race_stack/install/stack_master/share/stack_master/config/global_params.yaml
/home/misys/forza_ws/race_stack/install/stack_master/share/stack_master/config/state_machine_params.yaml
/home/misys/forza_ws/race_stack/install/stack_master/share/stack_master/config/mux.yaml
/home/misys/forza_ws/race_stack/install/stack_master/share/stack_master/config/opponent_tracker_params.yaml
/home/misys/forza_ws/race_stack/install/stack_master/share/stack_master/config/opponent_tracker_params_cpp.yaml
/home/misys/forza_ws/race_stack/install/stack_master/share/stack_master/config/controller_enabled.yaml
/home/misys/forza_ws/race_stack/install/stack_master/share/stack_master/config/sensors.yaml
/home/misys/forza_ws/race_stack/install/stack_master/share/stack_master/config/NUC2/f110_2d_loc.lua
/home/misys/forza_ws/race_stack/install/stack_master/share/stack_master/config/NUC2/f110_2d.lua
/home/misys/forza_ws/race_stack/install/stack_master/share/stack_master/config/NUC2/vesc.yaml
/home/misys/forza_ws/race_stack/install/stack_master/share/stack_master/config/NUC2/joy_teleop.yaml
/home/misys/forza_ws/race_stack/install/stack_master/share/stack_master/config/NUC2/sim_params.yaml
/home/misys/forza_ws/race_stack/install/stack_master/share/stack_master/config/NUC2/l1_params.yaml
/home/misys/forza_ws/race_stack/install/stack_master/share/stack_master/config/NUC5/f110_2d_loc.lua
/home/misys/forza_ws/race_stack/install/stack_master/share/stack_master/config/NUC5/f110_2d.lua
/home/misys/forza_ws/race_stack/install/stack_master/share/stack_master/config/NUC5/vesc.yaml
/home/misys/forza_ws/race_stack/install/stack_master/share/stack_master/config/NUC5/joy_teleop.yaml
/home/misys/forza_ws/race_stack/install/stack_master/share/stack_master/config/NUC5/l1_params.yaml
/home/misys/forza_ws/race_stack/install/stack_master/share/stack_master/config/NUC6/f110_2d_loc.lua
/home/misys/forza_ws/race_stack/install/stack_master/share/stack_master/config/NUC6/f110_2d.lua
/home/misys/forza_ws/race_stack/install/stack_master/share/stack_master/config/NUC7/vesc.yaml
/home/misys/forza_ws/race_stack/install/stack_master/share/stack_master/config/NUC7/joy_teleop.yaml
/home/misys/forza_ws/race_stack/install/stack_master/share/stack_master/config/NUC7/l1_params.yaml
/home/misys/forza_ws/race_stack/install/stack_master/share/stack_master/config/NUC7/f110_2d_loc.lua
/home/misys/forza_ws/race_stack/install/stack_master/share/stack_master/config/NUC7/f110_2d.lua
/home/misys/forza_ws/race_stack/install/stack_master/share/stack_master/config/SIM/sim.yaml
/home/misys/forza_ws/race_stack/install/stack_master/share/stack_master/config/SIM/sim.rviz
/home/misys/forza_ws/race_stack/install/stack_master/share/stack_master/config/SIM/sim_params.yaml
/home/misys/forza_ws/race_stack/install/stack_master/share/stack_master/config/SIM/l1_params.yaml
/home/misys/forza_ws/race_stack/install/stack_master/share/stack_master/config/global_planner/global_planner_params.yaml
/home/misys/forza_ws/race_stack/install/stack_master/share/stack_master/config/global_planner/racecar_f110.ini
/home/misys/forza_ws/race_stack/install/stack_master/share/stack_master/config/global_planner/veh_dyn_info/ggv.csv
/home/misys/forza_ws/race_stack/install/stack_master/share/stack_master/config/global_planner/veh_dyn_info/ax_max_machines.csv
/home/misys/forza_ws/race_stack/install/stack_master/share/stack_master/config/OrinNano/vesc.yaml
/home/misys/forza_ws/race_stack/install/stack_master/share/stack_master/config/OrinNano/joy_teleop.yaml
/home/misys/forza_ws/race_stack/install/stack_master/share/stack_master/config/OrinNano/sim_params.yaml
/home/misys/forza_ws/race_stack/install/stack_master/share/stack_master/config/OrinNano/l1_params.yaml
/home/misys/forza_ws/race_stack/install/stack_master/share/stack_master/maps/glc_ot_ez/ot_sectors.yaml
/home/misys/forza_ws/race_stack/install/stack_master/share/stack_master/maps/glc_ot_ez/speed_scaling.yaml
/home/misys/forza_ws/race_stack/install/stack_master/share/stack_master/maps/glc_ot_ez/glc_ot_ez.png
/home/misys/forza_ws/race_stack/install/stack_master/share/stack_master/maps/glc_ot_ez/pf_map.png
/home/misys/forza_ws/race_stack/install/stack_master/share/stack_master/maps/glc_ot_ez/glc_ot_ez.yaml
/home/misys/forza_ws/race_stack/install/stack_master/share/stack_master/maps/glc_ot_ez/pf_map.yaml
/home/misys/forza_ws/race_stack/install/stack_master/share/stack_master/maps/glc_ot_ez/global_waypoints.json.bak
/home/misys/forza_ws/race_stack/install/stack_master/share/stack_master/maps/glc_ot_ez/global_waypoints.json
/home/misys/forza_ws/race_stack/install/stack_master/share/stack_master/maps/glc_ot_ez/glc_ot_ez.pbstream
/home/misys/forza_ws/race_stack/install/stack_master/share/stack_master/maps/small_hall/ot_sectors.yaml
/home/misys/forza_ws/race_stack/install/stack_master/share/stack_master/maps/small_hall/small_hall_orig.png
/home/misys/forza_ws/race_stack/install/stack_master/share/stack_master/maps/small_hall/small_hall.png
/home/misys/forza_ws/race_stack/install/stack_master/share/stack_master/maps/small_hall/speed_scaling.yaml
/home/misys/forza_ws/race_stack/install/stack_master/share/stack_master/maps/small_hall/small_hall.yaml
/home/misys/forza_ws/race_stack/install/stack_master/share/stack_master/maps/small_hall/global_waypoints.json
/home/misys/forza_ws/race_stack/install/stack_master/share/stack_master/maps/small_hall/small_hall_orig.yaml
/home/misys/forza_ws/race_stack/install/stack_master/share/stack_master/maps/hall/ot_sectors.yaml
/home/misys/forza_ws/race_stack/install/stack_master/share/stack_master/maps/hall/speed_scaling.yaml
/home/misys/forza_ws/race_stack/install/stack_master/share/stack_master/maps/hall/hall.yaml
/home/misys/forza_ws/race_stack/install/stack_master/share/stack_master/maps/hall/hall_orig.png
/home/misys/forza_ws/race_stack/install/stack_master/share/stack_master/maps/hall/hall.png
/home/misys/forza_ws/race_stack/install/stack_master/share/stack_master/maps/hall/global_waypoints.json
/home/misys/forza_ws/race_stack/install/stack_master/share/stack_master/maps/hall/hall_orig.yaml
/home/misys/forza_ws/race_stack/install/stack_master/share/stack_master/maps/hall/l1_params.yaml
/home/misys/forza_ws/race_stack/install/stack_master/share/stack_master/maps/GLC_smile_small/ot_sectors.yaml
/home/misys/forza_ws/race_stack/install/stack_master/share/stack_master/maps/GLC_smile_small/GLC_smile_small.png
/home/misys/forza_ws/race_stack/install/stack_master/share/stack_master/maps/GLC_smile_small/speed_scaling.yaml
/home/misys/forza_ws/race_stack/install/stack_master/share/stack_master/maps/GLC_smile_small/GLC_smile_small.pbstream
/home/misys/forza_ws/race_stack/install/stack_master/share/stack_master/maps/GLC_smile_small/pf_map.png
/home/misys/forza_ws/race_stack/install/stack_master/share/stack_master/maps/GLC_smile_small/GLC_smile_small.yaml
/home/misys/forza_ws/race_stack/install/stack_master/share/stack_master/maps/GLC_smile_small/pf_map.yaml
/home/misys/forza_ws/race_stack/install/stack_master/share/stack_master/maps/GLC_smile_small/global_waypoints.json
/home/misys/forza_ws/race_stack/install/stack_master/share/stack_master/maps/teras/ot_sectors.yaml
/home/misys/forza_ws/race_stack/install/stack_master/share/stack_master/maps/teras/teras.png
/home/misys/forza_ws/race_stack/install/stack_master/share/stack_master/maps/teras/teras.yaml
/home/misys/forza_ws/race_stack/install/stack_master/share/stack_master/maps/teras/speed_scaling.yaml
/home/misys/forza_ws/race_stack/install/stack_master/share/stack_master/maps/teras/teras_orig.png
/home/misys/forza_ws/race_stack/install/stack_master/share/stack_master/maps/teras/global_waypoints.json
/home/misys/forza_ws/race_stack/install/stack_master/share/stack_master/maps/teras/teras_orig.yaml
/home/misys/forza_ws/race_stack/install/stack_master/share/stack_master/maps/hangar_1905_v0/hangar_1905_v0.yaml
/home/misys/forza_ws/race_stack/install/stack_master/share/stack_master/maps/hangar_1905_v0/hangar_1905_v0.png
/home/misys/forza_ws/race_stack/install/stack_master/share/stack_master/maps/hangar_1905_v0/global_waypoints.json
/home/misys/forza_ws/race_stack/install/stack_master/share/stack_master/maps/hangar_1905_v0/hangar_1905_v0.pbstream
/home/misys/forza_ws/race_stack/install/stack_master/lib/python3.10/site-packages/stack_master-0.0.0-py3.10.egg-info/PKG-INFO
/home/misys/forza_ws/race_stack/install/stack_master/lib/python3.10/site-packages/stack_master-0.0.0-py3.10.egg-info/SOURCES.txt
/home/misys/forza_ws/race_stack/install/stack_master/lib/python3.10/site-packages/stack_master-0.0.0-py3.10.egg-info/dependency_links.txt
/home/misys/forza_ws/race_stack/install/stack_master/lib/python3.10/site-packages/stack_master-0.0.0-py3.10.egg-info/zip-safe
/home/misys/forza_ws/race_stack/install/stack_master/lib/python3.10/site-packages/stack_master-0.0.0-py3.10.egg-info/entry_points.txt
/home/misys/forza_ws/race_stack/install/stack_master/lib/python3.10/site-packages/stack_master-0.0.0-py3.10.egg-info/requires.txt
/home/misys/forza_ws/race_stack/install/stack_master/lib/python3.10/site-packages/stack_master-0.0.0-py3.10.egg-info/top_level.txt
/home/misys/forza_ws/race_stack/install/stack_master/lib/stack_master/global_parameter_node
