/home/misys/forza_ws/race_stack/install/global_planner/lib/python3.10/site-packages/global_planner/__init__.py
/home/misys/forza_ws/race_stack/install/global_planner/lib/python3.10/site-packages/global_planner/global_trajectory_publisher.py
/home/misys/forza_ws/race_stack/install/global_planner/lib/python3.10/site-packages/global_planner/readwrite_global_waypoints.py
/home/misys/forza_ws/race_stack/install/global_planner/lib/python3.10/site-packages/global_planner/global_planner_utils.py
/home/misys/forza_ws/race_stack/install/global_planner/lib/python3.10/site-packages/global_planner/global_planner_node.py
/home/misys/forza_ws/race_stack/install/global_planner/lib/python3.10/site-packages/global_planner/global_planner_logic.py
/home/misys/forza_ws/race_stack/install/global_planner/lib/python3.10/site-packages/global_planner/__pycache__/__init__.cpython-310.pyc
/home/misys/forza_ws/race_stack/install/global_planner/lib/python3.10/site-packages/global_planner/__pycache__/global_trajectory_publisher.cpython-310.pyc
/home/misys/forza_ws/race_stack/install/global_planner/lib/python3.10/site-packages/global_planner/__pycache__/readwrite_global_waypoints.cpython-310.pyc
/home/misys/forza_ws/race_stack/install/global_planner/lib/python3.10/site-packages/global_planner/__pycache__/global_planner_utils.cpython-310.pyc
/home/misys/forza_ws/race_stack/install/global_planner/lib/python3.10/site-packages/global_planner/__pycache__/global_planner_node.cpython-310.pyc
/home/misys/forza_ws/race_stack/install/global_planner/lib/python3.10/site-packages/global_planner/__pycache__/global_planner_logic.cpython-310.pyc
/home/misys/forza_ws/race_stack/install/global_planner/share/ament_index/resource_index/packages/global_planner
/home/misys/forza_ws/race_stack/install/global_planner/share/global_planner/package.xml
/home/misys/forza_ws/race_stack/install/global_planner/lib/python3.10/site-packages/global_planner-0.0.0-py3.10.egg-info/PKG-INFO
/home/misys/forza_ws/race_stack/install/global_planner/lib/python3.10/site-packages/global_planner-0.0.0-py3.10.egg-info/SOURCES.txt
/home/misys/forza_ws/race_stack/install/global_planner/lib/python3.10/site-packages/global_planner-0.0.0-py3.10.egg-info/dependency_links.txt
/home/misys/forza_ws/race_stack/install/global_planner/lib/python3.10/site-packages/global_planner-0.0.0-py3.10.egg-info/zip-safe
/home/misys/forza_ws/race_stack/install/global_planner/lib/python3.10/site-packages/global_planner-0.0.0-py3.10.egg-info/entry_points.txt
/home/misys/forza_ws/race_stack/install/global_planner/lib/python3.10/site-packages/global_planner-0.0.0-py3.10.egg-info/requires.txt
/home/misys/forza_ws/race_stack/install/global_planner/lib/python3.10/site-packages/global_planner-0.0.0-py3.10.egg-info/top_level.txt
/home/misys/forza_ws/race_stack/install/global_planner/lib/global_planner/global_planner
/home/misys/forza_ws/race_stack/install/global_planner/lib/global_planner/global_trajectory_publisher
