running egg_info
creating ../build/stack_master/stack_master.egg-info
writing ../build/stack_master/stack_master.egg-info/PKG-INFO
writing dependency_links to ../build/stack_master/stack_master.egg-info/dependency_links.txt
writing entry points to ../build/stack_master/stack_master.egg-info/entry_points.txt
writing requirements to ../build/stack_master/stack_master.egg-info/requires.txt
writing top-level names to ../build/stack_master/stack_master.egg-info/top_level.txt
writing manifest file '../build/stack_master/stack_master.egg-info/SOURCES.txt'
reading manifest file '../build/stack_master/stack_master.egg-info/SOURCES.txt'
adding license file 'LICENSE'
writing manifest file '../build/stack_master/stack_master.egg-info/SOURCES.txt'
running build
running build_py
creating /home/misys/forza_ws/race_stack/build/stack_master/build
creating /home/misys/forza_ws/race_stack/build/stack_master/build/lib
creating /home/misys/forza_ws/race_stack/build/stack_master/build/lib/stack_master
copying stack_master/global_parameter_node.py -> /home/misys/forza_ws/race_stack/build/stack_master/build/lib/stack_master
copying stack_master/parameter_event_handler.py -> /home/misys/forza_ws/race_stack/build/stack_master/build/lib/stack_master
copying stack_master/__init__.py -> /home/misys/forza_ws/race_stack/build/stack_master/build/lib/stack_master
running install
running install_lib
creating /home/misys/forza_ws/race_stack/install/stack_master/lib/python3.10/site-packages/stack_master
copying /home/misys/forza_ws/race_stack/build/stack_master/build/lib/stack_master/global_parameter_node.py -> /home/misys/forza_ws/race_stack/install/stack_master/lib/python3.10/site-packages/stack_master
copying /home/misys/forza_ws/race_stack/build/stack_master/build/lib/stack_master/parameter_event_handler.py -> /home/misys/forza_ws/race_stack/install/stack_master/lib/python3.10/site-packages/stack_master
copying /home/misys/forza_ws/race_stack/build/stack_master/build/lib/stack_master/__init__.py -> /home/misys/forza_ws/race_stack/install/stack_master/lib/python3.10/site-packages/stack_master
byte-compiling /home/misys/forza_ws/race_stack/install/stack_master/lib/python3.10/site-packages/stack_master/global_parameter_node.py to global_parameter_node.cpython-310.pyc
byte-compiling /home/misys/forza_ws/race_stack/install/stack_master/lib/python3.10/site-packages/stack_master/parameter_event_handler.py to parameter_event_handler.cpython-310.pyc
byte-compiling /home/misys/forza_ws/race_stack/install/stack_master/lib/python3.10/site-packages/stack_master/__init__.py to __init__.cpython-310.pyc
running install_data
creating /home/misys/forza_ws/race_stack/install/stack_master/share/ament_index
creating /home/misys/forza_ws/race_stack/install/stack_master/share/ament_index/resource_index
creating /home/misys/forza_ws/race_stack/install/stack_master/share/ament_index/resource_index/packages
copying resource/stack_master -> /home/misys/forza_ws/race_stack/install/stack_master/share/ament_index/resource_index/packages
copying package.xml -> /home/misys/forza_ws/race_stack/install/stack_master/share/stack_master
creating /home/misys/forza_ws/race_stack/install/stack_master/share/stack_master/launch
copying launch/mapping_launch.xml -> /home/misys/forza_ws/race_stack/install/stack_master/share/stack_master/launch
copying launch/mapping_ctrl_launch.xml -> /home/misys/forza_ws/race_stack/install/stack_master/share/stack_master/launch
copying launch/time_trials_launch.xml -> /home/misys/forza_ws/race_stack/install/stack_master/share/stack_master/launch
copying launch/time_trials_ctrl_launch.xml -> /home/misys/forza_ws/race_stack/install/stack_master/share/stack_master/launch
copying launch/test_launch.xml -> /home/misys/forza_ws/race_stack/install/stack_master/share/stack_master/launch
copying launch/head_to_head_launch.xml -> /home/misys/forza_ws/race_stack/install/stack_master/share/stack_master/launch
copying launch/base_system_launch.xml -> /home/misys/forza_ws/race_stack/install/stack_master/share/stack_master/launch
creating /home/misys/forza_ws/race_stack/install/stack_master/share/stack_master/launch/subsystems
creating /home/misys/forza_ws/race_stack/install/stack_master/share/stack_master/config
copying config/global_params.yaml -> /home/misys/forza_ws/race_stack/install/stack_master/share/stack_master/config
copying config/state_machine_params.yaml -> /home/misys/forza_ws/race_stack/install/stack_master/share/stack_master/config
copying config/mux.yaml -> /home/misys/forza_ws/race_stack/install/stack_master/share/stack_master/config
copying config/opponent_tracker_params.yaml -> /home/misys/forza_ws/race_stack/install/stack_master/share/stack_master/config
copying config/opponent_tracker_params_cpp.yaml -> /home/misys/forza_ws/race_stack/install/stack_master/share/stack_master/config
copying config/controller_enabled.yaml -> /home/misys/forza_ws/race_stack/install/stack_master/share/stack_master/config
copying config/sensors.yaml -> /home/misys/forza_ws/race_stack/install/stack_master/share/stack_master/config
creating /home/misys/forza_ws/race_stack/install/stack_master/share/stack_master/config/NUC2
copying config/NUC2/slam/f110_2d_loc.lua -> /home/misys/forza_ws/race_stack/install/stack_master/share/stack_master/config/NUC2
copying config/NUC2/slam/f110_2d.lua -> /home/misys/forza_ws/race_stack/install/stack_master/share/stack_master/config/NUC2
copying config/NUC2/vesc.yaml -> /home/misys/forza_ws/race_stack/install/stack_master/share/stack_master/config/NUC2
copying config/NUC2/joy_teleop.yaml -> /home/misys/forza_ws/race_stack/install/stack_master/share/stack_master/config/NUC2
copying config/NUC2/sim_params.yaml -> /home/misys/forza_ws/race_stack/install/stack_master/share/stack_master/config/NUC2
copying config/NUC2/l1_params.yaml -> /home/misys/forza_ws/race_stack/install/stack_master/share/stack_master/config/NUC2
creating /home/misys/forza_ws/race_stack/install/stack_master/share/stack_master/config/NUC5
copying config/NUC5/slam/f110_2d_loc.lua -> /home/misys/forza_ws/race_stack/install/stack_master/share/stack_master/config/NUC5
copying config/NUC5/slam/f110_2d.lua -> /home/misys/forza_ws/race_stack/install/stack_master/share/stack_master/config/NUC5
copying config/NUC5/vesc.yaml -> /home/misys/forza_ws/race_stack/install/stack_master/share/stack_master/config/NUC5
copying config/NUC5/joy_teleop.yaml -> /home/misys/forza_ws/race_stack/install/stack_master/share/stack_master/config/NUC5
copying config/NUC5/l1_params.yaml -> /home/misys/forza_ws/race_stack/install/stack_master/share/stack_master/config/NUC5
creating /home/misys/forza_ws/race_stack/install/stack_master/share/stack_master/config/NUC6
copying config/NUC6/slam/f110_2d_loc.lua -> /home/misys/forza_ws/race_stack/install/stack_master/share/stack_master/config/NUC6
copying config/NUC6/slam/f110_2d.lua -> /home/misys/forza_ws/race_stack/install/stack_master/share/stack_master/config/NUC6
creating /home/misys/forza_ws/race_stack/install/stack_master/share/stack_master/config/NUC7
copying config/NUC7/vesc.yaml -> /home/misys/forza_ws/race_stack/install/stack_master/share/stack_master/config/NUC7
copying config/NUC7/joy_teleop.yaml -> /home/misys/forza_ws/race_stack/install/stack_master/share/stack_master/config/NUC7
copying config/NUC7/l1_params.yaml -> /home/misys/forza_ws/race_stack/install/stack_master/share/stack_master/config/NUC7
copying config/NUC7/slam/f110_2d_loc.lua -> /home/misys/forza_ws/race_stack/install/stack_master/share/stack_master/config/NUC7
copying config/NUC7/slam/f110_2d.lua -> /home/misys/forza_ws/race_stack/install/stack_master/share/stack_master/config/NUC7
creating /home/misys/forza_ws/race_stack/install/stack_master/share/stack_master/config/SIM
copying config/SIM/sim.yaml -> /home/misys/forza_ws/race_stack/install/stack_master/share/stack_master/config/SIM
copying config/SIM/sim.rviz -> /home/misys/forza_ws/race_stack/install/stack_master/share/stack_master/config/SIM
copying config/SIM/sim_params.yaml -> /home/misys/forza_ws/race_stack/install/stack_master/share/stack_master/config/SIM
copying config/SIM/l1_params.yaml -> /home/misys/forza_ws/race_stack/install/stack_master/share/stack_master/config/SIM
creating /home/misys/forza_ws/race_stack/install/stack_master/share/stack_master/config/global_planner
copying config/global_planner/global_planner_params.yaml -> /home/misys/forza_ws/race_stack/install/stack_master/share/stack_master/config/global_planner
copying config/global_planner/racecar_f110.ini -> /home/misys/forza_ws/race_stack/install/stack_master/share/stack_master/config/global_planner
creating /home/misys/forza_ws/race_stack/install/stack_master/share/stack_master/config/global_planner/veh_dyn_info
copying config/global_planner/veh_dyn_info/ggv.csv -> /home/misys/forza_ws/race_stack/install/stack_master/share/stack_master/config/global_planner/veh_dyn_info
copying config/global_planner/veh_dyn_info/ax_max_machines.csv -> /home/misys/forza_ws/race_stack/install/stack_master/share/stack_master/config/global_planner/veh_dyn_info
creating /home/misys/forza_ws/race_stack/install/stack_master/share/stack_master/config/OrinNano
copying config/OrinNano/vesc.yaml -> /home/misys/forza_ws/race_stack/install/stack_master/share/stack_master/config/OrinNano
copying config/OrinNano/joy_teleop.yaml -> /home/misys/forza_ws/race_stack/install/stack_master/share/stack_master/config/OrinNano
copying config/OrinNano/sim_params.yaml -> /home/misys/forza_ws/race_stack/install/stack_master/share/stack_master/config/OrinNano
copying config/OrinNano/l1_params.yaml -> /home/misys/forza_ws/race_stack/install/stack_master/share/stack_master/config/OrinNano
creating /home/misys/forza_ws/race_stack/install/stack_master/share/stack_master/maps
creating /home/misys/forza_ws/race_stack/install/stack_master/share/stack_master/maps/glc_ot_ez
copying maps/glc_ot_ez/ot_sectors.yaml -> /home/misys/forza_ws/race_stack/install/stack_master/share/stack_master/maps/glc_ot_ez
copying maps/glc_ot_ez/speed_scaling.yaml -> /home/misys/forza_ws/race_stack/install/stack_master/share/stack_master/maps/glc_ot_ez
copying maps/glc_ot_ez/glc_ot_ez.png -> /home/misys/forza_ws/race_stack/install/stack_master/share/stack_master/maps/glc_ot_ez
copying maps/glc_ot_ez/pf_map.png -> /home/misys/forza_ws/race_stack/install/stack_master/share/stack_master/maps/glc_ot_ez
copying maps/glc_ot_ez/glc_ot_ez.yaml -> /home/misys/forza_ws/race_stack/install/stack_master/share/stack_master/maps/glc_ot_ez
copying maps/glc_ot_ez/pf_map.yaml -> /home/misys/forza_ws/race_stack/install/stack_master/share/stack_master/maps/glc_ot_ez
copying maps/glc_ot_ez/global_waypoints.json.bak -> /home/misys/forza_ws/race_stack/install/stack_master/share/stack_master/maps/glc_ot_ez
copying maps/glc_ot_ez/global_waypoints.json -> /home/misys/forza_ws/race_stack/install/stack_master/share/stack_master/maps/glc_ot_ez
copying maps/glc_ot_ez/glc_ot_ez.pbstream -> /home/misys/forza_ws/race_stack/install/stack_master/share/stack_master/maps/glc_ot_ez
creating /home/misys/forza_ws/race_stack/install/stack_master/share/stack_master/maps/small_hall
copying maps/small_hall/ot_sectors.yaml -> /home/misys/forza_ws/race_stack/install/stack_master/share/stack_master/maps/small_hall
copying maps/small_hall/small_hall_orig.png -> /home/misys/forza_ws/race_stack/install/stack_master/share/stack_master/maps/small_hall
copying maps/small_hall/small_hall.png -> /home/misys/forza_ws/race_stack/install/stack_master/share/stack_master/maps/small_hall
copying maps/small_hall/speed_scaling.yaml -> /home/misys/forza_ws/race_stack/install/stack_master/share/stack_master/maps/small_hall
copying maps/small_hall/small_hall.yaml -> /home/misys/forza_ws/race_stack/install/stack_master/share/stack_master/maps/small_hall
copying maps/small_hall/global_waypoints.json -> /home/misys/forza_ws/race_stack/install/stack_master/share/stack_master/maps/small_hall
copying maps/small_hall/small_hall_orig.yaml -> /home/misys/forza_ws/race_stack/install/stack_master/share/stack_master/maps/small_hall
creating /home/misys/forza_ws/race_stack/install/stack_master/share/stack_master/maps/hall
copying maps/hall/ot_sectors.yaml -> /home/misys/forza_ws/race_stack/install/stack_master/share/stack_master/maps/hall
copying maps/hall/speed_scaling.yaml -> /home/misys/forza_ws/race_stack/install/stack_master/share/stack_master/maps/hall
copying maps/hall/hall.yaml -> /home/misys/forza_ws/race_stack/install/stack_master/share/stack_master/maps/hall
copying maps/hall/hall_orig.png -> /home/misys/forza_ws/race_stack/install/stack_master/share/stack_master/maps/hall
copying maps/hall/hall.png -> /home/misys/forza_ws/race_stack/install/stack_master/share/stack_master/maps/hall
copying maps/hall/global_waypoints.json -> /home/misys/forza_ws/race_stack/install/stack_master/share/stack_master/maps/hall
copying maps/hall/hall_orig.yaml -> /home/misys/forza_ws/race_stack/install/stack_master/share/stack_master/maps/hall
copying maps/hall/l1_params.yaml -> /home/misys/forza_ws/race_stack/install/stack_master/share/stack_master/maps/hall
creating /home/misys/forza_ws/race_stack/install/stack_master/share/stack_master/maps/GLC_smile_small
copying maps/GLC_smile_small/ot_sectors.yaml -> /home/misys/forza_ws/race_stack/install/stack_master/share/stack_master/maps/GLC_smile_small
copying maps/GLC_smile_small/GLC_smile_small.png -> /home/misys/forza_ws/race_stack/install/stack_master/share/stack_master/maps/GLC_smile_small
copying maps/GLC_smile_small/speed_scaling.yaml -> /home/misys/forza_ws/race_stack/install/stack_master/share/stack_master/maps/GLC_smile_small
copying maps/GLC_smile_small/GLC_smile_small.pbstream -> /home/misys/forza_ws/race_stack/install/stack_master/share/stack_master/maps/GLC_smile_small
copying maps/GLC_smile_small/pf_map.png -> /home/misys/forza_ws/race_stack/install/stack_master/share/stack_master/maps/GLC_smile_small
copying maps/GLC_smile_small/GLC_smile_small.yaml -> /home/misys/forza_ws/race_stack/install/stack_master/share/stack_master/maps/GLC_smile_small
copying maps/GLC_smile_small/pf_map.yaml -> /home/misys/forza_ws/race_stack/install/stack_master/share/stack_master/maps/GLC_smile_small
copying maps/GLC_smile_small/global_waypoints.json -> /home/misys/forza_ws/race_stack/install/stack_master/share/stack_master/maps/GLC_smile_small
creating /home/misys/forza_ws/race_stack/install/stack_master/share/stack_master/maps/teras
copying maps/teras/ot_sectors.yaml -> /home/misys/forza_ws/race_stack/install/stack_master/share/stack_master/maps/teras
copying maps/teras/teras.png -> /home/misys/forza_ws/race_stack/install/stack_master/share/stack_master/maps/teras
copying maps/teras/teras.yaml -> /home/misys/forza_ws/race_stack/install/stack_master/share/stack_master/maps/teras
copying maps/teras/speed_scaling.yaml -> /home/misys/forza_ws/race_stack/install/stack_master/share/stack_master/maps/teras
copying maps/teras/teras_orig.png -> /home/misys/forza_ws/race_stack/install/stack_master/share/stack_master/maps/teras
copying maps/teras/global_waypoints.json -> /home/misys/forza_ws/race_stack/install/stack_master/share/stack_master/maps/teras
copying maps/teras/teras_orig.yaml -> /home/misys/forza_ws/race_stack/install/stack_master/share/stack_master/maps/teras
creating /home/misys/forza_ws/race_stack/install/stack_master/share/stack_master/maps/hangar_1905_v0
copying maps/hangar_1905_v0/hangar_1905_v0.yaml -> /home/misys/forza_ws/race_stack/install/stack_master/share/stack_master/maps/hangar_1905_v0
copying maps/hangar_1905_v0/hangar_1905_v0.png -> /home/misys/forza_ws/race_stack/install/stack_master/share/stack_master/maps/hangar_1905_v0
copying maps/hangar_1905_v0/global_waypoints.json -> /home/misys/forza_ws/race_stack/install/stack_master/share/stack_master/maps/hangar_1905_v0
copying maps/hangar_1905_v0/hangar_1905_v0.pbstream -> /home/misys/forza_ws/race_stack/install/stack_master/share/stack_master/maps/hangar_1905_v0
running install_egg_info
Copying ../build/stack_master/stack_master.egg-info to /home/misys/forza_ws/race_stack/install/stack_master/lib/python3.10/site-packages/stack_master-0.0.0-py3.10.egg-info
running install_scripts
Installing global_parameter_node script to /home/misys/forza_ws/race_stack/install/stack_master/lib/stack_master
writing list of installed files to '/home/misys/forza_ws/race_stack/build/stack_master/install.log'
