[4.635s] Invoking command in '/home/misys/forza_ws/race_stack/stack_master': PYTHONPATH=/home/misys/forza_ws/race_stack/build/stack_master/prefix_override:/usr/lib/python3/dist-packages/colcon_core/task/python/colcon_distutils_commands:/home/misys/forza_ws/race_stack/install/stack_master/lib/python3.10/site-packages:${PYTHONPATH} /usr/bin/python3 -W ignore:setup.py install is deprecated -W ignore:easy_install command is deprecated setup.py egg_info --egg-base ../build/stack_master build --build-base /home/misys/forza_ws/race_stack/build/stack_master/build install --record /home/misys/forza_ws/race_stack/build/stack_master/install.log --single-version-externally-managed install_data
[5.540s] running egg_info
[5.540s] creating ../build/stack_master/stack_master.egg-info
[5.540s] writing ../build/stack_master/stack_master.egg-info/PKG-INFO
[5.540s] writing dependency_links to ../build/stack_master/stack_master.egg-info/dependency_links.txt
[5.540s] writing entry points to ../build/stack_master/stack_master.egg-info/entry_points.txt
[5.540s] writing requirements to ../build/stack_master/stack_master.egg-info/requires.txt
[5.540s] writing top-level names to ../build/stack_master/stack_master.egg-info/top_level.txt
[5.540s] writing manifest file '../build/stack_master/stack_master.egg-info/SOURCES.txt'
[5.540s] reading manifest file '../build/stack_master/stack_master.egg-info/SOURCES.txt'
[5.540s] adding license file 'LICENSE'
[5.540s] writing manifest file '../build/stack_master/stack_master.egg-info/SOURCES.txt'
[5.541s] running build
[5.541s] running build_py
[5.541s] creating /home/misys/forza_ws/race_stack/build/stack_master/build
[5.541s] creating /home/misys/forza_ws/race_stack/build/stack_master/build/lib
[5.541s] creating /home/misys/forza_ws/race_stack/build/stack_master/build/lib/stack_master
[5.541s] copying stack_master/global_parameter_node.py -> /home/misys/forza_ws/race_stack/build/stack_master/build/lib/stack_master
[5.541s] copying stack_master/parameter_event_handler.py -> /home/misys/forza_ws/race_stack/build/stack_master/build/lib/stack_master
[5.541s] copying stack_master/__init__.py -> /home/misys/forza_ws/race_stack/build/stack_master/build/lib/stack_master
[5.541s] running install
[5.541s] running install_lib
[5.541s] creating /home/misys/forza_ws/race_stack/install/stack_master/lib/python3.10/site-packages/stack_master
[5.541s] copying /home/misys/forza_ws/race_stack/build/stack_master/build/lib/stack_master/global_parameter_node.py -> /home/misys/forza_ws/race_stack/install/stack_master/lib/python3.10/site-packages/stack_master
[5.541s] copying /home/misys/forza_ws/race_stack/build/stack_master/build/lib/stack_master/parameter_event_handler.py -> /home/misys/forza_ws/race_stack/install/stack_master/lib/python3.10/site-packages/stack_master
[5.541s] copying /home/misys/forza_ws/race_stack/build/stack_master/build/lib/stack_master/__init__.py -> /home/misys/forza_ws/race_stack/install/stack_master/lib/python3.10/site-packages/stack_master
[5.541s] byte-compiling /home/misys/forza_ws/race_stack/install/stack_master/lib/python3.10/site-packages/stack_master/global_parameter_node.py to global_parameter_node.cpython-310.pyc
[5.542s] byte-compiling /home/misys/forza_ws/race_stack/install/stack_master/lib/python3.10/site-packages/stack_master/parameter_event_handler.py to parameter_event_handler.cpython-310.pyc
[5.542s] byte-compiling /home/misys/forza_ws/race_stack/install/stack_master/lib/python3.10/site-packages/stack_master/__init__.py to __init__.cpython-310.pyc
[5.542s] running install_data
[5.542s] creating /home/misys/forza_ws/race_stack/install/stack_master/share/ament_index
[5.542s] creating /home/misys/forza_ws/race_stack/install/stack_master/share/ament_index/resource_index
[5.542s] creating /home/misys/forza_ws/race_stack/install/stack_master/share/ament_index/resource_index/packages
[5.542s] copying resource/stack_master -> /home/misys/forza_ws/race_stack/install/stack_master/share/ament_index/resource_index/packages
[5.542s] copying package.xml -> /home/misys/forza_ws/race_stack/install/stack_master/share/stack_master
[5.542s] creating /home/misys/forza_ws/race_stack/install/stack_master/share/stack_master/launch
[5.542s] copying launch/mapping_launch.xml -> /home/misys/forza_ws/race_stack/install/stack_master/share/stack_master/launch
[5.542s] copying launch/mapping_ctrl_launch.xml -> /home/misys/forza_ws/race_stack/install/stack_master/share/stack_master/launch
[5.542s] copying launch/time_trials_launch.xml -> /home/misys/forza_ws/race_stack/install/stack_master/share/stack_master/launch
[5.542s] copying launch/time_trials_ctrl_launch.xml -> /home/misys/forza_ws/race_stack/install/stack_master/share/stack_master/launch
[5.542s] copying launch/test_launch.xml -> /home/misys/forza_ws/race_stack/install/stack_master/share/stack_master/launch
[5.542s] copying launch/head_to_head_launch.xml -> /home/misys/forza_ws/race_stack/install/stack_master/share/stack_master/launch
[5.543s] copying launch/base_system_launch.xml -> /home/misys/forza_ws/race_stack/install/stack_master/share/stack_master/launch
[5.547s] creating /home/misys/forza_ws/race_stack/install/stack_master/share/stack_master/launch/subsystems
[5.547s] creating /home/misys/forza_ws/race_stack/install/stack_master/share/stack_master/config
[5.547s] copying config/global_params.yaml -> /home/misys/forza_ws/race_stack/install/stack_master/share/stack_master/config
[5.547s] copying config/state_machine_params.yaml -> /home/misys/forza_ws/race_stack/install/stack_master/share/stack_master/config
[5.547s] copying config/mux.yaml -> /home/misys/forza_ws/race_stack/install/stack_master/share/stack_master/config
[5.547s] copying config/opponent_tracker_params.yaml -> /home/misys/forza_ws/race_stack/install/stack_master/share/stack_master/config
[5.547s] copying config/opponent_tracker_params_cpp.yaml -> /home/misys/forza_ws/race_stack/install/stack_master/share/stack_master/config
[5.547s] copying config/controller_enabled.yaml -> /home/misys/forza_ws/race_stack/install/stack_master/share/stack_master/config
[5.548s] copying config/sensors.yaml -> /home/misys/forza_ws/race_stack/install/stack_master/share/stack_master/config
[5.548s] creating /home/misys/forza_ws/race_stack/install/stack_master/share/stack_master/config/NUC2
[5.548s] copying config/NUC2/slam/f110_2d_loc.lua -> /home/misys/forza_ws/race_stack/install/stack_master/share/stack_master/config/NUC2
[5.548s] copying config/NUC2/slam/f110_2d.lua -> /home/misys/forza_ws/race_stack/install/stack_master/share/stack_master/config/NUC2
[5.548s] copying config/NUC2/vesc.yaml -> /home/misys/forza_ws/race_stack/install/stack_master/share/stack_master/config/NUC2
[5.548s] copying config/NUC2/joy_teleop.yaml -> /home/misys/forza_ws/race_stack/install/stack_master/share/stack_master/config/NUC2
[5.548s] copying config/NUC2/sim_params.yaml -> /home/misys/forza_ws/race_stack/install/stack_master/share/stack_master/config/NUC2
[5.548s] copying config/NUC2/l1_params.yaml -> /home/misys/forza_ws/race_stack/install/stack_master/share/stack_master/config/NUC2
[5.548s] creating /home/misys/forza_ws/race_stack/install/stack_master/share/stack_master/config/NUC5
[5.548s] copying config/NUC5/slam/f110_2d_loc.lua -> /home/misys/forza_ws/race_stack/install/stack_master/share/stack_master/config/NUC5
[5.548s] copying config/NUC5/slam/f110_2d.lua -> /home/misys/forza_ws/race_stack/install/stack_master/share/stack_master/config/NUC5
[5.548s] copying config/NUC5/vesc.yaml -> /home/misys/forza_ws/race_stack/install/stack_master/share/stack_master/config/NUC5
[5.548s] copying config/NUC5/joy_teleop.yaml -> /home/misys/forza_ws/race_stack/install/stack_master/share/stack_master/config/NUC5
[5.548s] copying config/NUC5/l1_params.yaml -> /home/misys/forza_ws/race_stack/install/stack_master/share/stack_master/config/NUC5
[5.548s] creating /home/misys/forza_ws/race_stack/install/stack_master/share/stack_master/config/NUC6
[5.549s] copying config/NUC6/slam/f110_2d_loc.lua -> /home/misys/forza_ws/race_stack/install/stack_master/share/stack_master/config/NUC6
[5.549s] copying config/NUC6/slam/f110_2d.lua -> /home/misys/forza_ws/race_stack/install/stack_master/share/stack_master/config/NUC6
[5.549s] creating /home/misys/forza_ws/race_stack/install/stack_master/share/stack_master/config/NUC7
[5.549s] copying config/NUC7/vesc.yaml -> /home/misys/forza_ws/race_stack/install/stack_master/share/stack_master/config/NUC7
[5.549s] copying config/NUC7/joy_teleop.yaml -> /home/misys/forza_ws/race_stack/install/stack_master/share/stack_master/config/NUC7
[5.549s] copying config/NUC7/l1_params.yaml -> /home/misys/forza_ws/race_stack/install/stack_master/share/stack_master/config/NUC7
[5.549s] copying config/NUC7/slam/f110_2d_loc.lua -> /home/misys/forza_ws/race_stack/install/stack_master/share/stack_master/config/NUC7
[5.549s] copying config/NUC7/slam/f110_2d.lua -> /home/misys/forza_ws/race_stack/install/stack_master/share/stack_master/config/NUC7
[5.549s] creating /home/misys/forza_ws/race_stack/install/stack_master/share/stack_master/config/SIM
[5.549s] copying config/SIM/sim.yaml -> /home/misys/forza_ws/race_stack/install/stack_master/share/stack_master/config/SIM
[5.549s] copying config/SIM/sim.rviz -> /home/misys/forza_ws/race_stack/install/stack_master/share/stack_master/config/SIM
[5.549s] copying config/SIM/sim_params.yaml -> /home/misys/forza_ws/race_stack/install/stack_master/share/stack_master/config/SIM
[5.549s] copying config/SIM/l1_params.yaml -> /home/misys/forza_ws/race_stack/install/stack_master/share/stack_master/config/SIM
[5.549s] creating /home/misys/forza_ws/race_stack/install/stack_master/share/stack_master/config/global_planner
[5.549s] copying config/global_planner/global_planner_params.yaml -> /home/misys/forza_ws/race_stack/install/stack_master/share/stack_master/config/global_planner
[5.549s] copying config/global_planner/racecar_f110.ini -> /home/misys/forza_ws/race_stack/install/stack_master/share/stack_master/config/global_planner
[5.554s] creating /home/misys/forza_ws/race_stack/install/stack_master/share/stack_master/config/global_planner/veh_dyn_info
[5.554s] copying config/global_planner/veh_dyn_info/ggv.csv -> /home/misys/forza_ws/race_stack/install/stack_master/share/stack_master/config/global_planner/veh_dyn_info
[5.554s] copying config/global_planner/veh_dyn_info/ax_max_machines.csv -> /home/misys/forza_ws/race_stack/install/stack_master/share/stack_master/config/global_planner/veh_dyn_info
[5.554s] creating /home/misys/forza_ws/race_stack/install/stack_master/share/stack_master/config/OrinNano
[5.554s] copying config/OrinNano/vesc.yaml -> /home/misys/forza_ws/race_stack/install/stack_master/share/stack_master/config/OrinNano
[5.554s] copying config/OrinNano/joy_teleop.yaml -> /home/misys/forza_ws/race_stack/install/stack_master/share/stack_master/config/OrinNano
[5.554s] copying config/OrinNano/sim_params.yaml -> /home/misys/forza_ws/race_stack/install/stack_master/share/stack_master/config/OrinNano
[5.554s] copying config/OrinNano/l1_params.yaml -> /home/misys/forza_ws/race_stack/install/stack_master/share/stack_master/config/OrinNano
[5.554s] creating /home/misys/forza_ws/race_stack/install/stack_master/share/stack_master/maps
[5.554s] creating /home/misys/forza_ws/race_stack/install/stack_master/share/stack_master/maps/glc_ot_ez
[5.554s] copying maps/glc_ot_ez/ot_sectors.yaml -> /home/misys/forza_ws/race_stack/install/stack_master/share/stack_master/maps/glc_ot_ez
[5.555s] copying maps/glc_ot_ez/speed_scaling.yaml -> /home/misys/forza_ws/race_stack/install/stack_master/share/stack_master/maps/glc_ot_ez
[5.555s] copying maps/glc_ot_ez/glc_ot_ez.png -> /home/misys/forza_ws/race_stack/install/stack_master/share/stack_master/maps/glc_ot_ez
[5.555s] copying maps/glc_ot_ez/pf_map.png -> /home/misys/forza_ws/race_stack/install/stack_master/share/stack_master/maps/glc_ot_ez
[5.555s] copying maps/glc_ot_ez/glc_ot_ez.yaml -> /home/misys/forza_ws/race_stack/install/stack_master/share/stack_master/maps/glc_ot_ez
[5.555s] copying maps/glc_ot_ez/pf_map.yaml -> /home/misys/forza_ws/race_stack/install/stack_master/share/stack_master/maps/glc_ot_ez
[5.555s] copying maps/glc_ot_ez/global_waypoints.json.bak -> /home/misys/forza_ws/race_stack/install/stack_master/share/stack_master/maps/glc_ot_ez
[5.555s] copying maps/glc_ot_ez/global_waypoints.json -> /home/misys/forza_ws/race_stack/install/stack_master/share/stack_master/maps/glc_ot_ez
[5.555s] copying maps/glc_ot_ez/glc_ot_ez.pbstream -> /home/misys/forza_ws/race_stack/install/stack_master/share/stack_master/maps/glc_ot_ez
[5.555s] creating /home/misys/forza_ws/race_stack/install/stack_master/share/stack_master/maps/small_hall
[5.555s] copying maps/small_hall/ot_sectors.yaml -> /home/misys/forza_ws/race_stack/install/stack_master/share/stack_master/maps/small_hall
[5.555s] copying maps/small_hall/small_hall_orig.png -> /home/misys/forza_ws/race_stack/install/stack_master/share/stack_master/maps/small_hall
[5.555s] copying maps/small_hall/small_hall.png -> /home/misys/forza_ws/race_stack/install/stack_master/share/stack_master/maps/small_hall
[5.555s] copying maps/small_hall/speed_scaling.yaml -> /home/misys/forza_ws/race_stack/install/stack_master/share/stack_master/maps/small_hall
[5.555s] copying maps/small_hall/small_hall.yaml -> /home/misys/forza_ws/race_stack/install/stack_master/share/stack_master/maps/small_hall
[5.555s] copying maps/small_hall/global_waypoints.json -> /home/misys/forza_ws/race_stack/install/stack_master/share/stack_master/maps/small_hall
[5.556s] copying maps/small_hall/small_hall_orig.yaml -> /home/misys/forza_ws/race_stack/install/stack_master/share/stack_master/maps/small_hall
[5.556s] creating /home/misys/forza_ws/race_stack/install/stack_master/share/stack_master/maps/hall
[5.556s] copying maps/hall/ot_sectors.yaml -> /home/misys/forza_ws/race_stack/install/stack_master/share/stack_master/maps/hall
[5.556s] copying maps/hall/speed_scaling.yaml -> /home/misys/forza_ws/race_stack/install/stack_master/share/stack_master/maps/hall
[5.556s] copying maps/hall/hall.yaml -> /home/misys/forza_ws/race_stack/install/stack_master/share/stack_master/maps/hall
[5.556s] copying maps/hall/hall_orig.png -> /home/misys/forza_ws/race_stack/install/stack_master/share/stack_master/maps/hall
[5.556s] copying maps/hall/hall.png -> /home/misys/forza_ws/race_stack/install/stack_master/share/stack_master/maps/hall
[5.556s] copying maps/hall/global_waypoints.json -> /home/misys/forza_ws/race_stack/install/stack_master/share/stack_master/maps/hall
[5.556s] copying maps/hall/hall_orig.yaml -> /home/misys/forza_ws/race_stack/install/stack_master/share/stack_master/maps/hall
[5.556s] copying maps/hall/l1_params.yaml -> /home/misys/forza_ws/race_stack/install/stack_master/share/stack_master/maps/hall
[5.556s] creating /home/misys/forza_ws/race_stack/install/stack_master/share/stack_master/maps/GLC_smile_small
[5.556s] copying maps/GLC_smile_small/ot_sectors.yaml -> /home/misys/forza_ws/race_stack/install/stack_master/share/stack_master/maps/GLC_smile_small
[5.556s] copying maps/GLC_smile_small/GLC_smile_small.png -> /home/misys/forza_ws/race_stack/install/stack_master/share/stack_master/maps/GLC_smile_small
[5.556s] copying maps/GLC_smile_small/speed_scaling.yaml -> /home/misys/forza_ws/race_stack/install/stack_master/share/stack_master/maps/GLC_smile_small
[5.556s] copying maps/GLC_smile_small/GLC_smile_small.pbstream -> /home/misys/forza_ws/race_stack/install/stack_master/share/stack_master/maps/GLC_smile_small
[5.556s] copying maps/GLC_smile_small/pf_map.png -> /home/misys/forza_ws/race_stack/install/stack_master/share/stack_master/maps/GLC_smile_small
[5.562s] copying maps/GLC_smile_small/GLC_smile_small.yaml -> /home/misys/forza_ws/race_stack/install/stack_master/share/stack_master/maps/GLC_smile_small
[5.562s] copying maps/GLC_smile_small/pf_map.yaml -> /home/misys/forza_ws/race_stack/install/stack_master/share/stack_master/maps/GLC_smile_small
[5.562s] copying maps/GLC_smile_small/global_waypoints.json -> /home/misys/forza_ws/race_stack/install/stack_master/share/stack_master/maps/GLC_smile_small
[5.562s] creating /home/misys/forza_ws/race_stack/install/stack_master/share/stack_master/maps/teras
[5.562s] copying maps/teras/ot_sectors.yaml -> /home/misys/forza_ws/race_stack/install/stack_master/share/stack_master/maps/teras
[5.562s] copying maps/teras/teras.png -> /home/misys/forza_ws/race_stack/install/stack_master/share/stack_master/maps/teras
[5.562s] copying maps/teras/teras.yaml -> /home/misys/forza_ws/race_stack/install/stack_master/share/stack_master/maps/teras
[5.562s] copying maps/teras/speed_scaling.yaml -> /home/misys/forza_ws/race_stack/install/stack_master/share/stack_master/maps/teras
[5.562s] copying maps/teras/teras_orig.png -> /home/misys/forza_ws/race_stack/install/stack_master/share/stack_master/maps/teras
[5.562s] copying maps/teras/global_waypoints.json -> /home/misys/forza_ws/race_stack/install/stack_master/share/stack_master/maps/teras
[5.562s] copying maps/teras/teras_orig.yaml -> /home/misys/forza_ws/race_stack/install/stack_master/share/stack_master/maps/teras
[5.563s] creating /home/misys/forza_ws/race_stack/install/stack_master/share/stack_master/maps/hangar_1905_v0
[5.563s] copying maps/hangar_1905_v0/hangar_1905_v0.yaml -> /home/misys/forza_ws/race_stack/install/stack_master/share/stack_master/maps/hangar_1905_v0
[5.563s] copying maps/hangar_1905_v0/hangar_1905_v0.png -> /home/misys/forza_ws/race_stack/install/stack_master/share/stack_master/maps/hangar_1905_v0
[5.563s] copying maps/hangar_1905_v0/global_waypoints.json -> /home/misys/forza_ws/race_stack/install/stack_master/share/stack_master/maps/hangar_1905_v0
[5.563s] copying maps/hangar_1905_v0/hangar_1905_v0.pbstream -> /home/misys/forza_ws/race_stack/install/stack_master/share/stack_master/maps/hangar_1905_v0
[5.563s] running install_egg_info
[5.563s] Copying ../build/stack_master/stack_master.egg-info to /home/misys/forza_ws/race_stack/install/stack_master/lib/python3.10/site-packages/stack_master-0.0.0-py3.10.egg-info
[5.563s] running install_scripts
[5.570s] Installing global_parameter_node script to /home/misys/forza_ws/race_stack/install/stack_master/lib/stack_master
[5.570s] writing list of installed files to '/home/misys/forza_ws/race_stack/build/stack_master/install.log'
[5.718s] Invoked command in '/home/misys/forza_ws/race_stack/stack_master' returned '0': PYTHONPATH=/home/misys/forza_ws/race_stack/build/stack_master/prefix_override:/usr/lib/python3/dist-packages/colcon_core/task/python/colcon_distutils_commands:/home/misys/forza_ws/race_stack/install/stack_master/lib/python3.10/site-packages:${PYTHONPATH} /usr/bin/python3 -W ignore:setup.py install is deprecated -W ignore:easy_install command is deprecated setup.py egg_info --egg-base ../build/stack_master build --build-base /home/misys/forza_ws/race_stack/build/stack_master/build install --record /home/misys/forza_ws/race_stack/build/stack_master/install.log --single-version-externally-managed install_data
