[0.711s] Invoking command in '/home/misys/forza_ws/race_stack/build/ackermann_mux': CMAKE_PREFIX_PATH=${CMAKE_PREFIX_PATH}:/home/misys/forza_ws/race_stack/install/f1tenth_stack:/home/misys/forza_ws/race_stack/install/joy_teleop:/home/misys/forza_ws/race_stack/install/steering_lookup:/home/misys/forza_ws/race_stack/install/state_machine:/home/misys/forza_ws/race_stack/install/slam_tuner:/home/misys/forza_ws/race_stack/install/state_estimation:/home/misys/forza_ws/race_stack/install/map_editor:/home/misys/forza_ws/race_stack/install/stack_master:/home/misys/forza_ws/race_stack/install/spline_planner:/home/misys/forza_ws/race_stack/install/sector_tuner:/home/misys/forza_ws/race_stack/install/perception:/home/misys/forza_ws/race_stack/install/particle_filter:/home/misys/forza_ws/race_stack/install/opponent_publisher:/home/misys/forza_ws/race_stack/install/ofc:/home/misys/forza_ws/race_stack/install/mouse_teleop:/home/misys/forza_ws/race_stack/install/lap_analyser:/home/misys/forza_ws/race_stack/install/key_teleop:/home/misys/forza_ws/race_stack/install/id_controller:/home/misys/forza_ws/race_stack/install/global_planner:/home/misys/forza_ws/race_stack/install/frenet_odom_republisher:/home/misys/forza_ws/race_stack/install/frenet_conversion:/home/misys/forza_ws/race_stack/install/f1tenth_gym_ros:/home/misys/forza_ws/race_stack/install/controller:/opt/ros/humble /usr/bin/cmake --build /home/misys/forza_ws/race_stack/build/ackermann_mux -- -j18 -l18
[4.776s] [35m[1mConsolidate compiler generated dependencies of target ackermann_mux[0m
[4.776s] [100%] Built target ackermann_mux
[4.800s] Invoked command in '/home/misys/forza_ws/race_stack/build/ackermann_mux' returned '0': CMAKE_PREFIX_PATH=${CMAKE_PREFIX_PATH}:/home/misys/forza_ws/race_stack/install/f1tenth_stack:/home/misys/forza_ws/race_stack/install/joy_teleop:/home/misys/forza_ws/race_stack/install/steering_lookup:/home/misys/forza_ws/race_stack/install/state_machine:/home/misys/forza_ws/race_stack/install/slam_tuner:/home/misys/forza_ws/race_stack/install/state_estimation:/home/misys/forza_ws/race_stack/install/map_editor:/home/misys/forza_ws/race_stack/install/stack_master:/home/misys/forza_ws/race_stack/install/spline_planner:/home/misys/forza_ws/race_stack/install/sector_tuner:/home/misys/forza_ws/race_stack/install/perception:/home/misys/forza_ws/race_stack/install/particle_filter:/home/misys/forza_ws/race_stack/install/opponent_publisher:/home/misys/forza_ws/race_stack/install/ofc:/home/misys/forza_ws/race_stack/install/mouse_teleop:/home/misys/forza_ws/race_stack/install/lap_analyser:/home/misys/forza_ws/race_stack/install/key_teleop:/home/misys/forza_ws/race_stack/install/id_controller:/home/misys/forza_ws/race_stack/install/global_planner:/home/misys/forza_ws/race_stack/install/frenet_odom_republisher:/home/misys/forza_ws/race_stack/install/frenet_conversion:/home/misys/forza_ws/race_stack/install/f1tenth_gym_ros:/home/misys/forza_ws/race_stack/install/controller:/opt/ros/humble /usr/bin/cmake --build /home/misys/forza_ws/race_stack/build/ackermann_mux -- -j18 -l18
[4.802s] Invoking command in '/home/misys/forza_ws/race_stack/build/ackermann_mux': CMAKE_PREFIX_PATH=${CMAKE_PREFIX_PATH}:/home/misys/forza_ws/race_stack/install/f1tenth_stack:/home/misys/forza_ws/race_stack/install/joy_teleop:/home/misys/forza_ws/race_stack/install/steering_lookup:/home/misys/forza_ws/race_stack/install/state_machine:/home/misys/forza_ws/race_stack/install/slam_tuner:/home/misys/forza_ws/race_stack/install/state_estimation:/home/misys/forza_ws/race_stack/install/map_editor:/home/misys/forza_ws/race_stack/install/stack_master:/home/misys/forza_ws/race_stack/install/spline_planner:/home/misys/forza_ws/race_stack/install/sector_tuner:/home/misys/forza_ws/race_stack/install/perception:/home/misys/forza_ws/race_stack/install/particle_filter:/home/misys/forza_ws/race_stack/install/opponent_publisher:/home/misys/forza_ws/race_stack/install/ofc:/home/misys/forza_ws/race_stack/install/mouse_teleop:/home/misys/forza_ws/race_stack/install/lap_analyser:/home/misys/forza_ws/race_stack/install/key_teleop:/home/misys/forza_ws/race_stack/install/id_controller:/home/misys/forza_ws/race_stack/install/global_planner:/home/misys/forza_ws/race_stack/install/frenet_odom_republisher:/home/misys/forza_ws/race_stack/install/frenet_conversion:/home/misys/forza_ws/race_stack/install/f1tenth_gym_ros:/home/misys/forza_ws/race_stack/install/controller:/opt/ros/humble /usr/bin/cmake --install /home/misys/forza_ws/race_stack/build/ackermann_mux
[4.811s] -- Install configuration: ""
[4.812s] -- Up-to-date: /home/misys/forza_ws/race_stack/install/ackermann_mux/lib/ackermann_mux/ackermann_mux
[4.826s] -- Up-to-date: /home/misys/forza_ws/race_stack/install/ackermann_mux/share/ackermann_mux/launch
[4.840s] -- Up-to-date: /home/misys/forza_ws/race_stack/install/ackermann_mux/share/ackermann_mux/launch/ackermann_mux_launch.py
[4.841s] -- Up-to-date: /home/misys/forza_ws/race_stack/install/ackermann_mux/share/ackermann_mux/config
[4.849s] -- Up-to-date: /home/misys/forza_ws/race_stack/install/ackermann_mux/share/ackermann_mux/config/ackermann_mux_topics.yaml
[4.850s] -- Up-to-date: /home/misys/forza_ws/race_stack/install/ackermann_mux/share/ackermann_mux/config/joystick.yaml
[4.850s] -- Up-to-date: /home/misys/forza_ws/race_stack/install/ackermann_mux/share/ackermann_mux/config/ackermann_mux_locks.yaml
[4.850s] -- Up-to-date: /home/misys/forza_ws/race_stack/install/ackermann_mux/include
[4.854s] -- Up-to-date: /home/misys/forza_ws/race_stack/install/ackermann_mux/include/ackermann_mux
[4.861s] -- Up-to-date: /home/misys/forza_ws/race_stack/install/ackermann_mux/include/ackermann_mux/utils.hpp
[4.861s] -- Up-to-date: /home/misys/forza_ws/race_stack/install/ackermann_mux/include/ackermann_mux/ackermann_mux_diagnostics_status.hpp
[4.862s] -- Up-to-date: /home/misys/forza_ws/race_stack/install/ackermann_mux/include/ackermann_mux/topic_handle.hpp
[4.862s] -- Up-to-date: /home/misys/forza_ws/race_stack/install/ackermann_mux/include/ackermann_mux/ackermann_mux.hpp
[4.863s] -- Up-to-date: /home/misys/forza_ws/race_stack/install/ackermann_mux/include/ackermann_mux/params_helpers.hpp
[4.864s] -- Up-to-date: /home/misys/forza_ws/race_stack/install/ackermann_mux/include/ackermann_mux/ackermann_mux_diagnostics.hpp
[4.867s] -- Up-to-date: /home/misys/forza_ws/race_stack/install/ackermann_mux/share/ament_index/resource_index/package_run_dependencies/ackermann_mux
[4.877s] -- Up-to-date: /home/misys/forza_ws/race_stack/install/ackermann_mux/share/ament_index/resource_index/parent_prefix_path/ackermann_mux
[4.879s] -- Up-to-date: /home/misys/forza_ws/race_stack/install/ackermann_mux/share/ackermann_mux/environment/ament_prefix_path.sh
[4.880s] -- Up-to-date: /home/misys/forza_ws/race_stack/install/ackermann_mux/share/ackermann_mux/environment/ament_prefix_path.dsv
[4.882s] -- Up-to-date: /home/misys/forza_ws/race_stack/install/ackermann_mux/share/ackermann_mux/environment/path.sh
[4.885s] -- Up-to-date: /home/misys/forza_ws/race_stack/install/ackermann_mux/share/ackermann_mux/environment/path.dsv
[4.887s] -- Up-to-date: /home/misys/forza_ws/race_stack/install/ackermann_mux/share/ackermann_mux/local_setup.bash
[4.888s] -- Up-to-date: /home/misys/forza_ws/race_stack/install/ackermann_mux/share/ackermann_mux/local_setup.sh
[4.888s] -- Up-to-date: /home/misys/forza_ws/race_stack/install/ackermann_mux/share/ackermann_mux/local_setup.zsh
[4.889s] -- Up-to-date: /home/misys/forza_ws/race_stack/install/ackermann_mux/share/ackermann_mux/local_setup.dsv
[4.899s] -- Installing: /home/misys/forza_ws/race_stack/install/ackermann_mux/share/ackermann_mux/package.dsv
[4.899s] -- Up-to-date: /home/misys/forza_ws/race_stack/install/ackermann_mux/share/ament_index/resource_index/packages/ackermann_mux
[4.901s] -- Up-to-date: /home/misys/forza_ws/race_stack/install/ackermann_mux/share/ackermann_mux/cmake/ament_cmake_export_include_directories-extras.cmake
[4.915s] -- Up-to-date: /home/misys/forza_ws/race_stack/install/ackermann_mux/share/ackermann_mux/cmake/ament_cmake_export_dependencies-extras.cmake
[4.917s] -- Up-to-date: /home/misys/forza_ws/race_stack/install/ackermann_mux/share/ackermann_mux/cmake/ackermann_muxConfig.cmake
[4.918s] -- Up-to-date: /home/misys/forza_ws/race_stack/install/ackermann_mux/share/ackermann_mux/cmake/ackermann_muxConfig-version.cmake
[4.938s] -- Up-to-date: /home/misys/forza_ws/race_stack/install/ackermann_mux/share/ackermann_mux/package.xml
[5.078s] Invoked command in '/home/misys/forza_ws/race_stack/build/ackermann_mux' returned '0': CMAKE_PREFIX_PATH=${CMAKE_PREFIX_PATH}:/home/misys/forza_ws/race_stack/install/f1tenth_stack:/home/misys/forza_ws/race_stack/install/joy_teleop:/home/misys/forza_ws/race_stack/install/steering_lookup:/home/misys/forza_ws/race_stack/install/state_machine:/home/misys/forza_ws/race_stack/install/slam_tuner:/home/misys/forza_ws/race_stack/install/state_estimation:/home/misys/forza_ws/race_stack/install/map_editor:/home/misys/forza_ws/race_stack/install/stack_master:/home/misys/forza_ws/race_stack/install/spline_planner:/home/misys/forza_ws/race_stack/install/sector_tuner:/home/misys/forza_ws/race_stack/install/perception:/home/misys/forza_ws/race_stack/install/particle_filter:/home/misys/forza_ws/race_stack/install/opponent_publisher:/home/misys/forza_ws/race_stack/install/ofc:/home/misys/forza_ws/race_stack/install/mouse_teleop:/home/misys/forza_ws/race_stack/install/lap_analyser:/home/misys/forza_ws/race_stack/install/key_teleop:/home/misys/forza_ws/race_stack/install/id_controller:/home/misys/forza_ws/race_stack/install/global_planner:/home/misys/forza_ws/race_stack/install/frenet_odom_republisher:/home/misys/forza_ws/race_stack/install/frenet_conversion:/home/misys/forza_ws/race_stack/install/f1tenth_gym_ros:/home/misys/forza_ws/race_stack/install/controller:/opt/ros/humble /usr/bin/cmake --install /home/misys/forza_ws/race_stack/build/ackermann_mux
