running egg_info
writing ../../../build/opponent_publisher/opponent_publisher.egg-info/PKG-INFO
writing dependency_links to ../../../build/opponent_publisher/opponent_publisher.egg-info/dependency_links.txt
writing entry points to ../../../build/opponent_publisher/opponent_publisher.egg-info/entry_points.txt
writing requirements to ../../../build/opponent_publisher/opponent_publisher.egg-info/requires.txt
writing top-level names to ../../../build/opponent_publisher/opponent_publisher.egg-info/top_level.txt
reading manifest file '../../../build/opponent_publisher/opponent_publisher.egg-info/SOURCES.txt'
adding license file 'LICENSE'
writing manifest file '../../../build/opponent_publisher/opponent_publisher.egg-info/SOURCES.txt'
running build
running build_py
running install
running install_lib
running install_data
running install_egg_info
removing '/home/misys/forza_ws/race_stack/install/opponent_publisher/lib/python3.10/site-packages/opponent_publisher-0.0.0-py3.10.egg-info' (and everything under it)
Copying ../../../build/opponent_publisher/opponent_publisher.egg-info to /home/misys/forza_ws/race_stack/install/opponent_publisher/lib/python3.10/site-packages/opponent_publisher-0.0.0-py3.10.egg-info
running install_scripts
Installing collision_detector script to /home/misys/forza_ws/race_stack/install/opponent_publisher/lib/opponent_publisher
Installing obstacle_publisher script to /home/misys/forza_ws/race_stack/install/opponent_publisher/lib/opponent_publisher
writing list of installed files to '/home/misys/forza_ws/race_stack/build/opponent_publisher/install.log'
