[6.026s] Invoking command in '/home/misys/forza_ws/race_stack/base_system/f1tenth_system/teleop_tools/mouse_teleop': PYTHONPATH=/home/misys/forza_ws/race_stack/build/mouse_teleop/prefix_override:/usr/lib/python3/dist-packages/colcon_core/task/python/colcon_distutils_commands:/home/misys/forza_ws/race_stack/install/mouse_teleop/lib/python3.10/site-packages:${PYTHONPATH} /usr/bin/python3 -W ignore:setup.py install is deprecated -W ignore:easy_install command is deprecated setup.py egg_info --egg-base ../../../../build/mouse_teleop build --build-base /home/misys/forza_ws/race_stack/build/mouse_teleop/build install --record /home/misys/forza_ws/race_stack/build/mouse_teleop/install.log --single-version-externally-managed install_data
[6.516s] running egg_info
[6.519s] writing ../../../../build/mouse_teleop/mouse_teleop.egg-info/PKG-INFO
[6.520s] writing dependency_links to ../../../../build/mouse_teleop/mouse_teleop.egg-info/dependency_links.txt
[6.522s] writing entry points to ../../../../build/mouse_teleop/mouse_teleop.egg-info/entry_points.txt
[6.523s] writing requirements to ../../../../build/mouse_teleop/mouse_teleop.egg-info/requires.txt
[6.524s] writing top-level names to ../../../../build/mouse_teleop/mouse_teleop.egg-info/top_level.txt
[6.528s] reading manifest file '../../../../build/mouse_teleop/mouse_teleop.egg-info/SOURCES.txt'
[6.529s] adding license file 'LICENSE'
[6.530s] writing manifest file '../../../../build/mouse_teleop/mouse_teleop.egg-info/SOURCES.txt'
[6.531s] running build
[6.531s] running build_py
[6.532s] running install
[6.534s] running install_lib
[6.534s] running install_data
[6.535s] running install_egg_info
[6.538s] removing '/home/misys/forza_ws/race_stack/install/mouse_teleop/lib/python3.10/site-packages/mouse_teleop-1.5.0-py3.10.egg-info' (and everything under it)
[6.546s] Copying ../../../../build/mouse_teleop/mouse_teleop.egg-info to /home/misys/forza_ws/race_stack/install/mouse_teleop/lib/python3.10/site-packages/mouse_teleop-1.5.0-py3.10.egg-info
[6.547s] running install_scripts
[6.577s] Installing mouse_teleop script to /home/misys/forza_ws/race_stack/install/mouse_teleop/lib/mouse_teleop
[6.579s] writing list of installed files to '/home/misys/forza_ws/race_stack/build/mouse_teleop/install.log'
[7.068s] Invoked command in '/home/misys/forza_ws/race_stack/base_system/f1tenth_system/teleop_tools/mouse_teleop' returned '0': PYTHONPATH=/home/misys/forza_ws/race_stack/build/mouse_teleop/prefix_override:/usr/lib/python3/dist-packages/colcon_core/task/python/colcon_distutils_commands:/home/misys/forza_ws/race_stack/install/mouse_teleop/lib/python3.10/site-packages:${PYTHONPATH} /usr/bin/python3 -W ignore:setup.py install is deprecated -W ignore:easy_install command is deprecated setup.py egg_info --egg-base ../../../../build/mouse_teleop build --build-base /home/misys/forza_ws/race_stack/build/mouse_teleop/build install --record /home/misys/forza_ws/race_stack/build/mouse_teleop/install.log --single-version-externally-managed install_data
