/home/misys/forza_ws/race_stack/install/sector_tuner/lib/python3.10/site-packages/sector_tuner/__init__.py
/home/misys/forza_ws/race_stack/install/sector_tuner/lib/python3.10/site-packages/sector_tuner/ot_sector_slicer.py
/home/misys/forza_ws/race_stack/install/sector_tuner/lib/python3.10/site-packages/sector_tuner/sector_slicer.py
/home/misys/forza_ws/race_stack/install/sector_tuner/lib/python3.10/site-packages/sector_tuner/sector_tuner.py
/home/misys/forza_ws/race_stack/install/sector_tuner/lib/python3.10/site-packages/sector_tuner/ot_interpolator.py
/home/misys/forza_ws/race_stack/install/sector_tuner/lib/python3.10/site-packages/sector_tuner/sector_ctrl_slicer.py
/home/misys/forza_ws/race_stack/install/sector_tuner/lib/python3.10/site-packages/sector_tuner/__pycache__/__init__.cpython-310.pyc
/home/misys/forza_ws/race_stack/install/sector_tuner/lib/python3.10/site-packages/sector_tuner/__pycache__/ot_sector_slicer.cpython-310.pyc
/home/misys/forza_ws/race_stack/install/sector_tuner/lib/python3.10/site-packages/sector_tuner/__pycache__/sector_slicer.cpython-310.pyc
/home/misys/forza_ws/race_stack/install/sector_tuner/lib/python3.10/site-packages/sector_tuner/__pycache__/sector_tuner.cpython-310.pyc
/home/misys/forza_ws/race_stack/install/sector_tuner/lib/python3.10/site-packages/sector_tuner/__pycache__/ot_interpolator.cpython-310.pyc
/home/misys/forza_ws/race_stack/install/sector_tuner/lib/python3.10/site-packages/sector_tuner/__pycache__/sector_ctrl_slicer.cpython-310.pyc
/home/misys/forza_ws/race_stack/install/sector_tuner/share/ament_index/resource_index/packages/sector_tuner
/home/misys/forza_ws/race_stack/install/sector_tuner/share/sector_tuner/package.xml
/home/misys/forza_ws/race_stack/install/sector_tuner/lib/python3.10/site-packages/sector_tuner-0.0.0-py3.10.egg-info/PKG-INFO
/home/misys/forza_ws/race_stack/install/sector_tuner/lib/python3.10/site-packages/sector_tuner-0.0.0-py3.10.egg-info/SOURCES.txt
/home/misys/forza_ws/race_stack/install/sector_tuner/lib/python3.10/site-packages/sector_tuner-0.0.0-py3.10.egg-info/dependency_links.txt
/home/misys/forza_ws/race_stack/install/sector_tuner/lib/python3.10/site-packages/sector_tuner-0.0.0-py3.10.egg-info/zip-safe
/home/misys/forza_ws/race_stack/install/sector_tuner/lib/python3.10/site-packages/sector_tuner-0.0.0-py3.10.egg-info/entry_points.txt
/home/misys/forza_ws/race_stack/install/sector_tuner/lib/python3.10/site-packages/sector_tuner-0.0.0-py3.10.egg-info/requires.txt
/home/misys/forza_ws/race_stack/install/sector_tuner/lib/python3.10/site-packages/sector_tuner-0.0.0-py3.10.egg-info/top_level.txt
/home/misys/forza_ws/race_stack/install/sector_tuner/lib/sector_tuner/finish_sector.sh
/home/misys/forza_ws/race_stack/install/sector_tuner/lib/sector_tuner/ot_interpolator
/home/misys/forza_ws/race_stack/install/sector_tuner/lib/sector_tuner/ot_sector_slicer
/home/misys/forza_ws/race_stack/install/sector_tuner/lib/sector_tuner/sector_ctrl_slicer
/home/misys/forza_ws/race_stack/install/sector_tuner/lib/sector_tuner/sector_runtime_ctrl_switcher
/home/misys/forza_ws/race_stack/install/sector_tuner/lib/sector_tuner/sector_slicer
/home/misys/forza_ws/race_stack/install/sector_tuner/lib/sector_tuner/sector_tuner
