-- The C compiler identification is GNU 11.4.0
-- The CXX compiler identification is GNU 11.4.0
-- Detecting C compiler ABI info
-- Detecting C compiler ABI info - done
-- Check for working C compiler: /usr/bin/cc - skipped
-- Detecting C compile features
-- Detecting C compile features - done
-- Detecting CXX compiler ABI info
-- Detecting CXX compiler ABI info - done
-- Check for working CXX compiler: /usr/bin/c++ - skipped
-- Detecting CXX compile features
-- Detecting CXX compile features - done
-- Found ament_cmake: 1.3.12 (/opt/ros/humble/share/ament_cmake/cmake)
-- Found Python3: /usr/bin/python3 (found version "3.10.12") found components: Interpreter 
-- Found rclcpp: 16.0.15 (/opt/ros/humble/share/rclcpp/cmake)
-- Found rosidl_generator_c: 3.1.7 (/opt/ros/humble/share/rosidl_generator_c/cmake)
-- Found rosidl_adapter: 3.1.7 (/opt/ros/humble/share/rosidl_adapter/cmake)
-- Found rosidl_generator_cpp: 3.1.7 (/opt/ros/humble/share/rosidl_generator_cpp/cmake)
-- Using all available rosidl_typesupport_c: rosidl_typesupport_fastrtps_c;rosidl_typesupport_introspection_c
-- Using all available rosidl_typesupport_cpp: rosidl_typesupport_fastrtps_cpp;rosidl_typesupport_introspection_cpp
-- Found rmw_implementation_cmake: 6.1.2 (/opt/ros/humble/share/rmw_implementation_cmake/cmake)
-- Found rmw_fastrtps_cpp: 6.2.9 (/opt/ros/humble/share/rmw_fastrtps_cpp/cmake)
-- Found OpenSSL: /usr/lib/x86_64-linux-gnu/libcrypto.so (found version "3.0.2")  
-- Found FastRTPS: /opt/ros/humble/include  
-- Using RMW implementation 'rmw_fastrtps_cpp' as default
-- Looking for pthread.h
-- Looking for pthread.h - found
-- Performing Test CMAKE_HAVE_LIBC_PTHREAD
-- Performing Test CMAKE_HAVE_LIBC_PTHREAD - Success
-- Found Threads: TRUE  
-- Found sensor_msgs: 4.9.0 (/opt/ros/humble/share/sensor_msgs/cmake)
-- Found nav_msgs: 4.9.0 (/opt/ros/humble/share/nav_msgs/cmake)
-- Found visualization_msgs: 4.9.0 (/opt/ros/humble/share/visualization_msgs/cmake)
-- Found tf2: 0.25.16 (/opt/ros/humble/share/tf2/cmake)
-- Found tf2_ros: 0.25.16 (/opt/ros/humble/share/tf2_ros/cmake)
-- Found tf2_geometry_msgs: 0.25.16 (/opt/ros/humble/share/tf2_geometry_msgs/cmake)
-- Found eigen3_cmake_module: 0.1.1 (/opt/ros/humble/share/eigen3_cmake_module/cmake)
-- Found Eigen3: TRUE (found version "3.4.0") 
-- Ensuring Eigen3 include directory is part of orocos-kdl CMake target
-- Found f110_msgs: 0.0.0 (/home/misys/forza_ws/race_stack/install/f110_msgs/share/f110_msgs/cmake)
-- Found frenet_conversion_cpp: 0.0.1 (/home/misys/forza_ws/race_stack/install/frenet_conversion_cpp/share/frenet_conversion_cpp/cmake)
-- Configuring done
-- Generating done
-- Build files have been written to: /home/misys/forza_ws/race_stack/build/perception_cpp
[ 25%] Building CXX object CMakeFiles/detect.dir/src/detect.cpp.o
[ 50%] Building CXX object CMakeFiles/tracking.dir/src/tracking.cpp.o
[ 75%] Linking CXX executable tracking
[ 75%] Built target tracking
[100%] Linking CXX executable detect
[100%] Built target detect
-- Install configuration: ""
-- Installing: /home/misys/forza_ws/race_stack/install/perception_cpp/lib/perception_cpp/detect
-- Set runtime path of "/home/misys/forza_ws/race_stack/install/perception_cpp/lib/perception_cpp/detect" to ""
-- Installing: /home/misys/forza_ws/race_stack/install/perception_cpp/lib/perception_cpp/tracking
-- Set runtime path of "/home/misys/forza_ws/race_stack/install/perception_cpp/lib/perception_cpp/tracking" to ""
-- Installing: /home/misys/forza_ws/race_stack/install/perception_cpp/share/perception_cpp//launch
-- Installing: /home/misys/forza_ws/race_stack/install/perception_cpp/share/perception_cpp//launch/perception_launch.xml
-- Installing: /home/misys/forza_ws/race_stack/install/perception_cpp/share/ament_index/resource_index/package_run_dependencies/perception_cpp
-- Installing: /home/misys/forza_ws/race_stack/install/perception_cpp/share/ament_index/resource_index/parent_prefix_path/perception_cpp
-- Installing: /home/misys/forza_ws/race_stack/install/perception_cpp/share/perception_cpp/environment/ament_prefix_path.sh
-- Installing: /home/misys/forza_ws/race_stack/install/perception_cpp/share/perception_cpp/environment/ament_prefix_path.dsv
-- Installing: /home/misys/forza_ws/race_stack/install/perception_cpp/share/perception_cpp/environment/path.sh
-- Installing: /home/misys/forza_ws/race_stack/install/perception_cpp/share/perception_cpp/environment/path.dsv
-- Installing: /home/misys/forza_ws/race_stack/install/perception_cpp/share/perception_cpp/local_setup.bash
-- Installing: /home/misys/forza_ws/race_stack/install/perception_cpp/share/perception_cpp/local_setup.sh
-- Installing: /home/misys/forza_ws/race_stack/install/perception_cpp/share/perception_cpp/local_setup.zsh
-- Installing: /home/misys/forza_ws/race_stack/install/perception_cpp/share/perception_cpp/local_setup.dsv
-- Installing: /home/misys/forza_ws/race_stack/install/perception_cpp/share/perception_cpp/package.dsv
-- Installing: /home/misys/forza_ws/race_stack/install/perception_cpp/share/ament_index/resource_index/packages/perception_cpp
-- Installing: /home/misys/forza_ws/race_stack/install/perception_cpp/share/perception_cpp/cmake/perception_cppConfig.cmake
-- Installing: /home/misys/forza_ws/race_stack/install/perception_cpp/share/perception_cpp/cmake/perception_cppConfig-version.cmake
-- Installing: /home/misys/forza_ws/race_stack/install/perception_cpp/share/perception_cpp/package.xml
