[0.307s] Invoking command in '/home/misys/forza_ws/race_stack/build/perception_cpp': AMENT_PREFIX_PATH=/home/misys/forza_ws/race_stack/install/frenet_conversion_cpp:/home/misys/forza_ws/race_stack/install/f110_msgs:${AMENT_PREFIX_PATH} CMAKE_PREFIX_PATH=/home/misys/forza_ws/race_stack/install/frenet_conversion_cpp:/home/misys/forza_ws/race_stack/install/f110_msgs:/opt/ros/humble LD_LIBRARY_PATH=/home/misys/forza_ws/race_stack/install/frenet_conversion_cpp/lib:/home/misys/forza_ws/race_stack/install/f110_msgs/lib:${LD_LIBRARY_PATH} PYTHONPATH=/home/misys/forza_ws/race_stack/install/f110_msgs/local/lib/python3.10/dist-packages:${PYTHONPATH} /usr/bin/cmake /home/misys/forza_ws/race_stack/perception_cpp -DCMAKE_INSTALL_PREFIX=/home/misys/forza_ws/race_stack/install/perception_cpp
[0.378s] -- The C compiler identification is GNU 11.4.0
[0.448s] -- The CXX compiler identification is GNU 11.4.0
[0.460s] -- Detecting C compiler ABI info
[0.551s] -- Detecting C compiler ABI info - done
[0.560s] -- Check for working C compiler: /usr/bin/cc - skipped
[0.560s] -- Detecting C compile features
[0.560s] -- Detecting C compile features - done
[0.564s] -- Detecting CXX compiler ABI info
[0.657s] -- Detecting CXX compiler ABI info - done
[0.669s] -- Check for working CXX compiler: /usr/bin/c++ - skipped
[0.670s] -- Detecting CXX compile features
[0.670s] -- Detecting CXX compile features - done
[0.673s] -- Found ament_cmake: 1.3.12 (/opt/ros/humble/share/ament_cmake/cmake)
[0.883s] -- Found Python3: /usr/bin/python3 (found version "3.10.12") found components: Interpreter 
[1.069s] -- Found rclcpp: 16.0.15 (/opt/ros/humble/share/rclcpp/cmake)
[1.141s] -- Found rosidl_generator_c: 3.1.7 (/opt/ros/humble/share/rosidl_generator_c/cmake)
[1.146s] -- Found rosidl_adapter: 3.1.7 (/opt/ros/humble/share/rosidl_adapter/cmake)
[1.160s] -- Found rosidl_generator_cpp: 3.1.7 (/opt/ros/humble/share/rosidl_generator_cpp/cmake)
[1.180s] -- Using all available rosidl_typesupport_c: rosidl_typesupport_fastrtps_c;rosidl_typesupport_introspection_c
[1.219s] -- Using all available rosidl_typesupport_cpp: rosidl_typesupport_fastrtps_cpp;rosidl_typesupport_introspection_cpp
[1.354s] -- Found rmw_implementation_cmake: 6.1.2 (/opt/ros/humble/share/rmw_implementation_cmake/cmake)
[1.365s] -- Found rmw_fastrtps_cpp: 6.2.9 (/opt/ros/humble/share/rmw_fastrtps_cpp/cmake)
[1.549s] -- Found OpenSSL: /usr/lib/x86_64-linux-gnu/libcrypto.so (found version "3.0.2")  
[1.620s] -- Found FastRTPS: /opt/ros/humble/include  
[1.738s] -- Using RMW implementation 'rmw_fastrtps_cpp' as default
[1.755s] -- Looking for pthread.h
[1.925s] -- Looking for pthread.h - found
[1.925s] -- Performing Test CMAKE_HAVE_LIBC_PTHREAD
[2.090s] -- Performing Test CMAKE_HAVE_LIBC_PTHREAD - Success
[2.092s] -- Found Threads: TRUE  
[2.197s] -- Found sensor_msgs: 4.9.0 (/opt/ros/humble/share/sensor_msgs/cmake)
[2.253s] -- Found nav_msgs: 4.9.0 (/opt/ros/humble/share/nav_msgs/cmake)
[2.294s] -- Found visualization_msgs: 4.9.0 (/opt/ros/humble/share/visualization_msgs/cmake)
[2.342s] -- Found tf2: 0.25.16 (/opt/ros/humble/share/tf2/cmake)
[2.358s] -- Found tf2_ros: 0.25.16 (/opt/ros/humble/share/tf2_ros/cmake)
[2.465s] -- Found tf2_geometry_msgs: 0.25.16 (/opt/ros/humble/share/tf2_geometry_msgs/cmake)
[2.490s] -- Found eigen3_cmake_module: 0.1.1 (/opt/ros/humble/share/eigen3_cmake_module/cmake)
[2.492s] -- Found Eigen3: TRUE (found version "3.4.0") 
[2.494s] -- Ensuring Eigen3 include directory is part of orocos-kdl CMake target
[2.496s] -- Found f110_msgs: 0.0.0 (/home/misys/forza_ws/race_stack/install/f110_msgs/share/f110_msgs/cmake)
[2.523s] -- Found frenet_conversion_cpp: 0.0.1 (/home/misys/forza_ws/race_stack/install/frenet_conversion_cpp/share/frenet_conversion_cpp/cmake)
[2.647s] -- Configuring done
[2.691s] -- Generating done
[2.722s] -- Build files have been written to: /home/misys/forza_ws/race_stack/build/perception_cpp
[2.772s] Invoked command in '/home/misys/forza_ws/race_stack/build/perception_cpp' returned '0': AMENT_PREFIX_PATH=/home/misys/forza_ws/race_stack/install/frenet_conversion_cpp:/home/misys/forza_ws/race_stack/install/f110_msgs:${AMENT_PREFIX_PATH} CMAKE_PREFIX_PATH=/home/misys/forza_ws/race_stack/install/frenet_conversion_cpp:/home/misys/forza_ws/race_stack/install/f110_msgs:/opt/ros/humble LD_LIBRARY_PATH=/home/misys/forza_ws/race_stack/install/frenet_conversion_cpp/lib:/home/misys/forza_ws/race_stack/install/f110_msgs/lib:${LD_LIBRARY_PATH} PYTHONPATH=/home/misys/forza_ws/race_stack/install/f110_msgs/local/lib/python3.10/dist-packages:${PYTHONPATH} /usr/bin/cmake /home/misys/forza_ws/race_stack/perception_cpp -DCMAKE_INSTALL_PREFIX=/home/misys/forza_ws/race_stack/install/perception_cpp
[2.777s] Invoking command in '/home/misys/forza_ws/race_stack/build/perception_cpp': AMENT_PREFIX_PATH=/home/misys/forza_ws/race_stack/install/frenet_conversion_cpp:/home/misys/forza_ws/race_stack/install/f110_msgs:${AMENT_PREFIX_PATH} CMAKE_PREFIX_PATH=/home/misys/forza_ws/race_stack/install/frenet_conversion_cpp:/home/misys/forza_ws/race_stack/install/f110_msgs:/opt/ros/humble LD_LIBRARY_PATH=/home/misys/forza_ws/race_stack/install/frenet_conversion_cpp/lib:/home/misys/forza_ws/race_stack/install/f110_msgs/lib:${LD_LIBRARY_PATH} PYTHONPATH=/home/misys/forza_ws/race_stack/install/f110_msgs/local/lib/python3.10/dist-packages:${PYTHONPATH} /usr/bin/cmake --build /home/misys/forza_ws/race_stack/build/perception_cpp -- -j18 -l18
[2.974s] [ 25%] Building CXX object CMakeFiles/detect.dir/src/detect.cpp.o
[2.974s] [ 50%] Building CXX object CMakeFiles/tracking.dir/src/tracking.cpp.o
[12.164s] /home/misys/forza_ws/race_stack/perception_cpp/src/detect.cpp: In member function ‘std::vector<Obstacle> DetectNode::fit_obstacles_pca_(const std::vector<Eigen::Matrix<float, -1, -1> >&, const std::optional<geometry_msgs::msg::TransformStamped_<std::allocator<void> > >&)’:
[12.164s] /home/misys/forza_ws/race_stack/perception_cpp/src/detect.cpp:375:13: warning: unused variable ‘len_major’ [-Wunused-variable]
[12.164s]   375 |       float len_major = p_major.maxCoeff() - p_major.minCoeff();
[12.164s]       |             ^~~~~~~~~
[36.701s] [ 75%] Linking CXX executable tracking
[37.193s] [ 75%] Built target tracking
[42.421s] [100%] Linking CXX executable detect
[42.706s] [100%] Built target detect
[42.725s] Invoked command in '/home/misys/forza_ws/race_stack/build/perception_cpp' returned '0': AMENT_PREFIX_PATH=/home/misys/forza_ws/race_stack/install/frenet_conversion_cpp:/home/misys/forza_ws/race_stack/install/f110_msgs:${AMENT_PREFIX_PATH} CMAKE_PREFIX_PATH=/home/misys/forza_ws/race_stack/install/frenet_conversion_cpp:/home/misys/forza_ws/race_stack/install/f110_msgs:/opt/ros/humble LD_LIBRARY_PATH=/home/misys/forza_ws/race_stack/install/frenet_conversion_cpp/lib:/home/misys/forza_ws/race_stack/install/f110_msgs/lib:${LD_LIBRARY_PATH} PYTHONPATH=/home/misys/forza_ws/race_stack/install/f110_msgs/local/lib/python3.10/dist-packages:${PYTHONPATH} /usr/bin/cmake --build /home/misys/forza_ws/race_stack/build/perception_cpp -- -j18 -l18
[42.726s] Invoking command in '/home/misys/forza_ws/race_stack/build/perception_cpp': AMENT_PREFIX_PATH=/home/misys/forza_ws/race_stack/install/frenet_conversion_cpp:/home/misys/forza_ws/race_stack/install/f110_msgs:${AMENT_PREFIX_PATH} CMAKE_PREFIX_PATH=/home/misys/forza_ws/race_stack/install/frenet_conversion_cpp:/home/misys/forza_ws/race_stack/install/f110_msgs:/opt/ros/humble LD_LIBRARY_PATH=/home/misys/forza_ws/race_stack/install/frenet_conversion_cpp/lib:/home/misys/forza_ws/race_stack/install/f110_msgs/lib:${LD_LIBRARY_PATH} PYTHONPATH=/home/misys/forza_ws/race_stack/install/f110_msgs/local/lib/python3.10/dist-packages:${PYTHONPATH} /usr/bin/cmake --install /home/misys/forza_ws/race_stack/build/perception_cpp
[42.735s] -- Install configuration: ""
[42.736s] -- Installing: /home/misys/forza_ws/race_stack/install/perception_cpp/lib/perception_cpp/detect
[42.737s] -- Set runtime path of "/home/misys/forza_ws/race_stack/install/perception_cpp/lib/perception_cpp/detect" to ""
[42.737s] -- Installing: /home/misys/forza_ws/race_stack/install/perception_cpp/lib/perception_cpp/tracking
[42.739s] -- Set runtime path of "/home/misys/forza_ws/race_stack/install/perception_cpp/lib/perception_cpp/tracking" to ""
[42.740s] -- Installing: /home/misys/forza_ws/race_stack/install/perception_cpp/share/perception_cpp//launch
[42.740s] -- Installing: /home/misys/forza_ws/race_stack/install/perception_cpp/share/perception_cpp//launch/perception_launch.xml
[42.740s] -- Installing: /home/misys/forza_ws/race_stack/install/perception_cpp/share/ament_index/resource_index/package_run_dependencies/perception_cpp
[42.740s] -- Installing: /home/misys/forza_ws/race_stack/install/perception_cpp/share/ament_index/resource_index/parent_prefix_path/perception_cpp
[42.740s] -- Installing: /home/misys/forza_ws/race_stack/install/perception_cpp/share/perception_cpp/environment/ament_prefix_path.sh
[42.741s] -- Installing: /home/misys/forza_ws/race_stack/install/perception_cpp/share/perception_cpp/environment/ament_prefix_path.dsv
[42.741s] -- Installing: /home/misys/forza_ws/race_stack/install/perception_cpp/share/perception_cpp/environment/path.sh
[42.741s] -- Installing: /home/misys/forza_ws/race_stack/install/perception_cpp/share/perception_cpp/environment/path.dsv
[42.741s] -- Installing: /home/misys/forza_ws/race_stack/install/perception_cpp/share/perception_cpp/local_setup.bash
[42.741s] -- Installing: /home/misys/forza_ws/race_stack/install/perception_cpp/share/perception_cpp/local_setup.sh
[42.741s] -- Installing: /home/misys/forza_ws/race_stack/install/perception_cpp/share/perception_cpp/local_setup.zsh
[42.741s] -- Installing: /home/misys/forza_ws/race_stack/install/perception_cpp/share/perception_cpp/local_setup.dsv
[42.742s] -- Installing: /home/misys/forza_ws/race_stack/install/perception_cpp/share/perception_cpp/package.dsv
[42.742s] -- Installing: /home/misys/forza_ws/race_stack/install/perception_cpp/share/ament_index/resource_index/packages/perception_cpp
[42.742s] -- Installing: /home/misys/forza_ws/race_stack/install/perception_cpp/share/perception_cpp/cmake/perception_cppConfig.cmake
[42.742s] -- Installing: /home/misys/forza_ws/race_stack/install/perception_cpp/share/perception_cpp/cmake/perception_cppConfig-version.cmake
[42.742s] -- Installing: /home/misys/forza_ws/race_stack/install/perception_cpp/share/perception_cpp/package.xml
[42.745s] Invoked command in '/home/misys/forza_ws/race_stack/build/perception_cpp' returned '0': AMENT_PREFIX_PATH=/home/misys/forza_ws/race_stack/install/frenet_conversion_cpp:/home/misys/forza_ws/race_stack/install/f110_msgs:${AMENT_PREFIX_PATH} CMAKE_PREFIX_PATH=/home/misys/forza_ws/race_stack/install/frenet_conversion_cpp:/home/misys/forza_ws/race_stack/install/f110_msgs:/opt/ros/humble LD_LIBRARY_PATH=/home/misys/forza_ws/race_stack/install/frenet_conversion_cpp/lib:/home/misys/forza_ws/race_stack/install/f110_msgs/lib:${LD_LIBRARY_PATH} PYTHONPATH=/home/misys/forza_ws/race_stack/install/f110_msgs/local/lib/python3.10/dist-packages:${PYTHONPATH} /usr/bin/cmake --install /home/misys/forza_ws/race_stack/build/perception_cpp
