[5.598s] Invoking command in '/home/misys/forza_ws/race_stack/base_system/f1tenth_system/teleop_tools/mouse_teleop': PYTHONPATH=/home/misys/forza_ws/race_stack/build/mouse_teleop/prefix_override:/usr/lib/python3/dist-packages/colcon_core/task/python/colcon_distutils_commands:/home/misys/forza_ws/race_stack/install/mouse_teleop/lib/python3.10/site-packages:${PYTHONPATH} /usr/bin/python3 -W ignore:setup.py install is deprecated -W ignore:easy_install command is deprecated setup.py egg_info --egg-base ../../../../build/mouse_teleop build --build-base /home/misys/forza_ws/race_stack/build/mouse_teleop/build install --record /home/misys/forza_ws/race_stack/build/mouse_teleop/install.log --single-version-externally-managed install_data
[8.414s] running egg_info
[8.414s] creating ../../../../build/mouse_teleop/mouse_teleop.egg-info
[8.414s] writing ../../../../build/mouse_teleop/mouse_teleop.egg-info/PKG-INFO
[8.414s] writing dependency_links to ../../../../build/mouse_teleop/mouse_teleop.egg-info/dependency_links.txt
[8.414s] writing entry points to ../../../../build/mouse_teleop/mouse_teleop.egg-info/entry_points.txt
[8.414s] writing requirements to ../../../../build/mouse_teleop/mouse_teleop.egg-info/requires.txt
[8.414s] writing top-level names to ../../../../build/mouse_teleop/mouse_teleop.egg-info/top_level.txt
[8.414s] writing manifest file '../../../../build/mouse_teleop/mouse_teleop.egg-info/SOURCES.txt'
[8.414s] reading manifest file '../../../../build/mouse_teleop/mouse_teleop.egg-info/SOURCES.txt'
[8.414s] adding license file 'LICENSE'
[8.414s] writing manifest file '../../../../build/mouse_teleop/mouse_teleop.egg-info/SOURCES.txt'
[8.415s] running build
[8.415s] running build_py
[8.415s] creating /home/misys/forza_ws/race_stack/build/mouse_teleop/build
[8.415s] creating /home/misys/forza_ws/race_stack/build/mouse_teleop/build/lib
[8.415s] creating /home/misys/forza_ws/race_stack/build/mouse_teleop/build/lib/mouse_teleop
[8.415s] copying mouse_teleop/__init__.py -> /home/misys/forza_ws/race_stack/build/mouse_teleop/build/lib/mouse_teleop
[8.415s] copying mouse_teleop/mouse_teleop.py -> /home/misys/forza_ws/race_stack/build/mouse_teleop/build/lib/mouse_teleop
[8.415s] running install
[8.415s] running install_lib
[8.415s] creating /home/misys/forza_ws/race_stack/install/mouse_teleop/lib/python3.10/site-packages/mouse_teleop
[8.415s] copying /home/misys/forza_ws/race_stack/build/mouse_teleop/build/lib/mouse_teleop/__init__.py -> /home/misys/forza_ws/race_stack/install/mouse_teleop/lib/python3.10/site-packages/mouse_teleop
[8.416s] copying /home/misys/forza_ws/race_stack/build/mouse_teleop/build/lib/mouse_teleop/mouse_teleop.py -> /home/misys/forza_ws/race_stack/install/mouse_teleop/lib/python3.10/site-packages/mouse_teleop
[8.416s] byte-compiling /home/misys/forza_ws/race_stack/install/mouse_teleop/lib/python3.10/site-packages/mouse_teleop/__init__.py to __init__.cpython-310.pyc
[8.416s] byte-compiling /home/misys/forza_ws/race_stack/install/mouse_teleop/lib/python3.10/site-packages/mouse_teleop/mouse_teleop.py to mouse_teleop.cpython-310.pyc
[8.416s] running install_data
[8.416s] copying package.xml -> /home/misys/forza_ws/race_stack/install/mouse_teleop/share/mouse_teleop
[8.416s] creating /home/misys/forza_ws/race_stack/install/mouse_teleop/share/mouse_teleop/config
[8.416s] copying config/mouse_teleop.yaml -> /home/misys/forza_ws/race_stack/install/mouse_teleop/share/mouse_teleop/config
[8.416s] creating /home/misys/forza_ws/race_stack/install/mouse_teleop/share/mouse_teleop/launch
[8.416s] copying launch/mouse_teleop.launch.py -> /home/misys/forza_ws/race_stack/install/mouse_teleop/share/mouse_teleop/launch
[8.420s] creating /home/misys/forza_ws/race_stack/install/mouse_teleop/share/ament_index
[8.421s] creating /home/misys/forza_ws/race_stack/install/mouse_teleop/share/ament_index/resource_index
[8.421s] creating /home/misys/forza_ws/race_stack/install/mouse_teleop/share/ament_index/resource_index/packages
[8.421s] copying resource/mouse_teleop -> /home/misys/forza_ws/race_stack/install/mouse_teleop/share/ament_index/resource_index/packages
[8.421s] running install_egg_info
[8.421s] Copying ../../../../build/mouse_teleop/mouse_teleop.egg-info to /home/misys/forza_ws/race_stack/install/mouse_teleop/lib/python3.10/site-packages/mouse_teleop-1.5.0-py3.10.egg-info
[8.421s] running install_scripts
[8.421s] Installing mouse_teleop script to /home/misys/forza_ws/race_stack/install/mouse_teleop/lib/mouse_teleop
[8.421s] writing list of installed files to '/home/misys/forza_ws/race_stack/build/mouse_teleop/install.log'
[9.317s] Invoked command in '/home/misys/forza_ws/race_stack/base_system/f1tenth_system/teleop_tools/mouse_teleop' returned '0': PYTHONPATH=/home/misys/forza_ws/race_stack/build/mouse_teleop/prefix_override:/usr/lib/python3/dist-packages/colcon_core/task/python/colcon_distutils_commands:/home/misys/forza_ws/race_stack/install/mouse_teleop/lib/python3.10/site-packages:${PYTHONPATH} /usr/bin/python3 -W ignore:setup.py install is deprecated -W ignore:easy_install command is deprecated setup.py egg_info --egg-base ../../../../build/mouse_teleop build --build-base /home/misys/forza_ws/race_stack/build/mouse_teleop/build install --record /home/misys/forza_ws/race_stack/build/mouse_teleop/install.log --single-version-externally-managed install_data
