[5.597s] Invoking command in '/home/misys/forza_ws/race_stack/base_system/f110_simulator/f1tenth_gym_ros': PYTHONPATH=/home/misys/forza_ws/race_stack/build/f1tenth_gym_ros/prefix_override:/usr/lib/python3/dist-packages/colcon_core/task/python/colcon_distutils_commands:/home/misys/forza_ws/race_stack/install/f1tenth_gym_ros/lib/python3.10/site-packages:${PYTHONPATH} /usr/bin/python3 -W ignore:setup.py install is deprecated -W ignore:easy_install command is deprecated setup.py egg_info --egg-base ../../../build/f1tenth_gym_ros build --build-base /home/misys/forza_ws/race_stack/build/f1tenth_gym_ros/build install --record /home/misys/forza_ws/race_stack/build/f1tenth_gym_ros/install.log --single-version-externally-managed install_data
[8.475s] running egg_info
[8.475s] creating ../../../build/f1tenth_gym_ros/f1tenth_gym_ros.egg-info
[8.475s] writing ../../../build/f1tenth_gym_ros/f1tenth_gym_ros.egg-info/PKG-INFO
[8.475s] writing dependency_links to ../../../build/f1tenth_gym_ros/f1tenth_gym_ros.egg-info/dependency_links.txt
[8.475s] writing entry points to ../../../build/f1tenth_gym_ros/f1tenth_gym_ros.egg-info/entry_points.txt
[8.475s] writing requirements to ../../../build/f1tenth_gym_ros/f1tenth_gym_ros.egg-info/requires.txt
[8.475s] writing top-level names to ../../../build/f1tenth_gym_ros/f1tenth_gym_ros.egg-info/top_level.txt
[8.475s] writing manifest file '../../../build/f1tenth_gym_ros/f1tenth_gym_ros.egg-info/SOURCES.txt'
[8.475s] reading manifest file '../../../build/f1tenth_gym_ros/f1tenth_gym_ros.egg-info/SOURCES.txt'
[8.475s] adding license file 'LICENSE'
[8.475s] writing manifest file '../../../build/f1tenth_gym_ros/f1tenth_gym_ros.egg-info/SOURCES.txt'
[8.476s] running build
[8.476s] running build_py
[8.476s] creating /home/misys/forza_ws/race_stack/build/f1tenth_gym_ros/build
[8.476s] creating /home/misys/forza_ws/race_stack/build/f1tenth_gym_ros/build/lib
[8.476s] creating /home/misys/forza_ws/race_stack/build/f1tenth_gym_ros/build/lib/f1tenth_gym_ros
[8.476s] copying f1tenth_gym_ros/__init__.py -> /home/misys/forza_ws/race_stack/build/f1tenth_gym_ros/build/lib/f1tenth_gym_ros
[8.476s] copying f1tenth_gym_ros/gym_bridge.py -> /home/misys/forza_ws/race_stack/build/f1tenth_gym_ros/build/lib/f1tenth_gym_ros
[8.476s] running install
[8.476s] running install_lib
[8.476s] creating /home/misys/forza_ws/race_stack/install/f1tenth_gym_ros/lib/python3.10/site-packages/f1tenth_gym_ros
[8.476s] copying /home/misys/forza_ws/race_stack/build/f1tenth_gym_ros/build/lib/f1tenth_gym_ros/__init__.py -> /home/misys/forza_ws/race_stack/install/f1tenth_gym_ros/lib/python3.10/site-packages/f1tenth_gym_ros
[8.476s] copying /home/misys/forza_ws/race_stack/build/f1tenth_gym_ros/build/lib/f1tenth_gym_ros/gym_bridge.py -> /home/misys/forza_ws/race_stack/install/f1tenth_gym_ros/lib/python3.10/site-packages/f1tenth_gym_ros
[8.476s] byte-compiling /home/misys/forza_ws/race_stack/install/f1tenth_gym_ros/lib/python3.10/site-packages/f1tenth_gym_ros/__init__.py to __init__.cpython-310.pyc
[8.482s] byte-compiling /home/misys/forza_ws/race_stack/install/f1tenth_gym_ros/lib/python3.10/site-packages/f1tenth_gym_ros/gym_bridge.py to gym_bridge.cpython-310.pyc
[8.482s] running install_data
[8.482s] creating /home/misys/forza_ws/race_stack/install/f1tenth_gym_ros/share/ament_index
[8.482s] creating /home/misys/forza_ws/race_stack/install/f1tenth_gym_ros/share/ament_index/resource_index
[8.482s] creating /home/misys/forza_ws/race_stack/install/f1tenth_gym_ros/share/ament_index/resource_index/packages
[8.482s] copying resource/f1tenth_gym_ros -> /home/misys/forza_ws/race_stack/install/f1tenth_gym_ros/share/ament_index/resource_index/packages
[8.482s] copying package.xml -> /home/misys/forza_ws/race_stack/install/f1tenth_gym_ros/share/f1tenth_gym_ros
[8.482s] creating /home/misys/forza_ws/race_stack/install/f1tenth_gym_ros/share/f1tenth_gym_ros/launch
[8.483s] copying launch/opp_racecar.xacro -> /home/misys/forza_ws/race_stack/install/f1tenth_gym_ros/share/f1tenth_gym_ros/launch
[8.483s] copying launch/gym_bridge_launch_test.py -> /home/misys/forza_ws/race_stack/install/f1tenth_gym_ros/share/f1tenth_gym_ros/launch
[8.483s] copying launch/gym_bridge_launch.py -> /home/misys/forza_ws/race_stack/install/f1tenth_gym_ros/share/f1tenth_gym_ros/launch
[8.483s] copying launch/ego_racecar.xacro -> /home/misys/forza_ws/race_stack/install/f1tenth_gym_ros/share/f1tenth_gym_ros/launch
[8.483s] copying launch/gym_bridge.rviz -> /home/misys/forza_ws/race_stack/install/f1tenth_gym_ros/share/f1tenth_gym_ros/launch
[8.483s] creating /home/misys/forza_ws/race_stack/install/f1tenth_gym_ros/share/f1tenth_gym_ros/config
[8.483s] copying config/opp_racecar.xacro -> /home/misys/forza_ws/race_stack/install/f1tenth_gym_ros/share/f1tenth_gym_ros/config
[8.483s] copying config/ego_racecar.xacro -> /home/misys/forza_ws/race_stack/install/f1tenth_gym_ros/share/f1tenth_gym_ros/config
[8.483s] copying config/gym_bridge.rviz -> /home/misys/forza_ws/race_stack/install/f1tenth_gym_ros/share/f1tenth_gym_ros/config
[8.483s] running install_egg_info
[8.483s] Copying ../../../build/f1tenth_gym_ros/f1tenth_gym_ros.egg-info to /home/misys/forza_ws/race_stack/install/f1tenth_gym_ros/lib/python3.10/site-packages/f1tenth_gym_ros-0.0.0-py3.10.egg-info
[8.484s] running install_scripts
[8.484s] Installing gym_bridge script to /home/misys/forza_ws/race_stack/install/f1tenth_gym_ros/lib/f1tenth_gym_ros
[8.484s] writing list of installed files to '/home/misys/forza_ws/race_stack/build/f1tenth_gym_ros/install.log'
[9.396s] Invoked command in '/home/misys/forza_ws/race_stack/base_system/f110_simulator/f1tenth_gym_ros' returned '0': PYTHONPATH=/home/misys/forza_ws/race_stack/build/f1tenth_gym_ros/prefix_override:/usr/lib/python3/dist-packages/colcon_core/task/python/colcon_distutils_commands:/home/misys/forza_ws/race_stack/install/f1tenth_gym_ros/lib/python3.10/site-packages:${PYTHONPATH} /usr/bin/python3 -W ignore:setup.py install is deprecated -W ignore:easy_install command is deprecated setup.py egg_info --egg-base ../../../build/f1tenth_gym_ros build --build-base /home/misys/forza_ws/race_stack/build/f1tenth_gym_ros/build install --record /home/misys/forza_ws/race_stack/build/f1tenth_gym_ros/install.log --single-version-externally-managed install_data
