[0.015s] Invoking command in '/home/misys/forza_ws/race_stack/global_planner/build/global_planner': /usr/bin/cmake /home/misys/forza_ws/race_stack/global_planner -DCMAKE_INSTALL_PREFIX=/home/misys/forza_ws/race_stack/global_planner/install/global_planner
[0.091s] -- The C compiler identification is GNU 11.4.0
[0.162s] -- The CXX compiler identification is GNU 11.4.0
[0.172s] -- Detecting C compiler ABI info
[0.270s] -- Detecting C compiler ABI info - done
[0.279s] -- Check for working C compiler: /usr/bin/cc - skipped
[0.280s] -- Detecting C compile features
[0.280s] -- Detecting C compile features - done
[0.284s] -- Detecting CXX compiler ABI info
[0.395s] -- Detecting CXX compiler ABI info - done
[0.405s] -- Check for working CXX compiler: /usr/bin/c++ - skipped
[0.405s] -- Detecting CXX compile features
[0.406s] -- Detecting CXX compile features - done
[0.410s] -- Found ament_cmake: 1.3.12 (/opt/ros/humble/share/ament_cmake/cmake)
[0.607s] -- Found Python3: /usr/bin/python3 (found version "3.10.12") found components: Interpreter 
[0.717s] -- Found rclcpp: 16.0.15 (/opt/ros/humble/share/rclcpp/cmake)
[0.759s] -- Found rosidl_generator_c: 3.1.7 (/opt/ros/humble/share/rosidl_generator_c/cmake)
[0.764s] -- Found rosidl_adapter: 3.1.7 (/opt/ros/humble/share/rosidl_adapter/cmake)
[0.772s] -- Found rosidl_generator_cpp: 3.1.7 (/opt/ros/humble/share/rosidl_generator_cpp/cmake)
[0.785s] -- Using all available rosidl_typesupport_c: rosidl_typesupport_fastrtps_c;rosidl_typesupport_introspection_c
[0.802s] -- Using all available rosidl_typesupport_cpp: rosidl_typesupport_fastrtps_cpp;rosidl_typesupport_introspection_cpp
[0.849s] -- Found rmw_implementation_cmake: 6.1.2 (/opt/ros/humble/share/rmw_implementation_cmake/cmake)
[0.851s] -- Found rmw_fastrtps_cpp: 6.2.9 (/opt/ros/humble/share/rmw_fastrtps_cpp/cmake)
[0.959s] -- Found OpenSSL: /usr/lib/x86_64-linux-gnu/libcrypto.so (found version "3.0.2")  
[0.998s] -- Found FastRTPS: /opt/ros/humble/include  
[1.060s] -- Using RMW implementation 'rmw_fastrtps_cpp' as default
[1.071s] -- Looking for pthread.h
[1.172s] -- Looking for pthread.h - found
[1.173s] -- Performing Test CMAKE_HAVE_LIBC_PTHREAD
[1.280s] -- Performing Test CMAKE_HAVE_LIBC_PTHREAD - Success
[1.282s] -- Found Threads: TRUE  
[1.342s] -- Found sensor_msgs: 4.9.0 (/opt/ros/humble/share/sensor_msgs/cmake)
[1.384s] -- Found nav_msgs: 4.9.0 (/opt/ros/humble/share/nav_msgs/cmake)
[1.404s] -- Found rosidl_default_generators: 1.2.0 (/opt/ros/humble/share/rosidl_default_generators/cmake)
[1.577s] [31mCMake Error at /opt/ros/humble/share/rosidl_adapter/cmake/rosidl_adapt_interfaces.cmake:59 (message):
[1.577s]   execute_process(/usr/bin/python3 -m rosidl_adapter --package-name
[1.577s]   global_planner --arguments-file
[1.577s]   /home/misys/forza_ws/race_stack/global_planner/build/global_planner/rosidl_adapter__arguments__global_planner.json
[1.577s]   --output-dir
[1.577s]   /home/misys/forza_ws/race_stack/global_planner/build/global_planner/rosidl_adapter/global_planner
[1.578s]   --output-file
[1.578s]   /home/misys/forza_ws/race_stack/global_planner/build/global_planner/rosidl_adapter/global_planner.idls)
[1.578s]   returned error code 1:
[1.578s] 
[1.578s]   Traceback (most recent call last):
[1.578s] 
[1.578s]     File "/usr/lib/python3.10/runpy.py", line 196, in _run_module_as_main
[1.578s]       return _run_code(code, main_globals, None,
[1.578s]     File "/usr/lib/python3.10/runpy.py", line 86, in _run_code
[1.578s]       exec(code, run_globals)
[1.578s]     File "/opt/ros/humble/local/lib/python3.10/dist-packages/rosidl_adapter/__main__.py", line 19, in <module>
[1.578s]       sys.exit(main())
[1.578s]     File "/opt/ros/humble/local/lib/python3.10/dist-packages/rosidl_adapter/main.py", line 53, in main
[1.578s]       abs_idl_file = convert_to_idl(
[1.578s]     File "/opt/ros/humble/local/lib/python3.10/dist-packages/rosidl_adapter/__init__.py", line 19, in convert_to_idl
[1.578s]       return convert_msg_to_idl(
[1.578s]     File "/opt/ros/humble/local/lib/python3.10/dist-packages/rosidl_adapter/msg/__init__.py", line 28, in convert_msg_to_idl
[1.579s]       msg = parse_message_string(package_name, input_file.stem, content)
[1.579s]     File "/opt/ros/humble/local/lib/python3.10/dist-packages/rosidl_adapter/parser.py", line 544, in parse_message_string
[1.579s]       msg = MessageSpecification(pkg_name, msg_name, fields, constants)
[1.579s]     File "/opt/ros/humble/local/lib/python3.10/dist-packages/rosidl_adapter/parser.py", line 388, in __init__
[1.579s]       self.base_type = BaseType(
[1.579s]     File "/opt/ros/humble/local/lib/python3.10/dist-packages/rosidl_adapter/parser.py", line 205, in __init__
[1.579s]       raise InvalidResourceName(
[1.579s] 
[1.579s]   rosidl_adapter.parser.InvalidResourceName: 'wpntArray' is an invalid
[1.579s]   message name.  It should have the pattern '^[A-Z][A-Za-z0-9]*$'
[1.579s] 
[1.579s] Call Stack (most recent call first):
[1.579s]   /opt/ros/humble/share/rosidl_cmake/cmake/rosidl_generate_interfaces.cmake:130 (rosidl_adapt_interfaces)
[1.579s]   CMakeLists.txt:16 (rosidl_generate_interfaces)
[1.579s] 
[1.579s] [0m
[1.579s] -- Configuring incomplete, errors occurred!
[1.579s] See also "/home/misys/forza_ws/race_stack/global_planner/build/global_planner/CMakeFiles/CMakeOutput.log".
[1.591s] Invoked command in '/home/misys/forza_ws/race_stack/global_planner/build/global_planner' returned '1': /usr/bin/cmake /home/misys/forza_ws/race_stack/global_planner -DCMAKE_INSTALL_PREFIX=/home/misys/forza_ws/race_stack/global_planner/install/global_planner
