running egg_info
writing ../build/perception/perception.egg-info/PKG-INFO
writing dependency_links to ../build/perception/perception.egg-info/dependency_links.txt
writing entry points to ../build/perception/perception.egg-info/entry_points.txt
writing requirements to ../build/perception/perception.egg-info/requires.txt
writing top-level names to ../build/perception/perception.egg-info/top_level.txt
reading manifest file '../build/perception/perception.egg-info/SOURCES.txt'
adding license file 'LICENSE'
writing manifest file '../build/perception/perception.egg-info/SOURCES.txt'
running build
running build_py
running install
running install_lib
running install_data
running install_egg_info
removing '/home/misys/forza_ws/race_stack/install/perception/lib/python3.10/site-packages/perception-0.0.0-py3.10.egg-info' (and everything under it)
Copying ../build/perception/perception.egg-info to /home/misys/forza_ws/race_stack/install/perception/lib/python3.10/site-packages/perception-0.0.0-py3.10.egg-info
running install_scripts
Installing detect script to /home/misys/forza_ws/race_stack/install/perception/lib/perception
Installing tracking script to /home/misys/forza_ws/race_stack/install/perception/lib/perception
writing list of installed files to '/home/misys/forza_ws/race_stack/build/perception/install.log'
