[3.484s] Invoking command in '/home/misys/forza_ws/race_stack/perception': PYTHONPATH=/home/misys/forza_ws/race_stack/build/perception/prefix_override:/usr/lib/python3/dist-packages/colcon_core/task/python/colcon_distutils_commands:/home/misys/forza_ws/race_stack/install/perception/lib/python3.10/site-packages:${PYTHONPATH} /usr/bin/python3 -W ignore:setup.py install is deprecated -W ignore:easy_install command is deprecated setup.py egg_info --egg-base ../build/perception build --build-base /home/misys/forza_ws/race_stack/build/perception/build install --record /home/misys/forza_ws/race_stack/build/perception/install.log --single-version-externally-managed install_data
[3.818s] running egg_info
[3.820s] writing ../build/perception/perception.egg-info/PKG-INFO
[3.822s] writing dependency_links to ../build/perception/perception.egg-info/dependency_links.txt
[3.825s] writing entry points to ../build/perception/perception.egg-info/entry_points.txt
[3.826s] writing requirements to ../build/perception/perception.egg-info/requires.txt
[3.826s] writing top-level names to ../build/perception/perception.egg-info/top_level.txt
[3.828s] reading manifest file '../build/perception/perception.egg-info/SOURCES.txt'
[3.828s] adding license file 'LICENSE'
[3.830s] writing manifest file '../build/perception/perception.egg-info/SOURCES.txt'
[3.830s] running build
[3.830s] running build_py
[3.830s] running install
[3.831s] running install_lib
[3.832s] running install_data
[3.833s] running install_egg_info
[3.836s] removing '/home/misys/forza_ws/race_stack/install/perception/lib/python3.10/site-packages/perception-0.0.0-py3.10.egg-info' (and everything under it)
[3.840s] Copying ../build/perception/perception.egg-info to /home/misys/forza_ws/race_stack/install/perception/lib/python3.10/site-packages/perception-0.0.0-py3.10.egg-info
[3.841s] running install_scripts
[3.868s] Installing detect script to /home/misys/forza_ws/race_stack/install/perception/lib/perception
[3.870s] Installing tracking script to /home/misys/forza_ws/race_stack/install/perception/lib/perception
[3.871s] writing list of installed files to '/home/misys/forza_ws/race_stack/build/perception/install.log'
[3.911s] Invoked command in '/home/misys/forza_ws/race_stack/perception' returned '0': PYTHONPATH=/home/misys/forza_ws/race_stack/build/perception/prefix_override:/usr/lib/python3/dist-packages/colcon_core/task/python/colcon_distutils_commands:/home/misys/forza_ws/race_stack/install/perception/lib/python3.10/site-packages:${PYTHONPATH} /usr/bin/python3 -W ignore:setup.py install is deprecated -W ignore:easy_install command is deprecated setup.py egg_info --egg-base ../build/perception build --build-base /home/misys/forza_ws/race_stack/build/perception/build install --record /home/misys/forza_ws/race_stack/build/perception/install.log --single-version-externally-managed install_data
