[0.431s] Invoking command in '/home/misys/forza_ws/race_stack/build/urg_node2': CMAKE_PREFIX_PATH=/opt/ros/humble /usr/bin/cmake /home/misys/forza_ws/race_stack/urg_node2 -DCMAKE_INSTALL_PREFIX=/home/misys/forza_ws/race_stack/install/urg_node2
[1.139s] -- The C compiler identification is GNU 11.4.0
[1.140s] -- The CXX compiler identification is GNU 11.4.0
[1.141s] -- Detecting C compiler ABI info
[1.143s] -- Detecting C compiler ABI info - done
[1.143s] -- Check for working C compiler: /usr/bin/cc - skipped
[1.144s] -- Detecting C compile features
[1.145s] -- Detecting C compile features - done
[1.145s] -- Detecting CXX compiler ABI info
[1.146s] -- Detecting CXX compiler ABI info - done
[1.146s] -- Check for working CXX compiler: /usr/bin/c++ - skipped
[1.146s] -- Detecting CXX compile features
[1.146s] -- Detecting CXX compile features - done
[1.146s] -- Found ament_cmake: 1.3.12 (/opt/ros/humble/share/ament_cmake/cmake)
[1.151s] -- Found Python3: /usr/bin/python3 (found version "3.10.12") found components: Interpreter 
[1.151s] -- Found rclcpp: 16.0.15 (/opt/ros/humble/share/rclcpp/cmake)
[1.151s] -- Found rosidl_generator_c: 3.1.7 (/opt/ros/humble/share/rosidl_generator_c/cmake)
[1.151s] -- Found rosidl_adapter: 3.1.7 (/opt/ros/humble/share/rosidl_adapter/cmake)
[1.151s] -- Found rosidl_generator_cpp: 3.1.7 (/opt/ros/humble/share/rosidl_generator_cpp/cmake)
[1.151s] -- Using all available rosidl_typesupport_c: rosidl_typesupport_fastrtps_c;rosidl_typesupport_introspection_c
[1.151s] -- Using all available rosidl_typesupport_cpp: rosidl_typesupport_fastrtps_cpp;rosidl_typesupport_introspection_cpp
[1.151s] -- Found rmw_implementation_cmake: 6.1.2 (/opt/ros/humble/share/rmw_implementation_cmake/cmake)
[1.151s] -- Found rmw_fastrtps_cpp: 6.2.9 (/opt/ros/humble/share/rmw_fastrtps_cpp/cmake)
[1.224s] -- Found OpenSSL: /usr/lib/x86_64-linux-gnu/libcrypto.so (found version "3.0.2")  
[1.317s] -- Found FastRTPS: /opt/ros/humble/include  
[1.317s] -- Using RMW implementation 'rmw_fastrtps_cpp' as default
[1.317s] -- Looking for pthread.h
[1.721s] -- Looking for pthread.h - found
[1.721s] -- Performing Test CMAKE_HAVE_LIBC_PTHREAD
[1.721s] -- Performing Test CMAKE_HAVE_LIBC_PTHREAD - Success
[1.721s] -- Found Threads: TRUE  
[1.721s] -- Found rclcpp_components: 16.0.15 (/opt/ros/humble/share/rclcpp_components/cmake)
[1.721s] -- Found rclcpp_lifecycle: 16.0.15 (/opt/ros/humble/share/rclcpp_lifecycle/cmake)
[1.721s] -- Found sensor_msgs: 4.9.0 (/opt/ros/humble/share/sensor_msgs/cmake)
[1.721s] -- Found diagnostic_updater: 4.0.6 (/opt/ros/humble/share/diagnostic_updater/cmake)
[1.721s] -- Found laser_proc: 1.0.2 (/opt/ros/humble/share/laser_proc/cmake)
[1.721s] -- Found ament_cmake_gtest: 1.3.12 (/opt/ros/humble/share/ament_cmake_gtest/cmake)
[1.721s] -- Found gtest sources under '/opt/ros/humble/src/gtest_vendor': C++ tests using 'Google Test' will be built
[1.721s] -- Configuring done
[1.721s] -- Generating done
[1.721s] -- Build files have been written to: /home/misys/forza_ws/race_stack/build/urg_node2
[1.741s] Invoked command in '/home/misys/forza_ws/race_stack/build/urg_node2' returned '0': CMAKE_PREFIX_PATH=/opt/ros/humble /usr/bin/cmake /home/misys/forza_ws/race_stack/urg_node2 -DCMAKE_INSTALL_PREFIX=/home/misys/forza_ws/race_stack/install/urg_node2
[1.742s] Invoking command in '/home/misys/forza_ws/race_stack/build/urg_node2': CMAKE_PREFIX_PATH=/opt/ros/humble /usr/bin/cmake --build /home/misys/forza_ws/race_stack/build/urg_node2 -- -j18 -l18
[1.806s] [ 10%] Building C object CMakeFiles/urg_c.dir/urg_library/current/src/urg_sensor.c.o
[1.806s] [ 10%] Building CXX object CMakeFiles/urg_node2_node.dir/rclcpp_components/node_main_urg_node2_node.cpp.o
[1.807s] [ 20%] Building C object CMakeFiles/urg_c.dir/urg_library/current/src/urg_utils.c.o
[1.807s] [ 20%] Building CXX object gtest/CMakeFiles/gtest_main.dir/src/gtest_main.cc.o
[1.807s] [ 25%] Building C object CMakeFiles/urg_c.dir/urg_library/current/src/urg_connection.c.o
[1.807s] [ 30%] Building CXX object gtest/CMakeFiles/gtest.dir/src/gtest-all.cc.o
[1.807s] [ 35%] Building C object CMakeFiles/urg_c.dir/urg_library/current/src/urg_debug.c.o
[1.807s] [ 40%] Building C object CMakeFiles/urg_c.dir/urg_library/current/src/urg_serial_utils.c.o
[1.808s] [ 45%] Building C object CMakeFiles/urg_c.dir/urg_library/current/src/urg_ring_buffer.c.o
[1.808s] [ 50%] Building C object CMakeFiles/urg_c.dir/urg_library/current/src/urg_tcpclient.c.o
[1.808s] [ 55%] Building C object CMakeFiles/urg_c.dir/urg_library/current/src/urg_serial.c.o
[1.826s] /home/misys/forza_ws/race_stack/urg_node2/urg_library/current/src/urg_sensor.c:1350:8: warning: type qualifiers ignored on function return type [-Wignored-qualifiers]
[1.827s]  1350 | static const int receive_II_command_response(urg_t *urg,
[1.827s]       |        ^~~~~
[1.914s] [ 60%] Linking C shared library liburg_c.so
[1.971s] [ 60%] Built target urg_c
[1.997s] [ 65%] Building CXX object CMakeFiles/urg_node2.dir/src/urg_node2.cpp.o
[2.684s] [ 70%] Linking CXX static library libgtest_main.a
[2.732s] [ 70%] Built target gtest_main
[5.859s] [ 75%] Linking CXX static library libgtest.a
[6.017s] [ 75%] Built target gtest
[6.036s] [ 80%] Linking CXX executable urg_node2_node
[6.078s] [ 85%] Building CXX object CMakeFiles/urg_node2_test.dir/src/urg_node2.cpp.o
[6.083s] [ 90%] Building CXX object CMakeFiles/urg_node2_test.dir/test/urg_node2_test.cpp.o
[6.356s] [ 90%] Built target urg_node2_node
[12.946s] [ 95%] Linking CXX shared library liburg_node2.so
[14.063s] [ 95%] Built target urg_node2
[26.279s] [100%] Linking CXX executable urg_node2_test
[27.590s] [100%] Built target urg_node2_test
[27.607s] Invoked command in '/home/misys/forza_ws/race_stack/build/urg_node2' returned '0': CMAKE_PREFIX_PATH=/opt/ros/humble /usr/bin/cmake --build /home/misys/forza_ws/race_stack/build/urg_node2 -- -j18 -l18
[27.610s] Invoking command in '/home/misys/forza_ws/race_stack/build/urg_node2': CMAKE_PREFIX_PATH=/opt/ros/humble /usr/bin/cmake --install /home/misys/forza_ws/race_stack/build/urg_node2
[27.619s] -- Install configuration: ""
[27.619s] -- Installing: /home/misys/forza_ws/race_stack/install/urg_node2/lib/urg_node2/urg_node2_node
[27.619s] -- Set runtime path of "/home/misys/forza_ws/race_stack/install/urg_node2/lib/urg_node2/urg_node2_node" to ""
[27.619s] -- Installing: /home/misys/forza_ws/race_stack/install/urg_node2/lib/liburg_node2.so
[27.622s] -- Set runtime path of "/home/misys/forza_ws/race_stack/install/urg_node2/lib/liburg_node2.so" to ""
[27.622s] -- Installing: /home/misys/forza_ws/race_stack/install/urg_node2/lib/liburg_c.so
[27.622s] -- Installing: /home/misys/forza_ws/race_stack/install/urg_node2/share/urg_node2/launch
[27.622s] -- Installing: /home/misys/forza_ws/race_stack/install/urg_node2/share/urg_node2/launch/urg_node2_2lidar.launch.py
[27.623s] -- Installing: /home/misys/forza_ws/race_stack/install/urg_node2/share/urg_node2/launch/urg_node2.launch.py
[27.624s] -- Installing: /home/misys/forza_ws/race_stack/install/urg_node2/share/urg_node2/launch/urg_node2_component.launch.py
[27.624s] -- Installing: /home/misys/forza_ws/race_stack/install/urg_node2/share/urg_node2/config
[27.624s] -- Installing: /home/misys/forza_ws/race_stack/install/urg_node2/share/urg_node2/config/params_ether.yaml
[27.625s] -- Installing: /home/misys/forza_ws/race_stack/install/urg_node2/share/urg_node2/config/params_serial.yaml
[27.625s] -- Installing: /home/misys/forza_ws/race_stack/install/urg_node2/share/urg_node2/config/params_ether_2nd.yaml
[27.626s] -- Installing: /home/misys/forza_ws/race_stack/install/urg_node2/share/ament_index/resource_index/package_run_dependencies/urg_node2
[27.626s] -- Installing: /home/misys/forza_ws/race_stack/install/urg_node2/share/ament_index/resource_index/parent_prefix_path/urg_node2
[27.626s] -- Installing: /home/misys/forza_ws/race_stack/install/urg_node2/share/urg_node2/environment/ament_prefix_path.sh
[27.627s] -- Installing: /home/misys/forza_ws/race_stack/install/urg_node2/share/urg_node2/environment/ament_prefix_path.dsv
[27.627s] -- Installing: /home/misys/forza_ws/race_stack/install/urg_node2/share/urg_node2/environment/path.sh
[27.627s] -- Installing: /home/misys/forza_ws/race_stack/install/urg_node2/share/urg_node2/environment/path.dsv
[27.628s] -- Installing: /home/misys/forza_ws/race_stack/install/urg_node2/share/urg_node2/local_setup.bash
[27.628s] -- Installing: /home/misys/forza_ws/race_stack/install/urg_node2/share/urg_node2/local_setup.sh
[27.628s] -- Installing: /home/misys/forza_ws/race_stack/install/urg_node2/share/urg_node2/local_setup.zsh
[27.628s] -- Installing: /home/misys/forza_ws/race_stack/install/urg_node2/share/urg_node2/local_setup.dsv
[27.628s] -- Installing: /home/misys/forza_ws/race_stack/install/urg_node2/share/urg_node2/package.dsv
[27.628s] -- Installing: /home/misys/forza_ws/race_stack/install/urg_node2/share/ament_index/resource_index/packages/urg_node2
[27.629s] -- Installing: /home/misys/forza_ws/race_stack/install/urg_node2/share/ament_index/resource_index/rclcpp_components/urg_node2
[27.629s] -- Installing: /home/misys/forza_ws/race_stack/install/urg_node2/share/urg_node2/cmake/urg_node2Config.cmake
[27.629s] -- Installing: /home/misys/forza_ws/race_stack/install/urg_node2/share/urg_node2/cmake/urg_node2Config-version.cmake
[27.630s] -- Installing: /home/misys/forza_ws/race_stack/install/urg_node2/share/urg_node2/package.xml
[27.635s] Invoked command in '/home/misys/forza_ws/race_stack/build/urg_node2' returned '0': CMAKE_PREFIX_PATH=/opt/ros/humble /usr/bin/cmake --install /home/misys/forza_ws/race_stack/build/urg_node2
