running egg_info
writing ../../../build/sector_tuner/sector_tuner.egg-info/PKG-INFO
writing dependency_links to ../../../build/sector_tuner/sector_tuner.egg-info/dependency_links.txt
writing entry points to ../../../build/sector_tuner/sector_tuner.egg-info/entry_points.txt
writing requirements to ../../../build/sector_tuner/sector_tuner.egg-info/requires.txt
writing top-level names to ../../../build/sector_tuner/sector_tuner.egg-info/top_level.txt
reading manifest file '../../../build/sector_tuner/sector_tuner.egg-info/SOURCES.txt'
writing manifest file '../../../build/sector_tuner/sector_tuner.egg-info/SOURCES.txt'
running build
running build_py
running build_scripts
running install
running install_lib
running install_data
running install_egg_info
removing '/home/misys/forza_ws/race_stack/install/sector_tuner/lib/python3.10/site-packages/sector_tuner-0.0.0-py3.10.egg-info' (and everything under it)
Copying ../../../build/sector_tuner/sector_tuner.egg-info to /home/misys/forza_ws/race_stack/install/sector_tuner/lib/python3.10/site-packages/sector_tuner-0.0.0-py3.10.egg-info
running install_scripts
changing mode of /home/misys/forza_ws/race_stack/install/sector_tuner/lib/sector_tuner/finish_sector.sh to 755
Installing ot_interpolator script to /home/misys/forza_ws/race_stack/install/sector_tuner/lib/sector_tuner
Installing ot_sector_slicer script to /home/misys/forza_ws/race_stack/install/sector_tuner/lib/sector_tuner
Installing sector_ctrl_slicer script to /home/misys/forza_ws/race_stack/install/sector_tuner/lib/sector_tuner
Installing sector_runtime_ctrl_switcher script to /home/misys/forza_ws/race_stack/install/sector_tuner/lib/sector_tuner
Installing sector_slicer script to /home/misys/forza_ws/race_stack/install/sector_tuner/lib/sector_tuner
Installing sector_tuner script to /home/misys/forza_ws/race_stack/install/sector_tuner/lib/sector_tuner
writing list of installed files to '/home/misys/forza_ws/race_stack/build/sector_tuner/install.log'
