[1.779s] Invoking command in '/home/misys/forza_ws/race_stack/planner/local_planners/spline_planner': AMENT_PREFIX_PATH=/home/misys/forza_ws/race_stack/install/frenet_conversion:${AMENT_PREFIX_PATH} PYTHONPATH=/home/misys/forza_ws/race_stack/build/spline_planner/prefix_override:/usr/lib/python3/dist-packages/colcon_core/task/python/colcon_distutils_commands:/home/misys/forza_ws/race_stack/install/spline_planner/lib/python3.10/site-packages:/home/misys/forza_ws/race_stack/install/frenet_conversion/lib/python3.10/site-packages:${PYTHONPATH} /usr/bin/python3 -W ignore:setup.py install is deprecated -W ignore:easy_install command is deprecated setup.py egg_info --egg-base ../../../build/spline_planner build --build-base /home/misys/forza_ws/race_stack/build/spline_planner/build install --record /home/misys/forza_ws/race_stack/build/spline_planner/install.log --single-version-externally-managed install_data
[2.062s] running egg_info
[2.062s] creating ../../../build/spline_planner/spline_planner.egg-info
[2.062s] writing ../../../build/spline_planner/spline_planner.egg-info/PKG-INFO
[2.063s] writing dependency_links to ../../../build/spline_planner/spline_planner.egg-info/dependency_links.txt
[2.063s] writing entry points to ../../../build/spline_planner/spline_planner.egg-info/entry_points.txt
[2.063s] writing requirements to ../../../build/spline_planner/spline_planner.egg-info/requires.txt
[2.063s] writing top-level names to ../../../build/spline_planner/spline_planner.egg-info/top_level.txt
[2.063s] writing manifest file '../../../build/spline_planner/spline_planner.egg-info/SOURCES.txt'
[2.065s] reading manifest file '../../../build/spline_planner/spline_planner.egg-info/SOURCES.txt'
[2.065s] adding license file 'LICENSE'
[2.065s] writing manifest file '../../../build/spline_planner/spline_planner.egg-info/SOURCES.txt'
[2.066s] running build
[2.066s] running build_py
[2.066s] creating /home/misys/forza_ws/race_stack/build/spline_planner/build
[2.066s] creating /home/misys/forza_ws/race_stack/build/spline_planner/build/lib
[2.066s] creating /home/misys/forza_ws/race_stack/build/spline_planner/build/lib/spline_planner
[2.066s] copying spline_planner/spline_planner.py -> /home/misys/forza_ws/race_stack/build/spline_planner/build/lib/spline_planner
[2.066s] copying spline_planner/__init__.py -> /home/misys/forza_ws/race_stack/build/spline_planner/build/lib/spline_planner
[2.066s] running install
[2.067s] running install_lib
[2.067s] creating /home/misys/forza_ws/race_stack/install/spline_planner/lib/python3.10/site-packages/spline_planner
[2.067s] copying /home/misys/forza_ws/race_stack/build/spline_planner/build/lib/spline_planner/spline_planner.py -> /home/misys/forza_ws/race_stack/install/spline_planner/lib/python3.10/site-packages/spline_planner
[2.067s] copying /home/misys/forza_ws/race_stack/build/spline_planner/build/lib/spline_planner/__init__.py -> /home/misys/forza_ws/race_stack/install/spline_planner/lib/python3.10/site-packages/spline_planner
[2.068s] byte-compiling /home/misys/forza_ws/race_stack/install/spline_planner/lib/python3.10/site-packages/spline_planner/spline_planner.py to spline_planner.cpython-310.pyc
[2.072s] byte-compiling /home/misys/forza_ws/race_stack/install/spline_planner/lib/python3.10/site-packages/spline_planner/__init__.py to __init__.cpython-310.pyc
[2.072s] running install_data
[2.072s] creating /home/misys/forza_ws/race_stack/install/spline_planner/share/ament_index
[2.072s] creating /home/misys/forza_ws/race_stack/install/spline_planner/share/ament_index/resource_index
[2.072s] creating /home/misys/forza_ws/race_stack/install/spline_planner/share/ament_index/resource_index/packages
[2.072s] copying resource/spline_planner -> /home/misys/forza_ws/race_stack/install/spline_planner/share/ament_index/resource_index/packages
[2.073s] copying package.xml -> /home/misys/forza_ws/race_stack/install/spline_planner/share/spline_planner
[2.073s] creating /home/misys/forza_ws/race_stack/install/spline_planner/share/spline_planner/launch
[2.073s] copying launch/spline_planner_launch.xml -> /home/misys/forza_ws/race_stack/install/spline_planner/share/spline_planner/launch
[2.073s] running install_egg_info
[2.076s] Copying ../../../build/spline_planner/spline_planner.egg-info to /home/misys/forza_ws/race_stack/install/spline_planner/lib/python3.10/site-packages/spline_planner-0.0.0-py3.10.egg-info
[2.076s] running install_scripts
[2.096s] Installing spline_planner script to /home/misys/forza_ws/race_stack/install/spline_planner/lib/spline_planner
[2.096s] writing list of installed files to '/home/misys/forza_ws/race_stack/build/spline_planner/install.log'
[2.126s] Invoked command in '/home/misys/forza_ws/race_stack/planner/local_planners/spline_planner' returned '0': AMENT_PREFIX_PATH=/home/misys/forza_ws/race_stack/install/frenet_conversion:${AMENT_PREFIX_PATH} PYTHONPATH=/home/misys/forza_ws/race_stack/build/spline_planner/prefix_override:/usr/lib/python3/dist-packages/colcon_core/task/python/colcon_distutils_commands:/home/misys/forza_ws/race_stack/install/spline_planner/lib/python3.10/site-packages:/home/misys/forza_ws/race_stack/install/frenet_conversion/lib/python3.10/site-packages:${PYTHONPATH} /usr/bin/python3 -W ignore:setup.py install is deprecated -W ignore:easy_install command is deprecated setup.py egg_info --egg-base ../../../build/spline_planner build --build-base /home/misys/forza_ws/race_stack/build/spline_planner/build install --record /home/misys/forza_ws/race_stack/build/spline_planner/install.log --single-version-externally-managed install_data
