[0.093s] Invoking command in '/home/misys/forza_ws/race_stack/build/f110_msgs': CMAKE_PREFIX_PATH=/opt/ros/humble /usr/bin/cmake /home/misys/forza_ws/race_stack/utilities/libraries/f110_msgs -DCMAKE_INSTALL_PREFIX=/home/misys/forza_ws/race_stack/install/f110_msgs
[3.809s] -- The C compiler identification is GNU 11.4.0
[3.809s] -- The CXX compiler identification is GNU 11.4.0
[3.809s] -- Detecting C compiler ABI info
[3.809s] -- Detecting C compiler ABI info - done
[3.809s] -- Check for working C compiler: /usr/bin/cc - skipped
[3.809s] -- Detecting C compile features
[3.809s] -- Detecting C compile features - done
[3.809s] -- Detecting CXX compiler ABI info
[3.809s] -- Detecting CXX compiler ABI info - done
[3.809s] -- Check for working CXX compiler: /usr/bin/c++ - skipped
[3.810s] -- Detecting CXX compile features
[3.810s] -- Detecting CXX compile features - done
[3.810s] -- Found ament_cmake: 1.3.12 (/opt/ros/humble/share/ament_cmake/cmake)
[3.810s] -- Found Python3: /usr/bin/python3 (found version "3.10.12") found components: Interpreter 
[3.810s] -- Found std_msgs: 4.9.0 (/opt/ros/humble/share/std_msgs/cmake)
[3.810s] -- Found rosidl_generator_c: 3.1.7 (/opt/ros/humble/share/rosidl_generator_c/cmake)
[3.810s] -- Found rosidl_adapter: 3.1.7 (/opt/ros/humble/share/rosidl_adapter/cmake)
[3.810s] -- Found rosidl_generator_cpp: 3.1.7 (/opt/ros/humble/share/rosidl_generator_cpp/cmake)
[3.810s] -- Using all available rosidl_typesupport_c: rosidl_typesupport_fastrtps_c;rosidl_typesupport_introspection_c
[3.810s] -- Using all available rosidl_typesupport_cpp: rosidl_typesupport_fastrtps_cpp;rosidl_typesupport_introspection_cpp
[3.810s] -- Found geometry_msgs: 4.9.0 (/opt/ros/humble/share/geometry_msgs/cmake)
[3.810s] -- Found ament_lint_auto: 0.12.14 (/opt/ros/humble/share/ament_lint_auto/cmake)
[3.810s] -- Found rosidl_default_generators: 1.2.0 (/opt/ros/humble/share/rosidl_default_generators/cmake)
[3.810s] -- Found ament_cmake_ros: 0.10.0 (/opt/ros/humble/share/ament_cmake_ros/cmake)
[3.810s] -- Using all available rosidl_typesupport_c: rosidl_typesupport_fastrtps_c;rosidl_typesupport_introspection_c
[3.811s] -- Using all available rosidl_typesupport_cpp: rosidl_typesupport_fastrtps_cpp;rosidl_typesupport_introspection_cpp
[3.811s] -- Found PythonInterp: /usr/bin/python3 (found suitable version "3.10.12", minimum required is "3.6") 
[3.811s] -- Found python_cmake_module: 0.10.0 (/opt/ros/humble/share/python_cmake_module/cmake)
[3.811s] -- Found PythonLibs: /usr/lib/x86_64-linux-gnu/libpython3.10.so (found suitable version "3.10.12", minimum required is "3.5") 
[3.811s] -- Using PYTHON_EXECUTABLE: /usr/bin/python3
[3.811s] -- Using PYTHON_INCLUDE_DIRS: /usr/include/python3.10
[3.811s] -- Using PYTHON_LIBRARIES: /usr/lib/x86_64-linux-gnu/libpython3.10.so
[3.811s] -- Found PythonExtra: .so  
[3.811s] -- Added test 'lint_cmake' to check CMake code style
[3.812s] -- Added test 'xmllint' to check XML markup files
[3.812s] -- Configuring done
[3.812s] -- Generating done
[3.812s] -- Build files have been written to: /home/misys/forza_ws/race_stack/build/f110_msgs
[3.834s] Invoked command in '/home/misys/forza_ws/race_stack/build/f110_msgs' returned '0': CMAKE_PREFIX_PATH=/opt/ros/humble /usr/bin/cmake /home/misys/forza_ws/race_stack/utilities/libraries/f110_msgs -DCMAKE_INSTALL_PREFIX=/home/misys/forza_ws/race_stack/install/f110_msgs
[3.835s] Invoking command in '/home/misys/forza_ws/race_stack/build/f110_msgs': CMAKE_PREFIX_PATH=/opt/ros/humble /usr/bin/cmake --build /home/misys/forza_ws/race_stack/build/f110_msgs -- -j18 -l18
[3.934s] [  1%] Generating C code for ROS interfaces
[3.934s] [  1%] Generating C++ code for ROS interfaces
[3.941s] [  1%] Built target ament_cmake_python_copy_f110_msgs
[4.798s] running egg_info
[4.798s] creating f110_msgs.egg-info
[4.798s] writing f110_msgs.egg-info/PKG-INFO
[4.798s] writing dependency_links to f110_msgs.egg-info/dependency_links.txt
[4.798s] writing top-level names to f110_msgs.egg-info/top_level.txt
[4.798s] writing manifest file 'f110_msgs.egg-info/SOURCES.txt'
[4.798s] reading manifest file 'f110_msgs.egg-info/SOURCES.txt'
[4.798s] writing manifest file 'f110_msgs.egg-info/SOURCES.txt'
[5.546s] [  1%] Built target ament_cmake_python_build_f110_msgs_egg
[5.769s] [  2%] Building C object CMakeFiles/f110_msgs__rosidl_generator_c.dir/rosidl_generator_c/f110_msgs/msg/detail/lap_data__functions.c.o
[5.769s] [  2%] Building C object CMakeFiles/f110_msgs__rosidl_generator_c.dir/rosidl_generator_c/f110_msgs/msg/detail/car_state__functions.c.o
[5.769s] [  3%] Building C object CMakeFiles/f110_msgs__rosidl_generator_c.dir/rosidl_generator_c/f110_msgs/msg/detail/ot_wpnt_array__functions.c.o
[5.769s] [  4%] Building C object CMakeFiles/f110_msgs__rosidl_generator_c.dir/rosidl_generator_c/f110_msgs/msg/detail/obstacle__functions.c.o
[5.769s] [  5%] Building C object CMakeFiles/f110_msgs__rosidl_generator_c.dir/rosidl_generator_c/f110_msgs/msg/detail/car_state_stamped__functions.c.o
[5.769s] [  6%] Building C object CMakeFiles/f110_msgs__rosidl_generator_c.dir/rosidl_generator_c/f110_msgs/msg/detail/obstacle_array__functions.c.o
[5.769s] [  7%] Building C object CMakeFiles/f110_msgs__rosidl_generator_c.dir/rosidl_generator_c/f110_msgs/msg/detail/pid_data__functions.c.o
[5.769s] [  7%] Building C object CMakeFiles/f110_msgs__rosidl_generator_c.dir/rosidl_generator_c/f110_msgs/msg/detail/wpnt_array__functions.c.o
[5.769s] [  8%] Building C object CMakeFiles/f110_msgs__rosidl_generator_c.dir/rosidl_generator_c/f110_msgs/msg/detail/opponent_trajectory__functions.c.o
[5.769s] [  9%] Building C object CMakeFiles/f110_msgs__rosidl_generator_c.dir/rosidl_generator_c/f110_msgs/msg/detail/gap_data__functions.c.o
[5.769s] [ 10%] Building C object CMakeFiles/f110_msgs__rosidl_generator_c.dir/rosidl_generator_c/f110_msgs/msg/detail/wpnt__functions.c.o
[5.770s] [ 11%] Building C object CMakeFiles/f110_msgs__rosidl_generator_c.dir/rosidl_generator_c/f110_msgs/msg/detail/opp_wpnt__functions.c.o
[8.469s] [ 12%] Linking C shared library libf110_msgs__rosidl_generator_c.so
[8.469s] [ 12%] Built target f110_msgs__rosidl_generator_c
[8.469s] [ 13%] Generating C introspection for ROS interfaces
[8.470s] [ 14%] Generating C type support dispatch for ROS interfaces
[8.470s] [ 15%] Generating C type support for eProsima Fast-RTPS
[8.470s] [ 15%] Built target f110_msgs__cpp
[8.470s] [ 16%] Generating C++ introspection for ROS interfaces
[8.470s] [ 16%] Generating C++ type support for eProsima Fast-RTPS
[8.470s] [ 17%] Generating C++ type support dispatch for ROS interfaces
[8.470s] [ 18%] Building CXX object CMakeFiles/f110_msgs__rosidl_typesupport_fastrtps_c.dir/rosidl_typesupport_fastrtps_c/f110_msgs/msg/detail/car_state__type_support_c.cpp.o
[8.470s] [ 19%] Building CXX object CMakeFiles/f110_msgs__rosidl_typesupport_fastrtps_c.dir/rosidl_typesupport_fastrtps_c/f110_msgs/msg/detail/lap_data__type_support_c.cpp.o
[8.471s] [ 19%] Building CXX object CMakeFiles/f110_msgs__rosidl_typesupport_fastrtps_c.dir/rosidl_typesupport_fastrtps_c/f110_msgs/msg/detail/gap_data__type_support_c.cpp.o
[8.471s] [ 20%] Building CXX object CMakeFiles/f110_msgs__rosidl_typesupport_fastrtps_c.dir/rosidl_typesupport_fastrtps_c/f110_msgs/msg/detail/wpnt_array__type_support_c.cpp.o
[8.471s] [ 21%] Building CXX object CMakeFiles/f110_msgs__rosidl_typesupport_fastrtps_c.dir/rosidl_typesupport_fastrtps_c/f110_msgs/msg/detail/obstacle__type_support_c.cpp.o
[8.471s] [ 21%] Building CXX object CMakeFiles/f110_msgs__rosidl_typesupport_fastrtps_c.dir/rosidl_typesupport_fastrtps_c/f110_msgs/msg/detail/wpnt__type_support_c.cpp.o
[8.471s] [ 22%] Building CXX object CMakeFiles/f110_msgs__rosidl_typesupport_fastrtps_c.dir/rosidl_typesupport_fastrtps_c/f110_msgs/msg/detail/car_state_stamped__type_support_c.cpp.o
[8.471s] [ 23%] Building CXX object CMakeFiles/f110_msgs__rosidl_typesupport_fastrtps_c.dir/rosidl_typesupport_fastrtps_c/f110_msgs/msg/detail/ot_wpnt_array__type_support_c.cpp.o
[8.471s] [ 24%] Building CXX object CMakeFiles/f110_msgs__rosidl_typesupport_fastrtps_c.dir/rosidl_typesupport_fastrtps_c/f110_msgs/msg/detail/obstacle_array__type_support_c.cpp.o
[8.471s] [ 25%] Building CXX object CMakeFiles/f110_msgs__rosidl_typesupport_fastrtps_c.dir/rosidl_typesupport_fastrtps_c/f110_msgs/msg/detail/opponent_trajectory__type_support_c.cpp.o
[8.471s] [ 26%] Building CXX object CMakeFiles/f110_msgs__rosidl_typesupport_fastrtps_c.dir/rosidl_typesupport_fastrtps_c/f110_msgs/msg/detail/opp_wpnt__type_support_c.cpp.o
[8.472s] [ 27%] Building CXX object CMakeFiles/f110_msgs__rosidl_typesupport_fastrtps_c.dir/rosidl_typesupport_fastrtps_c/f110_msgs/msg/detail/pid_data__type_support_c.cpp.o
[8.472s] [ 28%] Building CXX object CMakeFiles/f110_msgs__rosidl_typesupport_fastrtps_cpp.dir/rosidl_typesupport_fastrtps_cpp/f110_msgs/msg/detail/dds_fastrtps/car_state_stamped__type_support.cpp.o
[8.472s] [ 29%] Building CXX object CMakeFiles/f110_msgs__rosidl_typesupport_fastrtps_cpp.dir/rosidl_typesupport_fastrtps_cpp/f110_msgs/msg/detail/dds_fastrtps/car_state__type_support.cpp.o
[8.472s] [ 29%] Building CXX object CMakeFiles/f110_msgs__rosidl_typesupport_introspection_cpp.dir/rosidl_typesupport_introspection_cpp/f110_msgs/msg/detail/car_state__type_support.cpp.o
[8.472s] [ 30%] Building CXX object CMakeFiles/f110_msgs__rosidl_typesupport_c.dir/rosidl_typesupport_c/f110_msgs/msg/car_state__type_support.cpp.o
[8.472s] [ 31%] Building CXX object CMakeFiles/f110_msgs__rosidl_typesupport_introspection_cpp.dir/rosidl_typesupport_introspection_cpp/f110_msgs/msg/detail/car_state_stamped__type_support.cpp.o
[8.472s] [ 31%] Building CXX object CMakeFiles/f110_msgs__rosidl_typesupport_c.dir/rosidl_typesupport_c/f110_msgs/msg/car_state_stamped__type_support.cpp.o
[8.472s] [ 32%] Building CXX object CMakeFiles/f110_msgs__rosidl_typesupport_introspection_cpp.dir/rosidl_typesupport_introspection_cpp/f110_msgs/msg/detail/gap_data__type_support.cpp.o
[8.472s] [ 33%] Building CXX object CMakeFiles/f110_msgs__rosidl_typesupport_introspection_cpp.dir/rosidl_typesupport_introspection_cpp/f110_msgs/msg/detail/lap_data__type_support.cpp.o
[8.472s] [ 34%] Building CXX object CMakeFiles/f110_msgs__rosidl_typesupport_c.dir/rosidl_typesupport_c/f110_msgs/msg/gap_data__type_support.cpp.o
[8.472s] [ 35%] Building CXX object CMakeFiles/f110_msgs__rosidl_typesupport_fastrtps_cpp.dir/rosidl_typesupport_fastrtps_cpp/f110_msgs/msg/detail/dds_fastrtps/gap_data__type_support.cpp.o
[9.465s] [ 36%] Building CXX object CMakeFiles/f110_msgs__rosidl_typesupport_introspection_cpp.dir/rosidl_typesupport_introspection_cpp/f110_msgs/msg/detail/ot_wpnt_array__type_support.cpp.o
[9.483s] [ 37%] Building CXX object CMakeFiles/f110_msgs__rosidl_typesupport_fastrtps_cpp.dir/rosidl_typesupport_fastrtps_cpp/f110_msgs/msg/detail/dds_fastrtps/lap_data__type_support.cpp.o
[9.484s] [ 38%] Building CXX object CMakeFiles/f110_msgs__rosidl_typesupport_c.dir/rosidl_typesupport_c/f110_msgs/msg/lap_data__type_support.cpp.o
[9.484s] [ 39%] Building CXX object CMakeFiles/f110_msgs__rosidl_typesupport_c.dir/rosidl_typesupport_c/f110_msgs/msg/ot_wpnt_array__type_support.cpp.o
[9.484s] [ 40%] Building CXX object CMakeFiles/f110_msgs__rosidl_typesupport_fastrtps_cpp.dir/rosidl_typesupport_fastrtps_cpp/f110_msgs/msg/detail/dds_fastrtps/ot_wpnt_array__type_support.cpp.o
[9.484s] [ 41%] Building CXX object CMakeFiles/f110_msgs__rosidl_typesupport_fastrtps_cpp.dir/rosidl_typesupport_fastrtps_cpp/f110_msgs/msg/detail/dds_fastrtps/obstacle_array__type_support.cpp.o
[9.484s] [ 42%] Building CXX object CMakeFiles/f110_msgs__rosidl_typesupport_fastrtps_cpp.dir/rosidl_typesupport_fastrtps_cpp/f110_msgs/msg/detail/dds_fastrtps/pid_data__type_support.cpp.o
[9.484s] [ 42%] Building CXX object CMakeFiles/f110_msgs__rosidl_typesupport_fastrtps_cpp.dir/rosidl_typesupport_fastrtps_cpp/f110_msgs/msg/detail/dds_fastrtps/obstacle__type_support.cpp.o
[9.484s] [ 43%] Building CXX object CMakeFiles/f110_msgs__rosidl_typesupport_c.dir/rosidl_typesupport_c/f110_msgs/msg/obstacle__type_support.cpp.o
[9.484s] [ 44%] Building CXX object CMakeFiles/f110_msgs__rosidl_typesupport_fastrtps_cpp.dir/rosidl_typesupport_fastrtps_cpp/f110_msgs/msg/detail/dds_fastrtps/wpnt__type_support.cpp.o
[9.484s] [ 45%] Building CXX object CMakeFiles/f110_msgs__rosidl_typesupport_introspection_cpp.dir/rosidl_typesupport_introspection_cpp/f110_msgs/msg/detail/obstacle__type_support.cpp.o
[9.484s] [ 47%] Building CXX object CMakeFiles/f110_msgs__rosidl_typesupport_cpp.dir/rosidl_typesupport_cpp/f110_msgs/msg/car_state__type_support.cpp.o
[9.484s] [ 47%] Building CXX object CMakeFiles/f110_msgs__rosidl_typesupport_c.dir/rosidl_typesupport_c/f110_msgs/msg/obstacle_array__type_support.cpp.o
[9.484s] [ 47%] Building CXX object CMakeFiles/f110_msgs__rosidl_typesupport_c.dir/rosidl_typesupport_c/f110_msgs/msg/pid_data__type_support.cpp.o
[9.484s] [ 48%] Linking CXX shared library libf110_msgs__rosidl_typesupport_fastrtps_c.so
[9.484s] [ 49%] Building CXX object CMakeFiles/f110_msgs__rosidl_typesupport_c.dir/rosidl_typesupport_c/f110_msgs/msg/wpnt__type_support.cpp.o
[9.484s] [ 50%] Building CXX object CMakeFiles/f110_msgs__rosidl_typesupport_cpp.dir/rosidl_typesupport_cpp/f110_msgs/msg/car_state_stamped__type_support.cpp.o
[9.485s] [ 51%] Building CXX object CMakeFiles/f110_msgs__rosidl_typesupport_c.dir/rosidl_typesupport_c/f110_msgs/msg/wpnt_array__type_support.cpp.o
[9.485s] [ 52%] Building CXX object CMakeFiles/f110_msgs__rosidl_typesupport_c.dir/rosidl_typesupport_c/f110_msgs/msg/opponent_trajectory__type_support.cpp.o
[9.485s] [ 53%] Building CXX object CMakeFiles/f110_msgs__rosidl_typesupport_fastrtps_cpp.dir/rosidl_typesupport_fastrtps_cpp/f110_msgs/msg/detail/dds_fastrtps/wpnt_array__type_support.cpp.o
[9.485s] [ 53%] Built target f110_msgs__rosidl_typesupport_fastrtps_c
[9.485s] [ 54%] Building C object CMakeFiles/f110_msgs__rosidl_typesupport_introspection_c.dir/rosidl_typesupport_introspection_c/f110_msgs/msg/detail/car_state__type_support.c.o
[9.485s] [ 55%] Building C object CMakeFiles/f110_msgs__rosidl_typesupport_introspection_c.dir/rosidl_typesupport_introspection_c/f110_msgs/msg/detail/car_state_stamped__type_support.c.o
[9.485s] [ 55%] Building CXX object CMakeFiles/f110_msgs__rosidl_typesupport_introspection_cpp.dir/rosidl_typesupport_introspection_cpp/f110_msgs/msg/detail/obstacle_array__type_support.cpp.o
[9.485s] [ 56%] Building CXX object CMakeFiles/f110_msgs__rosidl_typesupport_fastrtps_cpp.dir/rosidl_typesupport_fastrtps_cpp/f110_msgs/msg/detail/dds_fastrtps/opponent_trajectory__type_support.cpp.o
[9.485s] [ 56%] Building CXX object CMakeFiles/f110_msgs__rosidl_typesupport_fastrtps_cpp.dir/rosidl_typesupport_fastrtps_cpp/f110_msgs/msg/detail/dds_fastrtps/opp_wpnt__type_support.cpp.o
[9.485s] [ 57%] Building C object CMakeFiles/f110_msgs__rosidl_typesupport_introspection_c.dir/rosidl_typesupport_introspection_c/f110_msgs/msg/detail/gap_data__type_support.c.o
[9.485s] [ 58%] Building CXX object CMakeFiles/f110_msgs__rosidl_typesupport_c.dir/rosidl_typesupport_c/f110_msgs/msg/opp_wpnt__type_support.cpp.o
[9.485s] [ 59%] Linking CXX shared library libf110_msgs__rosidl_typesupport_c.so
[9.485s] [ 59%] Building C object CMakeFiles/f110_msgs__rosidl_typesupport_introspection_c.dir/rosidl_typesupport_introspection_c/f110_msgs/msg/detail/lap_data__type_support.c.o
[9.485s] [ 59%] Built target f110_msgs__rosidl_typesupport_c
[9.485s] [ 60%] Building CXX object CMakeFiles/f110_msgs__rosidl_typesupport_cpp.dir/rosidl_typesupport_cpp/f110_msgs/msg/gap_data__type_support.cpp.o
[9.486s] [ 61%] Building CXX object CMakeFiles/f110_msgs__rosidl_typesupport_introspection_cpp.dir/rosidl_typesupport_introspection_cpp/f110_msgs/msg/detail/pid_data__type_support.cpp.o
[9.486s] [ 62%] Building C object CMakeFiles/f110_msgs__rosidl_typesupport_introspection_c.dir/rosidl_typesupport_introspection_c/f110_msgs/msg/detail/ot_wpnt_array__type_support.c.o
[9.486s] [ 63%] Building CXX object CMakeFiles/f110_msgs__rosidl_typesupport_cpp.dir/rosidl_typesupport_cpp/f110_msgs/msg/lap_data__type_support.cpp.o
[9.486s] [ 65%] Building CXX object CMakeFiles/f110_msgs__rosidl_typesupport_introspection_cpp.dir/rosidl_typesupport_introspection_cpp/f110_msgs/msg/detail/wpnt__type_support.cpp.o
[9.486s] [ 65%] Building CXX object CMakeFiles/f110_msgs__rosidl_typesupport_introspection_cpp.dir/rosidl_typesupport_introspection_cpp/f110_msgs/msg/detail/wpnt_array__type_support.cpp.o
[10.161s] [ 66%] Building C object CMakeFiles/f110_msgs__rosidl_typesupport_introspection_c.dir/rosidl_typesupport_introspection_c/f110_msgs/msg/detail/obstacle__type_support.c.o
[10.161s] [ 65%] Building CXX object CMakeFiles/f110_msgs__rosidl_typesupport_cpp.dir/rosidl_typesupport_cpp/f110_msgs/msg/ot_wpnt_array__type_support.cpp.o
[10.162s] [ 68%] Building CXX object CMakeFiles/f110_msgs__rosidl_typesupport_cpp.dir/rosidl_typesupport_cpp/f110_msgs/msg/obstacle__type_support.cpp.o
[10.162s] [ 68%] Building CXX object CMakeFiles/f110_msgs__rosidl_typesupport_cpp.dir/rosidl_typesupport_cpp/f110_msgs/msg/obstacle_array__type_support.cpp.o
[10.162s] [ 69%] Building C object CMakeFiles/f110_msgs__rosidl_typesupport_introspection_c.dir/rosidl_typesupport_introspection_c/f110_msgs/msg/detail/obstacle_array__type_support.c.o
[10.162s] [ 71%] Building CXX object CMakeFiles/f110_msgs__rosidl_typesupport_cpp.dir/rosidl_typesupport_cpp/f110_msgs/msg/pid_data__type_support.cpp.o
[10.162s] [ 71%] Building C object CMakeFiles/f110_msgs__rosidl_typesupport_introspection_c.dir/rosidl_typesupport_introspection_c/f110_msgs/msg/detail/pid_data__type_support.c.o
[10.162s] [ 72%] Building C object CMakeFiles/f110_msgs__rosidl_typesupport_introspection_c.dir/rosidl_typesupport_introspection_c/f110_msgs/msg/detail/wpnt__type_support.c.o
[10.162s] [ 73%] Building CXX object CMakeFiles/f110_msgs__rosidl_typesupport_introspection_cpp.dir/rosidl_typesupport_introspection_cpp/f110_msgs/msg/detail/opponent_trajectory__type_support.cpp.o
[10.162s] [ 74%] Building CXX object CMakeFiles/f110_msgs__rosidl_typesupport_cpp.dir/rosidl_typesupport_cpp/f110_msgs/msg/wpnt__type_support.cpp.o
[10.162s] [ 75%] Building C object CMakeFiles/f110_msgs__rosidl_typesupport_introspection_c.dir/rosidl_typesupport_introspection_c/f110_msgs/msg/detail/wpnt_array__type_support.c.o
[10.162s] [ 75%] Building C object CMakeFiles/f110_msgs__rosidl_typesupport_introspection_c.dir/rosidl_typesupport_introspection_c/f110_msgs/msg/detail/opponent_trajectory__type_support.c.o
[10.162s] [ 76%] Building CXX object CMakeFiles/f110_msgs__rosidl_typesupport_cpp.dir/rosidl_typesupport_cpp/f110_msgs/msg/wpnt_array__type_support.cpp.o
[10.162s] [ 76%] Building CXX object CMakeFiles/f110_msgs__rosidl_typesupport_cpp.dir/rosidl_typesupport_cpp/f110_msgs/msg/opponent_trajectory__type_support.cpp.o
[10.162s] [ 77%] Building CXX object CMakeFiles/f110_msgs__rosidl_typesupport_cpp.dir/rosidl_typesupport_cpp/f110_msgs/msg/opp_wpnt__type_support.cpp.o
[10.162s] [ 78%] Building C object CMakeFiles/f110_msgs__rosidl_typesupport_introspection_c.dir/rosidl_typesupport_introspection_c/f110_msgs/msg/detail/opp_wpnt__type_support.c.o
[10.162s] [ 79%] Building CXX object CMakeFiles/f110_msgs__rosidl_typesupport_introspection_cpp.dir/rosidl_typesupport_introspection_cpp/f110_msgs/msg/detail/opp_wpnt__type_support.cpp.o
[10.163s] [ 80%] Linking C shared library libf110_msgs__rosidl_typesupport_introspection_c.so
[10.163s] [ 80%] Built target f110_msgs__rosidl_typesupport_introspection_c
[10.163s] [ 81%] Linking CXX shared library libf110_msgs__rosidl_typesupport_fastrtps_cpp.so
[10.553s] [ 81%] Built target f110_msgs__rosidl_typesupport_fastrtps_cpp
[10.553s] [ 82%] Linking CXX shared library libf110_msgs__rosidl_typesupport_cpp.so
[10.553s] [ 82%] Built target f110_msgs__rosidl_typesupport_cpp
[10.979s] [ 83%] Linking CXX shared library libf110_msgs__rosidl_typesupport_introspection_cpp.so
[10.980s] [ 83%] Built target f110_msgs__rosidl_typesupport_introspection_cpp
[10.980s] [ 83%] Built target f110_msgs
[10.980s] [ 84%] Generating Python code for ROS interfaces
[12.343s] [ 84%] Built target f110_msgs__py
[12.379s] [ 85%] Building C object CMakeFiles/f110_msgs__rosidl_generator_py.dir/rosidl_generator_py/f110_msgs/msg/_car_state_stamped_s.c.o
[12.381s] [ 87%] Building C object CMakeFiles/f110_msgs__rosidl_generator_py.dir/rosidl_generator_py/f110_msgs/msg/_ot_wpnt_array_s.c.o
[12.381s] [ 88%] Building C object CMakeFiles/f110_msgs__rosidl_generator_py.dir/rosidl_generator_py/f110_msgs/msg/_car_state_s.c.o
[12.381s] [ 86%] Building C object CMakeFiles/f110_msgs__rosidl_generator_py.dir/rosidl_generator_py/f110_msgs/msg/_obstacle_s.c.o
[12.382s] [ 89%] Building C object CMakeFiles/f110_msgs__rosidl_generator_py.dir/rosidl_generator_py/f110_msgs/msg/_lap_data_s.c.o
[12.387s] [ 91%] Building C object CMakeFiles/f110_msgs__rosidl_generator_py.dir/rosidl_generator_py/f110_msgs/msg/_pid_data_s.c.o
[12.387s] [ 91%] Building C object CMakeFiles/f110_msgs__rosidl_generator_py.dir/rosidl_generator_py/f110_msgs/msg/_obstacle_array_s.c.o
[12.391s] [ 92%] Building C object CMakeFiles/f110_msgs__rosidl_generator_py.dir/rosidl_generator_py/f110_msgs/msg/_opponent_trajectory_s.c.o
[12.391s] [ 92%] Building C object CMakeFiles/f110_msgs__rosidl_generator_py.dir/rosidl_generator_py/f110_msgs/msg/_wpnt_array_s.c.o
[12.391s] [ 92%] Building C object CMakeFiles/f110_msgs__rosidl_generator_py.dir/rosidl_generator_py/f110_msgs/msg/_gap_data_s.c.o
[12.419s] [ 93%] Building C object CMakeFiles/f110_msgs__rosidl_generator_py.dir/rosidl_generator_py/f110_msgs/msg/_wpnt_s.c.o
[12.419s] [ 94%] Building C object CMakeFiles/f110_msgs__rosidl_generator_py.dir/rosidl_generator_py/f110_msgs/msg/_opp_wpnt_s.c.o
[12.659s] [ 95%] Linking C shared library rosidl_generator_py/f110_msgs/libf110_msgs__rosidl_generator_py.so
[12.712s] [ 95%] Built target f110_msgs__rosidl_generator_py
[12.736s] [ 96%] Building C object CMakeFiles/f110_msgs__rosidl_typesupport_fastrtps_c__pyext.dir/rosidl_generator_py/f110_msgs/_f110_msgs_s.ep.rosidl_typesupport_fastrtps_c.c.o
[12.737s] [ 97%] Building C object CMakeFiles/f110_msgs__rosidl_typesupport_introspection_c__pyext.dir/rosidl_generator_py/f110_msgs/_f110_msgs_s.ep.rosidl_typesupport_introspection_c.c.o
[12.749s] [ 97%] Building C object CMakeFiles/f110_msgs__rosidl_typesupport_c__pyext.dir/rosidl_generator_py/f110_msgs/_f110_msgs_s.ep.rosidl_typesupport_c.c.o
[12.865s] [ 98%] Linking C shared library rosidl_generator_py/f110_msgs/f110_msgs_s__rosidl_typesupport_fastrtps_c.cpython-310-x86_64-linux-gnu.so
[12.898s] [ 99%] Linking C shared library rosidl_generator_py/f110_msgs/f110_msgs_s__rosidl_typesupport_introspection_c.cpython-310-x86_64-linux-gnu.so
[12.905s] [ 99%] Built target f110_msgs__rosidl_typesupport_fastrtps_c__pyext
[12.908s] [100%] Linking C shared library rosidl_generator_py/f110_msgs/f110_msgs_s__rosidl_typesupport_c.cpython-310-x86_64-linux-gnu.so
[12.944s] [100%] Built target f110_msgs__rosidl_typesupport_c__pyext
[12.947s] [100%] Built target f110_msgs__rosidl_typesupport_introspection_c__pyext
[12.959s] Invoked command in '/home/misys/forza_ws/race_stack/build/f110_msgs' returned '0': CMAKE_PREFIX_PATH=/opt/ros/humble /usr/bin/cmake --build /home/misys/forza_ws/race_stack/build/f110_msgs -- -j18 -l18
[12.961s] Invoking command in '/home/misys/forza_ws/race_stack/build/f110_msgs': CMAKE_PREFIX_PATH=/opt/ros/humble /usr/bin/cmake --install /home/misys/forza_ws/race_stack/build/f110_msgs
[12.970s] -- Install configuration: ""
[12.970s] -- Installing: /home/misys/forza_ws/race_stack/install/f110_msgs/share/ament_index/resource_index/rosidl_interfaces/f110_msgs
[12.971s] -- Installing: /home/misys/forza_ws/race_stack/install/f110_msgs/include/f110_msgs/f110_msgs
[12.971s] -- Installing: /home/misys/forza_ws/race_stack/install/f110_msgs/include/f110_msgs/f110_msgs/msg
[12.971s] -- Installing: /home/misys/forza_ws/race_stack/install/f110_msgs/include/f110_msgs/f110_msgs/msg/detail
[12.971s] -- Installing: /home/misys/forza_ws/race_stack/install/f110_msgs/include/f110_msgs/f110_msgs/msg/detail/gap_data__struct.h
[12.971s] -- Installing: /home/misys/forza_ws/race_stack/install/f110_msgs/include/f110_msgs/f110_msgs/msg/detail/obstacle_array__functions.h
[12.971s] -- Installing: /home/misys/forza_ws/race_stack/install/f110_msgs/include/f110_msgs/f110_msgs/msg/detail/wpnt__struct.h
[12.971s] -- Installing: /home/misys/forza_ws/race_stack/install/f110_msgs/include/f110_msgs/f110_msgs/msg/detail/opponent_trajectory__functions.h
[12.971s] -- Installing: /home/misys/forza_ws/race_stack/install/f110_msgs/include/f110_msgs/f110_msgs/msg/detail/obstacle_array__functions.c
[12.971s] -- Installing: /home/misys/forza_ws/race_stack/install/f110_msgs/include/f110_msgs/f110_msgs/msg/detail/pid_data__functions.h
[12.971s] -- Installing: /home/misys/forza_ws/race_stack/install/f110_msgs/include/f110_msgs/f110_msgs/msg/detail/wpnt_array__struct.h
[12.971s] -- Installing: /home/misys/forza_ws/race_stack/install/f110_msgs/include/f110_msgs/f110_msgs/msg/detail/opp_wpnt__type_support.h
[12.972s] -- Installing: /home/misys/forza_ws/race_stack/install/f110_msgs/include/f110_msgs/f110_msgs/msg/detail/car_state_stamped__type_support.h
[12.972s] -- Installing: /home/misys/forza_ws/race_stack/install/f110_msgs/include/f110_msgs/f110_msgs/msg/detail/obstacle__functions.h
[12.972s] -- Installing: /home/misys/forza_ws/race_stack/install/f110_msgs/include/f110_msgs/f110_msgs/msg/detail/car_state__struct.h
[12.972s] -- Installing: /home/misys/forza_ws/race_stack/install/f110_msgs/include/f110_msgs/f110_msgs/msg/detail/wpnt__functions.h
[12.972s] -- Installing: /home/misys/forza_ws/race_stack/install/f110_msgs/include/f110_msgs/f110_msgs/msg/detail/obstacle__type_support.h
[12.972s] -- Installing: /home/misys/forza_ws/race_stack/install/f110_msgs/include/f110_msgs/f110_msgs/msg/detail/opponent_trajectory__type_support.h
[12.972s] -- Installing: /home/misys/forza_ws/race_stack/install/f110_msgs/include/f110_msgs/f110_msgs/msg/detail/ot_wpnt_array__functions.c
[12.972s] -- Installing: /home/misys/forza_ws/race_stack/install/f110_msgs/include/f110_msgs/f110_msgs/msg/detail/ot_wpnt_array__struct.h
[12.972s] -- Installing: /home/misys/forza_ws/race_stack/install/f110_msgs/include/f110_msgs/f110_msgs/msg/detail/opp_wpnt__struct.h
[12.972s] -- Installing: /home/misys/forza_ws/race_stack/install/f110_msgs/include/f110_msgs/f110_msgs/msg/detail/opponent_trajectory__struct.h
[12.972s] -- Installing: /home/misys/forza_ws/race_stack/install/f110_msgs/include/f110_msgs/f110_msgs/msg/detail/opponent_trajectory__functions.c
[12.972s] -- Installing: /home/misys/forza_ws/race_stack/install/f110_msgs/include/f110_msgs/f110_msgs/msg/detail/pid_data__functions.c
[12.972s] -- Installing: /home/misys/forza_ws/race_stack/install/f110_msgs/include/f110_msgs/f110_msgs/msg/detail/obstacle_array__struct.h
[12.973s] -- Installing: /home/misys/forza_ws/race_stack/install/f110_msgs/include/f110_msgs/f110_msgs/msg/detail/car_state_stamped__functions.h
[12.973s] -- Installing: /home/misys/forza_ws/race_stack/install/f110_msgs/include/f110_msgs/f110_msgs/msg/detail/lap_data__functions.c
[12.973s] -- Installing: /home/misys/forza_ws/race_stack/install/f110_msgs/include/f110_msgs/f110_msgs/msg/detail/wpnt__functions.c
[12.973s] -- Installing: /home/misys/forza_ws/race_stack/install/f110_msgs/include/f110_msgs/f110_msgs/msg/detail/lap_data__struct.h
[12.973s] -- Installing: /home/misys/forza_ws/race_stack/install/f110_msgs/include/f110_msgs/f110_msgs/msg/detail/car_state__functions.h
[12.973s] -- Installing: /home/misys/forza_ws/race_stack/install/f110_msgs/include/f110_msgs/f110_msgs/msg/detail/car_state_stamped__functions.c
[12.973s] -- Installing: /home/misys/forza_ws/race_stack/install/f110_msgs/include/f110_msgs/f110_msgs/msg/detail/obstacle__struct.h
[12.973s] -- Installing: /home/misys/forza_ws/race_stack/install/f110_msgs/include/f110_msgs/f110_msgs/msg/detail/ot_wpnt_array__functions.h
[12.974s] -- Installing: /home/misys/forza_ws/race_stack/install/f110_msgs/include/f110_msgs/f110_msgs/msg/detail/car_state__functions.c
[12.974s] -- Installing: /home/misys/forza_ws/race_stack/install/f110_msgs/include/f110_msgs/f110_msgs/msg/detail/car_state_stamped__struct.h
[12.974s] -- Installing: /home/misys/forza_ws/race_stack/install/f110_msgs/include/f110_msgs/f110_msgs/msg/detail/gap_data__functions.h
[12.974s] -- Installing: /home/misys/forza_ws/race_stack/install/f110_msgs/include/f110_msgs/f110_msgs/msg/detail/car_state__type_support.h
[12.974s] -- Installing: /home/misys/forza_ws/race_stack/install/f110_msgs/include/f110_msgs/f110_msgs/msg/detail/opp_wpnt__functions.h
[12.974s] -- Installing: /home/misys/forza_ws/race_stack/install/f110_msgs/include/f110_msgs/f110_msgs/msg/detail/wpnt__type_support.h
[12.974s] -- Installing: /home/misys/forza_ws/race_stack/install/f110_msgs/include/f110_msgs/f110_msgs/msg/detail/gap_data__functions.c
[12.974s] -- Installing: /home/misys/forza_ws/race_stack/install/f110_msgs/include/f110_msgs/f110_msgs/msg/detail/gap_data__type_support.h
[12.974s] -- Installing: /home/misys/forza_ws/race_stack/install/f110_msgs/include/f110_msgs/f110_msgs/msg/detail/obstacle__functions.c
[12.974s] -- Installing: /home/misys/forza_ws/race_stack/install/f110_msgs/include/f110_msgs/f110_msgs/msg/detail/pid_data__type_support.h
[12.974s] -- Installing: /home/misys/forza_ws/race_stack/install/f110_msgs/include/f110_msgs/f110_msgs/msg/detail/ot_wpnt_array__type_support.h
[12.974s] -- Installing: /home/misys/forza_ws/race_stack/install/f110_msgs/include/f110_msgs/f110_msgs/msg/detail/wpnt_array__type_support.h
[12.975s] -- Installing: /home/misys/forza_ws/race_stack/install/f110_msgs/include/f110_msgs/f110_msgs/msg/detail/lap_data__type_support.h
[12.975s] -- Installing: /home/misys/forza_ws/race_stack/install/f110_msgs/include/f110_msgs/f110_msgs/msg/detail/pid_data__struct.h
[12.975s] -- Installing: /home/misys/forza_ws/race_stack/install/f110_msgs/include/f110_msgs/f110_msgs/msg/detail/wpnt_array__functions.h
[12.975s] -- Installing: /home/misys/forza_ws/race_stack/install/f110_msgs/include/f110_msgs/f110_msgs/msg/detail/obstacle_array__type_support.h
[12.975s] -- Installing: /home/misys/forza_ws/race_stack/install/f110_msgs/include/f110_msgs/f110_msgs/msg/detail/wpnt_array__functions.c
[12.975s] -- Installing: /home/misys/forza_ws/race_stack/install/f110_msgs/include/f110_msgs/f110_msgs/msg/detail/opp_wpnt__functions.c
[12.975s] -- Installing: /home/misys/forza_ws/race_stack/install/f110_msgs/include/f110_msgs/f110_msgs/msg/detail/lap_data__functions.h
[12.975s] -- Installing: /home/misys/forza_ws/race_stack/install/f110_msgs/include/f110_msgs/f110_msgs/msg/car_state_stamped.h
[12.975s] -- Installing: /home/misys/forza_ws/race_stack/install/f110_msgs/include/f110_msgs/f110_msgs/msg/opp_wpnt.h
[12.975s] -- Installing: /home/misys/forza_ws/race_stack/install/f110_msgs/include/f110_msgs/f110_msgs/msg/opponent_trajectory.h
[12.976s] -- Installing: /home/misys/forza_ws/race_stack/install/f110_msgs/include/f110_msgs/f110_msgs/msg/wpnt.h
[12.976s] -- Installing: /home/misys/forza_ws/race_stack/install/f110_msgs/include/f110_msgs/f110_msgs/msg/lap_data.h
[12.976s] -- Installing: /home/misys/forza_ws/race_stack/install/f110_msgs/include/f110_msgs/f110_msgs/msg/obstacle_array.h
[12.976s] -- Installing: /home/misys/forza_ws/race_stack/install/f110_msgs/include/f110_msgs/f110_msgs/msg/ot_wpnt_array.h
[12.976s] -- Installing: /home/misys/forza_ws/race_stack/install/f110_msgs/include/f110_msgs/f110_msgs/msg/obstacle.h
[12.976s] -- Installing: /home/misys/forza_ws/race_stack/install/f110_msgs/include/f110_msgs/f110_msgs/msg/gap_data.h
[12.976s] -- Installing: /home/misys/forza_ws/race_stack/install/f110_msgs/include/f110_msgs/f110_msgs/msg/rosidl_generator_c__visibility_control.h
[12.976s] -- Installing: /home/misys/forza_ws/race_stack/install/f110_msgs/include/f110_msgs/f110_msgs/msg/car_state.h
[12.976s] -- Installing: /home/misys/forza_ws/race_stack/install/f110_msgs/include/f110_msgs/f110_msgs/msg/wpnt_array.h
[12.977s] -- Installing: /home/misys/forza_ws/race_stack/install/f110_msgs/include/f110_msgs/f110_msgs/msg/pid_data.h
[12.977s] -- Installing: /home/misys/forza_ws/race_stack/install/f110_msgs/share/f110_msgs/environment/library_path.sh
[12.977s] -- Installing: /home/misys/forza_ws/race_stack/install/f110_msgs/share/f110_msgs/environment/library_path.dsv
[12.977s] -- Installing: /home/misys/forza_ws/race_stack/install/f110_msgs/lib/libf110_msgs__rosidl_generator_c.so
[12.978s] -- Set runtime path of "/home/misys/forza_ws/race_stack/install/f110_msgs/lib/libf110_msgs__rosidl_generator_c.so" to ""
[12.978s] -- Up-to-date: /home/misys/forza_ws/race_stack/install/f110_msgs/include/f110_msgs/f110_msgs
[12.978s] -- Up-to-date: /home/misys/forza_ws/race_stack/install/f110_msgs/include/f110_msgs/f110_msgs/msg
[12.978s] -- Up-to-date: /home/misys/forza_ws/race_stack/install/f110_msgs/include/f110_msgs/f110_msgs/msg/detail
[12.978s] -- Installing: /home/misys/forza_ws/race_stack/install/f110_msgs/include/f110_msgs/f110_msgs/msg/detail/car_state__rosidl_typesupport_fastrtps_c.h
[12.978s] -- Installing: /home/misys/forza_ws/race_stack/install/f110_msgs/include/f110_msgs/f110_msgs/msg/detail/pid_data__rosidl_typesupport_fastrtps_c.h
[12.978s] -- Installing: /home/misys/forza_ws/race_stack/install/f110_msgs/include/f110_msgs/f110_msgs/msg/detail/car_state_stamped__rosidl_typesupport_fastrtps_c.h
[12.978s] -- Installing: /home/misys/forza_ws/race_stack/install/f110_msgs/include/f110_msgs/f110_msgs/msg/detail/opponent_trajectory__rosidl_typesupport_fastrtps_c.h
[12.978s] -- Installing: /home/misys/forza_ws/race_stack/install/f110_msgs/include/f110_msgs/f110_msgs/msg/detail/gap_data__rosidl_typesupport_fastrtps_c.h
[12.978s] -- Installing: /home/misys/forza_ws/race_stack/install/f110_msgs/include/f110_msgs/f110_msgs/msg/detail/lap_data__rosidl_typesupport_fastrtps_c.h
[12.978s] -- Installing: /home/misys/forza_ws/race_stack/install/f110_msgs/include/f110_msgs/f110_msgs/msg/detail/opp_wpnt__rosidl_typesupport_fastrtps_c.h
[12.978s] -- Installing: /home/misys/forza_ws/race_stack/install/f110_msgs/include/f110_msgs/f110_msgs/msg/detail/wpnt_array__rosidl_typesupport_fastrtps_c.h
[12.979s] -- Installing: /home/misys/forza_ws/race_stack/install/f110_msgs/include/f110_msgs/f110_msgs/msg/detail/wpnt__rosidl_typesupport_fastrtps_c.h
[12.979s] -- Installing: /home/misys/forza_ws/race_stack/install/f110_msgs/include/f110_msgs/f110_msgs/msg/detail/obstacle_array__rosidl_typesupport_fastrtps_c.h
[12.979s] -- Installing: /home/misys/forza_ws/race_stack/install/f110_msgs/include/f110_msgs/f110_msgs/msg/detail/obstacle__rosidl_typesupport_fastrtps_c.h
[12.979s] -- Installing: /home/misys/forza_ws/race_stack/install/f110_msgs/include/f110_msgs/f110_msgs/msg/detail/ot_wpnt_array__rosidl_typesupport_fastrtps_c.h
[12.979s] -- Installing: /home/misys/forza_ws/race_stack/install/f110_msgs/include/f110_msgs/f110_msgs/msg/rosidl_typesupport_fastrtps_c__visibility_control.h
[12.979s] -- Installing: /home/misys/forza_ws/race_stack/install/f110_msgs/lib/libf110_msgs__rosidl_typesupport_fastrtps_c.so
[12.979s] -- Set runtime path of "/home/misys/forza_ws/race_stack/install/f110_msgs/lib/libf110_msgs__rosidl_typesupport_fastrtps_c.so" to ""
[12.980s] -- Up-to-date: /home/misys/forza_ws/race_stack/install/f110_msgs/include/f110_msgs/f110_msgs
[12.980s] -- Up-to-date: /home/misys/forza_ws/race_stack/install/f110_msgs/include/f110_msgs/f110_msgs/msg
[12.980s] -- Up-to-date: /home/misys/forza_ws/race_stack/install/f110_msgs/include/f110_msgs/f110_msgs/msg/detail
[12.980s] -- Installing: /home/misys/forza_ws/race_stack/install/f110_msgs/include/f110_msgs/f110_msgs/msg/detail/pid_data__struct.hpp
[12.980s] -- Installing: /home/misys/forza_ws/race_stack/install/f110_msgs/include/f110_msgs/f110_msgs/msg/detail/wpnt_array__builder.hpp
[12.980s] -- Installing: /home/misys/forza_ws/race_stack/install/f110_msgs/include/f110_msgs/f110_msgs/msg/detail/gap_data__builder.hpp
[12.980s] -- Installing: /home/misys/forza_ws/race_stack/install/f110_msgs/include/f110_msgs/f110_msgs/msg/detail/wpnt_array__struct.hpp
[12.980s] -- Installing: /home/misys/forza_ws/race_stack/install/f110_msgs/include/f110_msgs/f110_msgs/msg/detail/opponent_trajectory__struct.hpp
[12.980s] -- Installing: /home/misys/forza_ws/race_stack/install/f110_msgs/include/f110_msgs/f110_msgs/msg/detail/gap_data__traits.hpp
[12.980s] -- Installing: /home/misys/forza_ws/race_stack/install/f110_msgs/include/f110_msgs/f110_msgs/msg/detail/wpnt__struct.hpp
[12.980s] -- Installing: /home/misys/forza_ws/race_stack/install/f110_msgs/include/f110_msgs/f110_msgs/msg/detail/opp_wpnt__type_support.hpp
[12.980s] -- Installing: /home/misys/forza_ws/race_stack/install/f110_msgs/include/f110_msgs/f110_msgs/msg/detail/opp_wpnt__struct.hpp
[12.981s] -- Installing: /home/misys/forza_ws/race_stack/install/f110_msgs/include/f110_msgs/f110_msgs/msg/detail/opponent_trajectory__type_support.hpp
[12.981s] -- Installing: /home/misys/forza_ws/race_stack/install/f110_msgs/include/f110_msgs/f110_msgs/msg/detail/obstacle__type_support.hpp
[12.981s] -- Installing: /home/misys/forza_ws/race_stack/install/f110_msgs/include/f110_msgs/f110_msgs/msg/detail/car_state_stamped__traits.hpp
[12.981s] -- Installing: /home/misys/forza_ws/race_stack/install/f110_msgs/include/f110_msgs/f110_msgs/msg/detail/pid_data__builder.hpp
[12.981s] -- Installing: /home/misys/forza_ws/race_stack/install/f110_msgs/include/f110_msgs/f110_msgs/msg/detail/obstacle_array__traits.hpp
[12.981s] -- Installing: /home/misys/forza_ws/race_stack/install/f110_msgs/include/f110_msgs/f110_msgs/msg/detail/obstacle_array__builder.hpp
[12.981s] -- Installing: /home/misys/forza_ws/race_stack/install/f110_msgs/include/f110_msgs/f110_msgs/msg/detail/car_state__traits.hpp
[12.981s] -- Installing: /home/misys/forza_ws/race_stack/install/f110_msgs/include/f110_msgs/f110_msgs/msg/detail/lap_data__struct.hpp
[12.981s] -- Installing: /home/misys/forza_ws/race_stack/install/f110_msgs/include/f110_msgs/f110_msgs/msg/detail/lap_data__builder.hpp
[12.982s] -- Installing: /home/misys/forza_ws/race_stack/install/f110_msgs/include/f110_msgs/f110_msgs/msg/detail/obstacle_array__type_support.hpp
[12.982s] -- Installing: /home/misys/forza_ws/race_stack/install/f110_msgs/include/f110_msgs/f110_msgs/msg/detail/opponent_trajectory__traits.hpp
[12.982s] -- Installing: /home/misys/forza_ws/race_stack/install/f110_msgs/include/f110_msgs/f110_msgs/msg/detail/ot_wpnt_array__struct.hpp
[12.982s] -- Installing: /home/misys/forza_ws/race_stack/install/f110_msgs/include/f110_msgs/f110_msgs/msg/detail/car_state_stamped__struct.hpp
[12.982s] -- Installing: /home/misys/forza_ws/race_stack/install/f110_msgs/include/f110_msgs/f110_msgs/msg/detail/opp_wpnt__traits.hpp
[12.982s] -- Installing: /home/misys/forza_ws/race_stack/install/f110_msgs/include/f110_msgs/f110_msgs/msg/detail/ot_wpnt_array__type_support.hpp
[12.982s] -- Installing: /home/misys/forza_ws/race_stack/install/f110_msgs/include/f110_msgs/f110_msgs/msg/detail/lap_data__traits.hpp
[12.982s] -- Installing: /home/misys/forza_ws/race_stack/install/f110_msgs/include/f110_msgs/f110_msgs/msg/detail/wpnt__traits.hpp
[12.982s] -- Installing: /home/misys/forza_ws/race_stack/install/f110_msgs/include/f110_msgs/f110_msgs/msg/detail/car_state__type_support.hpp
[12.983s] -- Installing: /home/misys/forza_ws/race_stack/install/f110_msgs/include/f110_msgs/f110_msgs/msg/detail/wpnt__builder.hpp
[12.983s] -- Installing: /home/misys/forza_ws/race_stack/install/f110_msgs/include/f110_msgs/f110_msgs/msg/detail/opponent_trajectory__builder.hpp
[12.983s] -- Installing: /home/misys/forza_ws/race_stack/install/f110_msgs/include/f110_msgs/f110_msgs/msg/detail/ot_wpnt_array__builder.hpp
[12.983s] -- Installing: /home/misys/forza_ws/race_stack/install/f110_msgs/include/f110_msgs/f110_msgs/msg/detail/ot_wpnt_array__traits.hpp
[12.983s] -- Installing: /home/misys/forza_ws/race_stack/install/f110_msgs/include/f110_msgs/f110_msgs/msg/detail/pid_data__type_support.hpp
[12.983s] -- Installing: /home/misys/forza_ws/race_stack/install/f110_msgs/include/f110_msgs/f110_msgs/msg/detail/car_state_stamped__type_support.hpp
[12.983s] -- Installing: /home/misys/forza_ws/race_stack/install/f110_msgs/include/f110_msgs/f110_msgs/msg/detail/car_state__struct.hpp
[12.983s] -- Installing: /home/misys/forza_ws/race_stack/install/f110_msgs/include/f110_msgs/f110_msgs/msg/detail/wpnt_array__traits.hpp
[12.983s] -- Installing: /home/misys/forza_ws/race_stack/install/f110_msgs/include/f110_msgs/f110_msgs/msg/detail/obstacle__struct.hpp
[12.984s] -- Installing: /home/misys/forza_ws/race_stack/install/f110_msgs/include/f110_msgs/f110_msgs/msg/detail/wpnt_array__type_support.hpp
[12.984s] -- Installing: /home/misys/forza_ws/race_stack/install/f110_msgs/include/f110_msgs/f110_msgs/msg/detail/gap_data__type_support.hpp
[12.984s] -- Installing: /home/misys/forza_ws/race_stack/install/f110_msgs/include/f110_msgs/f110_msgs/msg/detail/wpnt__type_support.hpp
[12.984s] -- Installing: /home/misys/forza_ws/race_stack/install/f110_msgs/include/f110_msgs/f110_msgs/msg/detail/gap_data__struct.hpp
[12.984s] -- Installing: /home/misys/forza_ws/race_stack/install/f110_msgs/include/f110_msgs/f110_msgs/msg/detail/pid_data__traits.hpp
[12.984s] -- Installing: /home/misys/forza_ws/race_stack/install/f110_msgs/include/f110_msgs/f110_msgs/msg/detail/obstacle__traits.hpp
[12.984s] -- Installing: /home/misys/forza_ws/race_stack/install/f110_msgs/include/f110_msgs/f110_msgs/msg/detail/lap_data__type_support.hpp
[12.984s] -- Installing: /home/misys/forza_ws/race_stack/install/f110_msgs/include/f110_msgs/f110_msgs/msg/detail/obstacle_array__struct.hpp
[12.984s] -- Installing: /home/misys/forza_ws/race_stack/install/f110_msgs/include/f110_msgs/f110_msgs/msg/detail/opp_wpnt__builder.hpp
[12.985s] -- Installing: /home/misys/forza_ws/race_stack/install/f110_msgs/include/f110_msgs/f110_msgs/msg/detail/obstacle__builder.hpp
[12.985s] -- Installing: /home/misys/forza_ws/race_stack/install/f110_msgs/include/f110_msgs/f110_msgs/msg/detail/car_state__builder.hpp
[12.985s] -- Installing: /home/misys/forza_ws/race_stack/install/f110_msgs/include/f110_msgs/f110_msgs/msg/detail/car_state_stamped__builder.hpp
[12.985s] -- Installing: /home/misys/forza_ws/race_stack/install/f110_msgs/include/f110_msgs/f110_msgs/msg/ot_wpnt_array.hpp
[12.985s] -- Installing: /home/misys/forza_ws/race_stack/install/f110_msgs/include/f110_msgs/f110_msgs/msg/rosidl_generator_cpp__visibility_control.hpp
[12.985s] -- Installing: /home/misys/forza_ws/race_stack/install/f110_msgs/include/f110_msgs/f110_msgs/msg/car_state.hpp
[12.985s] -- Installing: /home/misys/forza_ws/race_stack/install/f110_msgs/include/f110_msgs/f110_msgs/msg/wpnt_array.hpp
[12.985s] -- Installing: /home/misys/forza_ws/race_stack/install/f110_msgs/include/f110_msgs/f110_msgs/msg/gap_data.hpp
[12.985s] -- Installing: /home/misys/forza_ws/race_stack/install/f110_msgs/include/f110_msgs/f110_msgs/msg/opponent_trajectory.hpp
[12.986s] -- Installing: /home/misys/forza_ws/race_stack/install/f110_msgs/include/f110_msgs/f110_msgs/msg/car_state_stamped.hpp
[12.986s] -- Installing: /home/misys/forza_ws/race_stack/install/f110_msgs/include/f110_msgs/f110_msgs/msg/obstacle.hpp
[12.986s] -- Installing: /home/misys/forza_ws/race_stack/install/f110_msgs/include/f110_msgs/f110_msgs/msg/wpnt.hpp
[12.986s] -- Installing: /home/misys/forza_ws/race_stack/install/f110_msgs/include/f110_msgs/f110_msgs/msg/lap_data.hpp
[12.986s] -- Installing: /home/misys/forza_ws/race_stack/install/f110_msgs/include/f110_msgs/f110_msgs/msg/opp_wpnt.hpp
[12.986s] -- Installing: /home/misys/forza_ws/race_stack/install/f110_msgs/include/f110_msgs/f110_msgs/msg/pid_data.hpp
[12.986s] -- Installing: /home/misys/forza_ws/race_stack/install/f110_msgs/include/f110_msgs/f110_msgs/msg/obstacle_array.hpp
[12.986s] -- Up-to-date: /home/misys/forza_ws/race_stack/install/f110_msgs/include/f110_msgs/f110_msgs
[12.987s] -- Up-to-date: /home/misys/forza_ws/race_stack/install/f110_msgs/include/f110_msgs/f110_msgs/msg
[12.987s] -- Up-to-date: /home/misys/forza_ws/race_stack/install/f110_msgs/include/f110_msgs/f110_msgs/msg/detail
[12.987s] -- Installing: /home/misys/forza_ws/race_stack/install/f110_msgs/include/f110_msgs/f110_msgs/msg/detail/obstacle__rosidl_typesupport_fastrtps_cpp.hpp
[12.987s] -- Installing: /home/misys/forza_ws/race_stack/install/f110_msgs/include/f110_msgs/f110_msgs/msg/detail/obstacle_array__rosidl_typesupport_fastrtps_cpp.hpp
[12.987s] -- Installing: /home/misys/forza_ws/race_stack/install/f110_msgs/include/f110_msgs/f110_msgs/msg/detail/car_state__rosidl_typesupport_fastrtps_cpp.hpp
[12.987s] -- Installing: /home/misys/forza_ws/race_stack/install/f110_msgs/include/f110_msgs/f110_msgs/msg/detail/gap_data__rosidl_typesupport_fastrtps_cpp.hpp
[12.987s] -- Installing: /home/misys/forza_ws/race_stack/install/f110_msgs/include/f110_msgs/f110_msgs/msg/detail/pid_data__rosidl_typesupport_fastrtps_cpp.hpp
[12.987s] -- Installing: /home/misys/forza_ws/race_stack/install/f110_msgs/include/f110_msgs/f110_msgs/msg/detail/car_state_stamped__rosidl_typesupport_fastrtps_cpp.hpp
[12.987s] -- Installing: /home/misys/forza_ws/race_stack/install/f110_msgs/include/f110_msgs/f110_msgs/msg/detail/lap_data__rosidl_typesupport_fastrtps_cpp.hpp
[12.987s] -- Installing: /home/misys/forza_ws/race_stack/install/f110_msgs/include/f110_msgs/f110_msgs/msg/detail/opponent_trajectory__rosidl_typesupport_fastrtps_cpp.hpp
[12.987s] -- Installing: /home/misys/forza_ws/race_stack/install/f110_msgs/include/f110_msgs/f110_msgs/msg/detail/wpnt_array__rosidl_typesupport_fastrtps_cpp.hpp
[12.988s] -- Installing: /home/misys/forza_ws/race_stack/install/f110_msgs/include/f110_msgs/f110_msgs/msg/detail/dds_fastrtps
[12.988s] -- Installing: /home/misys/forza_ws/race_stack/install/f110_msgs/include/f110_msgs/f110_msgs/msg/detail/wpnt__rosidl_typesupport_fastrtps_cpp.hpp
[12.988s] -- Installing: /home/misys/forza_ws/race_stack/install/f110_msgs/include/f110_msgs/f110_msgs/msg/detail/ot_wpnt_array__rosidl_typesupport_fastrtps_cpp.hpp
[12.988s] -- Installing: /home/misys/forza_ws/race_stack/install/f110_msgs/include/f110_msgs/f110_msgs/msg/detail/opp_wpnt__rosidl_typesupport_fastrtps_cpp.hpp
[12.988s] -- Installing: /home/misys/forza_ws/race_stack/install/f110_msgs/include/f110_msgs/f110_msgs/msg/rosidl_typesupport_fastrtps_cpp__visibility_control.h
[12.988s] -- Installing: /home/misys/forza_ws/race_stack/install/f110_msgs/lib/libf110_msgs__rosidl_typesupport_fastrtps_cpp.so
[12.989s] -- Set runtime path of "/home/misys/forza_ws/race_stack/install/f110_msgs/lib/libf110_msgs__rosidl_typesupport_fastrtps_cpp.so" to ""
[12.989s] -- Up-to-date: /home/misys/forza_ws/race_stack/install/f110_msgs/include/f110_msgs/f110_msgs
[12.989s] -- Up-to-date: /home/misys/forza_ws/race_stack/install/f110_msgs/include/f110_msgs/f110_msgs/msg
[12.989s] -- Up-to-date: /home/misys/forza_ws/race_stack/install/f110_msgs/include/f110_msgs/f110_msgs/msg/detail
[12.989s] -- Installing: /home/misys/forza_ws/race_stack/install/f110_msgs/include/f110_msgs/f110_msgs/msg/detail/pid_data__rosidl_typesupport_introspection_c.h
[12.989s] -- Installing: /home/misys/forza_ws/race_stack/install/f110_msgs/include/f110_msgs/f110_msgs/msg/detail/car_state__type_support.c
[12.989s] -- Installing: /home/misys/forza_ws/race_stack/install/f110_msgs/include/f110_msgs/f110_msgs/msg/detail/wpnt_array__rosidl_typesupport_introspection_c.h
[12.989s] -- Installing: /home/misys/forza_ws/race_stack/install/f110_msgs/include/f110_msgs/f110_msgs/msg/detail/wpnt__type_support.c
[12.989s] -- Installing: /home/misys/forza_ws/race_stack/install/f110_msgs/include/f110_msgs/f110_msgs/msg/detail/lap_data__rosidl_typesupport_introspection_c.h
[12.989s] -- Installing: /home/misys/forza_ws/race_stack/install/f110_msgs/include/f110_msgs/f110_msgs/msg/detail/gap_data__type_support.c
[12.989s] -- Installing: /home/misys/forza_ws/race_stack/install/f110_msgs/include/f110_msgs/f110_msgs/msg/detail/car_state_stamped__type_support.c
[12.990s] -- Installing: /home/misys/forza_ws/race_stack/install/f110_msgs/include/f110_msgs/f110_msgs/msg/detail/wpnt_array__type_support.c
[12.990s] -- Installing: /home/misys/forza_ws/race_stack/install/f110_msgs/include/f110_msgs/f110_msgs/msg/detail/car_state_stamped__rosidl_typesupport_introspection_c.h
[12.990s] -- Installing: /home/misys/forza_ws/race_stack/install/f110_msgs/include/f110_msgs/f110_msgs/msg/detail/gap_data__rosidl_typesupport_introspection_c.h
[12.990s] -- Installing: /home/misys/forza_ws/race_stack/install/f110_msgs/include/f110_msgs/f110_msgs/msg/detail/obstacle__type_support.c
[12.990s] -- Installing: /home/misys/forza_ws/race_stack/install/f110_msgs/include/f110_msgs/f110_msgs/msg/detail/ot_wpnt_array__rosidl_typesupport_introspection_c.h
[12.990s] -- Installing: /home/misys/forza_ws/race_stack/install/f110_msgs/include/f110_msgs/f110_msgs/msg/detail/opp_wpnt__type_support.c
[12.990s] -- Installing: /home/misys/forza_ws/race_stack/install/f110_msgs/include/f110_msgs/f110_msgs/msg/detail/pid_data__type_support.c
[12.990s] -- Installing: /home/misys/forza_ws/race_stack/install/f110_msgs/include/f110_msgs/f110_msgs/msg/detail/obstacle_array__type_support.c
[12.990s] -- Installing: /home/misys/forza_ws/race_stack/install/f110_msgs/include/f110_msgs/f110_msgs/msg/detail/opponent_trajectory__rosidl_typesupport_introspection_c.h
[12.990s] -- Installing: /home/misys/forza_ws/race_stack/install/f110_msgs/include/f110_msgs/f110_msgs/msg/detail/lap_data__type_support.c
[12.990s] -- Installing: /home/misys/forza_ws/race_stack/install/f110_msgs/include/f110_msgs/f110_msgs/msg/detail/opp_wpnt__rosidl_typesupport_introspection_c.h
[12.991s] -- Installing: /home/misys/forza_ws/race_stack/install/f110_msgs/include/f110_msgs/f110_msgs/msg/detail/wpnt__rosidl_typesupport_introspection_c.h
[12.991s] -- Installing: /home/misys/forza_ws/race_stack/install/f110_msgs/include/f110_msgs/f110_msgs/msg/detail/ot_wpnt_array__type_support.c
[12.991s] -- Installing: /home/misys/forza_ws/race_stack/install/f110_msgs/include/f110_msgs/f110_msgs/msg/detail/opponent_trajectory__type_support.c
[12.991s] -- Installing: /home/misys/forza_ws/race_stack/install/f110_msgs/include/f110_msgs/f110_msgs/msg/detail/obstacle__rosidl_typesupport_introspection_c.h
[12.991s] -- Installing: /home/misys/forza_ws/race_stack/install/f110_msgs/include/f110_msgs/f110_msgs/msg/detail/car_state__rosidl_typesupport_introspection_c.h
[12.991s] -- Installing: /home/misys/forza_ws/race_stack/install/f110_msgs/include/f110_msgs/f110_msgs/msg/detail/obstacle_array__rosidl_typesupport_introspection_c.h
[12.991s] -- Installing: /home/misys/forza_ws/race_stack/install/f110_msgs/include/f110_msgs/f110_msgs/msg/rosidl_typesupport_introspection_c__visibility_control.h
[12.992s] -- Installing: /home/misys/forza_ws/race_stack/install/f110_msgs/lib/libf110_msgs__rosidl_typesupport_introspection_c.so
[12.992s] -- Set runtime path of "/home/misys/forza_ws/race_stack/install/f110_msgs/lib/libf110_msgs__rosidl_typesupport_introspection_c.so" to ""
[12.992s] -- Installing: /home/misys/forza_ws/race_stack/install/f110_msgs/lib/libf110_msgs__rosidl_typesupport_c.so
[12.992s] -- Set runtime path of "/home/misys/forza_ws/race_stack/install/f110_msgs/lib/libf110_msgs__rosidl_typesupport_c.so" to ""
[12.993s] -- Up-to-date: /home/misys/forza_ws/race_stack/install/f110_msgs/include/f110_msgs/f110_msgs
[12.993s] -- Up-to-date: /home/misys/forza_ws/race_stack/install/f110_msgs/include/f110_msgs/f110_msgs/msg
[12.993s] -- Up-to-date: /home/misys/forza_ws/race_stack/install/f110_msgs/include/f110_msgs/f110_msgs/msg/detail
[12.993s] -- Installing: /home/misys/forza_ws/race_stack/install/f110_msgs/include/f110_msgs/f110_msgs/msg/detail/obstacle_array__type_support.cpp
[12.993s] -- Installing: /home/misys/forza_ws/race_stack/install/f110_msgs/include/f110_msgs/f110_msgs/msg/detail/lap_data__rosidl_typesupport_introspection_cpp.hpp
[12.993s] -- Installing: /home/misys/forza_ws/race_stack/install/f110_msgs/include/f110_msgs/f110_msgs/msg/detail/ot_wpnt_array__rosidl_typesupport_introspection_cpp.hpp
[12.993s] -- Installing: /home/misys/forza_ws/race_stack/install/f110_msgs/include/f110_msgs/f110_msgs/msg/detail/opp_wpnt__type_support.cpp
[12.994s] -- Installing: /home/misys/forza_ws/race_stack/install/f110_msgs/include/f110_msgs/f110_msgs/msg/detail/gap_data__type_support.cpp
[12.994s] -- Installing: /home/misys/forza_ws/race_stack/install/f110_msgs/include/f110_msgs/f110_msgs/msg/detail/car_state_stamped__type_support.cpp
[12.994s] -- Installing: /home/misys/forza_ws/race_stack/install/f110_msgs/include/f110_msgs/f110_msgs/msg/detail/pid_data__type_support.cpp
[12.994s] -- Installing: /home/misys/forza_ws/race_stack/install/f110_msgs/include/f110_msgs/f110_msgs/msg/detail/car_state__type_support.cpp
[12.994s] -- Installing: /home/misys/forza_ws/race_stack/install/f110_msgs/include/f110_msgs/f110_msgs/msg/detail/pid_data__rosidl_typesupport_introspection_cpp.hpp
[12.994s] -- Installing: /home/misys/forza_ws/race_stack/install/f110_msgs/include/f110_msgs/f110_msgs/msg/detail/wpnt_array__type_support.cpp
[12.994s] -- Installing: /home/misys/forza_ws/race_stack/install/f110_msgs/include/f110_msgs/f110_msgs/msg/detail/opp_wpnt__rosidl_typesupport_introspection_cpp.hpp
[12.994s] -- Installing: /home/misys/forza_ws/race_stack/install/f110_msgs/include/f110_msgs/f110_msgs/msg/detail/lap_data__type_support.cpp
[12.994s] -- Installing: /home/misys/forza_ws/race_stack/install/f110_msgs/include/f110_msgs/f110_msgs/msg/detail/car_state_stamped__rosidl_typesupport_introspection_cpp.hpp
[12.994s] -- Installing: /home/misys/forza_ws/race_stack/install/f110_msgs/include/f110_msgs/f110_msgs/msg/detail/wpnt__rosidl_typesupport_introspection_cpp.hpp
[12.994s] -- Installing: /home/misys/forza_ws/race_stack/install/f110_msgs/include/f110_msgs/f110_msgs/msg/detail/opponent_trajectory__rosidl_typesupport_introspection_cpp.hpp
[12.995s] -- Installing: /home/misys/forza_ws/race_stack/install/f110_msgs/include/f110_msgs/f110_msgs/msg/detail/obstacle_array__rosidl_typesupport_introspection_cpp.hpp
[12.995s] -- Installing: /home/misys/forza_ws/race_stack/install/f110_msgs/include/f110_msgs/f110_msgs/msg/detail/opponent_trajectory__type_support.cpp
[12.995s] -- Installing: /home/misys/forza_ws/race_stack/install/f110_msgs/include/f110_msgs/f110_msgs/msg/detail/ot_wpnt_array__type_support.cpp
[12.995s] -- Installing: /home/misys/forza_ws/race_stack/install/f110_msgs/include/f110_msgs/f110_msgs/msg/detail/gap_data__rosidl_typesupport_introspection_cpp.hpp
[12.995s] -- Installing: /home/misys/forza_ws/race_stack/install/f110_msgs/include/f110_msgs/f110_msgs/msg/detail/wpnt__type_support.cpp
[12.995s] -- Installing: /home/misys/forza_ws/race_stack/install/f110_msgs/include/f110_msgs/f110_msgs/msg/detail/obstacle__rosidl_typesupport_introspection_cpp.hpp
[12.995s] -- Installing: /home/misys/forza_ws/race_stack/install/f110_msgs/include/f110_msgs/f110_msgs/msg/detail/obstacle__type_support.cpp
[12.996s] -- Installing: /home/misys/forza_ws/race_stack/install/f110_msgs/include/f110_msgs/f110_msgs/msg/detail/wpnt_array__rosidl_typesupport_introspection_cpp.hpp
[12.996s] -- Installing: /home/misys/forza_ws/race_stack/install/f110_msgs/include/f110_msgs/f110_msgs/msg/detail/car_state__rosidl_typesupport_introspection_cpp.hpp
[12.996s] -- Installing: /home/misys/forza_ws/race_stack/install/f110_msgs/lib/libf110_msgs__rosidl_typesupport_introspection_cpp.so
[12.996s] -- Set runtime path of "/home/misys/forza_ws/race_stack/install/f110_msgs/lib/libf110_msgs__rosidl_typesupport_introspection_cpp.so" to ""
[12.996s] -- Installing: /home/misys/forza_ws/race_stack/install/f110_msgs/lib/libf110_msgs__rosidl_typesupport_cpp.so
[12.997s] -- Set runtime path of "/home/misys/forza_ws/race_stack/install/f110_msgs/lib/libf110_msgs__rosidl_typesupport_cpp.so" to ""
[12.997s] -- Installing: /home/misys/forza_ws/race_stack/install/f110_msgs/share/f110_msgs/environment/pythonpath.sh
[12.997s] -- Installing: /home/misys/forza_ws/race_stack/install/f110_msgs/share/f110_msgs/environment/pythonpath.dsv
[12.997s] -- Installing: /home/misys/forza_ws/race_stack/install/f110_msgs/local/lib/python3.10/dist-packages/f110_msgs-0.0.0-py3.10.egg-info
[12.997s] -- Installing: /home/misys/forza_ws/race_stack/install/f110_msgs/local/lib/python3.10/dist-packages/f110_msgs-0.0.0-py3.10.egg-info/PKG-INFO
[12.997s] -- Installing: /home/misys/forza_ws/race_stack/install/f110_msgs/local/lib/python3.10/dist-packages/f110_msgs-0.0.0-py3.10.egg-info/SOURCES.txt
[12.997s] -- Installing: /home/misys/forza_ws/race_stack/install/f110_msgs/local/lib/python3.10/dist-packages/f110_msgs-0.0.0-py3.10.egg-info/dependency_links.txt
[12.998s] -- Installing: /home/misys/forza_ws/race_stack/install/f110_msgs/local/lib/python3.10/dist-packages/f110_msgs-0.0.0-py3.10.egg-info/top_level.txt
[12.998s] -- Installing: /home/misys/forza_ws/race_stack/install/f110_msgs/local/lib/python3.10/dist-packages/f110_msgs
[12.998s] -- Installing: /home/misys/forza_ws/race_stack/install/f110_msgs/local/lib/python3.10/dist-packages/f110_msgs/f110_msgs_s__rosidl_typesupport_fastrtps_c.cpython-310-x86_64-linux-gnu.so
[12.998s] -- Installing: /home/misys/forza_ws/race_stack/install/f110_msgs/local/lib/python3.10/dist-packages/f110_msgs/f110_msgs_s__rosidl_typesupport_c.cpython-310-x86_64-linux-gnu.so
[12.998s] -- Installing: /home/misys/forza_ws/race_stack/install/f110_msgs/local/lib/python3.10/dist-packages/f110_msgs/__init__.py
[12.998s] -- Installing: /home/misys/forza_ws/race_stack/install/f110_msgs/local/lib/python3.10/dist-packages/f110_msgs/_f110_msgs_s.ep.rosidl_typesupport_introspection_c.c
[12.998s] -- Installing: /home/misys/forza_ws/race_stack/install/f110_msgs/local/lib/python3.10/dist-packages/f110_msgs/f110_msgs_s__rosidl_typesupport_introspection_c.cpython-310-x86_64-linux-gnu.so
[12.999s] -- Installing: /home/misys/forza_ws/race_stack/install/f110_msgs/local/lib/python3.10/dist-packages/f110_msgs/_f110_msgs_s.ep.rosidl_typesupport_fastrtps_c.c
[12.999s] -- Installing: /home/misys/forza_ws/race_stack/install/f110_msgs/local/lib/python3.10/dist-packages/f110_msgs/libf110_msgs__rosidl_generator_py.so
[12.999s] -- Installing: /home/misys/forza_ws/race_stack/install/f110_msgs/local/lib/python3.10/dist-packages/f110_msgs/msg
[12.999s] -- Installing: /home/misys/forza_ws/race_stack/install/f110_msgs/local/lib/python3.10/dist-packages/f110_msgs/msg/_wpnt_s.c
[12.999s] -- Installing: /home/misys/forza_ws/race_stack/install/f110_msgs/local/lib/python3.10/dist-packages/f110_msgs/msg/_obstacle_array.py
[12.999s] -- Installing: /home/misys/forza_ws/race_stack/install/f110_msgs/local/lib/python3.10/dist-packages/f110_msgs/msg/_wpnt_array_s.c
[13.000s] -- Installing: /home/misys/forza_ws/race_stack/install/f110_msgs/local/lib/python3.10/dist-packages/f110_msgs/msg/_gap_data.py
[13.000s] -- Installing: /home/misys/forza_ws/race_stack/install/f110_msgs/local/lib/python3.10/dist-packages/f110_msgs/msg/_ot_wpnt_array.py
[13.000s] -- Installing: /home/misys/forza_ws/race_stack/install/f110_msgs/local/lib/python3.10/dist-packages/f110_msgs/msg/_wpnt.py
[13.000s] -- Installing: /home/misys/forza_ws/race_stack/install/f110_msgs/local/lib/python3.10/dist-packages/f110_msgs/msg/_gap_data_s.c
[13.000s] -- Installing: /home/misys/forza_ws/race_stack/install/f110_msgs/local/lib/python3.10/dist-packages/f110_msgs/msg/_pid_data_s.c
[13.000s] -- Installing: /home/misys/forza_ws/race_stack/install/f110_msgs/local/lib/python3.10/dist-packages/f110_msgs/msg/_obstacle_s.c
[13.000s] -- Installing: /home/misys/forza_ws/race_stack/install/f110_msgs/local/lib/python3.10/dist-packages/f110_msgs/msg/_car_state_stamped.py
[13.001s] -- Installing: /home/misys/forza_ws/race_stack/install/f110_msgs/local/lib/python3.10/dist-packages/f110_msgs/msg/_obstacle.py
[13.001s] -- Installing: /home/misys/forza_ws/race_stack/install/f110_msgs/local/lib/python3.10/dist-packages/f110_msgs/msg/__init__.py
[13.001s] -- Installing: /home/misys/forza_ws/race_stack/install/f110_msgs/local/lib/python3.10/dist-packages/f110_msgs/msg/_opponent_trajectory_s.c
[13.001s] -- Installing: /home/misys/forza_ws/race_stack/install/f110_msgs/local/lib/python3.10/dist-packages/f110_msgs/msg/_ot_wpnt_array_s.c
[13.001s] -- Installing: /home/misys/forza_ws/race_stack/install/f110_msgs/local/lib/python3.10/dist-packages/f110_msgs/msg/_lap_data.py
[13.001s] -- Installing: /home/misys/forza_ws/race_stack/install/f110_msgs/local/lib/python3.10/dist-packages/f110_msgs/msg/_opp_wpnt.py
[13.002s] -- Installing: /home/misys/forza_ws/race_stack/install/f110_msgs/local/lib/python3.10/dist-packages/f110_msgs/msg/_obstacle_array_s.c
[13.002s] -- Installing: /home/misys/forza_ws/race_stack/install/f110_msgs/local/lib/python3.10/dist-packages/f110_msgs/msg/_car_state_s.c
[13.002s] -- Installing: /home/misys/forza_ws/race_stack/install/f110_msgs/local/lib/python3.10/dist-packages/f110_msgs/msg/_wpnt_array.py
[13.002s] -- Installing: /home/misys/forza_ws/race_stack/install/f110_msgs/local/lib/python3.10/dist-packages/f110_msgs/msg/_car_state_stamped_s.c
[13.002s] -- Installing: /home/misys/forza_ws/race_stack/install/f110_msgs/local/lib/python3.10/dist-packages/f110_msgs/msg/_opp_wpnt_s.c
[13.002s] -- Installing: /home/misys/forza_ws/race_stack/install/f110_msgs/local/lib/python3.10/dist-packages/f110_msgs/msg/_opponent_trajectory.py
[13.002s] -- Installing: /home/misys/forza_ws/race_stack/install/f110_msgs/local/lib/python3.10/dist-packages/f110_msgs/msg/_lap_data_s.c
[13.002s] -- Installing: /home/misys/forza_ws/race_stack/install/f110_msgs/local/lib/python3.10/dist-packages/f110_msgs/msg/_car_state.py
[13.002s] -- Installing: /home/misys/forza_ws/race_stack/install/f110_msgs/local/lib/python3.10/dist-packages/f110_msgs/msg/_pid_data.py
[13.002s] -- Installing: /home/misys/forza_ws/race_stack/install/f110_msgs/local/lib/python3.10/dist-packages/f110_msgs/_f110_msgs_s.ep.rosidl_typesupport_c.c
[13.062s] Listing '/home/misys/forza_ws/race_stack/install/f110_msgs/local/lib/python3.10/dist-packages/f110_msgs'...
[13.062s] Compiling '/home/misys/forza_ws/race_stack/install/f110_msgs/local/lib/python3.10/dist-packages/f110_msgs/__init__.py'...
[13.062s] Listing '/home/misys/forza_ws/race_stack/install/f110_msgs/local/lib/python3.10/dist-packages/f110_msgs/msg'...
[13.062s] Compiling '/home/misys/forza_ws/race_stack/install/f110_msgs/local/lib/python3.10/dist-packages/f110_msgs/msg/__init__.py'...
[13.062s] Compiling '/home/misys/forza_ws/race_stack/install/f110_msgs/local/lib/python3.10/dist-packages/f110_msgs/msg/_car_state.py'...
[13.062s] Compiling '/home/misys/forza_ws/race_stack/install/f110_msgs/local/lib/python3.10/dist-packages/f110_msgs/msg/_car_state_stamped.py'...
[13.062s] Compiling '/home/misys/forza_ws/race_stack/install/f110_msgs/local/lib/python3.10/dist-packages/f110_msgs/msg/_gap_data.py'...
[13.062s] Compiling '/home/misys/forza_ws/race_stack/install/f110_msgs/local/lib/python3.10/dist-packages/f110_msgs/msg/_lap_data.py'...
[13.062s] Compiling '/home/misys/forza_ws/race_stack/install/f110_msgs/local/lib/python3.10/dist-packages/f110_msgs/msg/_obstacle.py'...
[13.062s] Compiling '/home/misys/forza_ws/race_stack/install/f110_msgs/local/lib/python3.10/dist-packages/f110_msgs/msg/_obstacle_array.py'...
[13.062s] Compiling '/home/misys/forza_ws/race_stack/install/f110_msgs/local/lib/python3.10/dist-packages/f110_msgs/msg/_opp_wpnt.py'...
[13.062s] Compiling '/home/misys/forza_ws/race_stack/install/f110_msgs/local/lib/python3.10/dist-packages/f110_msgs/msg/_opponent_trajectory.py'...
[13.062s] Compiling '/home/misys/forza_ws/race_stack/install/f110_msgs/local/lib/python3.10/dist-packages/f110_msgs/msg/_ot_wpnt_array.py'...
[13.063s] Compiling '/home/misys/forza_ws/race_stack/install/f110_msgs/local/lib/python3.10/dist-packages/f110_msgs/msg/_pid_data.py'...
[13.063s] Compiling '/home/misys/forza_ws/race_stack/install/f110_msgs/local/lib/python3.10/dist-packages/f110_msgs/msg/_wpnt.py'...
[13.063s] Compiling '/home/misys/forza_ws/race_stack/install/f110_msgs/local/lib/python3.10/dist-packages/f110_msgs/msg/_wpnt_array.py'...
[13.077s] -- Installing: /home/misys/forza_ws/race_stack/install/f110_msgs/local/lib/python3.10/dist-packages/f110_msgs/f110_msgs_s__rosidl_typesupport_fastrtps_c.cpython-310-x86_64-linux-gnu.so
[13.078s] -- Set runtime path of "/home/misys/forza_ws/race_stack/install/f110_msgs/local/lib/python3.10/dist-packages/f110_msgs/f110_msgs_s__rosidl_typesupport_fastrtps_c.cpython-310-x86_64-linux-gnu.so" to ""
[13.078s] -- Installing: /home/misys/forza_ws/race_stack/install/f110_msgs/local/lib/python3.10/dist-packages/f110_msgs/f110_msgs_s__rosidl_typesupport_introspection_c.cpython-310-x86_64-linux-gnu.so
[13.078s] -- Set runtime path of "/home/misys/forza_ws/race_stack/install/f110_msgs/local/lib/python3.10/dist-packages/f110_msgs/f110_msgs_s__rosidl_typesupport_introspection_c.cpython-310-x86_64-linux-gnu.so" to ""
[13.078s] -- Installing: /home/misys/forza_ws/race_stack/install/f110_msgs/local/lib/python3.10/dist-packages/f110_msgs/f110_msgs_s__rosidl_typesupport_c.cpython-310-x86_64-linux-gnu.so
[13.079s] -- Set runtime path of "/home/misys/forza_ws/race_stack/install/f110_msgs/local/lib/python3.10/dist-packages/f110_msgs/f110_msgs_s__rosidl_typesupport_c.cpython-310-x86_64-linux-gnu.so" to ""
[13.079s] -- Installing: /home/misys/forza_ws/race_stack/install/f110_msgs/lib/libf110_msgs__rosidl_generator_py.so
[13.079s] -- Set runtime path of "/home/misys/forza_ws/race_stack/install/f110_msgs/lib/libf110_msgs__rosidl_generator_py.so" to ""
[13.080s] -- Installing: /home/misys/forza_ws/race_stack/install/f110_msgs/share/f110_msgs/msg/CarState.idl
[13.080s] -- Installing: /home/misys/forza_ws/race_stack/install/f110_msgs/share/f110_msgs/msg/CarStateStamped.idl
[13.080s] -- Installing: /home/misys/forza_ws/race_stack/install/f110_msgs/share/f110_msgs/msg/GapData.idl
[13.080s] -- Installing: /home/misys/forza_ws/race_stack/install/f110_msgs/share/f110_msgs/msg/LapData.idl
[13.080s] -- Installing: /home/misys/forza_ws/race_stack/install/f110_msgs/share/f110_msgs/msg/OTWpntArray.idl
[13.080s] -- Installing: /home/misys/forza_ws/race_stack/install/f110_msgs/share/f110_msgs/msg/Obstacle.idl
[13.080s] -- Installing: /home/misys/forza_ws/race_stack/install/f110_msgs/share/f110_msgs/msg/ObstacleArray.idl
[13.080s] -- Installing: /home/misys/forza_ws/race_stack/install/f110_msgs/share/f110_msgs/msg/PidData.idl
[13.080s] -- Installing: /home/misys/forza_ws/race_stack/install/f110_msgs/share/f110_msgs/msg/Wpnt.idl
[13.081s] -- Installing: /home/misys/forza_ws/race_stack/install/f110_msgs/share/f110_msgs/msg/WpntArray.idl
[13.081s] -- Installing: /home/misys/forza_ws/race_stack/install/f110_msgs/share/f110_msgs/msg/OpponentTrajectory.idl
[13.081s] -- Installing: /home/misys/forza_ws/race_stack/install/f110_msgs/share/f110_msgs/msg/OppWpnt.idl
[13.081s] -- Installing: /home/misys/forza_ws/race_stack/install/f110_msgs/share/f110_msgs/msg/CarState.msg
[13.082s] -- Installing: /home/misys/forza_ws/race_stack/install/f110_msgs/share/f110_msgs/msg/CarStateStamped.msg
[13.082s] -- Installing: /home/misys/forza_ws/race_stack/install/f110_msgs/share/f110_msgs/msg/GapData.msg
[13.082s] -- Installing: /home/misys/forza_ws/race_stack/install/f110_msgs/share/f110_msgs/msg/LapData.msg
[13.082s] -- Installing: /home/misys/forza_ws/race_stack/install/f110_msgs/share/f110_msgs/msg/OTWpntArray.msg
[13.082s] -- Installing: /home/misys/forza_ws/race_stack/install/f110_msgs/share/f110_msgs/msg/Obstacle.msg
[13.082s] -- Installing: /home/misys/forza_ws/race_stack/install/f110_msgs/share/f110_msgs/msg/ObstacleArray.msg
[13.082s] -- Installing: /home/misys/forza_ws/race_stack/install/f110_msgs/share/f110_msgs/msg/PidData.msg
[13.082s] -- Installing: /home/misys/forza_ws/race_stack/install/f110_msgs/share/f110_msgs/msg/Wpnt.msg
[13.082s] -- Installing: /home/misys/forza_ws/race_stack/install/f110_msgs/share/f110_msgs/msg/WpntArray.msg
[13.082s] -- Installing: /home/misys/forza_ws/race_stack/install/f110_msgs/share/f110_msgs/msg/OpponentTrajectory.msg
[13.083s] -- Installing: /home/misys/forza_ws/race_stack/install/f110_msgs/share/f110_msgs/msg/OppWpnt.msg
[13.083s] -- Installing: /home/misys/forza_ws/race_stack/install/f110_msgs/share/f110_msgs/my_mapping_rules.yaml
[13.083s] -- Installing: /home/misys/forza_ws/race_stack/install/f110_msgs/share/ament_index/resource_index/package_run_dependencies/f110_msgs
[13.083s] -- Installing: /home/misys/forza_ws/race_stack/install/f110_msgs/share/ament_index/resource_index/parent_prefix_path/f110_msgs
[13.083s] -- Installing: /home/misys/forza_ws/race_stack/install/f110_msgs/share/f110_msgs/environment/ament_prefix_path.sh
[13.083s] -- Installing: /home/misys/forza_ws/race_stack/install/f110_msgs/share/f110_msgs/environment/ament_prefix_path.dsv
[13.083s] -- Installing: /home/misys/forza_ws/race_stack/install/f110_msgs/share/f110_msgs/environment/path.sh
[13.083s] -- Installing: /home/misys/forza_ws/race_stack/install/f110_msgs/share/f110_msgs/environment/path.dsv
[13.083s] -- Installing: /home/misys/forza_ws/race_stack/install/f110_msgs/share/f110_msgs/local_setup.bash
[13.083s] -- Installing: /home/misys/forza_ws/race_stack/install/f110_msgs/share/f110_msgs/local_setup.sh
[13.085s] -- Installing: /home/misys/forza_ws/race_stack/install/f110_msgs/share/f110_msgs/local_setup.zsh
[13.085s] -- Installing: /home/misys/forza_ws/race_stack/install/f110_msgs/share/f110_msgs/local_setup.dsv
[13.085s] -- Installing: /home/misys/forza_ws/race_stack/install/f110_msgs/share/f110_msgs/package.dsv
[13.085s] -- Installing: /home/misys/forza_ws/race_stack/install/f110_msgs/share/ament_index/resource_index/packages/f110_msgs
[13.085s] -- Installing: /home/misys/forza_ws/race_stack/install/f110_msgs/share/f110_msgs/cmake/export_f110_msgs__rosidl_generator_cExport.cmake
[13.085s] -- Installing: /home/misys/forza_ws/race_stack/install/f110_msgs/share/f110_msgs/cmake/export_f110_msgs__rosidl_generator_cExport-noconfig.cmake
[13.085s] -- Installing: /home/misys/forza_ws/race_stack/install/f110_msgs/share/f110_msgs/cmake/export_f110_msgs__rosidl_typesupport_fastrtps_cExport.cmake
[13.085s] -- Installing: /home/misys/forza_ws/race_stack/install/f110_msgs/share/f110_msgs/cmake/export_f110_msgs__rosidl_typesupport_fastrtps_cExport-noconfig.cmake
[13.085s] -- Installing: /home/misys/forza_ws/race_stack/install/f110_msgs/share/f110_msgs/cmake/export_f110_msgs__rosidl_generator_cppExport.cmake
[13.086s] -- Installing: /home/misys/forza_ws/race_stack/install/f110_msgs/share/f110_msgs/cmake/export_f110_msgs__rosidl_typesupport_fastrtps_cppExport.cmake
[13.086s] -- Installing: /home/misys/forza_ws/race_stack/install/f110_msgs/share/f110_msgs/cmake/export_f110_msgs__rosidl_typesupport_fastrtps_cppExport-noconfig.cmake
[13.086s] -- Installing: /home/misys/forza_ws/race_stack/install/f110_msgs/share/f110_msgs/cmake/f110_msgs__rosidl_typesupport_introspection_cExport.cmake
[13.086s] -- Installing: /home/misys/forza_ws/race_stack/install/f110_msgs/share/f110_msgs/cmake/f110_msgs__rosidl_typesupport_introspection_cExport-noconfig.cmake
[13.087s] -- Installing: /home/misys/forza_ws/race_stack/install/f110_msgs/share/f110_msgs/cmake/f110_msgs__rosidl_typesupport_cExport.cmake
[13.087s] -- Installing: /home/misys/forza_ws/race_stack/install/f110_msgs/share/f110_msgs/cmake/f110_msgs__rosidl_typesupport_cExport-noconfig.cmake
[13.087s] -- Installing: /home/misys/forza_ws/race_stack/install/f110_msgs/share/f110_msgs/cmake/f110_msgs__rosidl_typesupport_introspection_cppExport.cmake
[13.087s] -- Installing: /home/misys/forza_ws/race_stack/install/f110_msgs/share/f110_msgs/cmake/f110_msgs__rosidl_typesupport_introspection_cppExport-noconfig.cmake
[13.090s] -- Installing: /home/misys/forza_ws/race_stack/install/f110_msgs/share/f110_msgs/cmake/f110_msgs__rosidl_typesupport_cppExport.cmake
[13.090s] -- Installing: /home/misys/forza_ws/race_stack/install/f110_msgs/share/f110_msgs/cmake/f110_msgs__rosidl_typesupport_cppExport-noconfig.cmake
[13.090s] -- Installing: /home/misys/forza_ws/race_stack/install/f110_msgs/share/f110_msgs/cmake/export_f110_msgs__rosidl_generator_pyExport.cmake
[13.090s] -- Installing: /home/misys/forza_ws/race_stack/install/f110_msgs/share/f110_msgs/cmake/export_f110_msgs__rosidl_generator_pyExport-noconfig.cmake
[13.090s] -- Installing: /home/misys/forza_ws/race_stack/install/f110_msgs/share/f110_msgs/cmake/rosidl_cmake-extras.cmake
[13.090s] -- Installing: /home/misys/forza_ws/race_stack/install/f110_msgs/share/f110_msgs/cmake/ament_cmake_export_dependencies-extras.cmake
[13.090s] -- Installing: /home/misys/forza_ws/race_stack/install/f110_msgs/share/f110_msgs/cmake/ament_cmake_export_include_directories-extras.cmake
[13.090s] -- Installing: /home/misys/forza_ws/race_stack/install/f110_msgs/share/f110_msgs/cmake/ament_cmake_export_libraries-extras.cmake
[13.090s] -- Installing: /home/misys/forza_ws/race_stack/install/f110_msgs/share/f110_msgs/cmake/ament_cmake_export_targets-extras.cmake
[13.090s] -- Installing: /home/misys/forza_ws/race_stack/install/f110_msgs/share/f110_msgs/cmake/rosidl_cmake_export_typesupport_targets-extras.cmake
[13.091s] -- Installing: /home/misys/forza_ws/race_stack/install/f110_msgs/share/f110_msgs/cmake/rosidl_cmake_export_typesupport_libraries-extras.cmake
[13.091s] -- Installing: /home/misys/forza_ws/race_stack/install/f110_msgs/share/f110_msgs/cmake/f110_msgsConfig.cmake
[13.091s] -- Installing: /home/misys/forza_ws/race_stack/install/f110_msgs/share/f110_msgs/cmake/f110_msgsConfig-version.cmake
[13.091s] -- Installing: /home/misys/forza_ws/race_stack/install/f110_msgs/share/f110_msgs/package.xml
[13.092s] Invoked command in '/home/misys/forza_ws/race_stack/build/f110_msgs' returned '0': CMAKE_PREFIX_PATH=/opt/ros/humble /usr/bin/cmake --install /home/misys/forza_ws/race_stack/build/f110_msgs
