[1.169s] Invoking command in '/home/misys/forza_ws/race_stack/base_system/f1tenth_system/f1tenth_stack': AMENT_PREFIX_PATH=/home/misys/forza_ws/race_stack/install/vesc:/home/misys/forza_ws/race_stack/install/vesc_driver:/home/misys/forza_ws/race_stack/install/vesc_ackermann:/home/misys/forza_ws/race_stack/install/joy_teleop:/home/misys/forza_ws/race_stack/install/vesc_msgs:/home/misys/forza_ws/race_stack/install/teleop_tools_msgs:/home/misys/forza_ws/race_stack/install/ackermann_mux:${AMENT_PREFIX_PATH} CMAKE_PREFIX_PATH=/home/misys/forza_ws/race_stack/install/vesc:/home/misys/forza_ws/race_stack/install/vesc_driver:/home/misys/forza_ws/race_stack/install/vesc_ackermann:/home/misys/forza_ws/race_stack/install/vesc_msgs:/home/misys/forza_ws/race_stack/install/teleop_tools_msgs:/home/misys/forza_ws/race_stack/install/ackermann_mux LD_LIBRARY_PATH=/home/misys/forza_ws/race_stack/install/vesc_driver/lib:/home/misys/forza_ws/race_stack/install/vesc_ackermann/lib:/home/misys/forza_ws/race_stack/install/vesc_msgs/lib:/home/misys/forza_ws/race_stack/install/teleop_tools_msgs/lib:${LD_LIBRARY_PATH} PYTHONPATH=/home/misys/forza_ws/race_stack/build/f1tenth_stack/prefix_override:/usr/lib/python3/dist-packages/colcon_core/task/python/colcon_distutils_commands:/home/misys/forza_ws/race_stack/install/f1tenth_stack/lib/python3.10/site-packages:/home/misys/forza_ws/race_stack/install/joy_teleop/lib/python3.10/site-packages:/home/misys/forza_ws/race_stack/install/vesc_msgs/local/lib/python3.10/dist-packages:/home/misys/forza_ws/race_stack/install/teleop_tools_msgs/local/lib/python3.10/dist-packages:${PYTHONPATH} /usr/bin/python3 -W ignore:setup.py install is deprecated -W ignore:easy_install command is deprecated setup.py egg_info --egg-base ../../../build/f1tenth_stack build --build-base /home/misys/forza_ws/race_stack/build/f1tenth_stack/build install --record /home/misys/forza_ws/race_stack/build/f1tenth_stack/install.log --single-version-externally-managed install_data
[1.651s] running egg_info
[1.652s] creating ../../../build/f1tenth_stack/f1tenth_stack.egg-info
[1.652s] writing ../../../build/f1tenth_stack/f1tenth_stack.egg-info/PKG-INFO
[1.653s] writing dependency_links to ../../../build/f1tenth_stack/f1tenth_stack.egg-info/dependency_links.txt
[1.653s] writing entry points to ../../../build/f1tenth_stack/f1tenth_stack.egg-info/entry_points.txt
[1.653s] writing requirements to ../../../build/f1tenth_stack/f1tenth_stack.egg-info/requires.txt
[1.653s] writing top-level names to ../../../build/f1tenth_stack/f1tenth_stack.egg-info/top_level.txt
[1.653s] writing manifest file '../../../build/f1tenth_stack/f1tenth_stack.egg-info/SOURCES.txt'
[1.656s] reading manifest file '../../../build/f1tenth_stack/f1tenth_stack.egg-info/SOURCES.txt'
[1.658s] writing manifest file '../../../build/f1tenth_stack/f1tenth_stack.egg-info/SOURCES.txt'
[1.658s] running build
[1.658s] running build_py
[1.658s] creating /home/misys/forza_ws/race_stack/build/f1tenth_stack/build
[1.658s] creating /home/misys/forza_ws/race_stack/build/f1tenth_stack/build/lib
[1.658s] creating /home/misys/forza_ws/race_stack/build/f1tenth_stack/build/lib/f1tenth_stack
[1.658s] copying f1tenth_stack/tf_publisher.py -> /home/misys/forza_ws/race_stack/build/f1tenth_stack/build/lib/f1tenth_stack
[1.667s] copying f1tenth_stack/__init__.py -> /home/misys/forza_ws/race_stack/build/f1tenth_stack/build/lib/f1tenth_stack
[1.667s] copying f1tenth_stack/throttle_interpolator.py -> /home/misys/forza_ws/race_stack/build/f1tenth_stack/build/lib/f1tenth_stack
[1.667s] running install
[1.668s] running install_lib
[1.669s] creating /home/misys/forza_ws/race_stack/install/f1tenth_stack/lib/python3.10/site-packages/f1tenth_stack
[1.669s] copying /home/misys/forza_ws/race_stack/build/f1tenth_stack/build/lib/f1tenth_stack/tf_publisher.py -> /home/misys/forza_ws/race_stack/install/f1tenth_stack/lib/python3.10/site-packages/f1tenth_stack
[1.669s] copying /home/misys/forza_ws/race_stack/build/f1tenth_stack/build/lib/f1tenth_stack/__init__.py -> /home/misys/forza_ws/race_stack/install/f1tenth_stack/lib/python3.10/site-packages/f1tenth_stack
[1.669s] copying /home/misys/forza_ws/race_stack/build/f1tenth_stack/build/lib/f1tenth_stack/throttle_interpolator.py -> /home/misys/forza_ws/race_stack/install/f1tenth_stack/lib/python3.10/site-packages/f1tenth_stack
[1.670s] byte-compiling /home/misys/forza_ws/race_stack/install/f1tenth_stack/lib/python3.10/site-packages/f1tenth_stack/tf_publisher.py to tf_publisher.cpython-310.pyc
[1.671s] byte-compiling /home/misys/forza_ws/race_stack/install/f1tenth_stack/lib/python3.10/site-packages/f1tenth_stack/__init__.py to __init__.cpython-310.pyc
[1.671s] byte-compiling /home/misys/forza_ws/race_stack/install/f1tenth_stack/lib/python3.10/site-packages/f1tenth_stack/throttle_interpolator.py to throttle_interpolator.cpython-310.pyc
[1.672s] running install_data
[1.672s] creating /home/misys/forza_ws/race_stack/install/f1tenth_stack/share/ament_index
[1.672s] creating /home/misys/forza_ws/race_stack/install/f1tenth_stack/share/ament_index/resource_index
[1.672s] creating /home/misys/forza_ws/race_stack/install/f1tenth_stack/share/ament_index/resource_index/packages
[1.672s] copying resource/f1tenth_stack -> /home/misys/forza_ws/race_stack/install/f1tenth_stack/share/ament_index/resource_index/packages
[1.673s] copying package.xml -> /home/misys/forza_ws/race_stack/install/f1tenth_stack/share/f1tenth_stack
[1.673s] creating /home/misys/forza_ws/race_stack/install/f1tenth_stack/share/f1tenth_stack/launch
[1.673s] copying launch/bringup_launch.py -> /home/misys/forza_ws/race_stack/install/f1tenth_stack/share/f1tenth_stack/launch
[1.673s] creating /home/misys/forza_ws/race_stack/install/f1tenth_stack/share/f1tenth_stack/config
[1.673s] copying config/vesc.yaml -> /home/misys/forza_ws/race_stack/install/f1tenth_stack/share/f1tenth_stack/config
[1.673s] copying config/mux.yaml -> /home/misys/forza_ws/race_stack/install/f1tenth_stack/share/f1tenth_stack/config
[1.674s] copying config/joy_teleop.yaml -> /home/misys/forza_ws/race_stack/install/f1tenth_stack/share/f1tenth_stack/config
[1.674s] copying config/f1tenth_online_async.yaml -> /home/misys/forza_ws/race_stack/install/f1tenth_stack/share/f1tenth_stack/config
[1.674s] copying config/sensors.yaml -> /home/misys/forza_ws/race_stack/install/f1tenth_stack/share/f1tenth_stack/config
[1.674s] running install_egg_info
[1.677s] Copying ../../../build/f1tenth_stack/f1tenth_stack.egg-info to /home/misys/forza_ws/race_stack/install/f1tenth_stack/lib/python3.10/site-packages/f1tenth_stack-0.0.1-py3.10.egg-info
[1.678s] running install_scripts
[1.709s] Installing tf_publisher script to /home/misys/forza_ws/race_stack/install/f1tenth_stack/lib/f1tenth_stack
[1.710s] Installing throttle_interpolator script to /home/misys/forza_ws/race_stack/install/f1tenth_stack/lib/f1tenth_stack
[1.710s] writing list of installed files to '/home/misys/forza_ws/race_stack/build/f1tenth_stack/install.log'
[1.746s] Invoked command in '/home/misys/forza_ws/race_stack/base_system/f1tenth_system/f1tenth_stack' returned '0': AMENT_PREFIX_PATH=/home/misys/forza_ws/race_stack/install/vesc:/home/misys/forza_ws/race_stack/install/vesc_driver:/home/misys/forza_ws/race_stack/install/vesc_ackermann:/home/misys/forza_ws/race_stack/install/joy_teleop:/home/misys/forza_ws/race_stack/install/vesc_msgs:/home/misys/forza_ws/race_stack/install/teleop_tools_msgs:/home/misys/forza_ws/race_stack/install/ackermann_mux:${AMENT_PREFIX_PATH} CMAKE_PREFIX_PATH=/home/misys/forza_ws/race_stack/install/vesc:/home/misys/forza_ws/race_stack/install/vesc_driver:/home/misys/forza_ws/race_stack/install/vesc_ackermann:/home/misys/forza_ws/race_stack/install/vesc_msgs:/home/misys/forza_ws/race_stack/install/teleop_tools_msgs:/home/misys/forza_ws/race_stack/install/ackermann_mux LD_LIBRARY_PATH=/home/misys/forza_ws/race_stack/install/vesc_driver/lib:/home/misys/forza_ws/race_stack/install/vesc_ackermann/lib:/home/misys/forza_ws/race_stack/install/vesc_msgs/lib:/home/misys/forza_ws/race_stack/install/teleop_tools_msgs/lib:${LD_LIBRARY_PATH} PYTHONPATH=/home/misys/forza_ws/race_stack/build/f1tenth_stack/prefix_override:/usr/lib/python3/dist-packages/colcon_core/task/python/colcon_distutils_commands:/home/misys/forza_ws/race_stack/install/f1tenth_stack/lib/python3.10/site-packages:/home/misys/forza_ws/race_stack/install/joy_teleop/lib/python3.10/site-packages:/home/misys/forza_ws/race_stack/install/vesc_msgs/local/lib/python3.10/dist-packages:/home/misys/forza_ws/race_stack/install/teleop_tools_msgs/local/lib/python3.10/dist-packages:${PYTHONPATH} /usr/bin/python3 -W ignore:setup.py install is deprecated -W ignore:easy_install command is deprecated setup.py egg_info --egg-base ../../../build/f1tenth_stack build --build-base /home/misys/forza_ws/race_stack/build/f1tenth_stack/build install --record /home/misys/forza_ws/race_stack/build/f1tenth_stack/install.log --single-version-externally-managed install_data
