[0.026s] Invoking command in '/home/misys/forza_ws/race_stack/build/frenet_odom_republisher_cpp': AMENT_PREFIX_PATH=/home/misys/forza_ws/race_stack/install/frenet_conversion_cpp:/home/misys/forza_ws/race_stack/install/f110_msgs:${AMENT_PREFIX_PATH} CMAKE_PREFIX_PATH=/home/misys/forza_ws/race_stack/install/frenet_conversion_cpp:/home/misys/forza_ws/race_stack/install/f110_msgs:/opt/ros/humble LD_LIBRARY_PATH=/home/misys/forza_ws/race_stack/install/frenet_conversion_cpp/lib:/home/misys/forza_ws/race_stack/install/f110_msgs/lib:${LD_LIBRARY_PATH} PYTHONPATH=/home/misys/forza_ws/race_stack/install/f110_msgs/local/lib/python3.10/dist-packages:${PYTHONPATH} /usr/bin/cmake /home/misys/forza_ws/race_stack/utilities/nodes/frenet_odom_republisher_cpp -DCMAKE_INSTALL_PREFIX=/home/misys/forza_ws/race_stack/install/frenet_odom_republisher_cpp
[0.321s] -- The C compiler identification is GNU 11.4.0
[0.321s] -- The CXX compiler identification is GNU 11.4.0
[0.321s] -- Detecting C compiler ABI info
[0.321s] -- Detecting C compiler ABI info - done
[0.321s] -- Check for working C compiler: /usr/bin/cc - skipped
[0.321s] -- Detecting C compile features
[0.321s] -- Detecting C compile features - done
[0.321s] -- Detecting CXX compiler ABI info
[0.382s] -- Detecting CXX compiler ABI info - done
[0.390s] -- Check for working CXX compiler: /usr/bin/c++ - skipped
[0.390s] -- Detecting CXX compile features
[0.391s] -- Detecting CXX compile features - done
[0.394s] -- Found ament_cmake: 1.3.12 (/opt/ros/humble/share/ament_cmake/cmake)
[0.639s] -- Found Python3: /usr/bin/python3 (found version "3.10.12") found components: Interpreter 
[0.769s] -- Found rclcpp: 16.0.15 (/opt/ros/humble/share/rclcpp/cmake)
[0.841s] -- Found rosidl_generator_c: 3.1.7 (/opt/ros/humble/share/rosidl_generator_c/cmake)
[0.858s] -- Found rosidl_adapter: 3.1.7 (/opt/ros/humble/share/rosidl_adapter/cmake)
[0.877s] -- Found rosidl_generator_cpp: 3.1.7 (/opt/ros/humble/share/rosidl_generator_cpp/cmake)
[0.898s] -- Using all available rosidl_typesupport_c: rosidl_typesupport_fastrtps_c;rosidl_typesupport_introspection_c
[0.926s] -- Using all available rosidl_typesupport_cpp: rosidl_typesupport_fastrtps_cpp;rosidl_typesupport_introspection_cpp
[1.065s] -- Found rmw_implementation_cmake: 6.1.2 (/opt/ros/humble/share/rmw_implementation_cmake/cmake)
[1.076s] -- Found rmw_fastrtps_cpp: 6.2.9 (/opt/ros/humble/share/rmw_fastrtps_cpp/cmake)
[1.389s] -- Found OpenSSL: /usr/lib/x86_64-linux-gnu/libcrypto.so (found version "3.0.2")  
[1.516s] -- Found FastRTPS: /opt/ros/humble/include  
[1.677s] -- Using RMW implementation 'rmw_fastrtps_cpp' as default
[1.700s] -- Looking for pthread.h
[1.834s] -- Looking for pthread.h - found
[1.834s] -- Performing Test CMAKE_HAVE_LIBC_PTHREAD
[2.003s] -- Performing Test CMAKE_HAVE_LIBC_PTHREAD - Success
[2.005s] -- Found Threads: TRUE  
[2.129s] -- Found f110_msgs: 0.0.0 (/home/misys/forza_ws/race_stack/install/f110_msgs/share/f110_msgs/cmake)
[2.190s] -- Found nav_msgs: 4.9.0 (/opt/ros/humble/share/nav_msgs/cmake)
[2.225s] -- Found tf2: 0.25.16 (/opt/ros/humble/share/tf2/cmake)
[2.249s] -- Found tf2_ros: 0.25.16 (/opt/ros/humble/share/tf2_ros/cmake)
[2.415s] -- Found tf2_geometry_msgs: 0.25.16 (/opt/ros/humble/share/tf2_geometry_msgs/cmake)
[2.441s] -- Found eigen3_cmake_module: 0.1.1 (/opt/ros/humble/share/eigen3_cmake_module/cmake)
[2.443s] -- Found Eigen3: TRUE (found version "3.4.0") 
[2.443s] -- Ensuring Eigen3 include directory is part of orocos-kdl CMake target
[2.446s] -- Found frenet_conversion_cpp: 0.0.1 (/home/misys/forza_ws/race_stack/install/frenet_conversion_cpp/share/frenet_conversion_cpp/cmake)
[2.540s] -- Configuring done
[2.557s] -- Generating done
[2.562s] -- Build files have been written to: /home/misys/forza_ws/race_stack/build/frenet_odom_republisher_cpp
[2.574s] Invoked command in '/home/misys/forza_ws/race_stack/build/frenet_odom_republisher_cpp' returned '0': AMENT_PREFIX_PATH=/home/misys/forza_ws/race_stack/install/frenet_conversion_cpp:/home/misys/forza_ws/race_stack/install/f110_msgs:${AMENT_PREFIX_PATH} CMAKE_PREFIX_PATH=/home/misys/forza_ws/race_stack/install/frenet_conversion_cpp:/home/misys/forza_ws/race_stack/install/f110_msgs:/opt/ros/humble LD_LIBRARY_PATH=/home/misys/forza_ws/race_stack/install/frenet_conversion_cpp/lib:/home/misys/forza_ws/race_stack/install/f110_msgs/lib:${LD_LIBRARY_PATH} PYTHONPATH=/home/misys/forza_ws/race_stack/install/f110_msgs/local/lib/python3.10/dist-packages:${PYTHONPATH} /usr/bin/cmake /home/misys/forza_ws/race_stack/utilities/nodes/frenet_odom_republisher_cpp -DCMAKE_INSTALL_PREFIX=/home/misys/forza_ws/race_stack/install/frenet_odom_republisher_cpp
[2.574s] Invoking command in '/home/misys/forza_ws/race_stack/build/frenet_odom_republisher_cpp': AMENT_PREFIX_PATH=/home/misys/forza_ws/race_stack/install/frenet_conversion_cpp:/home/misys/forza_ws/race_stack/install/f110_msgs:${AMENT_PREFIX_PATH} CMAKE_PREFIX_PATH=/home/misys/forza_ws/race_stack/install/frenet_conversion_cpp:/home/misys/forza_ws/race_stack/install/f110_msgs:/opt/ros/humble LD_LIBRARY_PATH=/home/misys/forza_ws/race_stack/install/frenet_conversion_cpp/lib:/home/misys/forza_ws/race_stack/install/f110_msgs/lib:${LD_LIBRARY_PATH} PYTHONPATH=/home/misys/forza_ws/race_stack/install/f110_msgs/local/lib/python3.10/dist-packages:${PYTHONPATH} /usr/bin/cmake --build /home/misys/forza_ws/race_stack/build/frenet_odom_republisher_cpp -- -j18 -l18
[2.661s] [ 50%] Building CXX object CMakeFiles/frenet_odom_republisher.dir/src/frenet_odom_republisher.cpp.o
[30.249s] [100%] Linking CXX executable frenet_odom_republisher
[30.671s] [100%] Built target frenet_odom_republisher
[30.692s] Invoked command in '/home/misys/forza_ws/race_stack/build/frenet_odom_republisher_cpp' returned '0': AMENT_PREFIX_PATH=/home/misys/forza_ws/race_stack/install/frenet_conversion_cpp:/home/misys/forza_ws/race_stack/install/f110_msgs:${AMENT_PREFIX_PATH} CMAKE_PREFIX_PATH=/home/misys/forza_ws/race_stack/install/frenet_conversion_cpp:/home/misys/forza_ws/race_stack/install/f110_msgs:/opt/ros/humble LD_LIBRARY_PATH=/home/misys/forza_ws/race_stack/install/frenet_conversion_cpp/lib:/home/misys/forza_ws/race_stack/install/f110_msgs/lib:${LD_LIBRARY_PATH} PYTHONPATH=/home/misys/forza_ws/race_stack/install/f110_msgs/local/lib/python3.10/dist-packages:${PYTHONPATH} /usr/bin/cmake --build /home/misys/forza_ws/race_stack/build/frenet_odom_republisher_cpp -- -j18 -l18
[30.695s] Invoking command in '/home/misys/forza_ws/race_stack/build/frenet_odom_republisher_cpp': AMENT_PREFIX_PATH=/home/misys/forza_ws/race_stack/install/frenet_conversion_cpp:/home/misys/forza_ws/race_stack/install/f110_msgs:${AMENT_PREFIX_PATH} CMAKE_PREFIX_PATH=/home/misys/forza_ws/race_stack/install/frenet_conversion_cpp:/home/misys/forza_ws/race_stack/install/f110_msgs:/opt/ros/humble LD_LIBRARY_PATH=/home/misys/forza_ws/race_stack/install/frenet_conversion_cpp/lib:/home/misys/forza_ws/race_stack/install/f110_msgs/lib:${LD_LIBRARY_PATH} PYTHONPATH=/home/misys/forza_ws/race_stack/install/f110_msgs/local/lib/python3.10/dist-packages:${PYTHONPATH} /usr/bin/cmake --install /home/misys/forza_ws/race_stack/build/frenet_odom_republisher_cpp
[30.708s] -- Install configuration: ""
[30.708s] -- Installing: /home/misys/forza_ws/race_stack/install/frenet_odom_republisher_cpp/lib/frenet_odom_republisher_cpp/frenet_odom_republisher
[30.711s] -- Set runtime path of "/home/misys/forza_ws/race_stack/install/frenet_odom_republisher_cpp/lib/frenet_odom_republisher_cpp/frenet_odom_republisher" to ""
[30.711s] -- Installing: /home/misys/forza_ws/race_stack/install/frenet_odom_republisher_cpp/share/frenet_odom_republisher_cpp/launch
[30.712s] -- Installing: /home/misys/forza_ws/race_stack/install/frenet_odom_republisher_cpp/share/frenet_odom_republisher_cpp/launch/frenet_odom_republisher_launch.xml
[30.713s] -- Installing: /home/misys/forza_ws/race_stack/install/frenet_odom_republisher_cpp/share/ament_index/resource_index/package_run_dependencies/frenet_odom_republisher_cpp
[30.713s] -- Installing: /home/misys/forza_ws/race_stack/install/frenet_odom_republisher_cpp/share/ament_index/resource_index/parent_prefix_path/frenet_odom_republisher_cpp
[30.713s] -- Installing: /home/misys/forza_ws/race_stack/install/frenet_odom_republisher_cpp/share/frenet_odom_republisher_cpp/environment/ament_prefix_path.sh
[30.714s] -- Installing: /home/misys/forza_ws/race_stack/install/frenet_odom_republisher_cpp/share/frenet_odom_republisher_cpp/environment/ament_prefix_path.dsv
[30.714s] -- Installing: /home/misys/forza_ws/race_stack/install/frenet_odom_republisher_cpp/share/frenet_odom_republisher_cpp/environment/path.sh
[30.715s] -- Installing: /home/misys/forza_ws/race_stack/install/frenet_odom_republisher_cpp/share/frenet_odom_republisher_cpp/environment/path.dsv
[30.715s] -- Installing: /home/misys/forza_ws/race_stack/install/frenet_odom_republisher_cpp/share/frenet_odom_republisher_cpp/local_setup.bash
[30.715s] -- Installing: /home/misys/forza_ws/race_stack/install/frenet_odom_republisher_cpp/share/frenet_odom_republisher_cpp/local_setup.sh
[30.715s] -- Installing: /home/misys/forza_ws/race_stack/install/frenet_odom_republisher_cpp/share/frenet_odom_republisher_cpp/local_setup.zsh
[30.716s] -- Installing: /home/misys/forza_ws/race_stack/install/frenet_odom_republisher_cpp/share/frenet_odom_republisher_cpp/local_setup.dsv
[30.716s] -- Installing: /home/misys/forza_ws/race_stack/install/frenet_odom_republisher_cpp/share/frenet_odom_republisher_cpp/package.dsv
[30.716s] -- Installing: /home/misys/forza_ws/race_stack/install/frenet_odom_republisher_cpp/share/ament_index/resource_index/packages/frenet_odom_republisher_cpp
[30.716s] -- Installing: /home/misys/forza_ws/race_stack/install/frenet_odom_republisher_cpp/share/frenet_odom_republisher_cpp/cmake/frenet_odom_republisher_cppConfig.cmake
[30.716s] -- Installing: /home/misys/forza_ws/race_stack/install/frenet_odom_republisher_cpp/share/frenet_odom_republisher_cpp/cmake/frenet_odom_republisher_cppConfig-version.cmake
[30.716s] -- Installing: /home/misys/forza_ws/race_stack/install/frenet_odom_republisher_cpp/share/frenet_odom_republisher_cpp/package.xml
[30.720s] Invoked command in '/home/misys/forza_ws/race_stack/build/frenet_odom_republisher_cpp' returned '0': AMENT_PREFIX_PATH=/home/misys/forza_ws/race_stack/install/frenet_conversion_cpp:/home/misys/forza_ws/race_stack/install/f110_msgs:${AMENT_PREFIX_PATH} CMAKE_PREFIX_PATH=/home/misys/forza_ws/race_stack/install/frenet_conversion_cpp:/home/misys/forza_ws/race_stack/install/f110_msgs:/opt/ros/humble LD_LIBRARY_PATH=/home/misys/forza_ws/race_stack/install/frenet_conversion_cpp/lib:/home/misys/forza_ws/race_stack/install/f110_msgs/lib:${LD_LIBRARY_PATH} PYTHONPATH=/home/misys/forza_ws/race_stack/install/f110_msgs/local/lib/python3.10/dist-packages:${PYTHONPATH} /usr/bin/cmake --install /home/misys/forza_ws/race_stack/build/frenet_odom_republisher_cpp
