[1.154s] Invoking command in '/home/misys/forza_ws/race_stack/base_system/f1tenth_system/teleop_tools/joy_teleop': AMENT_PREFIX_PATH=/home/misys/forza_ws/race_stack/install/teleop_tools_msgs:${AMENT_PREFIX_PATH} CMAKE_PREFIX_PATH=/home/misys/forza_ws/race_stack/install/teleop_tools_msgs LD_LIBRARY_PATH=/home/misys/forza_ws/race_stack/install/teleop_tools_msgs/lib:${LD_LIBRARY_PATH} PYTHONPATH=/home/misys/forza_ws/race_stack/build/joy_teleop/prefix_override:/usr/lib/python3/dist-packages/colcon_core/task/python/colcon_distutils_commands:/home/misys/forza_ws/race_stack/install/joy_teleop/lib/python3.10/site-packages:/home/misys/forza_ws/race_stack/install/teleop_tools_msgs/local/lib/python3.10/dist-packages:${PYTHONPATH} /usr/bin/python3 -W ignore:setup.py install is deprecated -W ignore:easy_install command is deprecated setup.py egg_info --egg-base ../../../../build/joy_teleop build --build-base /home/misys/forza_ws/race_stack/build/joy_teleop/build install --record /home/misys/forza_ws/race_stack/build/joy_teleop/install.log --single-version-externally-managed install_data
[1.505s] running egg_info
[1.506s] creating ../../../../build/joy_teleop/joy_teleop.egg-info
[1.506s] writing ../../../../build/joy_teleop/joy_teleop.egg-info/PKG-INFO
[1.506s] writing dependency_links to ../../../../build/joy_teleop/joy_teleop.egg-info/dependency_links.txt
[1.506s] writing entry points to ../../../../build/joy_teleop/joy_teleop.egg-info/entry_points.txt
[1.507s] writing requirements to ../../../../build/joy_teleop/joy_teleop.egg-info/requires.txt
[1.507s] writing top-level names to ../../../../build/joy_teleop/joy_teleop.egg-info/top_level.txt
[1.507s] writing manifest file '../../../../build/joy_teleop/joy_teleop.egg-info/SOURCES.txt'
[1.510s] reading manifest file '../../../../build/joy_teleop/joy_teleop.egg-info/SOURCES.txt'
[1.512s] writing manifest file '../../../../build/joy_teleop/joy_teleop.egg-info/SOURCES.txt'
[1.512s] running build
[1.512s] running build_py
[1.512s] creating /home/misys/forza_ws/race_stack/build/joy_teleop/build
[1.512s] creating /home/misys/forza_ws/race_stack/build/joy_teleop/build/lib
[1.512s] creating /home/misys/forza_ws/race_stack/build/joy_teleop/build/lib/joy_teleop
[1.512s] copying joy_teleop/joy_teleop.py -> /home/misys/forza_ws/race_stack/build/joy_teleop/build/lib/joy_teleop
[1.512s] copying joy_teleop/__init__.py -> /home/misys/forza_ws/race_stack/build/joy_teleop/build/lib/joy_teleop
[1.512s] copying joy_teleop/incrementer_server.py -> /home/misys/forza_ws/race_stack/build/joy_teleop/build/lib/joy_teleop
[1.513s] running install
[1.513s] running install_lib
[1.514s] creating /home/misys/forza_ws/race_stack/install/joy_teleop/lib/python3.10/site-packages/joy_teleop
[1.514s] copying /home/misys/forza_ws/race_stack/build/joy_teleop/build/lib/joy_teleop/joy_teleop.py -> /home/misys/forza_ws/race_stack/install/joy_teleop/lib/python3.10/site-packages/joy_teleop
[1.515s] copying /home/misys/forza_ws/race_stack/build/joy_teleop/build/lib/joy_teleop/__init__.py -> /home/misys/forza_ws/race_stack/install/joy_teleop/lib/python3.10/site-packages/joy_teleop
[1.515s] copying /home/misys/forza_ws/race_stack/build/joy_teleop/build/lib/joy_teleop/incrementer_server.py -> /home/misys/forza_ws/race_stack/install/joy_teleop/lib/python3.10/site-packages/joy_teleop
[1.516s] byte-compiling /home/misys/forza_ws/race_stack/install/joy_teleop/lib/python3.10/site-packages/joy_teleop/joy_teleop.py to joy_teleop.cpython-310.pyc
[1.519s] byte-compiling /home/misys/forza_ws/race_stack/install/joy_teleop/lib/python3.10/site-packages/joy_teleop/__init__.py to __init__.cpython-310.pyc
[1.519s] byte-compiling /home/misys/forza_ws/race_stack/install/joy_teleop/lib/python3.10/site-packages/joy_teleop/incrementer_server.py to incrementer_server.cpython-310.pyc
[1.520s] running install_data
[1.521s] copying package.xml -> /home/misys/forza_ws/race_stack/install/joy_teleop/share/joy_teleop
[1.521s] creating /home/misys/forza_ws/race_stack/install/joy_teleop/share/joy_teleop/config
[1.521s] copying config/joy_teleop_example.yaml -> /home/misys/forza_ws/race_stack/install/joy_teleop/share/joy_teleop/config
[1.521s] creating /home/misys/forza_ws/race_stack/install/joy_teleop/share/joy_teleop/launch
[1.521s] copying launch/example.launch.py -> /home/misys/forza_ws/race_stack/install/joy_teleop/share/joy_teleop/launch
[1.521s] creating /home/misys/forza_ws/race_stack/install/joy_teleop/share/ament_index
[1.521s] creating /home/misys/forza_ws/race_stack/install/joy_teleop/share/ament_index/resource_index
[1.521s] creating /home/misys/forza_ws/race_stack/install/joy_teleop/share/ament_index/resource_index/packages
[1.521s] copying resource/joy_teleop -> /home/misys/forza_ws/race_stack/install/joy_teleop/share/ament_index/resource_index/packages
[1.521s] running install_egg_info
[1.526s] Copying ../../../../build/joy_teleop/joy_teleop.egg-info to /home/misys/forza_ws/race_stack/install/joy_teleop/lib/python3.10/site-packages/joy_teleop-1.5.0-py3.10.egg-info
[1.526s] running install_scripts
[1.557s] Installing incrementer_server script to /home/misys/forza_ws/race_stack/install/joy_teleop/lib/joy_teleop
[1.557s] Installing joy_teleop script to /home/misys/forza_ws/race_stack/install/joy_teleop/lib/joy_teleop
[1.557s] writing list of installed files to '/home/misys/forza_ws/race_stack/build/joy_teleop/install.log'
[1.628s] Invoked command in '/home/misys/forza_ws/race_stack/base_system/f1tenth_system/teleop_tools/joy_teleop' returned '0': AMENT_PREFIX_PATH=/home/misys/forza_ws/race_stack/install/teleop_tools_msgs:${AMENT_PREFIX_PATH} CMAKE_PREFIX_PATH=/home/misys/forza_ws/race_stack/install/teleop_tools_msgs LD_LIBRARY_PATH=/home/misys/forza_ws/race_stack/install/teleop_tools_msgs/lib:${LD_LIBRARY_PATH} PYTHONPATH=/home/misys/forza_ws/race_stack/build/joy_teleop/prefix_override:/usr/lib/python3/dist-packages/colcon_core/task/python/colcon_distutils_commands:/home/misys/forza_ws/race_stack/install/joy_teleop/lib/python3.10/site-packages:/home/misys/forza_ws/race_stack/install/teleop_tools_msgs/local/lib/python3.10/dist-packages:${PYTHONPATH} /usr/bin/python3 -W ignore:setup.py install is deprecated -W ignore:easy_install command is deprecated setup.py egg_info --egg-base ../../../../build/joy_teleop build --build-base /home/misys/forza_ws/race_stack/build/joy_teleop/build install --record /home/misys/forza_ws/race_stack/build/joy_teleop/install.log --single-version-externally-managed install_data
