In file included from [01m[K/home/misys/forza_ws/race_stack/global_planner/src/utils.cpp:3[m[K:
[01m[K/home/misys/forza_ws/race_stack/global_planner/include/utils.hpp:10:32:[m[K [01;31m[Kerror: [m[K‘[01m[KWpnt[m[K’ does not name a type
   10 | float calculate_distance(const [01;31m[KWpnt[m[K& p1, const Wpnt& p2);
      |                                [01;31m[K^~~~[m[K
[01m[K/home/misys/forza_ws/race_stack/global_planner/include/utils.hpp:10:48:[m[K [01;31m[Kerror: [m[K‘[01m[KWpnt[m[K’ does not name a type
   10 | float calculate_distance(const Wpnt& p1, const [01;31m[KWpnt[m[K& p2);
      |                                                [01;31m[K^~~~[m[K
[01m[K/home/misys/forza_ws/race_stack/global_planner/include/utils.hpp:14:27:[m[K [01;31m[Kerror: [m[K‘[01m[KWpnt[m[K’ does not name a type
   14 | float calculate_yaw(const [01;31m[KWpnt[m[K& from, const Wpnt& to);
      |                           [01;31m[K^~~~[m[K
[01m[K/home/misys/forza_ws/race_stack/global_planner/include/utils.hpp:14:45:[m[K [01;31m[Kerror: [m[K‘[01m[KWpnt[m[K’ does not name a type
   14 | float calculate_yaw(const Wpnt& from, const [01;31m[KWpnt[m[K& to);
      |                                             [01;31m[K^~~~[m[K
[01m[K/home/misys/forza_ws/race_stack/global_planner/include/utils.hpp:18:33:[m[K [01;31m[Kerror: [m[K‘[01m[KWpnt[m[K’ does not name a type
   18 | float calculate_curvature(const [01;31m[KWpnt[m[K& prev, const Wpnt& curr, const Wpnt& next);
      |                                 [01;31m[K^~~~[m[K
[01m[K/home/misys/forza_ws/race_stack/global_planner/include/utils.hpp:18:51:[m[K [01;31m[Kerror: [m[K‘[01m[KWpnt[m[K’ does not name a type
   18 | float calculate_curvature(const Wpnt& prev, const [01;31m[KWpnt[m[K& curr, const Wpnt& next);
      |                                                   [01;31m[K^~~~[m[K
[01m[K/home/misys/forza_ws/race_stack/global_planner/include/utils.hpp:18:69:[m[K [01;31m[Kerror: [m[K‘[01m[KWpnt[m[K’ does not name a type
   18 | float calculate_curvature(const Wpnt& prev, const Wpnt& curr, const [01;31m[KWpnt[m[K& next);
      |                                                                     [01;31m[K^~~~[m[K
[01m[K/home/misys/forza_ws/race_stack/global_planner/include/utils.hpp:22:11:[m[K [01;31m[Kerror: [m[K‘[01m[KWpnt[m[K’ does not name a type
   22 |     const [01;31m[KWpnt[m[K& prev, const Wpnt& curr, const Wpnt& next,
      |           [01;31m[K^~~~[m[K
[01m[K/home/misys/forza_ws/race_stack/global_planner/include/utils.hpp:22:29:[m[K [01;31m[Kerror: [m[K‘[01m[KWpnt[m[K’ does not name a type
   22 |     const Wpnt& prev, const [01;31m[KWpnt[m[K& curr, const Wpnt& next,
      |                             [01;31m[K^~~~[m[K
[01m[K/home/misys/forza_ws/race_stack/global_planner/include/utils.hpp:22:47:[m[K [01;31m[Kerror: [m[K‘[01m[KWpnt[m[K’ does not name a type
   22 |     const Wpnt& prev, const Wpnt& curr, const [01;31m[KWpnt[m[K& next,
      |                                               [01;31m[K^~~~[m[K
[01m[K/home/misys/forza_ws/race_stack/global_planner/src/utils.cpp:7:32:[m[K [01;31m[Kerror: [m[K‘[01m[KWpnt[m[K’ does not name a type
    7 | float calculate_distance(const [01;31m[KWpnt[m[K& p1, const Wpnt& p2) {
      |                                [01;31m[K^~~~[m[K
[01m[K/home/misys/forza_ws/race_stack/global_planner/src/utils.cpp:7:48:[m[K [01;31m[Kerror: [m[K‘[01m[KWpnt[m[K’ does not name a type
    7 | float calculate_distance(const Wpnt& p1, const [01;31m[KWpnt[m[K& p2) {
      |                                                [01;31m[K^~~~[m[K
[01m[K/home/misys/forza_ws/race_stack/global_planner/src/utils.cpp:[m[K In function ‘[01m[Kfloat calculate_distance(const int&, const int&)[m[K’:
[01m[K/home/misys/forza_ws/race_stack/global_planner/src/utils.cpp:8:34:[m[K [01;31m[Kerror: [m[Krequest for member ‘[01m[Kx[m[K’ in ‘[01m[Kp1[m[K’, which is of non-class type ‘[01m[Kconst int[m[K’
    8 |     return calculate_distance(p1.[01;31m[Kx[m[K, p1.y, p2.x, p2.y);
      |                                  [01;31m[K^[m[K
[01m[K/home/misys/forza_ws/race_stack/global_planner/src/utils.cpp:8:40:[m[K [01;31m[Kerror: [m[Krequest for member ‘[01m[Ky[m[K’ in ‘[01m[Kp1[m[K’, which is of non-class type ‘[01m[Kconst int[m[K’
    8 |     return calculate_distance(p1.x, p1.[01;31m[Ky[m[K, p2.x, p2.y);
      |                                        [01;31m[K^[m[K
[01m[K/home/misys/forza_ws/race_stack/global_planner/src/utils.cpp:8:46:[m[K [01;31m[Kerror: [m[Krequest for member ‘[01m[Kx[m[K’ in ‘[01m[Kp2[m[K’, which is of non-class type ‘[01m[Kconst int[m[K’
    8 |     return calculate_distance(p1.x, p1.y, p2.[01;31m[Kx[m[K, p2.y);
      |                                              [01;31m[K^[m[K
[01m[K/home/misys/forza_ws/race_stack/global_planner/src/utils.cpp:8:52:[m[K [01;31m[Kerror: [m[Krequest for member ‘[01m[Ky[m[K’ in ‘[01m[Kp2[m[K’, which is of non-class type ‘[01m[Kconst int[m[K’
    8 |     return calculate_distance(p1.x, p1.y, p2.x, p2.[01;31m[Ky[m[K);
      |                                                    [01;31m[K^[m[K
[01m[K/home/misys/forza_ws/race_stack/global_planner/src/utils.cpp:[m[K At global scope:
[01m[K/home/misys/forza_ws/race_stack/global_planner/src/utils.cpp:16:27:[m[K [01;31m[Kerror: [m[K‘[01m[KWpnt[m[K’ does not name a type
   16 | float calculate_yaw(const [01;31m[KWpnt[m[K& from, const Wpnt& to) {
      |                           [01;31m[K^~~~[m[K
[01m[K/home/misys/forza_ws/race_stack/global_planner/src/utils.cpp:16:45:[m[K [01;31m[Kerror: [m[K‘[01m[KWpnt[m[K’ does not name a type
   16 | float calculate_yaw(const Wpnt& from, const [01;31m[KWpnt[m[K& to) {
      |                                             [01;31m[K^~~~[m[K
[01m[K/home/misys/forza_ws/race_stack/global_planner/src/utils.cpp:[m[K In function ‘[01m[Kfloat calculate_yaw(const int&, const int&)[m[K’:
[01m[K/home/misys/forza_ws/race_stack/global_planner/src/utils.cpp:17:19:[m[K [01;31m[Kerror: [m[Krequest for member ‘[01m[Kx[m[K’ in ‘[01m[Kto[m[K’, which is of non-class type ‘[01m[Kconst int[m[K’
   17 |     float dx = to.[01;31m[Kx[m[K - from.x;
      |                   [01;31m[K^[m[K
[01m[K/home/misys/forza_ws/race_stack/global_planner/src/utils.cpp:17:28:[m[K [01;31m[Kerror: [m[Krequest for member ‘[01m[Kx[m[K’ in ‘[01m[Kfrom[m[K’, which is of non-class type ‘[01m[Kconst int[m[K’
   17 |     float dx = to.x - from.[01;31m[Kx[m[K;
      |                            [01;31m[K^[m[K
[01m[K/home/misys/forza_ws/race_stack/global_planner/src/utils.cpp:18:19:[m[K [01;31m[Kerror: [m[Krequest for member ‘[01m[Ky[m[K’ in ‘[01m[Kto[m[K’, which is of non-class type ‘[01m[Kconst int[m[K’
   18 |     float dy = to.[01;31m[Ky[m[K - from.y;
      |                   [01;31m[K^[m[K
[01m[K/home/misys/forza_ws/race_stack/global_planner/src/utils.cpp:18:28:[m[K [01;31m[Kerror: [m[Krequest for member ‘[01m[Ky[m[K’ in ‘[01m[Kfrom[m[K’, which is of non-class type ‘[01m[Kconst int[m[K’
   18 |     float dy = to.y - from.[01;31m[Ky[m[K;
      |                            [01;31m[K^[m[K
[01m[K/home/misys/forza_ws/race_stack/global_planner/src/utils.cpp:[m[K At global scope:
[01m[K/home/misys/forza_ws/race_stack/global_planner/src/utils.cpp:27:33:[m[K [01;31m[Kerror: [m[K‘[01m[KWpnt[m[K’ does not name a type
   27 | float calculate_curvature(const [01;31m[KWpnt[m[K& prev, const Wpnt& curr, const Wpnt& next) {
      |                                 [01;31m[K^~~~[m[K
[01m[K/home/misys/forza_ws/race_stack/global_planner/src/utils.cpp:27:51:[m[K [01;31m[Kerror: [m[K‘[01m[KWpnt[m[K’ does not name a type
   27 | float calculate_curvature(const Wpnt& prev, const [01;31m[KWpnt[m[K& curr, const Wpnt& next) {
      |                                                   [01;31m[K^~~~[m[K
[01m[K/home/misys/forza_ws/race_stack/global_planner/src/utils.cpp:27:69:[m[K [01;31m[Kerror: [m[K‘[01m[KWpnt[m[K’ does not name a type
   27 | float calculate_curvature(const Wpnt& prev, const Wpnt& curr, const [01;31m[KWpnt[m[K& next) {
      |                                                                     [01;31m[K^~~~[m[K
[01m[K/home/misys/forza_ws/race_stack/global_planner/src/utils.cpp:[m[K In function ‘[01m[Kfloat calculate_curvature(const int&, const int&, const int&)[m[K’:
[01m[K/home/misys/forza_ws/race_stack/global_planner/src/utils.cpp:28:22:[m[K [01;31m[Kerror: [m[Krequest for member ‘[01m[Kx[m[K’ in ‘[01m[Kcurr[m[K’, which is of non-class type ‘[01m[Kconst int[m[K’
   28 |     float dx1 = curr.[01;31m[Kx[m[K - prev.x;
      |                      [01;31m[K^[m[K
[01m[K/home/misys/forza_ws/race_stack/global_planner/src/utils.cpp:28:31:[m[K [01;31m[Kerror: [m[Krequest for member ‘[01m[Kx[m[K’ in ‘[01m[Kprev[m[K’, which is of non-class type ‘[01m[Kconst int[m[K’
   28 |     float dx1 = curr.x - prev.[01;31m[Kx[m[K;
      |                               [01;31m[K^[m[K
[01m[K/home/misys/forza_ws/race_stack/global_planner/src/utils.cpp:29:22:[m[K [01;31m[Kerror: [m[Krequest for member ‘[01m[Ky[m[K’ in ‘[01m[Kcurr[m[K’, which is of non-class type ‘[01m[Kconst int[m[K’
   29 |     float dy1 = curr.[01;31m[Ky[m[K - prev.y;
      |                      [01;31m[K^[m[K
[01m[K/home/misys/forza_ws/race_stack/global_planner/src/utils.cpp:29:31:[m[K [01;31m[Kerror: [m[Krequest for member ‘[01m[Ky[m[K’ in ‘[01m[Kprev[m[K’, which is of non-class type ‘[01m[Kconst int[m[K’
   29 |     float dy1 = curr.y - prev.[01;31m[Ky[m[K;
      |                               [01;31m[K^[m[K
[01m[K/home/misys/forza_ws/race_stack/global_planner/src/utils.cpp:30:22:[m[K [01;31m[Kerror: [m[Krequest for member ‘[01m[Kx[m[K’ in ‘[01m[Knext[m[K’, which is of non-class type ‘[01m[Kconst int[m[K’
   30 |     float dx2 = next.[01;31m[Kx[m[K - curr.x;
      |                      [01;31m[K^[m[K
[01m[K/home/misys/forza_ws/race_stack/global_planner/src/utils.cpp:30:31:[m[K [01;31m[Kerror: [m[Krequest for member ‘[01m[Kx[m[K’ in ‘[01m[Kcurr[m[K’, which is of non-class type ‘[01m[Kconst int[m[K’
   30 |     float dx2 = next.x - curr.[01;31m[Kx[m[K;
      |                               [01;31m[K^[m[K
[01m[K/home/misys/forza_ws/race_stack/global_planner/src/utils.cpp:31:22:[m[K [01;31m[Kerror: [m[Krequest for member ‘[01m[Ky[m[K’ in ‘[01m[Knext[m[K’, which is of non-class type ‘[01m[Kconst int[m[K’
   31 |     float dy2 = next.[01;31m[Ky[m[K - curr.y;
      |                      [01;31m[K^[m[K
[01m[K/home/misys/forza_ws/race_stack/global_planner/src/utils.cpp:31:31:[m[K [01;31m[Kerror: [m[Krequest for member ‘[01m[Ky[m[K’ in ‘[01m[Kcurr[m[K’, which is of non-class type ‘[01m[Kconst int[m[K’
   31 |     float dy2 = next.y - curr.[01;31m[Ky[m[K;
      |                               [01;31m[K^[m[K
[01m[K/home/misys/forza_ws/race_stack/global_planner/src/utils.cpp:[m[K At global scope:
[01m[K/home/misys/forza_ws/race_stack/global_planner/src/utils.cpp:47:11:[m[K [01;31m[Kerror: [m[K‘[01m[KWpnt[m[K’ does not name a type
   47 |     const [01;31m[KWpnt[m[K& prev, const Wpnt& curr, const Wpnt& next,
      |           [01;31m[K^~~~[m[K
[01m[K/home/misys/forza_ws/race_stack/global_planner/src/utils.cpp:47:29:[m[K [01;31m[Kerror: [m[K‘[01m[KWpnt[m[K’ does not name a type
   47 |     const Wpnt& prev, const [01;31m[KWpnt[m[K& curr, const Wpnt& next,
      |                             [01;31m[K^~~~[m[K
[01m[K/home/misys/forza_ws/race_stack/global_planner/src/utils.cpp:47:47:[m[K [01;31m[Kerror: [m[K‘[01m[KWpnt[m[K’ does not name a type
   47 |     const Wpnt& prev, const Wpnt& curr, const [01;31m[KWpnt[m[K& next,
      |                                               [01;31m[K^~~~[m[K
[01m[K/home/misys/forza_ws/race_stack/global_planner/src/utils.cpp:[m[K In function ‘[01m[Kfloat calculate_curvature_rate(const int&, const int&, const int&, float, float)[m[K’:
[01m[K/home/misys/forza_ws/race_stack/global_planner/src/utils.cpp:55:26:[m[K [01;31m[Kerror: [m[Krequest for member ‘[01m[Kcurvature[m[K’ in ‘[01m[Knext[m[K’, which is of non-class type ‘[01m[Kconst int[m[K’
   55 |     float dkappa = (next.[01;31m[Kcurvature[m[K - prev.curvature) / (ds_prev + ds_next);
      |                          [01;31m[K^~~~~~~~~[m[K
[01m[K/home/misys/forza_ws/race_stack/global_planner/src/utils.cpp:55:43:[m[K [01;31m[Kerror: [m[Krequest for member ‘[01m[Kcurvature[m[K’ in ‘[01m[Kprev[m[K’, which is of non-class type ‘[01m[Kconst int[m[K’
   55 |     float dkappa = (next.curvature - prev.[01;31m[Kcurvature[m[K) / (ds_prev + ds_next);
      |                                           [01;31m[K^~~~~~~~~[m[K
gmake[2]: *** [CMakeFiles/utils_lib.dir/build.make:76: CMakeFiles/utils_lib.dir/src/utils.cpp.o] Error 1
gmake[1]: *** [CMakeFiles/Makefile2:602: CMakeFiles/utils_lib.dir/all] Error 2
gmake[1]: *** Waiting for unfinished jobs....
gmake: *** [Makefile:146: all] Error 2
