[  6%] Built target global_planner__cpp
[  8%] [32mBuilding CXX object CMakeFiles/utils_lib.dir/src/utils.cpp.o[0m
[ 11%] Built target global_planner__rosidl_generator_c
[ 11%] Built target ament_cmake_python_copy_global_planner
[ 28%] Built target global_planner__rosidl_typesupport_introspection_c
[ 28%] Built target global_planner__rosidl_typesupport_c
[ 37%] Built target global_planner__rosidl_typesupport_introspection_cpp
[ 45%] Built target global_planner__rosidl_typesupport_cpp
[ 54%] Built target global_planner__rosidl_typesupport_fastrtps_cpp
[ 62%] Built target global_planner__rosidl_typesupport_fastrtps_c
[ 62%] Built target global_planner
[ 64%] [34m[1mGenerating Python code for ROS interfaces[0m
running egg_info
writing global_planner.egg-info/PKG-INFO
writing dependency_links to global_planner.egg-info/dependency_links.txt
writing top-level names to global_planner.egg-info/top_level.txt
reading manifest file 'global_planner.egg-info/SOURCES.txt'
writing manifest file 'global_planner.egg-info/SOURCES.txt'
[ 64%] Built target ament_cmake_python_build_global_planner_egg
[ 64%] Built target global_planner__py
