[0.016s] Invoking command in '/home/misys/forza_ws/race_stack/global_planner/build/global_planner': /usr/bin/cmake --build /home/misys/forza_ws/race_stack/global_planner/build/global_planner -- -j18 -l18
[0.091s] [  6%] Built target global_planner__cpp
[0.091s] [  8%] [32mBuilding CXX object CMakeFiles/utils_lib.dir/src/utils.cpp.o[0m
[0.091s] [ 11%] Built target global_planner__rosidl_generator_c
[0.104s] [ 11%] Built target ament_cmake_python_copy_global_planner
[0.118s] [ 28%] Built target global_planner__rosidl_typesupport_introspection_c
[0.118s] [ 28%] Built target global_planner__rosidl_typesupport_c
[0.120s] [ 37%] Built target global_planner__rosidl_typesupport_introspection_cpp
[0.122s] [ 45%] Built target global_planner__rosidl_typesupport_cpp
[0.124s] [ 54%] Built target global_planner__rosidl_typesupport_fastrtps_cpp
[0.134s] [ 62%] Built target global_planner__rosidl_typesupport_fastrtps_c
[0.165s] [ 62%] Built target global_planner
[0.195s] [ 64%] [34m[1mGenerating Python code for ROS interfaces[0m
[0.385s] running egg_info
[0.386s] writing global_planner.egg-info/PKG-INFO
[0.386s] writing dependency_links to global_planner.egg-info/dependency_links.txt
[0.386s] writing top-level names to global_planner.egg-info/top_level.txt
[0.388s] reading manifest file 'global_planner.egg-info/SOURCES.txt'
[0.389s] writing manifest file 'global_planner.egg-info/SOURCES.txt'
[0.418s] [ 64%] Built target ament_cmake_python_build_global_planner_egg
[0.667s] In file included from [01m[K/home/misys/forza_ws/race_stack/global_planner/src/utils.cpp:3[m[K:
[0.668s] [01m[K/home/misys/forza_ws/race_stack/global_planner/include/utils.hpp:10:32:[m[K [01;31m[Kerror: [m[K‘[01m[KWpnt[m[K’ does not name a type
[0.668s]    10 | float calculate_distance(const [01;31m[KWpnt[m[K& p1, const Wpnt& p2);
[0.668s]       |                                [01;31m[K^~~~[m[K
[0.668s] [01m[K/home/misys/forza_ws/race_stack/global_planner/include/utils.hpp:10:48:[m[K [01;31m[Kerror: [m[K‘[01m[KWpnt[m[K’ does not name a type
[0.668s]    10 | float calculate_distance(const Wpnt& p1, const [01;31m[KWpnt[m[K& p2);
[0.668s]       |                                                [01;31m[K^~~~[m[K
[0.668s] [01m[K/home/misys/forza_ws/race_stack/global_planner/include/utils.hpp:14:27:[m[K [01;31m[Kerror: [m[K‘[01m[KWpnt[m[K’ does not name a type
[0.668s]    14 | float calculate_yaw(const [01;31m[KWpnt[m[K& from, const Wpnt& to);
[0.668s]       |                           [01;31m[K^~~~[m[K
[0.668s] [01m[K/home/misys/forza_ws/race_stack/global_planner/include/utils.hpp:14:45:[m[K [01;31m[Kerror: [m[K‘[01m[KWpnt[m[K’ does not name a type
[0.668s]    14 | float calculate_yaw(const Wpnt& from, const [01;31m[KWpnt[m[K& to);
[0.669s]       |                                             [01;31m[K^~~~[m[K
[0.669s] [01m[K/home/misys/forza_ws/race_stack/global_planner/include/utils.hpp:18:33:[m[K [01;31m[Kerror: [m[K‘[01m[KWpnt[m[K’ does not name a type
[0.669s]    18 | float calculate_curvature(const [01;31m[KWpnt[m[K& prev, const Wpnt& curr, const Wpnt& next);
[0.669s]       |                                 [01;31m[K^~~~[m[K
[0.669s] [01m[K/home/misys/forza_ws/race_stack/global_planner/include/utils.hpp:18:51:[m[K [01;31m[Kerror: [m[K‘[01m[KWpnt[m[K’ does not name a type
[0.669s]    18 | float calculate_curvature(const Wpnt& prev, const [01;31m[KWpnt[m[K& curr, const Wpnt& next);
[0.669s]       |                                                   [01;31m[K^~~~[m[K
[0.670s] [01m[K/home/misys/forza_ws/race_stack/global_planner/include/utils.hpp:18:69:[m[K [01;31m[Kerror: [m[K‘[01m[KWpnt[m[K’ does not name a type
[0.670s]    18 | float calculate_curvature(const Wpnt& prev, const Wpnt& curr, const [01;31m[KWpnt[m[K& next);
[0.670s]       |                                                                     [01;31m[K^~~~[m[K
[0.670s] [01m[K/home/misys/forza_ws/race_stack/global_planner/include/utils.hpp:22:11:[m[K [01;31m[Kerror: [m[K‘[01m[KWpnt[m[K’ does not name a type
[0.670s]    22 |     const [01;31m[KWpnt[m[K& prev, const Wpnt& curr, const Wpnt& next,
[0.670s]       |           [01;31m[K^~~~[m[K
[0.671s] [01m[K/home/misys/forza_ws/race_stack/global_planner/include/utils.hpp:22:29:[m[K [01;31m[Kerror: [m[K‘[01m[KWpnt[m[K’ does not name a type
[0.671s]    22 |     const Wpnt& prev, const [01;31m[KWpnt[m[K& curr, const Wpnt& next,
[0.671s]       |                             [01;31m[K^~~~[m[K
[0.671s] [01m[K/home/misys/forza_ws/race_stack/global_planner/include/utils.hpp:22:47:[m[K [01;31m[Kerror: [m[K‘[01m[KWpnt[m[K’ does not name a type
[0.671s]    22 |     const Wpnt& prev, const Wpnt& curr, const [01;31m[KWpnt[m[K& next,
[0.671s]       |                                               [01;31m[K^~~~[m[K
[0.709s] [01m[K/home/misys/forza_ws/race_stack/global_planner/src/utils.cpp:7:32:[m[K [01;31m[Kerror: [m[K‘[01m[KWpnt[m[K’ does not name a type
[0.709s]     7 | float calculate_distance(const [01;31m[KWpnt[m[K& p1, const Wpnt& p2) {
[0.709s]       |                                [01;31m[K^~~~[m[K
[0.709s] [01m[K/home/misys/forza_ws/race_stack/global_planner/src/utils.cpp:7:48:[m[K [01;31m[Kerror: [m[K‘[01m[KWpnt[m[K’ does not name a type
[0.709s]     7 | float calculate_distance(const Wpnt& p1, const [01;31m[KWpnt[m[K& p2) {
[0.709s]       |                                                [01;31m[K^~~~[m[K
[0.710s] [01m[K/home/misys/forza_ws/race_stack/global_planner/src/utils.cpp:[m[K In function ‘[01m[Kfloat calculate_distance(const int&, const int&)[m[K’:
[0.710s] [01m[K/home/misys/forza_ws/race_stack/global_planner/src/utils.cpp:8:34:[m[K [01;31m[Kerror: [m[Krequest for member ‘[01m[Kx[m[K’ in ‘[01m[Kp1[m[K’, which is of non-class type ‘[01m[Kconst int[m[K’
[0.710s]     8 |     return calculate_distance(p1.[01;31m[Kx[m[K, p1.y, p2.x, p2.y);
[0.710s]       |                                  [01;31m[K^[m[K
[0.710s] [01m[K/home/misys/forza_ws/race_stack/global_planner/src/utils.cpp:8:40:[m[K [01;31m[Kerror: [m[Krequest for member ‘[01m[Ky[m[K’ in ‘[01m[Kp1[m[K’, which is of non-class type ‘[01m[Kconst int[m[K’
[0.710s]     8 |     return calculate_distance(p1.x, p1.[01;31m[Ky[m[K, p2.x, p2.y);
[0.710s]       |                                        [01;31m[K^[m[K
[0.711s] [01m[K/home/misys/forza_ws/race_stack/global_planner/src/utils.cpp:8:46:[m[K [01;31m[Kerror: [m[Krequest for member ‘[01m[Kx[m[K’ in ‘[01m[Kp2[m[K’, which is of non-class type ‘[01m[Kconst int[m[K’
[0.711s]     8 |     return calculate_distance(p1.x, p1.y, p2.[01;31m[Kx[m[K, p2.y);
[0.711s]       |                                              [01;31m[K^[m[K
[0.711s] [01m[K/home/misys/forza_ws/race_stack/global_planner/src/utils.cpp:8:52:[m[K [01;31m[Kerror: [m[Krequest for member ‘[01m[Ky[m[K’ in ‘[01m[Kp2[m[K’, which is of non-class type ‘[01m[Kconst int[m[K’
[0.711s]     8 |     return calculate_distance(p1.x, p1.y, p2.x, p2.[01;31m[Ky[m[K);
[0.711s]       |                                                    [01;31m[K^[m[K
[0.711s] [01m[K/home/misys/forza_ws/race_stack/global_planner/src/utils.cpp:[m[K At global scope:
[0.711s] [01m[K/home/misys/forza_ws/race_stack/global_planner/src/utils.cpp:16:27:[m[K [01;31m[Kerror: [m[K‘[01m[KWpnt[m[K’ does not name a type
[0.711s]    16 | float calculate_yaw(const [01;31m[KWpnt[m[K& from, const Wpnt& to) {
[0.711s]       |                           [01;31m[K^~~~[m[K
[0.711s] [01m[K/home/misys/forza_ws/race_stack/global_planner/src/utils.cpp:16:45:[m[K [01;31m[Kerror: [m[K‘[01m[KWpnt[m[K’ does not name a type
[0.712s]    16 | float calculate_yaw(const Wpnt& from, const [01;31m[KWpnt[m[K& to) {
[0.712s]       |                                             [01;31m[K^~~~[m[K
[0.712s] [01m[K/home/misys/forza_ws/race_stack/global_planner/src/utils.cpp:[m[K In function ‘[01m[Kfloat calculate_yaw(const int&, const int&)[m[K’:
[0.712s] [01m[K/home/misys/forza_ws/race_stack/global_planner/src/utils.cpp:17:19:[m[K [01;31m[Kerror: [m[Krequest for member ‘[01m[Kx[m[K’ in ‘[01m[Kto[m[K’, which is of non-class type ‘[01m[Kconst int[m[K’
[0.712s]    17 |     float dx = to.[01;31m[Kx[m[K - from.x;
[0.712s]       |                   [01;31m[K^[m[K
[0.712s] [01m[K/home/misys/forza_ws/race_stack/global_planner/src/utils.cpp:17:28:[m[K [01;31m[Kerror: [m[Krequest for member ‘[01m[Kx[m[K’ in ‘[01m[Kfrom[m[K’, which is of non-class type ‘[01m[Kconst int[m[K’
[0.712s]    17 |     float dx = to.x - from.[01;31m[Kx[m[K;
[0.713s]       |                            [01;31m[K^[m[K
[0.713s] [01m[K/home/misys/forza_ws/race_stack/global_planner/src/utils.cpp:18:19:[m[K [01;31m[Kerror: [m[Krequest for member ‘[01m[Ky[m[K’ in ‘[01m[Kto[m[K’, which is of non-class type ‘[01m[Kconst int[m[K’
[0.713s]    18 |     float dy = to.[01;31m[Ky[m[K - from.y;
[0.713s]       |                   [01;31m[K^[m[K
[0.713s] [01m[K/home/misys/forza_ws/race_stack/global_planner/src/utils.cpp:18:28:[m[K [01;31m[Kerror: [m[Krequest for member ‘[01m[Ky[m[K’ in ‘[01m[Kfrom[m[K’, which is of non-class type ‘[01m[Kconst int[m[K’
[0.713s]    18 |     float dy = to.y - from.[01;31m[Ky[m[K;
[0.713s]       |                            [01;31m[K^[m[K
[0.713s] [01m[K/home/misys/forza_ws/race_stack/global_planner/src/utils.cpp:[m[K At global scope:
[0.713s] [01m[K/home/misys/forza_ws/race_stack/global_planner/src/utils.cpp:27:33:[m[K [01;31m[Kerror: [m[K‘[01m[KWpnt[m[K’ does not name a type
[0.713s]    27 | float calculate_curvature(const [01;31m[KWpnt[m[K& prev, const Wpnt& curr, const Wpnt& next) {
[0.713s]       |                                 [01;31m[K^~~~[m[K
[0.714s] [01m[K/home/misys/forza_ws/race_stack/global_planner/src/utils.cpp:27:51:[m[K [01;31m[Kerror: [m[K‘[01m[KWpnt[m[K’ does not name a type
[0.714s]    27 | float calculate_curvature(const Wpnt& prev, const [01;31m[KWpnt[m[K& curr, const Wpnt& next) {
[0.714s]       |                                                   [01;31m[K^~~~[m[K
[0.714s] [01m[K/home/misys/forza_ws/race_stack/global_planner/src/utils.cpp:27:69:[m[K [01;31m[Kerror: [m[K‘[01m[KWpnt[m[K’ does not name a type
[0.714s]    27 | float calculate_curvature(const Wpnt& prev, const Wpnt& curr, const [01;31m[KWpnt[m[K& next) {
[0.714s]       |                                                                     [01;31m[K^~~~[m[K
[0.714s] [01m[K/home/misys/forza_ws/race_stack/global_planner/src/utils.cpp:[m[K In function ‘[01m[Kfloat calculate_curvature(const int&, const int&, const int&)[m[K’:
[0.714s] [01m[K/home/misys/forza_ws/race_stack/global_planner/src/utils.cpp:28:22:[m[K [01;31m[Kerror: [m[Krequest for member ‘[01m[Kx[m[K’ in ‘[01m[Kcurr[m[K’, which is of non-class type ‘[01m[Kconst int[m[K’
[0.714s]    28 |     float dx1 = curr.[01;31m[Kx[m[K - prev.x;
[0.714s]       |                      [01;31m[K^[m[K
[0.714s] [01m[K/home/misys/forza_ws/race_stack/global_planner/src/utils.cpp:28:31:[m[K [01;31m[Kerror: [m[Krequest for member ‘[01m[Kx[m[K’ in ‘[01m[Kprev[m[K’, which is of non-class type ‘[01m[Kconst int[m[K’
[0.714s]    28 |     float dx1 = curr.x - prev.[01;31m[Kx[m[K;
[0.715s]       |                               [01;31m[K^[m[K
[0.715s] [01m[K/home/misys/forza_ws/race_stack/global_planner/src/utils.cpp:29:22:[m[K [01;31m[Kerror: [m[Krequest for member ‘[01m[Ky[m[K’ in ‘[01m[Kcurr[m[K’, which is of non-class type ‘[01m[Kconst int[m[K’
[0.715s]    29 |     float dy1 = curr.[01;31m[Ky[m[K - prev.y;
[0.715s]       |                      [01;31m[K^[m[K
[0.715s] [01m[K/home/misys/forza_ws/race_stack/global_planner/src/utils.cpp:29:31:[m[K [01;31m[Kerror: [m[Krequest for member ‘[01m[Ky[m[K’ in ‘[01m[Kprev[m[K’, which is of non-class type ‘[01m[Kconst int[m[K’
[0.715s]    29 |     float dy1 = curr.y - prev.[01;31m[Ky[m[K;
[0.715s]       |                               [01;31m[K^[m[K
[0.715s] [01m[K/home/misys/forza_ws/race_stack/global_planner/src/utils.cpp:30:22:[m[K [01;31m[Kerror: [m[Krequest for member ‘[01m[Kx[m[K’ in ‘[01m[Knext[m[K’, which is of non-class type ‘[01m[Kconst int[m[K’
[0.715s]    30 |     float dx2 = next.[01;31m[Kx[m[K - curr.x;
[0.715s]       |                      [01;31m[K^[m[K
[0.715s] [01m[K/home/misys/forza_ws/race_stack/global_planner/src/utils.cpp:30:31:[m[K [01;31m[Kerror: [m[Krequest for member ‘[01m[Kx[m[K’ in ‘[01m[Kcurr[m[K’, which is of non-class type ‘[01m[Kconst int[m[K’
[0.715s]    30 |     float dx2 = next.x - curr.[01;31m[Kx[m[K;
[0.715s]       |                               [01;31m[K^[m[K
[0.716s] [01m[K/home/misys/forza_ws/race_stack/global_planner/src/utils.cpp:31:22:[m[K [01;31m[Kerror: [m[Krequest for member ‘[01m[Ky[m[K’ in ‘[01m[Knext[m[K’, which is of non-class type ‘[01m[Kconst int[m[K’
[0.716s]    31 |     float dy2 = next.[01;31m[Ky[m[K - curr.y;
[0.716s]       |                      [01;31m[K^[m[K
[0.716s] [01m[K/home/misys/forza_ws/race_stack/global_planner/src/utils.cpp:31:31:[m[K [01;31m[Kerror: [m[Krequest for member ‘[01m[Ky[m[K’ in ‘[01m[Kcurr[m[K’, which is of non-class type ‘[01m[Kconst int[m[K’
[0.716s]    31 |     float dy2 = next.y - curr.[01;31m[Ky[m[K;
[0.716s]       |                               [01;31m[K^[m[K
[0.716s] [01m[K/home/misys/forza_ws/race_stack/global_planner/src/utils.cpp:[m[K At global scope:
[0.716s] [01m[K/home/misys/forza_ws/race_stack/global_planner/src/utils.cpp:47:11:[m[K [01;31m[Kerror: [m[K‘[01m[KWpnt[m[K’ does not name a type
[0.716s]    47 |     const [01;31m[KWpnt[m[K& prev, const Wpnt& curr, const Wpnt& next,
[0.716s]       |           [01;31m[K^~~~[m[K
[0.716s] [01m[K/home/misys/forza_ws/race_stack/global_planner/src/utils.cpp:47:29:[m[K [01;31m[Kerror: [m[K‘[01m[KWpnt[m[K’ does not name a type
[0.717s]    47 |     const Wpnt& prev, const [01;31m[KWpnt[m[K& curr, const Wpnt& next,
[0.717s]       |                             [01;31m[K^~~~[m[K
[0.717s] [01m[K/home/misys/forza_ws/race_stack/global_planner/src/utils.cpp:47:47:[m[K [01;31m[Kerror: [m[K‘[01m[KWpnt[m[K’ does not name a type
[0.717s]    47 |     const Wpnt& prev, const Wpnt& curr, const [01;31m[KWpnt[m[K& next,
[0.717s]       |                                               [01;31m[K^~~~[m[K
[0.717s] [01m[K/home/misys/forza_ws/race_stack/global_planner/src/utils.cpp:[m[K In function ‘[01m[Kfloat calculate_curvature_rate(const int&, const int&, const int&, float, float)[m[K’:
[0.717s] [01m[K/home/misys/forza_ws/race_stack/global_planner/src/utils.cpp:55:26:[m[K [01;31m[Kerror: [m[Krequest for member ‘[01m[Kcurvature[m[K’ in ‘[01m[Knext[m[K’, which is of non-class type ‘[01m[Kconst int[m[K’
[0.717s]    55 |     float dkappa = (next.[01;31m[Kcurvature[m[K - prev.curvature) / (ds_prev + ds_next);
[0.717s]       |                          [01;31m[K^~~~~~~~~[m[K
[0.717s] [01m[K/home/misys/forza_ws/race_stack/global_planner/src/utils.cpp:55:43:[m[K [01;31m[Kerror: [m[Krequest for member ‘[01m[Kcurvature[m[K’ in ‘[01m[Kprev[m[K’, which is of non-class type ‘[01m[Kconst int[m[K’
[0.717s]    55 |     float dkappa = (next.curvature - prev.[01;31m[Kcurvature[m[K) / (ds_prev + ds_next);
[0.717s]       |                                           [01;31m[K^~~~~~~~~[m[K
[0.797s] gmake[2]: *** [CMakeFiles/utils_lib.dir/build.make:76: CMakeFiles/utils_lib.dir/src/utils.cpp.o] Error 1
[0.797s] gmake[1]: *** [CMakeFiles/Makefile2:602: CMakeFiles/utils_lib.dir/all] Error 2
[0.797s] gmake[1]: *** Waiting for unfinished jobs....
[0.836s] [ 64%] Built target global_planner__py
[0.838s] gmake: *** [Makefile:146: all] Error 2
[0.840s] Invoked command in '/home/misys/forza_ws/race_stack/global_planner/build/global_planner' returned '2': /usr/bin/cmake --build /home/misys/forza_ws/race_stack/global_planner/build/global_planner -- -j18 -l18
