[0.119s] DEBUG:colcon:Command line arguments: ['/usr/bin/colcon', 'build']
[0.119s] DEBUG:colcon:Parsed command line arguments: Namespace(log_base=None, log_level=None, verb_name='build', build_base='build', install_base='install', merge_install=False, symlink_install=False, test_result_base=None, continue_on_error=False, executor='parallel', parallel_workers=18, event_handlers=None, ignore_user_meta=False, metas=['./colcon.meta'], base_paths=['.'], packages_ignore=None, packages_ignore_regex=None, paths=None, packages_up_to=None, packages_up_to_regex=None, packages_above=None, packages_above_and_dependencies=None, packages_above_depth=None, packages_select_by_dep=None, packages_skip_by_dep=None, packages_skip_up_to=None, packages_select_build_failed=False, packages_skip_build_finished=False, packages_select_test_failures=False, packages_skip_test_passed=False, packages_select=None, packages_skip=None, packages_select_regex=None, packages_skip_regex=None, packages_start=None, packages_end=None, cmake_args=None, cmake_target=None, cmake_target_skip_unavailable=False, cmake_clean_cache=False, cmake_clean_first=False, cmake_force_configure=False, ament_cmake_args=None, catkin_cmake_args=None, catkin_skip_building_tests=False, mixin_files=None, mixin=None, verb_parser=<colcon_mixin.mixin.mixin_argument.MixinArgumentDecorator object at 0x71edca505f60>, verb_extension=<colcon_core.verb.build.BuildVerb object at 0x71edca6f38b0>, main=<bound method BuildVerb.main of <colcon_core.verb.build.BuildVerb object at 0x71edca6f38b0>>, mixin_verb=('build',))
[0.304s] Level 1:colcon.colcon_core.package_discovery:discover_packages(colcon_meta) check parameters
[0.304s] Level 1:colcon.colcon_core.package_discovery:discover_packages(recursive) check parameters
[0.304s] Level 1:colcon.colcon_core.package_discovery:discover_packages(ignore) check parameters
[0.304s] Level 1:colcon.colcon_core.package_discovery:discover_packages(path) check parameters
[0.304s] Level 1:colcon.colcon_core.package_discovery:discover_packages(colcon_meta) discover
[0.304s] Level 1:colcon.colcon_core.package_discovery:discover_packages(recursive) discover
[0.304s] INFO:colcon.colcon_core.package_discovery:Crawling recursively for packages in '/home/misys/forza_ws/race_stack/global_planner'
[0.304s] Level 1:colcon.colcon_core.package_identification:_identify(.) by extensions ['ignore', 'ignore_ament_install']
[0.304s] Level 1:colcon.colcon_core.package_identification:_identify(.) by extension 'ignore'
[0.304s] Level 1:colcon.colcon_core.package_identification:_identify(.) by extension 'ignore_ament_install'
[0.304s] Level 1:colcon.colcon_core.package_identification:_identify(.) by extensions ['colcon_pkg']
[0.304s] Level 1:colcon.colcon_core.package_identification:_identify(.) by extension 'colcon_pkg'
[0.304s] Level 1:colcon.colcon_core.package_identification:_identify(.) by extensions ['colcon_meta']
[0.305s] Level 1:colcon.colcon_core.package_identification:_identify(.) by extension 'colcon_meta'
[0.305s] Level 1:colcon.colcon_core.package_identification:_identify(.) by extensions ['ros']
[0.305s] Level 1:colcon.colcon_core.package_identification:_identify(.) by extension 'ros'
[0.328s] DEBUG:colcon.colcon_core.package_identification:Package '.' with type 'ros.catkin' and name 'global_planner'
[0.328s] Level 1:colcon.colcon_core.package_discovery:discover_packages(recursive) using defaults
[0.329s] Level 1:colcon.colcon_core.package_discovery:discover_packages(ignore) discover
[0.329s] Level 1:colcon.colcon_core.package_discovery:discover_packages(ignore) using defaults
[0.329s] Level 1:colcon.colcon_core.package_discovery:discover_packages(path) discover
[0.329s] Level 1:colcon.colcon_core.package_discovery:discover_packages(path) using defaults
[0.348s] Level 5:colcon.colcon_core.verb:set package 'global_planner' build argument 'cmake_args' from command line to 'None'
[0.348s] Level 5:colcon.colcon_core.verb:set package 'global_planner' build argument 'cmake_target' from command line to 'None'
[0.348s] Level 5:colcon.colcon_core.verb:set package 'global_planner' build argument 'cmake_target_skip_unavailable' from command line to 'False'
[0.349s] Level 5:colcon.colcon_core.verb:set package 'global_planner' build argument 'cmake_clean_cache' from command line to 'False'
[0.349s] Level 5:colcon.colcon_core.verb:set package 'global_planner' build argument 'cmake_clean_first' from command line to 'False'
[0.349s] Level 5:colcon.colcon_core.verb:set package 'global_planner' build argument 'cmake_force_configure' from command line to 'False'
[0.349s] Level 5:colcon.colcon_core.verb:set package 'global_planner' build argument 'ament_cmake_args' from command line to 'None'
[0.349s] Level 5:colcon.colcon_core.verb:set package 'global_planner' build argument 'catkin_cmake_args' from command line to 'None'
[0.349s] Level 5:colcon.colcon_core.verb:set package 'global_planner' build argument 'catkin_skip_building_tests' from command line to 'False'
[0.349s] DEBUG:colcon.colcon_core.verb:Building package 'global_planner' with the following arguments: {'ament_cmake_args': None, 'build_base': '/home/misys/forza_ws/race_stack/global_planner/build/global_planner', 'catkin_cmake_args': None, 'catkin_skip_building_tests': False, 'cmake_args': None, 'cmake_clean_cache': False, 'cmake_clean_first': False, 'cmake_force_configure': False, 'cmake_target': None, 'cmake_target_skip_unavailable': False, 'install_base': '/home/misys/forza_ws/race_stack/global_planner/install/global_planner', 'merge_install': False, 'path': '/home/misys/forza_ws/race_stack/global_planner', 'symlink_install': False, 'test_result_base': None}
[0.349s] INFO:colcon.colcon_core.executor:Executing jobs using 'parallel' executor
[0.350s] DEBUG:colcon.colcon_parallel_executor.executor.parallel:run_until_complete
[0.351s] INFO:colcon.colcon_ros.task.catkin.build:Building ROS package in '/home/misys/forza_ws/race_stack/global_planner' with build type 'catkin'
[0.351s] INFO:colcon.colcon_cmake.task.cmake.build:Building CMake package in '/home/misys/forza_ws/race_stack/global_planner'
[0.353s] INFO:colcon.colcon_core.plugin_system:Skipping extension 'colcon_core.shell.bat': Not used on non-Windows systems
[0.353s] INFO:colcon.colcon_core.shell:Skip shell extension 'powershell' for command environment: Not usable outside of PowerShell
[0.353s] DEBUG:colcon.colcon_core.shell:Skip shell extension 'dsv' for command environment
[0.370s] DEBUG:colcon.colcon_core.event_handler.log_command:Invoking command in '/home/misys/forza_ws/race_stack/global_planner/build/global_planner': /usr/bin/cmake --build /home/misys/forza_ws/race_stack/global_planner/build/global_planner -- -j18 -l18
[2.020s] DEBUG:colcon.colcon_core.event_handler.log_command:Invoked command in '/home/misys/forza_ws/race_stack/global_planner/build/global_planner' returned '2': /usr/bin/cmake --build /home/misys/forza_ws/race_stack/global_planner/build/global_planner -- -j18 -l18
[2.021s] Level 1:colcon.colcon_core.shell:create_environment_hook('global_planner', 'ros_package_path')
[2.021s] INFO:colcon.colcon_core.shell:Creating environment hook '/home/misys/forza_ws/race_stack/global_planner/install/global_planner/share/global_planner/hook/ros_package_path.ps1'
[2.022s] INFO:colcon.colcon_core.shell:Creating environment descriptor '/home/misys/forza_ws/race_stack/global_planner/install/global_planner/share/global_planner/hook/ros_package_path.dsv'
[2.022s] INFO:colcon.colcon_core.shell:Creating environment hook '/home/misys/forza_ws/race_stack/global_planner/install/global_planner/share/global_planner/hook/ros_package_path.sh'
[2.024s] Level 1:colcon.colcon_ros.task.catkin:checking '/home/misys/forza_ws/race_stack/global_planner/install/global_planner/local/lib/python3.10/dist-packages'
[2.024s] Level 1:colcon.colcon_core.shell:create_environment_hook('global_planner', 'pkg_config_path')
[2.024s] INFO:colcon.colcon_core.shell:Creating environment hook '/home/misys/forza_ws/race_stack/global_planner/install/global_planner/share/global_planner/hook/pkg_config_path.ps1'
[2.024s] INFO:colcon.colcon_core.shell:Creating environment descriptor '/home/misys/forza_ws/race_stack/global_planner/install/global_planner/share/global_planner/hook/pkg_config_path.dsv'
[2.025s] INFO:colcon.colcon_core.shell:Creating environment hook '/home/misys/forza_ws/race_stack/global_planner/install/global_planner/share/global_planner/hook/pkg_config_path.sh'
[2.028s] Level 1:colcon.colcon_core.shell:create_environment_hook('global_planner', 'pkg_config_path_multiarch')
[2.028s] INFO:colcon.colcon_core.shell:Creating environment hook '/home/misys/forza_ws/race_stack/global_planner/install/global_planner/share/global_planner/hook/pkg_config_path_multiarch.ps1'
[2.028s] INFO:colcon.colcon_core.shell:Creating environment descriptor '/home/misys/forza_ws/race_stack/global_planner/install/global_planner/share/global_planner/hook/pkg_config_path_multiarch.dsv'
[2.029s] INFO:colcon.colcon_core.shell:Creating environment hook '/home/misys/forza_ws/race_stack/global_planner/install/global_planner/share/global_planner/hook/pkg_config_path_multiarch.sh'
[2.030s] Level 1:colcon.colcon_core.environment:create_environment_scripts_only(global_planner)
[2.033s] Level 1:colcon.colcon_core.environment:checking '/home/misys/forza_ws/race_stack/global_planner/install/global_planner' for CMake module files
[2.033s] Level 1:colcon.colcon_core.environment:checking '/home/misys/forza_ws/race_stack/global_planner/install/global_planner' for CMake config files
[2.034s] Level 1:colcon.colcon_core.environment:checking '/home/misys/forza_ws/race_stack/global_planner/install/global_planner/bin'
[2.034s] Level 1:colcon.colcon_core.environment:checking '/home/misys/forza_ws/race_stack/global_planner/install/global_planner/lib/pkgconfig/global_planner.pc'
[2.036s] Level 1:colcon.colcon_core.environment:checking '/home/misys/forza_ws/race_stack/global_planner/install/global_planner/lib/python3.10/site-packages'
[2.037s] Level 1:colcon.colcon_core.environment:checking '/home/misys/forza_ws/race_stack/global_planner/install/global_planner/bin'
[2.037s] INFO:colcon.colcon_core.shell:Creating package script '/home/misys/forza_ws/race_stack/global_planner/install/global_planner/share/global_planner/package.ps1'
[2.038s] INFO:colcon.colcon_core.shell:Creating package descriptor '/home/misys/forza_ws/race_stack/global_planner/install/global_planner/share/global_planner/package.dsv'
[2.039s] INFO:colcon.colcon_core.shell:Creating package script '/home/misys/forza_ws/race_stack/global_planner/install/global_planner/share/global_planner/package.sh'
[2.040s] INFO:colcon.colcon_core.shell:Creating package script '/home/misys/forza_ws/race_stack/global_planner/install/global_planner/share/global_planner/package.bash'
[2.041s] INFO:colcon.colcon_core.shell:Creating package script '/home/misys/forza_ws/race_stack/global_planner/install/global_planner/share/global_planner/package.zsh'
[2.042s] Level 1:colcon.colcon_core.environment:create_file_with_runtime_dependencies(/home/misys/forza_ws/race_stack/global_planner/install/global_planner/share/colcon-core/packages/global_planner)
[2.052s] DEBUG:colcon.colcon_parallel_executor.executor.parallel:closing loop
[2.052s] DEBUG:colcon.colcon_parallel_executor.executor.parallel:loop closed
[2.053s] DEBUG:colcon.colcon_parallel_executor.executor.parallel:run_until_complete finished with '2'
[2.053s] DEBUG:colcon.colcon_core.event_reactor:joining thread
[2.061s] INFO:colcon.colcon_core.plugin_system:Skipping extension 'colcon_notification.desktop_notification.notify_send': Could not find 'notify-send'
[2.061s] INFO:colcon.colcon_core.plugin_system:Skipping extension 'colcon_notification.desktop_notification.terminal_notifier': Not used on non-Darwin systems
[2.061s] INFO:colcon.colcon_core.plugin_system:Skipping extension 'colcon_notification.desktop_notification.win32': Not used on non-Windows systems
[2.061s] INFO:colcon.colcon_notification.desktop_notification:Sending desktop notification using 'notify2'
[2.064s] DEBUG:colcon.colcon_notification.desktop_notification.notify2:Failed to initialize notify2: org.freedesktop.DBus.Error.Spawn.ExecFailed: /usr/bin/dbus-launch terminated abnormally without any error message
[2.065s] DEBUG:colcon.colcon_core.event_reactor:joined thread
[2.066s] INFO:colcon.colcon_core.shell:Creating prefix script '/home/misys/forza_ws/race_stack/global_planner/install/local_setup.ps1'
[2.068s] INFO:colcon.colcon_core.shell:Creating prefix util module '/home/misys/forza_ws/race_stack/global_planner/install/_local_setup_util_ps1.py'
[2.070s] INFO:colcon.colcon_core.shell:Creating prefix chain script '/home/misys/forza_ws/race_stack/global_planner/install/setup.ps1'
[2.072s] INFO:colcon.colcon_core.shell:Creating prefix script '/home/misys/forza_ws/race_stack/global_planner/install/local_setup.sh'
[2.073s] INFO:colcon.colcon_core.shell:Creating prefix util module '/home/misys/forza_ws/race_stack/global_planner/install/_local_setup_util_sh.py'
[2.074s] INFO:colcon.colcon_core.shell:Creating prefix chain script '/home/misys/forza_ws/race_stack/global_planner/install/setup.sh'
[2.076s] INFO:colcon.colcon_core.shell:Creating prefix script '/home/misys/forza_ws/race_stack/global_planner/install/local_setup.bash'
[2.076s] INFO:colcon.colcon_core.shell:Creating prefix chain script '/home/misys/forza_ws/race_stack/global_planner/install/setup.bash'
[2.078s] INFO:colcon.colcon_core.shell:Creating prefix script '/home/misys/forza_ws/race_stack/global_planner/install/local_setup.zsh'
[2.078s] INFO:colcon.colcon_core.shell:Creating prefix chain script '/home/misys/forza_ws/race_stack/global_planner/install/setup.zsh'
