/home/misys/forza_ws/race_stack/install/slam_tuner/lib/python3.10/site-packages/slam_tuner/path_recorder.py
/home/misys/forza_ws/race_stack/install/slam_tuner/lib/python3.10/site-packages/slam_tuner/__init__.py
/home/misys/forza_ws/race_stack/install/slam_tuner/lib/python3.10/site-packages/slam_tuner/setup.py
/home/misys/forza_ws/race_stack/install/slam_tuner/lib/python3.10/site-packages/slam_tuner/reconstruction_error.py
/home/misys/forza_ws/race_stack/install/slam_tuner/lib/python3.10/site-packages/slam_tuner/errormetrics/__init__.py
/home/misys/forza_ws/race_stack/install/slam_tuner/lib/python3.10/site-packages/slam_tuner/errormetrics/utils.py
/home/misys/forza_ws/race_stack/install/slam_tuner/lib/python3.10/site-packages/slam_tuner/errormetrics/csv_io.py
/home/misys/forza_ws/race_stack/install/slam_tuner/lib/python3.10/site-packages/slam_tuner/errormetrics/plot_things.py
/home/misys/forza_ws/race_stack/install/slam_tuner/lib/python3.10/site-packages/slam_tuner/__pycache__/path_recorder.cpython-310.pyc
/home/misys/forza_ws/race_stack/install/slam_tuner/lib/python3.10/site-packages/slam_tuner/__pycache__/__init__.cpython-310.pyc
/home/misys/forza_ws/race_stack/install/slam_tuner/lib/python3.10/site-packages/slam_tuner/__pycache__/setup.cpython-310.pyc
/home/misys/forza_ws/race_stack/install/slam_tuner/lib/python3.10/site-packages/slam_tuner/__pycache__/reconstruction_error.cpython-310.pyc
/home/misys/forza_ws/race_stack/install/slam_tuner/lib/python3.10/site-packages/slam_tuner/errormetrics/__pycache__/__init__.cpython-310.pyc
/home/misys/forza_ws/race_stack/install/slam_tuner/lib/python3.10/site-packages/slam_tuner/errormetrics/__pycache__/utils.cpython-310.pyc
/home/misys/forza_ws/race_stack/install/slam_tuner/lib/python3.10/site-packages/slam_tuner/errormetrics/__pycache__/csv_io.cpython-310.pyc
/home/misys/forza_ws/race_stack/install/slam_tuner/lib/python3.10/site-packages/slam_tuner/errormetrics/__pycache__/plot_things.cpython-310.pyc
/home/misys/forza_ws/race_stack/install/slam_tuner/share/ament_index/resource_index/packages/slam_tuner
/home/misys/forza_ws/race_stack/install/slam_tuner/share/slam_tuner/package.xml
/home/misys/forza_ws/race_stack/install/slam_tuner/share/slam_tuner/config/f110_2d_loc.lua
/home/misys/forza_ws/race_stack/install/slam_tuner/share/slam_tuner/config/f110_2d.lua
/home/misys/forza_ws/race_stack/install/slam_tuner/share/slam_tuner/launch/tuner_launch.xml
/home/misys/forza_ws/race_stack/install/slam_tuner/share/slam_tuner/launch/ekf_sim_launch.py
/home/misys/forza_ws/race_stack/install/slam_tuner/share/slam_tuner/rviz/tuner.rviz
/home/misys/forza_ws/race_stack/install/slam_tuner/share/slam_tuner/rviz/tuner_rviz.rviz
/home/misys/forza_ws/race_stack/install/slam_tuner/share/slam_tuner/data
/home/misys/forza_ws/race_stack/install/slam_tuner/lib/python3.10/site-packages/slam_tuner-0.0.0-py3.10.egg-info/PKG-INFO
/home/misys/forza_ws/race_stack/install/slam_tuner/lib/python3.10/site-packages/slam_tuner-0.0.0-py3.10.egg-info/SOURCES.txt
/home/misys/forza_ws/race_stack/install/slam_tuner/lib/python3.10/site-packages/slam_tuner-0.0.0-py3.10.egg-info/dependency_links.txt
/home/misys/forza_ws/race_stack/install/slam_tuner/lib/python3.10/site-packages/slam_tuner-0.0.0-py3.10.egg-info/zip-safe
/home/misys/forza_ws/race_stack/install/slam_tuner/lib/python3.10/site-packages/slam_tuner-0.0.0-py3.10.egg-info/entry_points.txt
/home/misys/forza_ws/race_stack/install/slam_tuner/lib/python3.10/site-packages/slam_tuner-0.0.0-py3.10.egg-info/requires.txt
/home/misys/forza_ws/race_stack/install/slam_tuner/lib/python3.10/site-packages/slam_tuner-0.0.0-py3.10.egg-info/top_level.txt
/home/misys/forza_ws/race_stack/install/slam_tuner/lib/slam_tuner/slam_tuner_node
