running egg_info
creating ../build/controller/controller.egg-info
writing ../build/controller/controller.egg-info/PKG-INFO
writing dependency_links to ../build/controller/controller.egg-info/dependency_links.txt
writing entry points to ../build/controller/controller.egg-info/entry_points.txt
writing requirements to ../build/controller/controller.egg-info/requires.txt
writing top-level names to ../build/controller/controller.egg-info/top_level.txt
writing manifest file '../build/controller/controller.egg-info/SOURCES.txt'
reading manifest file '../build/controller/controller.egg-info/SOURCES.txt'
adding license file 'LICENSE'
writing manifest file '../build/controller/controller.egg-info/SOURCES.txt'
running build
running build_py
creating /home/misys/forza_ws/race_stack/build/controller/build
creating /home/misys/forza_ws/race_stack/build/controller/build/lib
creating /home/misys/forza_ws/race_stack/build/controller/build/lib/controller
copying controller/controller_manager.py -> /home/misys/forza_ws/race_stack/build/controller/build/lib/controller
copying controller/__init__.py -> /home/misys/forza_ws/race_stack/build/controller/build/lib/controller
copying controller/controller_manager_small.py -> /home/misys/forza_ws/race_stack/build/controller/build/lib/controller
copying controller/ftg.py -> /home/misys/forza_ws/race_stack/build/controller/build/lib/controller
copying controller/pp.py -> /home/misys/forza_ws/race_stack/build/controller/build/lib/controller
copying controller/map.py -> /home/misys/forza_ws/race_stack/build/controller/build/lib/controller
running install
running install_lib
creating /home/misys/forza_ws/race_stack/install/controller/lib/python3.10/site-packages/controller
copying /home/misys/forza_ws/race_stack/build/controller/build/lib/controller/controller_manager.py -> /home/misys/forza_ws/race_stack/install/controller/lib/python3.10/site-packages/controller
copying /home/misys/forza_ws/race_stack/build/controller/build/lib/controller/__init__.py -> /home/misys/forza_ws/race_stack/install/controller/lib/python3.10/site-packages/controller
copying /home/misys/forza_ws/race_stack/build/controller/build/lib/controller/controller_manager_small.py -> /home/misys/forza_ws/race_stack/install/controller/lib/python3.10/site-packages/controller
copying /home/misys/forza_ws/race_stack/build/controller/build/lib/controller/ftg.py -> /home/misys/forza_ws/race_stack/install/controller/lib/python3.10/site-packages/controller
copying /home/misys/forza_ws/race_stack/build/controller/build/lib/controller/pp.py -> /home/misys/forza_ws/race_stack/install/controller/lib/python3.10/site-packages/controller
copying /home/misys/forza_ws/race_stack/build/controller/build/lib/controller/map.py -> /home/misys/forza_ws/race_stack/install/controller/lib/python3.10/site-packages/controller
byte-compiling /home/misys/forza_ws/race_stack/install/controller/lib/python3.10/site-packages/controller/controller_manager.py to controller_manager.cpython-310.pyc
byte-compiling /home/misys/forza_ws/race_stack/install/controller/lib/python3.10/site-packages/controller/__init__.py to __init__.cpython-310.pyc
byte-compiling /home/misys/forza_ws/race_stack/install/controller/lib/python3.10/site-packages/controller/controller_manager_small.py to controller_manager_small.cpython-310.pyc
byte-compiling /home/misys/forza_ws/race_stack/install/controller/lib/python3.10/site-packages/controller/ftg.py to ftg.cpython-310.pyc
byte-compiling /home/misys/forza_ws/race_stack/install/controller/lib/python3.10/site-packages/controller/pp.py to pp.cpython-310.pyc
byte-compiling /home/misys/forza_ws/race_stack/install/controller/lib/python3.10/site-packages/controller/map.py to map.cpython-310.pyc
running install_data
creating /home/misys/forza_ws/race_stack/install/controller/share/ament_index
creating /home/misys/forza_ws/race_stack/install/controller/share/ament_index/resource_index
creating /home/misys/forza_ws/race_stack/install/controller/share/ament_index/resource_index/packages
copying resource/controller -> /home/misys/forza_ws/race_stack/install/controller/share/ament_index/resource_index/packages
copying package.xml -> /home/misys/forza_ws/race_stack/install/controller/share/controller
creating /home/misys/forza_ws/race_stack/install/controller/share/controller/launch
copying launch/controller_small_launch.xml -> /home/misys/forza_ws/race_stack/install/controller/share/controller/launch
copying launch/controller_launch.xml -> /home/misys/forza_ws/race_stack/install/controller/share/controller/launch
running install_egg_info
Copying ../build/controller/controller.egg-info to /home/misys/forza_ws/race_stack/install/controller/lib/python3.10/site-packages/controller-0.0.0-py3.10.egg-info
running install_scripts
Installing controller script to /home/misys/forza_ws/race_stack/install/controller/lib/controller
Installing controller_small script to /home/misys/forza_ws/race_stack/install/controller/lib/controller
writing list of installed files to '/home/misys/forza_ws/race_stack/build/controller/install.log'
