[4.591s] Invoking command in '/home/misys/forza_ws/race_stack/controller': PYTHONPATH=/home/misys/forza_ws/race_stack/build/controller/prefix_override:/usr/lib/python3/dist-packages/colcon_core/task/python/colcon_distutils_commands:/home/misys/forza_ws/race_stack/install/controller/lib/python3.10/site-packages:${PYTHONPATH} /usr/bin/python3 -W ignore:setup.py install is deprecated -W ignore:easy_install command is deprecated setup.py egg_info --egg-base ../build/controller build --build-base /home/misys/forza_ws/race_stack/build/controller/build install --record /home/misys/forza_ws/race_stack/build/controller/install.log --single-version-externally-managed install_data
[5.669s] running egg_info
[5.669s] creating ../build/controller/controller.egg-info
[5.669s] writing ../build/controller/controller.egg-info/PKG-INFO
[5.669s] writing dependency_links to ../build/controller/controller.egg-info/dependency_links.txt
[5.669s] writing entry points to ../build/controller/controller.egg-info/entry_points.txt
[5.669s] writing requirements to ../build/controller/controller.egg-info/requires.txt
[5.669s] writing top-level names to ../build/controller/controller.egg-info/top_level.txt
[5.669s] writing manifest file '../build/controller/controller.egg-info/SOURCES.txt'
[5.670s] reading manifest file '../build/controller/controller.egg-info/SOURCES.txt'
[5.670s] adding license file 'LICENSE'
[5.670s] writing manifest file '../build/controller/controller.egg-info/SOURCES.txt'
[5.670s] running build
[5.670s] running build_py
[5.670s] creating /home/misys/forza_ws/race_stack/build/controller/build
[5.670s] creating /home/misys/forza_ws/race_stack/build/controller/build/lib
[5.670s] creating /home/misys/forza_ws/race_stack/build/controller/build/lib/controller
[5.670s] copying controller/controller_manager.py -> /home/misys/forza_ws/race_stack/build/controller/build/lib/controller
[5.670s] copying controller/__init__.py -> /home/misys/forza_ws/race_stack/build/controller/build/lib/controller
[5.670s] copying controller/controller_manager_small.py -> /home/misys/forza_ws/race_stack/build/controller/build/lib/controller
[5.670s] copying controller/ftg.py -> /home/misys/forza_ws/race_stack/build/controller/build/lib/controller
[5.670s] copying controller/pp.py -> /home/misys/forza_ws/race_stack/build/controller/build/lib/controller
[5.670s] copying controller/map.py -> /home/misys/forza_ws/race_stack/build/controller/build/lib/controller
[5.671s] running install
[5.671s] running install_lib
[5.671s] creating /home/misys/forza_ws/race_stack/install/controller/lib/python3.10/site-packages/controller
[5.671s] copying /home/misys/forza_ws/race_stack/build/controller/build/lib/controller/controller_manager.py -> /home/misys/forza_ws/race_stack/install/controller/lib/python3.10/site-packages/controller
[5.671s] copying /home/misys/forza_ws/race_stack/build/controller/build/lib/controller/__init__.py -> /home/misys/forza_ws/race_stack/install/controller/lib/python3.10/site-packages/controller
[5.671s] copying /home/misys/forza_ws/race_stack/build/controller/build/lib/controller/controller_manager_small.py -> /home/misys/forza_ws/race_stack/install/controller/lib/python3.10/site-packages/controller
[5.671s] copying /home/misys/forza_ws/race_stack/build/controller/build/lib/controller/ftg.py -> /home/misys/forza_ws/race_stack/install/controller/lib/python3.10/site-packages/controller
[5.671s] copying /home/misys/forza_ws/race_stack/build/controller/build/lib/controller/pp.py -> /home/misys/forza_ws/race_stack/install/controller/lib/python3.10/site-packages/controller
[5.671s] copying /home/misys/forza_ws/race_stack/build/controller/build/lib/controller/map.py -> /home/misys/forza_ws/race_stack/install/controller/lib/python3.10/site-packages/controller
[5.671s] byte-compiling /home/misys/forza_ws/race_stack/install/controller/lib/python3.10/site-packages/controller/controller_manager.py to controller_manager.cpython-310.pyc
[5.671s] byte-compiling /home/misys/forza_ws/race_stack/install/controller/lib/python3.10/site-packages/controller/__init__.py to __init__.cpython-310.pyc
[5.671s] byte-compiling /home/misys/forza_ws/race_stack/install/controller/lib/python3.10/site-packages/controller/controller_manager_small.py to controller_manager_small.cpython-310.pyc
[5.671s] byte-compiling /home/misys/forza_ws/race_stack/install/controller/lib/python3.10/site-packages/controller/ftg.py to ftg.cpython-310.pyc
[5.671s] byte-compiling /home/misys/forza_ws/race_stack/install/controller/lib/python3.10/site-packages/controller/pp.py to pp.cpython-310.pyc
[5.671s] byte-compiling /home/misys/forza_ws/race_stack/install/controller/lib/python3.10/site-packages/controller/map.py to map.cpython-310.pyc
[5.672s] running install_data
[5.672s] creating /home/misys/forza_ws/race_stack/install/controller/share/ament_index
[5.672s] creating /home/misys/forza_ws/race_stack/install/controller/share/ament_index/resource_index
[5.672s] creating /home/misys/forza_ws/race_stack/install/controller/share/ament_index/resource_index/packages
[5.672s] copying resource/controller -> /home/misys/forza_ws/race_stack/install/controller/share/ament_index/resource_index/packages
[5.672s] copying package.xml -> /home/misys/forza_ws/race_stack/install/controller/share/controller
[5.672s] creating /home/misys/forza_ws/race_stack/install/controller/share/controller/launch
[5.672s] copying launch/controller_small_launch.xml -> /home/misys/forza_ws/race_stack/install/controller/share/controller/launch
[5.672s] copying launch/controller_launch.xml -> /home/misys/forza_ws/race_stack/install/controller/share/controller/launch
[5.672s] running install_egg_info
[5.672s] Copying ../build/controller/controller.egg-info to /home/misys/forza_ws/race_stack/install/controller/lib/python3.10/site-packages/controller-0.0.0-py3.10.egg-info
[5.672s] running install_scripts
[5.720s] Installing controller script to /home/misys/forza_ws/race_stack/install/controller/lib/controller
[5.720s] Installing controller_small script to /home/misys/forza_ws/race_stack/install/controller/lib/controller
[5.721s] writing list of installed files to '/home/misys/forza_ws/race_stack/build/controller/install.log'
[8.369s] Invoked command in '/home/misys/forza_ws/race_stack/controller' returned '0': PYTHONPATH=/home/misys/forza_ws/race_stack/build/controller/prefix_override:/usr/lib/python3/dist-packages/colcon_core/task/python/colcon_distutils_commands:/home/misys/forza_ws/race_stack/install/controller/lib/python3.10/site-packages:${PYTHONPATH} /usr/bin/python3 -W ignore:setup.py install is deprecated -W ignore:easy_install command is deprecated setup.py egg_info --egg-base ../build/controller build --build-base /home/misys/forza_ws/race_stack/build/controller/build install --record /home/misys/forza_ws/race_stack/build/controller/install.log --single-version-externally-managed install_data
