-- The C compiler identification is GNU 11.4.0
-- The CXX compiler identification is GNU 11.4.0
-- Detecting C compiler ABI info
-- Detecting C compiler ABI info - done
-- Check for working C compiler: /usr/bin/cc - skipped
-- Detecting C compile features
-- Detecting C compile features - done
-- Detecting CXX compiler ABI info
-- Detecting CXX compiler ABI info - done
-- Check for working CXX compiler: /usr/bin/c++ - skipped
-- Detecting CXX compile features
-- Detecting CXX compile features - done
-- Found ament_cmake: 1.3.12 (/opt/ros/humble/share/ament_cmake/cmake)
-- Found Python3: /usr/bin/python3 (found version "3.10.12") found components: Interpreter 
-- Found rclcpp: 16.0.15 (/opt/ros/humble/share/rclcpp/cmake)
-- Found rosidl_generator_c: 3.1.7 (/opt/ros/humble/share/rosidl_generator_c/cmake)
-- Found rosidl_adapter: 3.1.7 (/opt/ros/humble/share/rosidl_adapter/cmake)
-- Found rosidl_generator_cpp: 3.1.7 (/opt/ros/humble/share/rosidl_generator_cpp/cmake)
-- Using all available rosidl_typesupport_c: rosidl_typesupport_fastrtps_c;rosidl_typesupport_introspection_c
-- Using all available rosidl_typesupport_cpp: rosidl_typesupport_fastrtps_cpp;rosidl_typesupport_introspection_cpp
-- Found rmw_implementation_cmake: 6.1.2 (/opt/ros/humble/share/rmw_implementation_cmake/cmake)
-- Found rmw_fastrtps_cpp: 6.2.9 (/opt/ros/humble/share/rmw_fastrtps_cpp/cmake)
-- Found OpenSSL: /usr/lib/x86_64-linux-gnu/libcrypto.so (found version "3.0.2")  
-- Found FastRTPS: /opt/ros/humble/include  
-- Using RMW implementation 'rmw_fastrtps_cpp' as default
-- Looking for pthread.h
-- Looking for pthread.h - found
-- Performing Test CMAKE_HAVE_LIBC_PTHREAD
-- Performing Test CMAKE_HAVE_LIBC_PTHREAD - Success
-- Found Threads: TRUE  
-- Found ackermann_msgs: 2.0.2 (/opt/ros/humble/share/ackermann_msgs/cmake)
-- Found geometry_msgs: 4.9.0 (/opt/ros/humble/share/geometry_msgs/cmake)
-- Found nav_msgs: 4.9.0 (/opt/ros/humble/share/nav_msgs/cmake)
-- Found sensor_msgs: 4.9.0 (/opt/ros/humble/share/sensor_msgs/cmake)
-- Found visualization_msgs: 4.9.0 (/opt/ros/humble/share/visualization_msgs/cmake)
-- Found f110_msgs: 0.0.0 (/home/misys/forza_ws/race_stack/install/f110_msgs/share/f110_msgs/cmake)
-- Found tf2: 0.25.16 (/opt/ros/humble/share/tf2/cmake)
-- Found tf2_geometry_msgs: 0.25.16 (/opt/ros/humble/share/tf2_geometry_msgs/cmake)
-- Found eigen3_cmake_module: 0.1.1 (/opt/ros/humble/share/eigen3_cmake_module/cmake)
-- Found Eigen3: TRUE (found version "3.4.0") 
-- Ensuring Eigen3 include directory is part of orocos-kdl CMake target
-- Configuring done
-- Generating done
-- Build files have been written to: /home/misys/forza_ws/race_stack/build/controller_cpp
[ 16%] Building CXX object CMakeFiles/controller_manager_cpp.dir/src/controller_manager_cpp.cpp.o
[ 33%] Building CXX object CMakeFiles/controller_manager_cpp.dir/src/pp.cpp.o
[ 50%] Building CXX object CMakeFiles/controller_manager_cpp.dir/src/map.cpp.o
[ 66%] Building CXX object CMakeFiles/controller_manager_cpp.dir/src/lookup_steer_angle.cpp.o
[ 83%] Building CXX object CMakeFiles/controller_manager_cpp.dir/src/ftg.cpp.o
[100%] Linking CXX executable controller_manager_cpp
[100%] Built target controller_manager_cpp
-- Install configuration: ""
-- Installing: /home/misys/forza_ws/race_stack/install/controller_cpp/lib/controller_cpp/controller_manager_cpp
-- Set runtime path of "/home/misys/forza_ws/race_stack/install/controller_cpp/lib/controller_cpp/controller_manager_cpp" to ""
-- Installing: /home/misys/forza_ws/race_stack/install/controller_cpp/share/controller_cpp/launch
-- Installing: /home/misys/forza_ws/race_stack/install/controller_cpp/share/controller_cpp/launch/controller_launch.xml
-- Installing: /home/misys/forza_ws/race_stack/install/controller_cpp/share/controller_cpp/cfg
-- Installing: /home/misys/forza_ws/race_stack/install/controller_cpp/share/controller_cpp/cfg/NUC6_glc_pacejka_lookup_table.csv
-- Installing: /home/misys/forza_ws/race_stack/install/controller_cpp/share/controller_cpp/cfg/NUC2_hangar_pacejka_lookup_table.csv
-- Installing: /home/misys/forza_ws/race_stack/install/controller_cpp/share/controller_cpp/cfg/SIM_linear_lookup_table.csv
-- Installing: /home/misys/forza_ws/race_stack/install/controller_cpp/share/controller_cpp/cfg/F1TENTH_Pacejka_lookup_table.csv
-- Installing: /home/misys/forza_ws/race_stack/install/controller_cpp/share/controller_cpp/cfg/backup
-- Installing: /home/misys/forza_ws/race_stack/install/controller_cpp/share/controller_cpp/cfg/backup/NUC4_hangar_pacejka_lookup_table.csv
-- Installing: /home/misys/forza_ws/race_stack/install/controller_cpp/share/controller_cpp/cfg/backup/NUC4_hangar_linear_lookup_table.csv
-- Installing: /home/misys/forza_ws/race_stack/install/controller_cpp/share/ament_index/resource_index/package_run_dependencies/controller_cpp
-- Installing: /home/misys/forza_ws/race_stack/install/controller_cpp/share/ament_index/resource_index/parent_prefix_path/controller_cpp
-- Installing: /home/misys/forza_ws/race_stack/install/controller_cpp/share/controller_cpp/environment/ament_prefix_path.sh
-- Installing: /home/misys/forza_ws/race_stack/install/controller_cpp/share/controller_cpp/environment/ament_prefix_path.dsv
-- Installing: /home/misys/forza_ws/race_stack/install/controller_cpp/share/controller_cpp/environment/path.sh
-- Installing: /home/misys/forza_ws/race_stack/install/controller_cpp/share/controller_cpp/environment/path.dsv
-- Installing: /home/misys/forza_ws/race_stack/install/controller_cpp/share/controller_cpp/local_setup.bash
-- Installing: /home/misys/forza_ws/race_stack/install/controller_cpp/share/controller_cpp/local_setup.sh
-- Installing: /home/misys/forza_ws/race_stack/install/controller_cpp/share/controller_cpp/local_setup.zsh
-- Installing: /home/misys/forza_ws/race_stack/install/controller_cpp/share/controller_cpp/local_setup.dsv
-- Installing: /home/misys/forza_ws/race_stack/install/controller_cpp/share/controller_cpp/package.dsv
-- Installing: /home/misys/forza_ws/race_stack/install/controller_cpp/share/ament_index/resource_index/packages/controller_cpp
-- Installing: /home/misys/forza_ws/race_stack/install/controller_cpp/share/controller_cpp/cmake/controller_cppConfig.cmake
-- Installing: /home/misys/forza_ws/race_stack/install/controller_cpp/share/controller_cpp/cmake/controller_cppConfig-version.cmake
-- Installing: /home/misys/forza_ws/race_stack/install/controller_cpp/share/controller_cpp/package.xml
