[0.027s] Invoking command in '/home/misys/forza_ws/race_stack/build/controller_cpp': AMENT_PREFIX_PATH=/home/misys/forza_ws/race_stack/install/f110_msgs:${AMENT_PREFIX_PATH} CMAKE_PREFIX_PATH=/home/misys/forza_ws/race_stack/install/f110_msgs:/opt/ros/humble LD_LIBRARY_PATH=/home/misys/forza_ws/race_stack/install/f110_msgs/lib:${LD_LIBRARY_PATH} PYTHONPATH=/home/misys/forza_ws/race_stack/install/f110_msgs/local/lib/python3.10/dist-packages:${PYTHONPATH} /usr/bin/cmake /home/misys/forza_ws/race_stack/controller_cpp -DCMAKE_INSTALL_PREFIX=/home/misys/forza_ws/race_stack/install/controller_cpp
[0.324s] -- The C compiler identification is GNU 11.4.0
[0.324s] -- The CXX compiler identification is GNU 11.4.0
[0.324s] -- Detecting C compiler ABI info
[0.324s] -- Detecting C compiler ABI info - done
[0.324s] -- Check for working C compiler: /usr/bin/cc - skipped
[0.324s] -- Detecting C compile features
[0.324s] -- Detecting C compile features - done
[0.325s] -- Detecting CXX compiler ABI info
[0.377s] -- Detecting CXX compiler ABI info - done
[0.386s] -- Check for working CXX compiler: /usr/bin/c++ - skipped
[0.386s] -- Detecting CXX compile features
[0.387s] -- Detecting CXX compile features - done
[0.390s] -- Found ament_cmake: 1.3.12 (/opt/ros/humble/share/ament_cmake/cmake)
[0.594s] -- Found Python3: /usr/bin/python3 (found version "3.10.12") found components: Interpreter 
[0.733s] -- Found rclcpp: 16.0.15 (/opt/ros/humble/share/rclcpp/cmake)
[0.801s] -- Found rosidl_generator_c: 3.1.7 (/opt/ros/humble/share/rosidl_generator_c/cmake)
[0.807s] -- Found rosidl_adapter: 3.1.7 (/opt/ros/humble/share/rosidl_adapter/cmake)
[0.820s] -- Found rosidl_generator_cpp: 3.1.7 (/opt/ros/humble/share/rosidl_generator_cpp/cmake)
[0.838s] -- Using all available rosidl_typesupport_c: rosidl_typesupport_fastrtps_c;rosidl_typesupport_introspection_c
[0.871s] -- Using all available rosidl_typesupport_cpp: rosidl_typesupport_fastrtps_cpp;rosidl_typesupport_introspection_cpp
[0.949s] -- Found rmw_implementation_cmake: 6.1.2 (/opt/ros/humble/share/rmw_implementation_cmake/cmake)
[0.954s] -- Found rmw_fastrtps_cpp: 6.2.9 (/opt/ros/humble/share/rmw_fastrtps_cpp/cmake)
[1.229s] -- Found OpenSSL: /usr/lib/x86_64-linux-gnu/libcrypto.so (found version "3.0.2")  
[1.355s] -- Found FastRTPS: /opt/ros/humble/include  
[1.486s] -- Using RMW implementation 'rmw_fastrtps_cpp' as default
[1.503s] -- Looking for pthread.h
[1.691s] -- Looking for pthread.h - found
[1.697s] -- Performing Test CMAKE_HAVE_LIBC_PTHREAD
[1.845s] -- Performing Test CMAKE_HAVE_LIBC_PTHREAD - Success
[1.848s] -- Found Threads: TRUE  
[1.954s] -- Found ackermann_msgs: 2.0.2 (/opt/ros/humble/share/ackermann_msgs/cmake)
[1.982s] -- Found geometry_msgs: 4.9.0 (/opt/ros/humble/share/geometry_msgs/cmake)
[2.005s] -- Found nav_msgs: 4.9.0 (/opt/ros/humble/share/nav_msgs/cmake)
[2.033s] -- Found sensor_msgs: 4.9.0 (/opt/ros/humble/share/sensor_msgs/cmake)
[2.060s] -- Found visualization_msgs: 4.9.0 (/opt/ros/humble/share/visualization_msgs/cmake)
[2.084s] -- Found f110_msgs: 0.0.0 (/home/misys/forza_ws/race_stack/install/f110_msgs/share/f110_msgs/cmake)
[2.111s] -- Found tf2: 0.25.16 (/opt/ros/humble/share/tf2/cmake)
[2.129s] -- Found tf2_geometry_msgs: 0.25.16 (/opt/ros/humble/share/tf2_geometry_msgs/cmake)
[2.152s] -- Found eigen3_cmake_module: 0.1.1 (/opt/ros/humble/share/eigen3_cmake_module/cmake)
[2.155s] -- Found Eigen3: TRUE (found version "3.4.0") 
[2.155s] -- Ensuring Eigen3 include directory is part of orocos-kdl CMake target
[2.479s] -- Configuring done
[2.515s] -- Generating done
[2.526s] -- Build files have been written to: /home/misys/forza_ws/race_stack/build/controller_cpp
[2.556s] Invoked command in '/home/misys/forza_ws/race_stack/build/controller_cpp' returned '0': AMENT_PREFIX_PATH=/home/misys/forza_ws/race_stack/install/f110_msgs:${AMENT_PREFIX_PATH} CMAKE_PREFIX_PATH=/home/misys/forza_ws/race_stack/install/f110_msgs:/opt/ros/humble LD_LIBRARY_PATH=/home/misys/forza_ws/race_stack/install/f110_msgs/lib:${LD_LIBRARY_PATH} PYTHONPATH=/home/misys/forza_ws/race_stack/install/f110_msgs/local/lib/python3.10/dist-packages:${PYTHONPATH} /usr/bin/cmake /home/misys/forza_ws/race_stack/controller_cpp -DCMAKE_INSTALL_PREFIX=/home/misys/forza_ws/race_stack/install/controller_cpp
[2.557s] Invoking command in '/home/misys/forza_ws/race_stack/build/controller_cpp': AMENT_PREFIX_PATH=/home/misys/forza_ws/race_stack/install/f110_msgs:${AMENT_PREFIX_PATH} CMAKE_PREFIX_PATH=/home/misys/forza_ws/race_stack/install/f110_msgs:/opt/ros/humble LD_LIBRARY_PATH=/home/misys/forza_ws/race_stack/install/f110_msgs/lib:${LD_LIBRARY_PATH} PYTHONPATH=/home/misys/forza_ws/race_stack/install/f110_msgs/local/lib/python3.10/dist-packages:${PYTHONPATH} /usr/bin/cmake --build /home/misys/forza_ws/race_stack/build/controller_cpp -- -j18 -l18
[2.656s] [ 16%] Building CXX object CMakeFiles/controller_manager_cpp.dir/src/controller_manager_cpp.cpp.o
[2.660s] [ 33%] Building CXX object CMakeFiles/controller_manager_cpp.dir/src/pp.cpp.o
[2.665s] [ 50%] Building CXX object CMakeFiles/controller_manager_cpp.dir/src/map.cpp.o
[2.671s] [ 66%] Building CXX object CMakeFiles/controller_manager_cpp.dir/src/lookup_steer_angle.cpp.o
[2.679s] [ 83%] Building CXX object CMakeFiles/controller_manager_cpp.dir/src/ftg.cpp.o
[44.015s] [100%] Linking CXX executable controller_manager_cpp
[45.997s] [100%] Built target controller_manager_cpp
[46.014s] Invoked command in '/home/misys/forza_ws/race_stack/build/controller_cpp' returned '0': AMENT_PREFIX_PATH=/home/misys/forza_ws/race_stack/install/f110_msgs:${AMENT_PREFIX_PATH} CMAKE_PREFIX_PATH=/home/misys/forza_ws/race_stack/install/f110_msgs:/opt/ros/humble LD_LIBRARY_PATH=/home/misys/forza_ws/race_stack/install/f110_msgs/lib:${LD_LIBRARY_PATH} PYTHONPATH=/home/misys/forza_ws/race_stack/install/f110_msgs/local/lib/python3.10/dist-packages:${PYTHONPATH} /usr/bin/cmake --build /home/misys/forza_ws/race_stack/build/controller_cpp -- -j18 -l18
[46.016s] Invoking command in '/home/misys/forza_ws/race_stack/build/controller_cpp': AMENT_PREFIX_PATH=/home/misys/forza_ws/race_stack/install/f110_msgs:${AMENT_PREFIX_PATH} CMAKE_PREFIX_PATH=/home/misys/forza_ws/race_stack/install/f110_msgs:/opt/ros/humble LD_LIBRARY_PATH=/home/misys/forza_ws/race_stack/install/f110_msgs/lib:${LD_LIBRARY_PATH} PYTHONPATH=/home/misys/forza_ws/race_stack/install/f110_msgs/local/lib/python3.10/dist-packages:${PYTHONPATH} /usr/bin/cmake --install /home/misys/forza_ws/race_stack/build/controller_cpp
[46.027s] -- Install configuration: ""
[46.028s] -- Installing: /home/misys/forza_ws/race_stack/install/controller_cpp/lib/controller_cpp/controller_manager_cpp
[46.040s] -- Set runtime path of "/home/misys/forza_ws/race_stack/install/controller_cpp/lib/controller_cpp/controller_manager_cpp" to ""
[46.040s] -- Installing: /home/misys/forza_ws/race_stack/install/controller_cpp/share/controller_cpp/launch
[46.041s] -- Installing: /home/misys/forza_ws/race_stack/install/controller_cpp/share/controller_cpp/launch/controller_launch.xml
[46.041s] -- Installing: /home/misys/forza_ws/race_stack/install/controller_cpp/share/controller_cpp/cfg
[46.041s] -- Installing: /home/misys/forza_ws/race_stack/install/controller_cpp/share/controller_cpp/cfg/NUC6_glc_pacejka_lookup_table.csv
[46.042s] -- Installing: /home/misys/forza_ws/race_stack/install/controller_cpp/share/controller_cpp/cfg/NUC2_hangar_pacejka_lookup_table.csv
[46.042s] -- Installing: /home/misys/forza_ws/race_stack/install/controller_cpp/share/controller_cpp/cfg/SIM_linear_lookup_table.csv
[46.043s] -- Installing: /home/misys/forza_ws/race_stack/install/controller_cpp/share/controller_cpp/cfg/F1TENTH_Pacejka_lookup_table.csv
[46.043s] -- Installing: /home/misys/forza_ws/race_stack/install/controller_cpp/share/controller_cpp/cfg/backup
[46.043s] -- Installing: /home/misys/forza_ws/race_stack/install/controller_cpp/share/controller_cpp/cfg/backup/NUC4_hangar_pacejka_lookup_table.csv
[46.044s] -- Installing: /home/misys/forza_ws/race_stack/install/controller_cpp/share/controller_cpp/cfg/backup/NUC4_hangar_linear_lookup_table.csv
[46.045s] -- Installing: /home/misys/forza_ws/race_stack/install/controller_cpp/share/ament_index/resource_index/package_run_dependencies/controller_cpp
[46.045s] -- Installing: /home/misys/forza_ws/race_stack/install/controller_cpp/share/ament_index/resource_index/parent_prefix_path/controller_cpp
[46.045s] -- Installing: /home/misys/forza_ws/race_stack/install/controller_cpp/share/controller_cpp/environment/ament_prefix_path.sh
[46.045s] -- Installing: /home/misys/forza_ws/race_stack/install/controller_cpp/share/controller_cpp/environment/ament_prefix_path.dsv
[46.045s] -- Installing: /home/misys/forza_ws/race_stack/install/controller_cpp/share/controller_cpp/environment/path.sh
[46.046s] -- Installing: /home/misys/forza_ws/race_stack/install/controller_cpp/share/controller_cpp/environment/path.dsv
[46.046s] -- Installing: /home/misys/forza_ws/race_stack/install/controller_cpp/share/controller_cpp/local_setup.bash
[46.046s] -- Installing: /home/misys/forza_ws/race_stack/install/controller_cpp/share/controller_cpp/local_setup.sh
[46.046s] -- Installing: /home/misys/forza_ws/race_stack/install/controller_cpp/share/controller_cpp/local_setup.zsh
[46.046s] -- Installing: /home/misys/forza_ws/race_stack/install/controller_cpp/share/controller_cpp/local_setup.dsv
[46.046s] -- Installing: /home/misys/forza_ws/race_stack/install/controller_cpp/share/controller_cpp/package.dsv
[46.047s] -- Installing: /home/misys/forza_ws/race_stack/install/controller_cpp/share/ament_index/resource_index/packages/controller_cpp
[46.047s] -- Installing: /home/misys/forza_ws/race_stack/install/controller_cpp/share/controller_cpp/cmake/controller_cppConfig.cmake
[46.047s] -- Installing: /home/misys/forza_ws/race_stack/install/controller_cpp/share/controller_cpp/cmake/controller_cppConfig-version.cmake
[46.047s] -- Installing: /home/misys/forza_ws/race_stack/install/controller_cpp/share/controller_cpp/package.xml
[46.050s] Invoked command in '/home/misys/forza_ws/race_stack/build/controller_cpp' returned '0': AMENT_PREFIX_PATH=/home/misys/forza_ws/race_stack/install/f110_msgs:${AMENT_PREFIX_PATH} CMAKE_PREFIX_PATH=/home/misys/forza_ws/race_stack/install/f110_msgs:/opt/ros/humble LD_LIBRARY_PATH=/home/misys/forza_ws/race_stack/install/f110_msgs/lib:${LD_LIBRARY_PATH} PYTHONPATH=/home/misys/forza_ws/race_stack/install/f110_msgs/local/lib/python3.10/dist-packages:${PYTHONPATH} /usr/bin/cmake --install /home/misys/forza_ws/race_stack/build/controller_cpp
