[0.080s] Invoking command in '/home/misys/forza_ws/race_stack/build/ackermann_mux': CMAKE_PREFIX_PATH=/opt/ros/humble /usr/bin/cmake /home/misys/forza_ws/race_stack/base_system/f1tenth_system/ackermann_mux -DCMAKE_INSTALL_PREFIX=/home/misys/forza_ws/race_stack/install/ackermann_mux
[3.805s] -- The C compiler identification is GNU 11.4.0
[3.805s] -- The CXX compiler identification is GNU 11.4.0
[3.805s] -- Detecting C compiler ABI info
[3.806s] -- Detecting C compiler ABI info - done
[3.806s] -- Check for working C compiler: /usr/bin/cc - skipped
[3.807s] -- Detecting C compile features
[3.807s] -- Detecting C compile features - done
[3.807s] -- Detecting CXX compiler ABI info
[3.807s] -- Detecting CXX compiler ABI info - done
[3.807s] -- Check for working CXX compiler: /usr/bin/c++ - skipped
[3.807s] -- Detecting CXX compile features
[3.807s] -- Detecting CXX compile features - done
[3.807s] -- Found ament_cmake: 1.3.12 (/opt/ros/humble/share/ament_cmake/cmake)
[3.808s] -- Found Python3: /usr/bin/python3 (found version "3.10.12") found components: Interpreter 
[3.808s] -- Found rclcpp: 16.0.15 (/opt/ros/humble/share/rclcpp/cmake)
[3.808s] -- Found rosidl_generator_c: 3.1.7 (/opt/ros/humble/share/rosidl_generator_c/cmake)
[3.808s] -- Found rosidl_adapter: 3.1.7 (/opt/ros/humble/share/rosidl_adapter/cmake)
[3.808s] -- Found rosidl_generator_cpp: 3.1.7 (/opt/ros/humble/share/rosidl_generator_cpp/cmake)
[3.808s] -- Using all available rosidl_typesupport_c: rosidl_typesupport_fastrtps_c;rosidl_typesupport_introspection_c
[3.808s] -- Using all available rosidl_typesupport_cpp: rosidl_typesupport_fastrtps_cpp;rosidl_typesupport_introspection_cpp
[3.808s] -- Found rmw_implementation_cmake: 6.1.2 (/opt/ros/humble/share/rmw_implementation_cmake/cmake)
[3.809s] -- Found rmw_fastrtps_cpp: 6.2.9 (/opt/ros/humble/share/rmw_fastrtps_cpp/cmake)
[3.809s] -- Found OpenSSL: /usr/lib/x86_64-linux-gnu/libcrypto.so (found version "3.0.2")  
[3.809s] -- Found FastRTPS: /opt/ros/humble/include  
[3.809s] -- Using RMW implementation 'rmw_fastrtps_cpp' as default
[3.809s] -- Looking for pthread.h
[3.809s] -- Looking for pthread.h - found
[3.809s] -- Performing Test CMAKE_HAVE_LIBC_PTHREAD
[3.809s] -- Performing Test CMAKE_HAVE_LIBC_PTHREAD - Success
[3.809s] -- Found Threads: TRUE  
[3.809s] -- Found ackermann_msgs: 2.0.2 (/opt/ros/humble/share/ackermann_msgs/cmake)
[3.809s] -- Found diagnostic_updater: 4.0.6 (/opt/ros/humble/share/diagnostic_updater/cmake)
[3.810s] -- Found ament_lint_auto: 0.12.14 (/opt/ros/humble/share/ament_lint_auto/cmake)
[3.810s] -- Found python_cmake_module: 0.10.0 (/opt/ros/humble/share/python_cmake_module/cmake)
[3.810s] -- Found PythonInterp: /usr/bin/python3 (found suitable version "3.10.12", minimum required is "3.6") 
[3.810s] -- Found PythonLibs: /usr/lib/x86_64-linux-gnu/libpython3.10.so (found suitable version "3.10.12", minimum required is "3.5") 
[3.810s] -- Using PYTHON_EXECUTABLE: /usr/bin/python3
[3.810s] -- Using PYTHON_INCLUDE_DIRS: /usr/include/python3.10
[3.810s] -- Using PYTHON_LIBRARIES: /usr/lib/x86_64-linux-gnu/libpython3.10.so
[3.810s] -- Found PythonExtra: .so  
[3.811s] -- Added test 'xmllint' to check XML markup files
[3.811s] -- Added test 'copyright' to check source files copyright and LICENSE
[3.811s] -- Added test 'cppcheck' to perform static code analysis on C / C++ code
[3.811s] -- Configured cppcheck include dirs: /home/misys/forza_ws/race_stack/base_system/f1tenth_system/ackermann_mux/include
[3.811s] -- Configured cppcheck exclude dirs and/or files: 
[3.811s] -- Added test 'cpplint' to check C / C++ code against the Google style
[3.811s] -- Configured cpplint exclude dirs and/or files: 
[3.811s] -- Added test 'flake8' to check Python code syntax and style conventions
[3.811s] -- Added test 'lint_cmake' to check CMake code style
[3.811s] -- Added test 'pep257' to check Python code against some of the docstring style conventions in PEP 257
[3.811s] -- Added test 'uncrustify' to check C / C++ code style
[3.812s] -- Configured uncrustify additional arguments: 
[3.812s] -- Configuring done
[3.812s] -- Generating done
[3.812s] -- Build files have been written to: /home/misys/forza_ws/race_stack/build/ackermann_mux
[3.820s] Invoked command in '/home/misys/forza_ws/race_stack/build/ackermann_mux' returned '0': CMAKE_PREFIX_PATH=/opt/ros/humble /usr/bin/cmake /home/misys/forza_ws/race_stack/base_system/f1tenth_system/ackermann_mux -DCMAKE_INSTALL_PREFIX=/home/misys/forza_ws/race_stack/install/ackermann_mux
[3.821s] Invoking command in '/home/misys/forza_ws/race_stack/build/ackermann_mux': CMAKE_PREFIX_PATH=/opt/ros/humble /usr/bin/cmake --build /home/misys/forza_ws/race_stack/build/ackermann_mux -- -j18 -l18
[3.914s] [ 25%] Building CXX object CMakeFiles/ackermann_mux.dir/src/ackermann_mux.cpp.o
[3.919s] [ 50%] Building CXX object CMakeFiles/ackermann_mux.dir/src/ackermann_mux_diagnostics.cpp.o
[3.919s] [ 75%] Building CXX object CMakeFiles/ackermann_mux.dir/src/ackermann_mux_node.cpp.o
[24.107s] [100%] Linking CXX executable ackermann_mux
[25.649s] [100%] Built target ackermann_mux
[25.688s] Invoked command in '/home/misys/forza_ws/race_stack/build/ackermann_mux' returned '0': CMAKE_PREFIX_PATH=/opt/ros/humble /usr/bin/cmake --build /home/misys/forza_ws/race_stack/build/ackermann_mux -- -j18 -l18
[25.698s] Invoking command in '/home/misys/forza_ws/race_stack/build/ackermann_mux': CMAKE_PREFIX_PATH=/opt/ros/humble /usr/bin/cmake --install /home/misys/forza_ws/race_stack/build/ackermann_mux
[25.721s] -- Install configuration: ""
[25.721s] -- Installing: /home/misys/forza_ws/race_stack/install/ackermann_mux/lib/ackermann_mux/ackermann_mux
[25.732s] -- Set runtime path of "/home/misys/forza_ws/race_stack/install/ackermann_mux/lib/ackermann_mux/ackermann_mux" to ""
[25.732s] -- Installing: /home/misys/forza_ws/race_stack/install/ackermann_mux/share/ackermann_mux/launch
[25.732s] -- Installing: /home/misys/forza_ws/race_stack/install/ackermann_mux/share/ackermann_mux/launch/ackermann_mux_launch.py
[25.737s] -- Installing: /home/misys/forza_ws/race_stack/install/ackermann_mux/share/ackermann_mux/config
[25.737s] -- Installing: /home/misys/forza_ws/race_stack/install/ackermann_mux/share/ackermann_mux/config/ackermann_mux_topics.yaml
[25.737s] -- Installing: /home/misys/forza_ws/race_stack/install/ackermann_mux/share/ackermann_mux/config/joystick.yaml
[25.737s] -- Installing: /home/misys/forza_ws/race_stack/install/ackermann_mux/share/ackermann_mux/config/ackermann_mux_locks.yaml
[25.742s] -- Installing: /home/misys/forza_ws/race_stack/install/ackermann_mux/include
[25.742s] -- Installing: /home/misys/forza_ws/race_stack/install/ackermann_mux/include/ackermann_mux
[25.742s] -- Installing: /home/misys/forza_ws/race_stack/install/ackermann_mux/include/ackermann_mux/utils.hpp
[25.742s] -- Installing: /home/misys/forza_ws/race_stack/install/ackermann_mux/include/ackermann_mux/ackermann_mux_diagnostics_status.hpp
[25.742s] -- Installing: /home/misys/forza_ws/race_stack/install/ackermann_mux/include/ackermann_mux/topic_handle.hpp
[25.743s] -- Installing: /home/misys/forza_ws/race_stack/install/ackermann_mux/include/ackermann_mux/ackermann_mux.hpp
[25.743s] -- Installing: /home/misys/forza_ws/race_stack/install/ackermann_mux/include/ackermann_mux/params_helpers.hpp
[25.743s] -- Installing: /home/misys/forza_ws/race_stack/install/ackermann_mux/include/ackermann_mux/ackermann_mux_diagnostics.hpp
[25.744s] -- Installing: /home/misys/forza_ws/race_stack/install/ackermann_mux/share/ament_index/resource_index/package_run_dependencies/ackermann_mux
[25.754s] -- Installing: /home/misys/forza_ws/race_stack/install/ackermann_mux/share/ament_index/resource_index/parent_prefix_path/ackermann_mux
[25.754s] -- Installing: /home/misys/forza_ws/race_stack/install/ackermann_mux/share/ackermann_mux/environment/ament_prefix_path.sh
[25.755s] -- Installing: /home/misys/forza_ws/race_stack/install/ackermann_mux/share/ackermann_mux/environment/ament_prefix_path.dsv
[25.755s] -- Installing: /home/misys/forza_ws/race_stack/install/ackermann_mux/share/ackermann_mux/environment/path.sh
[25.755s] -- Installing: /home/misys/forza_ws/race_stack/install/ackermann_mux/share/ackermann_mux/environment/path.dsv
[25.755s] -- Installing: /home/misys/forza_ws/race_stack/install/ackermann_mux/share/ackermann_mux/local_setup.bash
[25.755s] -- Installing: /home/misys/forza_ws/race_stack/install/ackermann_mux/share/ackermann_mux/local_setup.sh
[25.755s] -- Installing: /home/misys/forza_ws/race_stack/install/ackermann_mux/share/ackermann_mux/local_setup.zsh
[25.755s] -- Installing: /home/misys/forza_ws/race_stack/install/ackermann_mux/share/ackermann_mux/local_setup.dsv
[25.755s] -- Installing: /home/misys/forza_ws/race_stack/install/ackermann_mux/share/ackermann_mux/package.dsv
[25.755s] -- Installing: /home/misys/forza_ws/race_stack/install/ackermann_mux/share/ament_index/resource_index/packages/ackermann_mux
[25.755s] -- Installing: /home/misys/forza_ws/race_stack/install/ackermann_mux/share/ackermann_mux/cmake/ament_cmake_export_include_directories-extras.cmake
[25.756s] -- Installing: /home/misys/forza_ws/race_stack/install/ackermann_mux/share/ackermann_mux/cmake/ament_cmake_export_dependencies-extras.cmake
[25.756s] -- Installing: /home/misys/forza_ws/race_stack/install/ackermann_mux/share/ackermann_mux/cmake/ackermann_muxConfig.cmake
[25.756s] -- Installing: /home/misys/forza_ws/race_stack/install/ackermann_mux/share/ackermann_mux/cmake/ackermann_muxConfig-version.cmake
[25.756s] -- Installing: /home/misys/forza_ws/race_stack/install/ackermann_mux/share/ackermann_mux/package.xml
[25.768s] Invoked command in '/home/misys/forza_ws/race_stack/build/ackermann_mux' returned '0': CMAKE_PREFIX_PATH=/opt/ros/humble /usr/bin/cmake --install /home/misys/forza_ws/race_stack/build/ackermann_mux
