[0.061s] DEBUG:colcon:Command line arguments: ['/usr/bin/colcon', 'build', '--packages-select', 'teb_local_planner', '--symlink-install']
[0.061s] DEBUG:colcon:Parsed command line arguments: Namespace(log_base=None, log_level=None, verb_name='build', build_base='build', install_base='install', merge_install=False, symlink_install=True, test_result_base=None, continue_on_error=False, executor='parallel', parallel_workers=18, event_handlers=None, ignore_user_meta=False, metas=['./colcon.meta'], base_paths=['.'], packages_ignore=None, packages_ignore_regex=None, paths=None, packages_up_to=None, packages_up_to_regex=None, packages_above=None, packages_above_and_dependencies=None, packages_above_depth=None, packages_select_by_dep=None, packages_skip_by_dep=None, packages_skip_up_to=None, packages_select_build_failed=False, packages_skip_build_finished=False, packages_select_test_failures=False, packages_skip_test_passed=False, packages_select=['teb_local_planner'], packages_skip=None, packages_select_regex=None, packages_skip_regex=None, packages_start=None, packages_end=None, cmake_args=None, cmake_target=None, cmake_target_skip_unavailable=False, cmake_clean_cache=False, cmake_clean_first=False, cmake_force_configure=False, ament_cmake_args=None, catkin_cmake_args=None, catkin_skip_building_tests=False, mixin_files=None, mixin=None, verb_parser=<colcon_mixin.mixin.mixin_argument.MixinArgumentDecorator object at 0x74b2d04ce3e0>, verb_extension=<colcon_core.verb.build.BuildVerb object at 0x74b2d04cda20>, main=<bound method BuildVerb.main of <colcon_core.verb.build.BuildVerb object at 0x74b2d04cda20>>, mixin_verb=('build',))
[0.164s] Level 1:colcon.colcon_core.package_discovery:discover_packages(colcon_meta) check parameters
[0.164s] Level 1:colcon.colcon_core.package_discovery:discover_packages(recursive) check parameters
[0.164s] Level 1:colcon.colcon_core.package_discovery:discover_packages(ignore) check parameters
[0.164s] Level 1:colcon.colcon_core.package_discovery:discover_packages(path) check parameters
[0.164s] Level 1:colcon.colcon_core.package_discovery:discover_packages(colcon_meta) discover
[0.164s] Level 1:colcon.colcon_core.package_discovery:discover_packages(recursive) discover
[0.164s] INFO:colcon.colcon_core.package_discovery:Crawling recursively for packages in '/home/misys/forza_ws/race_stack/ADP-Project'
[0.164s] Level 1:colcon.colcon_core.package_identification:_identify(.) by extensions ['ignore', 'ignore_ament_install']
[0.164s] Level 1:colcon.colcon_core.package_identification:_identify(.) by extension 'ignore'
[0.164s] Level 1:colcon.colcon_core.package_identification:_identify(.) by extension 'ignore_ament_install'
[0.164s] Level 1:colcon.colcon_core.package_identification:_identify(.) by extensions ['colcon_pkg']
[0.164s] Level 1:colcon.colcon_core.package_identification:_identify(.) by extension 'colcon_pkg'
[0.164s] Level 1:colcon.colcon_core.package_identification:_identify(.) by extensions ['colcon_meta']
[0.164s] Level 1:colcon.colcon_core.package_identification:_identify(.) by extension 'colcon_meta'
[0.164s] Level 1:colcon.colcon_core.package_identification:_identify(.) by extensions ['ros']
[0.164s] Level 1:colcon.colcon_core.package_identification:_identify(.) by extension 'ros'
[0.171s] Level 1:colcon.colcon_core.package_identification:_identify(.) by extensions ['cmake', 'python']
[0.171s] Level 1:colcon.colcon_core.package_identification:_identify(.) by extension 'cmake'
[0.171s] Level 1:colcon.colcon_core.package_identification:_identify(.) by extension 'python'
[0.171s] Level 1:colcon.colcon_core.package_identification:_identify(.) by extensions ['python_setup_py']
[0.171s] Level 1:colcon.colcon_core.package_identification:_identify(.) by extension 'python_setup_py'
[0.171s] Level 1:colcon.colcon_core.package_identification:_identify(build) by extensions ['ignore', 'ignore_ament_install']
[0.171s] Level 1:colcon.colcon_core.package_identification:_identify(build) by extension 'ignore'
[0.171s] Level 1:colcon.colcon_core.package_identification:_identify(build) ignored
[0.171s] Level 1:colcon.colcon_core.package_identification:_identify(forzaeth_local_planner) by extensions ['ignore', 'ignore_ament_install']
[0.171s] Level 1:colcon.colcon_core.package_identification:_identify(forzaeth_local_planner) by extension 'ignore'
[0.171s] Level 1:colcon.colcon_core.package_identification:_identify(forzaeth_local_planner) by extension 'ignore_ament_install'
[0.172s] Level 1:colcon.colcon_core.package_identification:_identify(forzaeth_local_planner) by extensions ['colcon_pkg']
[0.172s] Level 1:colcon.colcon_core.package_identification:_identify(forzaeth_local_planner) by extension 'colcon_pkg'
[0.172s] Level 1:colcon.colcon_core.package_identification:_identify(forzaeth_local_planner) by extensions ['colcon_meta']
[0.172s] Level 1:colcon.colcon_core.package_identification:_identify(forzaeth_local_planner) by extension 'colcon_meta'
[0.172s] Level 1:colcon.colcon_core.package_identification:_identify(forzaeth_local_planner) by extensions ['ros']
[0.172s] Level 1:colcon.colcon_core.package_identification:_identify(forzaeth_local_planner) by extension 'ros'
[0.179s] DEBUG:colcon.colcon_core.package_identification:Package 'forzaeth_local_planner' with type 'ros.ament_cmake' and name 'forzaeth_local_planner'
[0.179s] Level 1:colcon.colcon_core.package_identification:_identify(install) by extensions ['ignore', 'ignore_ament_install']
[0.179s] Level 1:colcon.colcon_core.package_identification:_identify(install) by extension 'ignore'
[0.179s] Level 1:colcon.colcon_core.package_identification:_identify(install) ignored
[0.179s] Level 1:colcon.colcon_core.package_identification:_identify(log) by extensions ['ignore', 'ignore_ament_install']
[0.179s] Level 1:colcon.colcon_core.package_identification:_identify(log) by extension 'ignore'
[0.179s] Level 1:colcon.colcon_core.package_identification:_identify(log) ignored
[0.179s] Level 1:colcon.colcon_core.package_identification:_identify(teb_local_planner) by extensions ['ignore', 'ignore_ament_install']
[0.179s] Level 1:colcon.colcon_core.package_identification:_identify(teb_local_planner) by extension 'ignore'
[0.179s] Level 1:colcon.colcon_core.package_identification:_identify(teb_local_planner) by extension 'ignore_ament_install'
[0.179s] Level 1:colcon.colcon_core.package_identification:_identify(teb_local_planner) by extensions ['colcon_pkg']
[0.179s] Level 1:colcon.colcon_core.package_identification:_identify(teb_local_planner) by extension 'colcon_pkg'
[0.179s] Level 1:colcon.colcon_core.package_identification:_identify(teb_local_planner) by extensions ['colcon_meta']
[0.179s] Level 1:colcon.colcon_core.package_identification:_identify(teb_local_planner) by extension 'colcon_meta'
[0.179s] Level 1:colcon.colcon_core.package_identification:_identify(teb_local_planner) by extensions ['ros']
[0.179s] Level 1:colcon.colcon_core.package_identification:_identify(teb_local_planner) by extension 'ros'
[0.180s] DEBUG:colcon.colcon_core.package_identification:Package 'teb_local_planner' with type 'ros.ament_cmake' and name 'teb_local_planner'
[0.180s] Level 1:colcon.colcon_core.package_discovery:discover_packages(recursive) using defaults
[0.180s] Level 1:colcon.colcon_core.package_discovery:discover_packages(ignore) discover
[0.180s] Level 1:colcon.colcon_core.package_discovery:discover_packages(ignore) using defaults
[0.180s] Level 1:colcon.colcon_core.package_discovery:discover_packages(path) discover
[0.180s] Level 1:colcon.colcon_core.package_discovery:discover_packages(path) using defaults
[0.191s] INFO:colcon.colcon_core.package_selection:Skipping not selected package 'forzaeth_local_planner' in 'forzaeth_local_planner'
[0.191s] Level 5:colcon.colcon_core.verb:set package 'teb_local_planner' build argument 'cmake_args' from command line to 'None'
[0.191s] Level 5:colcon.colcon_core.verb:set package 'teb_local_planner' build argument 'cmake_target' from command line to 'None'
[0.192s] Level 5:colcon.colcon_core.verb:set package 'teb_local_planner' build argument 'cmake_target_skip_unavailable' from command line to 'False'
[0.192s] Level 5:colcon.colcon_core.verb:set package 'teb_local_planner' build argument 'cmake_clean_cache' from command line to 'False'
[0.192s] Level 5:colcon.colcon_core.verb:set package 'teb_local_planner' build argument 'cmake_clean_first' from command line to 'False'
[0.192s] Level 5:colcon.colcon_core.verb:set package 'teb_local_planner' build argument 'cmake_force_configure' from command line to 'False'
[0.192s] Level 5:colcon.colcon_core.verb:set package 'teb_local_planner' build argument 'ament_cmake_args' from command line to 'None'
[0.192s] Level 5:colcon.colcon_core.verb:set package 'teb_local_planner' build argument 'catkin_cmake_args' from command line to 'None'
[0.192s] Level 5:colcon.colcon_core.verb:set package 'teb_local_planner' build argument 'catkin_skip_building_tests' from command line to 'False'
[0.192s] DEBUG:colcon.colcon_core.verb:Building package 'teb_local_planner' with the following arguments: {'ament_cmake_args': None, 'build_base': '/home/misys/forza_ws/race_stack/ADP-Project/build/teb_local_planner', 'catkin_cmake_args': None, 'catkin_skip_building_tests': False, 'cmake_args': None, 'cmake_clean_cache': False, 'cmake_clean_first': False, 'cmake_force_configure': False, 'cmake_target': None, 'cmake_target_skip_unavailable': False, 'install_base': '/home/misys/forza_ws/race_stack/ADP-Project/install/teb_local_planner', 'merge_install': False, 'path': '/home/misys/forza_ws/race_stack/ADP-Project/teb_local_planner', 'symlink_install': True, 'test_result_base': None}
[0.192s] INFO:colcon.colcon_core.executor:Executing jobs using 'parallel' executor
[0.193s] DEBUG:colcon.colcon_parallel_executor.executor.parallel:run_until_complete
[0.193s] INFO:colcon.colcon_ros.task.ament_cmake.build:Building ROS package in '/home/misys/forza_ws/race_stack/ADP-Project/teb_local_planner' with build type 'ament_cmake'
[0.193s] INFO:colcon.colcon_cmake.task.cmake.build:Building CMake package in '/home/misys/forza_ws/race_stack/ADP-Project/teb_local_planner'
[0.194s] INFO:colcon.colcon_core.plugin_system:Skipping extension 'colcon_core.shell.bat': Not used on non-Windows systems
[0.194s] INFO:colcon.colcon_core.shell:Skip shell extension 'powershell' for command environment: Not usable outside of PowerShell
[0.194s] DEBUG:colcon.colcon_core.shell:Skip shell extension 'dsv' for command environment
[0.203s] DEBUG:colcon.colcon_core.event_handler.log_command:Invoking command in '/home/misys/forza_ws/race_stack/ADP-Project/build/teb_local_planner': CMAKE_PREFIX_PATH=${CMAKE_PREFIX_PATH}:/opt/ros/humble /usr/bin/cmake /home/misys/forza_ws/race_stack/ADP-Project/teb_local_planner -DAMENT_CMAKE_SYMLINK_INSTALL=1 -DCMAKE_INSTALL_PREFIX=/home/misys/forza_ws/race_stack/ADP-Project/install/teb_local_planner
[0.211s] DEBUG:colcon.colcon_core.event_handler.log_command:Invoked command in '/home/misys/forza_ws/race_stack/ADP-Project/build/teb_local_planner' returned '1': CMAKE_PREFIX_PATH=${CMAKE_PREFIX_PATH}:/opt/ros/humble /usr/bin/cmake /home/misys/forza_ws/race_stack/ADP-Project/teb_local_planner -DAMENT_CMAKE_SYMLINK_INSTALL=1 -DCMAKE_INSTALL_PREFIX=/home/misys/forza_ws/race_stack/ADP-Project/install/teb_local_planner
[0.212s] Level 1:colcon.colcon_core.environment:create_environment_scripts_only(teb_local_planner)
[0.215s] Level 1:colcon.colcon_core.environment:checking '/home/misys/forza_ws/race_stack/ADP-Project/install/teb_local_planner' for CMake module files
[0.215s] Level 1:colcon.colcon_core.environment:checking '/home/misys/forza_ws/race_stack/ADP-Project/install/teb_local_planner' for CMake config files
[0.215s] Level 1:colcon.colcon_core.shell:create_environment_hook('teb_local_planner', 'cmake_prefix_path')
[0.215s] INFO:colcon.colcon_core.shell:Creating environment hook '/home/misys/forza_ws/race_stack/ADP-Project/install/teb_local_planner/share/teb_local_planner/hook/cmake_prefix_path.ps1'
[0.216s] INFO:colcon.colcon_core.shell:Creating environment descriptor '/home/misys/forza_ws/race_stack/ADP-Project/install/teb_local_planner/share/teb_local_planner/hook/cmake_prefix_path.dsv'
[0.216s] INFO:colcon.colcon_core.shell:Creating environment hook '/home/misys/forza_ws/race_stack/ADP-Project/install/teb_local_planner/share/teb_local_planner/hook/cmake_prefix_path.sh'
[0.217s] Level 1:colcon.colcon_core.environment:checking '/home/misys/forza_ws/race_stack/ADP-Project/install/teb_local_planner/lib'
[0.217s] Level 1:colcon.colcon_core.environment:checking '/home/misys/forza_ws/race_stack/ADP-Project/install/teb_local_planner/bin'
[0.217s] Level 1:colcon.colcon_core.environment:checking '/home/misys/forza_ws/race_stack/ADP-Project/install/teb_local_planner/lib/pkgconfig/teb_local_planner.pc'
[0.218s] Level 1:colcon.colcon_core.environment:checking '/home/misys/forza_ws/race_stack/ADP-Project/install/teb_local_planner/lib/python3.10/site-packages'
[0.218s] Level 1:colcon.colcon_core.environment:checking '/home/misys/forza_ws/race_stack/ADP-Project/install/teb_local_planner/bin'
[0.218s] INFO:colcon.colcon_core.shell:Creating package script '/home/misys/forza_ws/race_stack/ADP-Project/install/teb_local_planner/share/teb_local_planner/package.ps1'
[0.219s] INFO:colcon.colcon_core.shell:Creating package descriptor '/home/misys/forza_ws/race_stack/ADP-Project/install/teb_local_planner/share/teb_local_planner/package.dsv'
[0.219s] INFO:colcon.colcon_core.shell:Creating package script '/home/misys/forza_ws/race_stack/ADP-Project/install/teb_local_planner/share/teb_local_planner/package.sh'
[0.219s] INFO:colcon.colcon_core.shell:Creating package script '/home/misys/forza_ws/race_stack/ADP-Project/install/teb_local_planner/share/teb_local_planner/package.bash'
[0.220s] INFO:colcon.colcon_core.shell:Creating package script '/home/misys/forza_ws/race_stack/ADP-Project/install/teb_local_planner/share/teb_local_planner/package.zsh'
[0.220s] Level 1:colcon.colcon_core.environment:create_file_with_runtime_dependencies(/home/misys/forza_ws/race_stack/ADP-Project/install/teb_local_planner/share/colcon-core/packages/teb_local_planner)
[0.231s] DEBUG:colcon.colcon_parallel_executor.executor.parallel:closing loop
[0.231s] DEBUG:colcon.colcon_parallel_executor.executor.parallel:loop closed
[0.231s] DEBUG:colcon.colcon_parallel_executor.executor.parallel:run_until_complete finished with '1'
[0.231s] DEBUG:colcon.colcon_core.event_reactor:joining thread
[0.238s] INFO:colcon.colcon_core.plugin_system:Skipping extension 'colcon_notification.desktop_notification.notify_send': Could not find 'notify-send'
[0.238s] INFO:colcon.colcon_core.plugin_system:Skipping extension 'colcon_notification.desktop_notification.terminal_notifier': Not used on non-Darwin systems
[0.238s] INFO:colcon.colcon_core.plugin_system:Skipping extension 'colcon_notification.desktop_notification.win32': Not used on non-Windows systems
[0.238s] INFO:colcon.colcon_notification.desktop_notification:Sending desktop notification using 'notify2'
[0.241s] DEBUG:colcon.colcon_notification.desktop_notification.notify2:Failed to initialize notify2: org.freedesktop.DBus.Error.Spawn.ExecFailed: /usr/bin/dbus-launch terminated abnormally without any error message
[0.242s] DEBUG:colcon.colcon_core.event_reactor:joined thread
[0.242s] INFO:colcon.colcon_core.shell:Creating prefix script '/home/misys/forza_ws/race_stack/ADP-Project/install/local_setup.ps1'
[0.243s] INFO:colcon.colcon_core.shell:Creating prefix util module '/home/misys/forza_ws/race_stack/ADP-Project/install/_local_setup_util_ps1.py'
[0.244s] INFO:colcon.colcon_core.shell:Creating prefix chain script '/home/misys/forza_ws/race_stack/ADP-Project/install/setup.ps1'
[0.244s] INFO:colcon.colcon_core.shell:Creating prefix script '/home/misys/forza_ws/race_stack/ADP-Project/install/local_setup.sh'
[0.245s] INFO:colcon.colcon_core.shell:Creating prefix util module '/home/misys/forza_ws/race_stack/ADP-Project/install/_local_setup_util_sh.py'
[0.245s] INFO:colcon.colcon_core.shell:Creating prefix chain script '/home/misys/forza_ws/race_stack/ADP-Project/install/setup.sh'
[0.245s] INFO:colcon.colcon_core.shell:Creating prefix script '/home/misys/forza_ws/race_stack/ADP-Project/install/local_setup.bash'
[0.246s] INFO:colcon.colcon_core.shell:Creating prefix chain script '/home/misys/forza_ws/race_stack/ADP-Project/install/setup.bash'
[0.246s] INFO:colcon.colcon_core.shell:Creating prefix script '/home/misys/forza_ws/race_stack/ADP-Project/install/local_setup.zsh'
[0.247s] INFO:colcon.colcon_core.shell:Creating prefix chain script '/home/misys/forza_ws/race_stack/ADP-Project/install/setup.zsh'
