-- The C compiler identification is GNU 11.4.0
-- The CXX compiler identification is GNU 11.4.0
-- Detecting C compiler ABI info
-- Detecting C compiler ABI info - done
-- Check for working C compiler: /usr/bin/cc - skipped
-- Detecting C compile features
-- Detecting C compile features - done
-- Detecting CXX compiler ABI info
-- Detecting CXX compiler ABI info - done
-- Check for working CXX compiler: /usr/bin/c++ - skipped
-- Detecting CXX compile features
-- Detecting CXX compile features - done
-- Found ament_cmake: 1.3.12 (/opt/ros/humble/share/ament_cmake/cmake)
-- Found Python3: /usr/bin/python3 (found version "3.10.12") found components: Interpreter 
-- Found rclcpp: 16.0.15 (/opt/ros/humble/share/rclcpp/cmake)
-- Found rosidl_generator_c: 3.1.7 (/opt/ros/humble/share/rosidl_generator_c/cmake)
-- Found rosidl_adapter: 3.1.7 (/opt/ros/humble/share/rosidl_adapter/cmake)
-- Found rosidl_generator_cpp: 3.1.7 (/opt/ros/humble/share/rosidl_generator_cpp/cmake)
-- Using all available rosidl_typesupport_c: rosidl_typesupport_fastrtps_c;rosidl_typesupport_introspection_c
-- Using all available rosidl_typesupport_cpp: rosidl_typesupport_fastrtps_cpp;rosidl_typesupport_introspection_cpp
-- Found rmw_implementation_cmake: 6.1.2 (/opt/ros/humble/share/rmw_implementation_cmake/cmake)
-- Found rmw_fastrtps_cpp: 6.2.9 (/opt/ros/humble/share/rmw_fastrtps_cpp/cmake)
-- Found OpenSSL: /usr/lib/x86_64-linux-gnu/libcrypto.so (found version "3.0.2")  
-- Found FastRTPS: /opt/ros/humble/include  
-- Using RMW implementation 'rmw_fastrtps_cpp' as default
-- Looking for pthread.h
-- Looking for pthread.h - found
-- Performing Test CMAKE_HAVE_LIBC_PTHREAD
-- Performing Test CMAKE_HAVE_LIBC_PTHREAD - Success
-- Found Threads: TRUE  
-- Found nav_msgs: 4.9.0 (/opt/ros/humble/share/nav_msgs/cmake)
-- Found visualization_msgs: 4.9.0 (/opt/ros/humble/share/visualization_msgs/cmake)
-- Found f110_msgs: 0.0.0 (/home/misys/forza_ws/race_stack/install/f110_msgs/share/f110_msgs/cmake)
-- Found tf2: 0.25.16 (/opt/ros/humble/share/tf2/cmake)
-- Found tf2_geometry_msgs: 0.25.16 (/opt/ros/humble/share/tf2_geometry_msgs/cmake)
-- Found eigen3_cmake_module: 0.1.1 (/opt/ros/humble/share/eigen3_cmake_module/cmake)
-- Found Eigen3: TRUE (found version "3.4.0") 
-- Ensuring Eigen3 include directory is part of orocos-kdl CMake target
-- Found ackermann_msgs: 2.0.2 (/opt/ros/humble/share/ackermann_msgs/cmake)
-- Configuring done
-- Generating done
-- Build files have been written to: /home/misys/forza_ws/race_stack/build/opponent_publisher_cpp
[ 25%] Building CXX object CMakeFiles/opponent_publisher.dir/src/opponent_publisher.cpp.o
[ 50%] Building CXX object CMakeFiles/collision_detector.dir/src/collision_detector.cpp.o
[ 75%] Linking CXX executable opponent_publisher
[ 75%] Built target opponent_publisher
[100%] Linking CXX executable collision_detector
[100%] Built target collision_detector
-- Install configuration: ""
-- Installing: /home/misys/forza_ws/race_stack/install/opponent_publisher_cpp/lib/opponent_publisher_cpp/opponent_publisher
-- Set runtime path of "/home/misys/forza_ws/race_stack/install/opponent_publisher_cpp/lib/opponent_publisher_cpp/opponent_publisher" to ""
-- Installing: /home/misys/forza_ws/race_stack/install/opponent_publisher_cpp/lib/opponent_publisher_cpp/collision_detector
-- Set runtime path of "/home/misys/forza_ws/race_stack/install/opponent_publisher_cpp/lib/opponent_publisher_cpp/collision_detector" to ""
-- Installing: /home/misys/forza_ws/race_stack/install/opponent_publisher_cpp/share/opponent_publisher_cpp/launch
-- Installing: /home/misys/forza_ws/race_stack/install/opponent_publisher_cpp/share/opponent_publisher_cpp/launch/opponent_publisher_launch.xml
-- Installing: /home/misys/forza_ws/race_stack/install/opponent_publisher_cpp/share/ament_index/resource_index/package_run_dependencies/opponent_publisher_cpp
-- Installing: /home/misys/forza_ws/race_stack/install/opponent_publisher_cpp/share/ament_index/resource_index/parent_prefix_path/opponent_publisher_cpp
-- Installing: /home/misys/forza_ws/race_stack/install/opponent_publisher_cpp/share/opponent_publisher_cpp/environment/ament_prefix_path.sh
-- Installing: /home/misys/forza_ws/race_stack/install/opponent_publisher_cpp/share/opponent_publisher_cpp/environment/ament_prefix_path.dsv
-- Installing: /home/misys/forza_ws/race_stack/install/opponent_publisher_cpp/share/opponent_publisher_cpp/environment/path.sh
-- Installing: /home/misys/forza_ws/race_stack/install/opponent_publisher_cpp/share/opponent_publisher_cpp/environment/path.dsv
-- Installing: /home/misys/forza_ws/race_stack/install/opponent_publisher_cpp/share/opponent_publisher_cpp/local_setup.bash
-- Installing: /home/misys/forza_ws/race_stack/install/opponent_publisher_cpp/share/opponent_publisher_cpp/local_setup.sh
-- Installing: /home/misys/forza_ws/race_stack/install/opponent_publisher_cpp/share/opponent_publisher_cpp/local_setup.zsh
-- Installing: /home/misys/forza_ws/race_stack/install/opponent_publisher_cpp/share/opponent_publisher_cpp/local_setup.dsv
-- Installing: /home/misys/forza_ws/race_stack/install/opponent_publisher_cpp/share/opponent_publisher_cpp/package.dsv
-- Installing: /home/misys/forza_ws/race_stack/install/opponent_publisher_cpp/share/ament_index/resource_index/packages/opponent_publisher_cpp
-- Installing: /home/misys/forza_ws/race_stack/install/opponent_publisher_cpp/share/opponent_publisher_cpp/cmake/opponent_publisher_cppConfig.cmake
-- Installing: /home/misys/forza_ws/race_stack/install/opponent_publisher_cpp/share/opponent_publisher_cpp/cmake/opponent_publisher_cppConfig-version.cmake
-- Installing: /home/misys/forza_ws/race_stack/install/opponent_publisher_cpp/share/opponent_publisher_cpp/package.xml
