[0.302s] Invoking command in '/home/misys/forza_ws/race_stack/build/opponent_publisher_cpp': AMENT_PREFIX_PATH=/home/misys/forza_ws/race_stack/install/f110_msgs:${AMENT_PREFIX_PATH} CMAKE_PREFIX_PATH=/home/misys/forza_ws/race_stack/install/f110_msgs:/opt/ros/humble LD_LIBRARY_PATH=/home/misys/forza_ws/race_stack/install/f110_msgs/lib:${LD_LIBRARY_PATH} PYTHONPATH=/home/misys/forza_ws/race_stack/install/f110_msgs/local/lib/python3.10/dist-packages:${PYTHONPATH} /usr/bin/cmake /home/misys/forza_ws/race_stack/utilities/nodes/opponent_publisher_cpp -DCMAKE_INSTALL_PREFIX=/home/misys/forza_ws/race_stack/install/opponent_publisher_cpp
[0.361s] -- The C compiler identification is GNU 11.4.0
[0.444s] -- The CXX compiler identification is GNU 11.4.0
[0.455s] -- Detecting C compiler ABI info
[0.540s] -- Detecting C compiler ABI info - done
[0.548s] -- Check for working C compiler: /usr/bin/cc - skipped
[0.548s] -- Detecting C compile features
[0.548s] -- Detecting C compile features - done
[0.551s] -- Detecting CXX compiler ABI info
[0.638s] -- Detecting CXX compiler ABI info - done
[0.644s] -- Check for working CXX compiler: /usr/bin/c++ - skipped
[0.645s] -- Detecting CXX compile features
[0.645s] -- Detecting CXX compile features - done
[0.648s] -- Found ament_cmake: 1.3.12 (/opt/ros/humble/share/ament_cmake/cmake)
[0.829s] -- Found Python3: /usr/bin/python3 (found version "3.10.12") found components: Interpreter 
[1.029s] -- Found rclcpp: 16.0.15 (/opt/ros/humble/share/rclcpp/cmake)
[1.163s] -- Found rosidl_generator_c: 3.1.7 (/opt/ros/humble/share/rosidl_generator_c/cmake)
[1.170s] -- Found rosidl_adapter: 3.1.7 (/opt/ros/humble/share/rosidl_adapter/cmake)
[1.187s] -- Found rosidl_generator_cpp: 3.1.7 (/opt/ros/humble/share/rosidl_generator_cpp/cmake)
[1.209s] -- Using all available rosidl_typesupport_c: rosidl_typesupport_fastrtps_c;rosidl_typesupport_introspection_c
[1.241s] -- Using all available rosidl_typesupport_cpp: rosidl_typesupport_fastrtps_cpp;rosidl_typesupport_introspection_cpp
[1.404s] -- Found rmw_implementation_cmake: 6.1.2 (/opt/ros/humble/share/rmw_implementation_cmake/cmake)
[1.418s] -- Found rmw_fastrtps_cpp: 6.2.9 (/opt/ros/humble/share/rmw_fastrtps_cpp/cmake)
[1.602s] -- Found OpenSSL: /usr/lib/x86_64-linux-gnu/libcrypto.so (found version "3.0.2")  
[1.654s] -- Found FastRTPS: /opt/ros/humble/include  
[1.766s] -- Using RMW implementation 'rmw_fastrtps_cpp' as default
[1.790s] -- Looking for pthread.h
[1.934s] -- Looking for pthread.h - found
[1.936s] -- Performing Test CMAKE_HAVE_LIBC_PTHREAD
[2.073s] -- Performing Test CMAKE_HAVE_LIBC_PTHREAD - Success
[2.074s] -- Found Threads: TRUE  
[2.155s] -- Found nav_msgs: 4.9.0 (/opt/ros/humble/share/nav_msgs/cmake)
[2.187s] -- Found visualization_msgs: 4.9.0 (/opt/ros/humble/share/visualization_msgs/cmake)
[2.229s] -- Found f110_msgs: 0.0.0 (/home/misys/forza_ws/race_stack/install/f110_msgs/share/f110_msgs/cmake)
[2.250s] -- Found tf2: 0.25.16 (/opt/ros/humble/share/tf2/cmake)
[2.266s] -- Found tf2_geometry_msgs: 0.25.16 (/opt/ros/humble/share/tf2_geometry_msgs/cmake)
[2.286s] -- Found eigen3_cmake_module: 0.1.1 (/opt/ros/humble/share/eigen3_cmake_module/cmake)
[2.289s] -- Found Eigen3: TRUE (found version "3.4.0") 
[2.289s] -- Ensuring Eigen3 include directory is part of orocos-kdl CMake target
[2.427s] -- Found ackermann_msgs: 2.0.2 (/opt/ros/humble/share/ackermann_msgs/cmake)
[2.555s] -- Configuring done
[2.585s] -- Generating done
[2.598s] -- Build files have been written to: /home/misys/forza_ws/race_stack/build/opponent_publisher_cpp
[2.613s] Invoked command in '/home/misys/forza_ws/race_stack/build/opponent_publisher_cpp' returned '0': AMENT_PREFIX_PATH=/home/misys/forza_ws/race_stack/install/f110_msgs:${AMENT_PREFIX_PATH} CMAKE_PREFIX_PATH=/home/misys/forza_ws/race_stack/install/f110_msgs:/opt/ros/humble LD_LIBRARY_PATH=/home/misys/forza_ws/race_stack/install/f110_msgs/lib:${LD_LIBRARY_PATH} PYTHONPATH=/home/misys/forza_ws/race_stack/install/f110_msgs/local/lib/python3.10/dist-packages:${PYTHONPATH} /usr/bin/cmake /home/misys/forza_ws/race_stack/utilities/nodes/opponent_publisher_cpp -DCMAKE_INSTALL_PREFIX=/home/misys/forza_ws/race_stack/install/opponent_publisher_cpp
[2.614s] Invoking command in '/home/misys/forza_ws/race_stack/build/opponent_publisher_cpp': AMENT_PREFIX_PATH=/home/misys/forza_ws/race_stack/install/f110_msgs:${AMENT_PREFIX_PATH} CMAKE_PREFIX_PATH=/home/misys/forza_ws/race_stack/install/f110_msgs:/opt/ros/humble LD_LIBRARY_PATH=/home/misys/forza_ws/race_stack/install/f110_msgs/lib:${LD_LIBRARY_PATH} PYTHONPATH=/home/misys/forza_ws/race_stack/install/f110_msgs/local/lib/python3.10/dist-packages:${PYTHONPATH} /usr/bin/cmake --build /home/misys/forza_ws/race_stack/build/opponent_publisher_cpp -- -j18 -l18
[2.817s] [ 25%] Building CXX object CMakeFiles/opponent_publisher.dir/src/opponent_publisher.cpp.o
[2.828s] [ 50%] Building CXX object CMakeFiles/collision_detector.dir/src/collision_detector.cpp.o
[23.457s] [ 75%] Linking CXX executable opponent_publisher
[24.502s] [ 75%] Built target opponent_publisher
[28.415s] [100%] Linking CXX executable collision_detector
[29.519s] [100%] Built target collision_detector
[29.540s] Invoked command in '/home/misys/forza_ws/race_stack/build/opponent_publisher_cpp' returned '0': AMENT_PREFIX_PATH=/home/misys/forza_ws/race_stack/install/f110_msgs:${AMENT_PREFIX_PATH} CMAKE_PREFIX_PATH=/home/misys/forza_ws/race_stack/install/f110_msgs:/opt/ros/humble LD_LIBRARY_PATH=/home/misys/forza_ws/race_stack/install/f110_msgs/lib:${LD_LIBRARY_PATH} PYTHONPATH=/home/misys/forza_ws/race_stack/install/f110_msgs/local/lib/python3.10/dist-packages:${PYTHONPATH} /usr/bin/cmake --build /home/misys/forza_ws/race_stack/build/opponent_publisher_cpp -- -j18 -l18
[29.544s] Invoking command in '/home/misys/forza_ws/race_stack/build/opponent_publisher_cpp': AMENT_PREFIX_PATH=/home/misys/forza_ws/race_stack/install/f110_msgs:${AMENT_PREFIX_PATH} CMAKE_PREFIX_PATH=/home/misys/forza_ws/race_stack/install/f110_msgs:/opt/ros/humble LD_LIBRARY_PATH=/home/misys/forza_ws/race_stack/install/f110_msgs/lib:${LD_LIBRARY_PATH} PYTHONPATH=/home/misys/forza_ws/race_stack/install/f110_msgs/local/lib/python3.10/dist-packages:${PYTHONPATH} /usr/bin/cmake --install /home/misys/forza_ws/race_stack/build/opponent_publisher_cpp
[29.556s] -- Install configuration: ""
[29.556s] -- Installing: /home/misys/forza_ws/race_stack/install/opponent_publisher_cpp/lib/opponent_publisher_cpp/opponent_publisher
[29.562s] -- Set runtime path of "/home/misys/forza_ws/race_stack/install/opponent_publisher_cpp/lib/opponent_publisher_cpp/opponent_publisher" to ""
[29.562s] -- Installing: /home/misys/forza_ws/race_stack/install/opponent_publisher_cpp/lib/opponent_publisher_cpp/collision_detector
[29.569s] -- Set runtime path of "/home/misys/forza_ws/race_stack/install/opponent_publisher_cpp/lib/opponent_publisher_cpp/collision_detector" to ""
[29.569s] -- Installing: /home/misys/forza_ws/race_stack/install/opponent_publisher_cpp/share/opponent_publisher_cpp/launch
[29.569s] -- Installing: /home/misys/forza_ws/race_stack/install/opponent_publisher_cpp/share/opponent_publisher_cpp/launch/opponent_publisher_launch.xml
[29.571s] -- Installing: /home/misys/forza_ws/race_stack/install/opponent_publisher_cpp/share/ament_index/resource_index/package_run_dependencies/opponent_publisher_cpp
[29.571s] -- Installing: /home/misys/forza_ws/race_stack/install/opponent_publisher_cpp/share/ament_index/resource_index/parent_prefix_path/opponent_publisher_cpp
[29.571s] -- Installing: /home/misys/forza_ws/race_stack/install/opponent_publisher_cpp/share/opponent_publisher_cpp/environment/ament_prefix_path.sh
[29.571s] -- Installing: /home/misys/forza_ws/race_stack/install/opponent_publisher_cpp/share/opponent_publisher_cpp/environment/ament_prefix_path.dsv
[29.572s] -- Installing: /home/misys/forza_ws/race_stack/install/opponent_publisher_cpp/share/opponent_publisher_cpp/environment/path.sh
[29.572s] -- Installing: /home/misys/forza_ws/race_stack/install/opponent_publisher_cpp/share/opponent_publisher_cpp/environment/path.dsv
[29.572s] -- Installing: /home/misys/forza_ws/race_stack/install/opponent_publisher_cpp/share/opponent_publisher_cpp/local_setup.bash
[29.572s] -- Installing: /home/misys/forza_ws/race_stack/install/opponent_publisher_cpp/share/opponent_publisher_cpp/local_setup.sh
[29.573s] -- Installing: /home/misys/forza_ws/race_stack/install/opponent_publisher_cpp/share/opponent_publisher_cpp/local_setup.zsh
[29.573s] -- Installing: /home/misys/forza_ws/race_stack/install/opponent_publisher_cpp/share/opponent_publisher_cpp/local_setup.dsv
[29.573s] -- Installing: /home/misys/forza_ws/race_stack/install/opponent_publisher_cpp/share/opponent_publisher_cpp/package.dsv
[29.574s] -- Installing: /home/misys/forza_ws/race_stack/install/opponent_publisher_cpp/share/ament_index/resource_index/packages/opponent_publisher_cpp
[29.574s] -- Installing: /home/misys/forza_ws/race_stack/install/opponent_publisher_cpp/share/opponent_publisher_cpp/cmake/opponent_publisher_cppConfig.cmake
[29.574s] -- Installing: /home/misys/forza_ws/race_stack/install/opponent_publisher_cpp/share/opponent_publisher_cpp/cmake/opponent_publisher_cppConfig-version.cmake
[29.574s] -- Installing: /home/misys/forza_ws/race_stack/install/opponent_publisher_cpp/share/opponent_publisher_cpp/package.xml
[29.580s] Invoked command in '/home/misys/forza_ws/race_stack/build/opponent_publisher_cpp' returned '0': AMENT_PREFIX_PATH=/home/misys/forza_ws/race_stack/install/f110_msgs:${AMENT_PREFIX_PATH} CMAKE_PREFIX_PATH=/home/misys/forza_ws/race_stack/install/f110_msgs:/opt/ros/humble LD_LIBRARY_PATH=/home/misys/forza_ws/race_stack/install/f110_msgs/lib:${LD_LIBRARY_PATH} PYTHONPATH=/home/misys/forza_ws/race_stack/install/f110_msgs/local/lib/python3.10/dist-packages:${PYTHONPATH} /usr/bin/cmake --install /home/misys/forza_ws/race_stack/build/opponent_publisher_cpp
