[6.061s] Invoking command in '/home/misys/forza_ws/race_stack/system_identification/nodes/id_controller': PYTHONPATH=/home/misys/forza_ws/race_stack/build/id_controller/prefix_override:/usr/lib/python3/dist-packages/colcon_core/task/python/colcon_distutils_commands:/home/misys/forza_ws/race_stack/install/id_controller/lib/python3.10/site-packages:${PYTHONPATH} /usr/bin/python3 -W ignore:setup.py install is deprecated -W ignore:easy_install command is deprecated setup.py egg_info --egg-base ../../../build/id_controller build --build-base /home/misys/forza_ws/race_stack/build/id_controller/build install --record /home/misys/forza_ws/race_stack/build/id_controller/install.log --single-version-externally-managed install_data
[6.554s] running egg_info
[6.556s] writing ../../../build/id_controller/id_controller.egg-info/PKG-INFO
[6.557s] writing dependency_links to ../../../build/id_controller/id_controller.egg-info/dependency_links.txt
[6.558s] writing entry points to ../../../build/id_controller/id_controller.egg-info/entry_points.txt
[6.559s] writing requirements to ../../../build/id_controller/id_controller.egg-info/requires.txt
[6.560s] writing top-level names to ../../../build/id_controller/id_controller.egg-info/top_level.txt
[6.563s] reading manifest file '../../../build/id_controller/id_controller.egg-info/SOURCES.txt'
[6.564s] adding license file 'LICENSE'
[6.565s] writing manifest file '../../../build/id_controller/id_controller.egg-info/SOURCES.txt'
[6.566s] running build
[6.566s] running build_py
[6.566s] running install
[6.566s] running install_lib
[6.569s] running install_data
[6.569s] running install_egg_info
[6.572s] removing '/home/misys/forza_ws/race_stack/install/id_controller/lib/python3.10/site-packages/id_controller-0.0.0-py3.10.egg-info' (and everything under it)
[6.580s] Copying ../../../build/id_controller/id_controller.egg-info to /home/misys/forza_ws/race_stack/install/id_controller/lib/python3.10/site-packages/id_controller-0.0.0-py3.10.egg-info
[6.581s] running install_scripts
[6.611s] writing list of installed files to '/home/misys/forza_ws/race_stack/build/id_controller/install.log'
[7.085s] Invoked command in '/home/misys/forza_ws/race_stack/system_identification/nodes/id_controller' returned '0': PYTHONPATH=/home/misys/forza_ws/race_stack/build/id_controller/prefix_override:/usr/lib/python3/dist-packages/colcon_core/task/python/colcon_distutils_commands:/home/misys/forza_ws/race_stack/install/id_controller/lib/python3.10/site-packages:${PYTHONPATH} /usr/bin/python3 -W ignore:setup.py install is deprecated -W ignore:easy_install command is deprecated setup.py egg_info --egg-base ../../../build/id_controller build --build-base /home/misys/forza_ws/race_stack/build/id_controller/build install --record /home/misys/forza_ws/race_stack/build/id_controller/install.log --single-version-externally-managed install_data
