running egg_info
creating ../../../build/sector_tuner/sector_tuner.egg-info
writing ../../../build/sector_tuner/sector_tuner.egg-info/PKG-INFO
writing dependency_links to ../../../build/sector_tuner/sector_tuner.egg-info/dependency_links.txt
writing entry points to ../../../build/sector_tuner/sector_tuner.egg-info/entry_points.txt
writing requirements to ../../../build/sector_tuner/sector_tuner.egg-info/requires.txt
writing top-level names to ../../../build/sector_tuner/sector_tuner.egg-info/top_level.txt
writing manifest file '../../../build/sector_tuner/sector_tuner.egg-info/SOURCES.txt'
reading manifest file '../../../build/sector_tuner/sector_tuner.egg-info/SOURCES.txt'
writing manifest file '../../../build/sector_tuner/sector_tuner.egg-info/SOURCES.txt'
running build
running build_py
creating /home/misys/forza_ws/race_stack/build/sector_tuner/build
creating /home/misys/forza_ws/race_stack/build/sector_tuner/build/lib
creating /home/misys/forza_ws/race_stack/build/sector_tuner/build/lib/sector_tuner
copying sector_tuner/__init__.py -> /home/misys/forza_ws/race_stack/build/sector_tuner/build/lib/sector_tuner
copying sector_tuner/ot_sector_slicer.py -> /home/misys/forza_ws/race_stack/build/sector_tuner/build/lib/sector_tuner
copying sector_tuner/sector_slicer.py -> /home/misys/forza_ws/race_stack/build/sector_tuner/build/lib/sector_tuner
copying sector_tuner/sector_tuner.py -> /home/misys/forza_ws/race_stack/build/sector_tuner/build/lib/sector_tuner
copying sector_tuner/ot_interpolator.py -> /home/misys/forza_ws/race_stack/build/sector_tuner/build/lib/sector_tuner
copying sector_tuner/sector_ctrl_slicer.py -> /home/misys/forza_ws/race_stack/build/sector_tuner/build/lib/sector_tuner
running build_scripts
creating /home/misys/forza_ws/race_stack/build/sector_tuner/build/scripts-3.10
copying scripts/finish_sector.sh -> /home/misys/forza_ws/race_stack/build/sector_tuner/build/scripts-3.10
changing mode of /home/misys/forza_ws/race_stack/build/sector_tuner/build/scripts-3.10/finish_sector.sh from 644 to 755
running install
running install_lib
creating /home/misys/forza_ws/race_stack/install/sector_tuner/lib/python3.10/site-packages/sector_tuner
copying /home/misys/forza_ws/race_stack/build/sector_tuner/build/lib/sector_tuner/__init__.py -> /home/misys/forza_ws/race_stack/install/sector_tuner/lib/python3.10/site-packages/sector_tuner
copying /home/misys/forza_ws/race_stack/build/sector_tuner/build/lib/sector_tuner/ot_sector_slicer.py -> /home/misys/forza_ws/race_stack/install/sector_tuner/lib/python3.10/site-packages/sector_tuner
copying /home/misys/forza_ws/race_stack/build/sector_tuner/build/lib/sector_tuner/sector_slicer.py -> /home/misys/forza_ws/race_stack/install/sector_tuner/lib/python3.10/site-packages/sector_tuner
copying /home/misys/forza_ws/race_stack/build/sector_tuner/build/lib/sector_tuner/sector_tuner.py -> /home/misys/forza_ws/race_stack/install/sector_tuner/lib/python3.10/site-packages/sector_tuner
copying /home/misys/forza_ws/race_stack/build/sector_tuner/build/lib/sector_tuner/ot_interpolator.py -> /home/misys/forza_ws/race_stack/install/sector_tuner/lib/python3.10/site-packages/sector_tuner
copying /home/misys/forza_ws/race_stack/build/sector_tuner/build/lib/sector_tuner/sector_ctrl_slicer.py -> /home/misys/forza_ws/race_stack/install/sector_tuner/lib/python3.10/site-packages/sector_tuner
byte-compiling /home/misys/forza_ws/race_stack/install/sector_tuner/lib/python3.10/site-packages/sector_tuner/__init__.py to __init__.cpython-310.pyc
byte-compiling /home/misys/forza_ws/race_stack/install/sector_tuner/lib/python3.10/site-packages/sector_tuner/ot_sector_slicer.py to ot_sector_slicer.cpython-310.pyc
byte-compiling /home/misys/forza_ws/race_stack/install/sector_tuner/lib/python3.10/site-packages/sector_tuner/sector_slicer.py to sector_slicer.cpython-310.pyc
byte-compiling /home/misys/forza_ws/race_stack/install/sector_tuner/lib/python3.10/site-packages/sector_tuner/sector_tuner.py to sector_tuner.cpython-310.pyc
byte-compiling /home/misys/forza_ws/race_stack/install/sector_tuner/lib/python3.10/site-packages/sector_tuner/ot_interpolator.py to ot_interpolator.cpython-310.pyc
byte-compiling /home/misys/forza_ws/race_stack/install/sector_tuner/lib/python3.10/site-packages/sector_tuner/sector_ctrl_slicer.py to sector_ctrl_slicer.cpython-310.pyc
running install_data
creating /home/misys/forza_ws/race_stack/install/sector_tuner/share/ament_index
creating /home/misys/forza_ws/race_stack/install/sector_tuner/share/ament_index/resource_index
creating /home/misys/forza_ws/race_stack/install/sector_tuner/share/ament_index/resource_index/packages
copying resource/sector_tuner -> /home/misys/forza_ws/race_stack/install/sector_tuner/share/ament_index/resource_index/packages
copying package.xml -> /home/misys/forza_ws/race_stack/install/sector_tuner/share/sector_tuner
running install_egg_info
Copying ../../../build/sector_tuner/sector_tuner.egg-info to /home/misys/forza_ws/race_stack/install/sector_tuner/lib/python3.10/site-packages/sector_tuner-0.0.0-py3.10.egg-info
running install_scripts
creating /home/misys/forza_ws/race_stack/install/sector_tuner/lib/sector_tuner
copying /home/misys/forza_ws/race_stack/build/sector_tuner/build/scripts-3.10/finish_sector.sh -> /home/misys/forza_ws/race_stack/install/sector_tuner/lib/sector_tuner
changing mode of /home/misys/forza_ws/race_stack/install/sector_tuner/lib/sector_tuner/finish_sector.sh to 755
Installing ot_interpolator script to /home/misys/forza_ws/race_stack/install/sector_tuner/lib/sector_tuner
Installing ot_sector_slicer script to /home/misys/forza_ws/race_stack/install/sector_tuner/lib/sector_tuner
Installing sector_ctrl_slicer script to /home/misys/forza_ws/race_stack/install/sector_tuner/lib/sector_tuner
Installing sector_runtime_ctrl_switcher script to /home/misys/forza_ws/race_stack/install/sector_tuner/lib/sector_tuner
Installing sector_slicer script to /home/misys/forza_ws/race_stack/install/sector_tuner/lib/sector_tuner
Installing sector_tuner script to /home/misys/forza_ws/race_stack/install/sector_tuner/lib/sector_tuner
writing list of installed files to '/home/misys/forza_ws/race_stack/build/sector_tuner/install.log'
