[5.511s] Invoking command in '/home/misys/forza_ws/race_stack/utilities/nodes/sector_tuner': PYTHONPATH=/home/misys/forza_ws/race_stack/build/sector_tuner/prefix_override:/usr/lib/python3/dist-packages/colcon_core/task/python/colcon_distutils_commands:/home/misys/forza_ws/race_stack/install/sector_tuner/lib/python3.10/site-packages:${PYTHONPATH} /usr/bin/python3 -W ignore:setup.py install is deprecated -W ignore:easy_install command is deprecated setup.py egg_info --egg-base ../../../build/sector_tuner build --build-base /home/misys/forza_ws/race_stack/build/sector_tuner/build install --record /home/misys/forza_ws/race_stack/build/sector_tuner/install.log --single-version-externally-managed install_data
[6.082s] running egg_info
[6.082s] creating ../../../build/sector_tuner/sector_tuner.egg-info
[6.082s] writing ../../../build/sector_tuner/sector_tuner.egg-info/PKG-INFO
[6.082s] writing dependency_links to ../../../build/sector_tuner/sector_tuner.egg-info/dependency_links.txt
[6.082s] writing entry points to ../../../build/sector_tuner/sector_tuner.egg-info/entry_points.txt
[6.082s] writing requirements to ../../../build/sector_tuner/sector_tuner.egg-info/requires.txt
[6.082s] writing top-level names to ../../../build/sector_tuner/sector_tuner.egg-info/top_level.txt
[6.082s] writing manifest file '../../../build/sector_tuner/sector_tuner.egg-info/SOURCES.txt'
[6.082s] reading manifest file '../../../build/sector_tuner/sector_tuner.egg-info/SOURCES.txt'
[6.082s] writing manifest file '../../../build/sector_tuner/sector_tuner.egg-info/SOURCES.txt'
[6.082s] running build
[6.083s] running build_py
[6.083s] creating /home/misys/forza_ws/race_stack/build/sector_tuner/build
[6.083s] creating /home/misys/forza_ws/race_stack/build/sector_tuner/build/lib
[6.083s] creating /home/misys/forza_ws/race_stack/build/sector_tuner/build/lib/sector_tuner
[6.083s] copying sector_tuner/__init__.py -> /home/misys/forza_ws/race_stack/build/sector_tuner/build/lib/sector_tuner
[6.083s] copying sector_tuner/ot_sector_slicer.py -> /home/misys/forza_ws/race_stack/build/sector_tuner/build/lib/sector_tuner
[6.083s] copying sector_tuner/sector_slicer.py -> /home/misys/forza_ws/race_stack/build/sector_tuner/build/lib/sector_tuner
[6.083s] copying sector_tuner/sector_tuner.py -> /home/misys/forza_ws/race_stack/build/sector_tuner/build/lib/sector_tuner
[6.083s] copying sector_tuner/ot_interpolator.py -> /home/misys/forza_ws/race_stack/build/sector_tuner/build/lib/sector_tuner
[6.083s] copying sector_tuner/sector_ctrl_slicer.py -> /home/misys/forza_ws/race_stack/build/sector_tuner/build/lib/sector_tuner
[6.083s] running build_scripts
[6.083s] creating /home/misys/forza_ws/race_stack/build/sector_tuner/build/scripts-3.10
[6.083s] copying scripts/finish_sector.sh -> /home/misys/forza_ws/race_stack/build/sector_tuner/build/scripts-3.10
[6.083s] changing mode of /home/misys/forza_ws/race_stack/build/sector_tuner/build/scripts-3.10/finish_sector.sh from 644 to 755
[6.083s] running install
[6.084s] running install_lib
[6.084s] creating /home/misys/forza_ws/race_stack/install/sector_tuner/lib/python3.10/site-packages/sector_tuner
[6.084s] copying /home/misys/forza_ws/race_stack/build/sector_tuner/build/lib/sector_tuner/__init__.py -> /home/misys/forza_ws/race_stack/install/sector_tuner/lib/python3.10/site-packages/sector_tuner
[6.084s] copying /home/misys/forza_ws/race_stack/build/sector_tuner/build/lib/sector_tuner/ot_sector_slicer.py -> /home/misys/forza_ws/race_stack/install/sector_tuner/lib/python3.10/site-packages/sector_tuner
[6.084s] copying /home/misys/forza_ws/race_stack/build/sector_tuner/build/lib/sector_tuner/sector_slicer.py -> /home/misys/forza_ws/race_stack/install/sector_tuner/lib/python3.10/site-packages/sector_tuner
[6.084s] copying /home/misys/forza_ws/race_stack/build/sector_tuner/build/lib/sector_tuner/sector_tuner.py -> /home/misys/forza_ws/race_stack/install/sector_tuner/lib/python3.10/site-packages/sector_tuner
[6.084s] copying /home/misys/forza_ws/race_stack/build/sector_tuner/build/lib/sector_tuner/ot_interpolator.py -> /home/misys/forza_ws/race_stack/install/sector_tuner/lib/python3.10/site-packages/sector_tuner
[6.084s] copying /home/misys/forza_ws/race_stack/build/sector_tuner/build/lib/sector_tuner/sector_ctrl_slicer.py -> /home/misys/forza_ws/race_stack/install/sector_tuner/lib/python3.10/site-packages/sector_tuner
[6.084s] byte-compiling /home/misys/forza_ws/race_stack/install/sector_tuner/lib/python3.10/site-packages/sector_tuner/__init__.py to __init__.cpython-310.pyc
[6.084s] byte-compiling /home/misys/forza_ws/race_stack/install/sector_tuner/lib/python3.10/site-packages/sector_tuner/ot_sector_slicer.py to ot_sector_slicer.cpython-310.pyc
[6.084s] byte-compiling /home/misys/forza_ws/race_stack/install/sector_tuner/lib/python3.10/site-packages/sector_tuner/sector_slicer.py to sector_slicer.cpython-310.pyc
[6.084s] byte-compiling /home/misys/forza_ws/race_stack/install/sector_tuner/lib/python3.10/site-packages/sector_tuner/sector_tuner.py to sector_tuner.cpython-310.pyc
[6.084s] byte-compiling /home/misys/forza_ws/race_stack/install/sector_tuner/lib/python3.10/site-packages/sector_tuner/ot_interpolator.py to ot_interpolator.cpython-310.pyc
[6.084s] byte-compiling /home/misys/forza_ws/race_stack/install/sector_tuner/lib/python3.10/site-packages/sector_tuner/sector_ctrl_slicer.py to sector_ctrl_slicer.cpython-310.pyc
[6.084s] running install_data
[6.084s] creating /home/misys/forza_ws/race_stack/install/sector_tuner/share/ament_index
[6.084s] creating /home/misys/forza_ws/race_stack/install/sector_tuner/share/ament_index/resource_index
[6.085s] creating /home/misys/forza_ws/race_stack/install/sector_tuner/share/ament_index/resource_index/packages
[6.085s] copying resource/sector_tuner -> /home/misys/forza_ws/race_stack/install/sector_tuner/share/ament_index/resource_index/packages
[6.085s] copying package.xml -> /home/misys/forza_ws/race_stack/install/sector_tuner/share/sector_tuner
[6.085s] running install_egg_info
[6.085s] Copying ../../../build/sector_tuner/sector_tuner.egg-info to /home/misys/forza_ws/race_stack/install/sector_tuner/lib/python3.10/site-packages/sector_tuner-0.0.0-py3.10.egg-info
[6.085s] running install_scripts
[6.085s] creating /home/misys/forza_ws/race_stack/install/sector_tuner/lib/sector_tuner
[6.085s] copying /home/misys/forza_ws/race_stack/build/sector_tuner/build/scripts-3.10/finish_sector.sh -> /home/misys/forza_ws/race_stack/install/sector_tuner/lib/sector_tuner
[6.085s] changing mode of /home/misys/forza_ws/race_stack/install/sector_tuner/lib/sector_tuner/finish_sector.sh to 755
[6.085s] Installing ot_interpolator script to /home/misys/forza_ws/race_stack/install/sector_tuner/lib/sector_tuner
[6.085s] Installing ot_sector_slicer script to /home/misys/forza_ws/race_stack/install/sector_tuner/lib/sector_tuner
[6.085s] Installing sector_ctrl_slicer script to /home/misys/forza_ws/race_stack/install/sector_tuner/lib/sector_tuner
[6.085s] Installing sector_runtime_ctrl_switcher script to /home/misys/forza_ws/race_stack/install/sector_tuner/lib/sector_tuner
[6.085s] Installing sector_slicer script to /home/misys/forza_ws/race_stack/install/sector_tuner/lib/sector_tuner
[6.085s] Installing sector_tuner script to /home/misys/forza_ws/race_stack/install/sector_tuner/lib/sector_tuner
[6.085s] writing list of installed files to '/home/misys/forza_ws/race_stack/build/sector_tuner/install.log'
[6.108s] Invoked command in '/home/misys/forza_ws/race_stack/utilities/nodes/sector_tuner' returned '0': PYTHONPATH=/home/misys/forza_ws/race_stack/build/sector_tuner/prefix_override:/usr/lib/python3/dist-packages/colcon_core/task/python/colcon_distutils_commands:/home/misys/forza_ws/race_stack/install/sector_tuner/lib/python3.10/site-packages:${PYTHONPATH} /usr/bin/python3 -W ignore:setup.py install is deprecated -W ignore:easy_install command is deprecated setup.py egg_info --egg-base ../../../build/sector_tuner build --build-base /home/misys/forza_ws/race_stack/build/sector_tuner/build install --record /home/misys/forza_ws/race_stack/build/sector_tuner/install.log --single-version-externally-managed install_data
