[0.000000] (-) TimerEvent: {}
[0.000478] (-) JobUnselected: {'identifier': 'ackermann_mux'}
[0.000554] (-) JobUnselected: {'identifier': 'controller'}
[0.000603] (-) JobUnselected: {'identifier': 'controller_cpp'}
[0.000648] (-) JobUnselected: {'identifier': 'f110_msgs'}
[0.000692] (-) JobUnselected: {'identifier': 'f1tenth_gym_ros'}
[0.000734] (-) JobUnselected: {'identifier': 'f1tenth_stack'}
[0.000775] (-) JobUnselected: {'identifier': 'frenet_conversion'}
[0.000813] (-) JobUnselected: {'identifier': 'frenet_conversion_cpp'}
[0.000836] (-) JobUnselected: {'identifier': 'frenet_odom_republisher'}
[0.000859] (-) JobUnselected: {'identifier': 'frenet_odom_republisher_cpp'}
[0.000882] (-) JobUnselected: {'identifier': 'global_planner'}
[0.000904] (-) JobUnselected: {'identifier': 'id_controller'}
[0.000927] (-) JobUnselected: {'identifier': 'joy_teleop'}
[0.000949] (-) JobUnselected: {'identifier': 'key_teleop'}
[0.000971] (-) JobUnselected: {'identifier': 'lap_analyser'}
[0.000996] (-) JobUnselected: {'identifier': 'map_editor'}
[0.001038] (-) JobUnselected: {'identifier': 'mouse_teleop'}
[0.001085] (-) JobUnselected: {'identifier': 'ofc'}
[0.001311] (-) JobUnselected: {'identifier': 'opponent_publisher'}
[0.001362] (-) JobUnselected: {'identifier': 'opponent_publisher_cpp'}
[0.001382] (-) JobUnselected: {'identifier': 'particle_filter'}
[0.001398] (-) JobUnselected: {'identifier': 'perception'}
[0.001414] (-) JobUnselected: {'identifier': 'perception_cpp'}
[0.001429] (-) JobUnselected: {'identifier': 'sector_tuner'}
[0.001445] (-) JobUnselected: {'identifier': 'slam_toolbox'}
[0.001459] (-) JobUnselected: {'identifier': 'slam_tuner'}
[0.001474] (-) JobUnselected: {'identifier': 'spline_planner'}
[0.001488] (-) JobUnselected: {'identifier': 'stack_master'}
[0.001503] (-) JobUnselected: {'identifier': 'state_estimation'}
[0.001518] (-) JobUnselected: {'identifier': 'state_machine'}
[0.001533] (-) JobUnselected: {'identifier': 'steering_lookup'}
[0.001549] (-) JobUnselected: {'identifier': 'teleop_tools'}
[0.001564] (-) JobUnselected: {'identifier': 'teleop_tools_msgs'}
[0.001578] (-) JobUnselected: {'identifier': 'urg_node2'}
[0.001592] (-) JobUnselected: {'identifier': 'vesc'}
[0.001607] (-) JobUnselected: {'identifier': 'vesc_ackermann'}
[0.001623] (-) JobUnselected: {'identifier': 'vesc_driver'}
[0.001638] (-) JobUnselected: {'identifier': 'vesc_msgs'}
[0.001657] (f110_gym) JobQueued: {'identifier': 'f110_gym', 'dependencies': OrderedDict()}
[0.001678] (f110_gym) JobStarted: {'identifier': 'f110_gym'}
[0.099670] (-) TimerEvent: {}
[0.199944] (-) TimerEvent: {}
[0.300221] (-) TimerEvent: {}
[0.400495] (-) TimerEvent: {}
[0.500779] (-) TimerEvent: {}
[0.546858] (f110_gym) Command: {'cmd': ['/usr/bin/python3', '-W', 'ignore:setup.py install is deprecated', '-W', 'ignore:easy_install command is deprecated', 'setup.py', 'egg_info', '--egg-base', '../../../build/f110_gym', 'build', '--build-base', '/home/misys/forza_ws/race_stack/build/f110_gym/build', 'install', '--record', '/home/misys/forza_ws/race_stack/build/f110_gym/install.log', '--single-version-externally-managed'], 'cwd': '/home/misys/forza_ws/race_stack/base_system/f110_simulator/f1tenth_gym', 'env': {'LIBRARY_PATH': '/usr/local/cuda/lib64/stubs', 'NV_LIBCUBLAS_VERSION': '12.4.5.8-1', 'NV_NVPROF_DEV_PACKAGE': 'cuda-nvprof-12-4=12.4.127-1', 'NV_CUDA_COMPAT_PACKAGE': 'cuda-compat-12-4', 'NV_CUDA_NSIGHT_COMPUTE_VERSION': '12.4.1-1', 'PW': 'root', 'SHLVL': '1', 'LD_LIBRARY_PATH': '/usr/local/nvidia/lib:/usr/local/nvidia/lib64', 'NV_LIBNCCL_PACKAGE_VERSION': '2.21.5-1', 'HOME': '/home/misys', 'OLDPWD': '/home/misys', 'NV_LIBCUBLAS_DEV_VERSION': '12.4.5.8-1', 'LC_CTYPE': 'C.UTF-8', 'NV_LIBNCCL_DEV_PACKAGE_VERSION': '2.21.5-1', 'NV_LIBNPP_PACKAGE': 'libnpp-12-4=12.2.5.30-1', 'RACE_STACK_REPO': 'jeonseoknam/MAR-Misys-Autonomous-Racing-', 'CUDA_VERSION': '12.4.1', 'NV_NVPROF_VERSION': '12.4.127-1', 'RACE_STACK_BRANCH': 'full_tiny_final', 'NV_LIBCUBLAS_PACKAGE_NAME': 'libcublas-12-4', 'NVIDIA_REQUIRE_CUDA': 'cuda>=12.4 brand=tesla,driver>=470,driver<471 brand=unknown,driver>=470,driver<471 brand=nvidia,driver>=470,driver<471 brand=nvidiartx,driver>=470,driver<471 brand=geforce,driver>=470,driver<471 brand=geforcertx,driver>=470,driver<471 brand=quadro,driver>=470,driver<471 brand=quadrortx,driver>=470,driver<471 brand=titan,driver>=470,driver<471 brand=titanrtx,driver>=470,driver<471 brand=tesla,driver>=525,driver<526 brand=unknown,driver>=525,driver<526 brand=nvidia,driver>=525,driver<526 brand=nvidiartx,driver>=525,driver<526 brand=geforce,driver>=525,driver<526 brand=geforcertx,driver>=525,driver<526 brand=quadro,driver>=525,driver<526 brand=quadrortx,driver>=525,driver<526 brand=titan,driver>=525,driver<526 brand=titanrtx,driver>=525,driver<526 brand=tesla,driver>=535,driver<536 brand=unknown,driver>=535,driver<536 brand=nvidia,driver>=535,driver<536 brand=nvidiartx,driver>=535,driver<536 brand=geforce,driver>=535,driver<536 brand=geforcertx,driver>=535,driver<536 brand=quadro,driver>=535,driver<536 brand=quadrortx,driver>=535,driver<536 brand=titan,driver>=535,driver<536 brand=titanrtx,driver>=535,driver<536', '_': '/usr/bin/colcon', 'NV_LIBCUSPARSE_VERSION': '12.3.1.170-1', 'NVIDIA_DRIVER_CAPABILITIES': 'compute,utility', 'NV_CUDA_LIB_VERSION': '12.4.1-1', 'NV_LIBNCCL_PACKAGE_NAME': 'libnccl2', 'NV_NVML_DEV_VERSION': '12.4.127-1', 'UNAME': 'misys', 'NV_LIBNPP_DEV_PACKAGE': 'libnpp-dev-12-4=12.2.5.30-1', 'NV_CUDA_CUDART_VERSION': '12.4.127-1', 'PATH': '/usr/local/nvidia/bin:/usr/local/cuda/bin:/usr/local/sbin:/usr/local/bin:/usr/sbin:/usr/bin:/sbin:/bin', 'NV_LIBCUBLAS_DEV_PACKAGE_NAME': 'libcublas-dev-12-4', 'NV_LIBCUBLAS_PACKAGE': 'libcublas-12-4=12.4.5.8-1', 'NVARCH': 'x86_64', 'NV_LIBNCCL_DEV_PACKAGE_NAME': 'libnccl-dev', 'NV_LIBCUSPARSE_DEV_VERSION': '12.3.1.170-1', 'NV_LIBNCCL_PACKAGE': 'libnccl2=2.21.5-1+cuda12.4', 'NVIDIA_PRODUCT_NAME': 'CUDA', 'NV_CUDA_CUDART_DEV_VERSION': '12.4.127-1', 'CACHE_BREAKER': '1', 'UID': '1000', 'NV_LIBCUBLAS_DEV_PACKAGE': 'libcublas-dev-12-4=12.4.5.8-1', 'NV_CUDA_NSIGHT_COMPUTE_DEV_PACKAGE': 'cuda-nsight-compute-12-4=12.4.1-1', 'NV_LIBNCCL_DEV_PACKAGE': 'libnccl-dev=2.21.5-1+cuda12.4', 'NV_NVTX_VERSION': '12.4.127-1', 'NV_LIBNPP_VERSION': '12.2.5.30-1', 'PWD': '/home/misys/forza_ws/race_stack/build/f110_gym', 'NVIDIA_VISIBLE_DEVICES': 'all', 'NCCL_VERSION': '2.21.5-1', 'COLCON': '1', 'NV_LIBNPP_DEV_VERSION': '12.2.5.30-1', 'PYTHONPATH': '/home/misys/forza_ws/race_stack/build/f110_gym/prefix_override:/usr/lib/python3/dist-packages/colcon_core/task/python/colcon_distutils_commands:/home/misys/forza_ws/race_stack/install/f110_gym/lib/python3.10/site-packages:'}, 'shell': False}
[0.600943] (-) TimerEvent: {}
[0.701204] (-) TimerEvent: {}
[0.743254] (f110_gym) StdoutLine: {'line': b'running egg_info\n'}
[0.743667] (f110_gym) StdoutLine: {'line': b'creating ../../../build/f110_gym/f110_gym.egg-info\n'}
[0.743738] (f110_gym) StdoutLine: {'line': b'writing ../../../build/f110_gym/f110_gym.egg-info/PKG-INFO\n'}
[0.744009] (f110_gym) StdoutLine: {'line': b'writing dependency_links to ../../../build/f110_gym/f110_gym.egg-info/dependency_links.txt\n'}
[0.744074] (f110_gym) StdoutLine: {'line': b'writing requirements to ../../../build/f110_gym/f110_gym.egg-info/requires.txt\n'}
[0.744165] (f110_gym) StdoutLine: {'line': b'writing top-level names to ../../../build/f110_gym/f110_gym.egg-info/top_level.txt\n'}
[0.744434] (f110_gym) StdoutLine: {'line': b"writing manifest file '../../../build/f110_gym/f110_gym.egg-info/SOURCES.txt'\n"}
[0.744757] (f110_gym) StdoutLine: {'line': b"reading manifest file '../../../build/f110_gym/f110_gym.egg-info/SOURCES.txt'\n"}
[0.744831] (f110_gym) StdoutLine: {'line': b"adding license file 'LICENSE'\n"}
[0.745386] (f110_gym) StdoutLine: {'line': b"writing manifest file '../../../build/f110_gym/f110_gym.egg-info/SOURCES.txt'\n"}
[0.745459] (f110_gym) StdoutLine: {'line': b'running build\n'}
[0.745519] (f110_gym) StdoutLine: {'line': b'running install\n'}
[0.745770] (f110_gym) StdoutLine: {'line': b'running install_egg_info\n'}
[0.748027] (f110_gym) StdoutLine: {'line': b'Copying ../../../build/f110_gym/f110_gym.egg-info to /home/misys/forza_ws/race_stack/install/f110_gym/lib/python3.10/site-packages/f110_gym-0.3.0-py3.10.egg-info\n'}
[0.748738] (f110_gym) StdoutLine: {'line': b'running install_scripts\n'}
[0.771241] (f110_gym) StdoutLine: {'line': b"writing list of installed files to '/home/misys/forza_ws/race_stack/build/f110_gym/install.log'\n"}
[0.793767] (f110_gym) CommandEnded: {'returncode': 0}
[0.801285] (-) TimerEvent: {}
[0.811261] (f110_gym) JobEnded: {'identifier': 'f110_gym', 'rc': 0}
[0.811996] (-) EventReactorShutdown: {}
