running egg_info
creating ../../../build/id_controller/id_controller.egg-info
writing ../../../build/id_controller/id_controller.egg-info/PKG-INFO
writing dependency_links to ../../../build/id_controller/id_controller.egg-info/dependency_links.txt
writing entry points to ../../../build/id_controller/id_controller.egg-info/entry_points.txt
writing requirements to ../../../build/id_controller/id_controller.egg-info/requires.txt
writing top-level names to ../../../build/id_controller/id_controller.egg-info/top_level.txt
writing manifest file '../../../build/id_controller/id_controller.egg-info/SOURCES.txt'
reading manifest file '../../../build/id_controller/id_controller.egg-info/SOURCES.txt'
adding license file 'LICENSE'
writing manifest file '../../../build/id_controller/id_controller.egg-info/SOURCES.txt'
running build
running build_py
creating /home/misys/forza_ws/race_stack/build/id_controller/build
creating /home/misys/forza_ws/race_stack/build/id_controller/build/lib
creating /home/misys/forza_ws/race_stack/build/id_controller/build/lib/id_controller
copying id_controller/__init__.py -> /home/misys/forza_ws/race_stack/build/id_controller/build/lib/id_controller
running install
running install_lib
creating /home/misys/forza_ws/race_stack/install/id_controller/lib/python3.10/site-packages/id_controller
copying /home/misys/forza_ws/race_stack/build/id_controller/build/lib/id_controller/__init__.py -> /home/misys/forza_ws/race_stack/install/id_controller/lib/python3.10/site-packages/id_controller
byte-compiling /home/misys/forza_ws/race_stack/install/id_controller/lib/python3.10/site-packages/id_controller/__init__.py to __init__.cpython-310.pyc
running install_data
creating /home/misys/forza_ws/race_stack/install/id_controller/share/ament_index
creating /home/misys/forza_ws/race_stack/install/id_controller/share/ament_index/resource_index
creating /home/misys/forza_ws/race_stack/install/id_controller/share/ament_index/resource_index/packages
copying resource/id_controller -> /home/misys/forza_ws/race_stack/install/id_controller/share/ament_index/resource_index/packages
copying package.xml -> /home/misys/forza_ws/race_stack/install/id_controller/share/id_controller
running install_egg_info
Copying ../../../build/id_controller/id_controller.egg-info to /home/misys/forza_ws/race_stack/install/id_controller/lib/python3.10/site-packages/id_controller-0.0.0-py3.10.egg-info
running install_scripts
writing list of installed files to '/home/misys/forza_ws/race_stack/build/id_controller/install.log'
