[5.596s] Invoking command in '/home/misys/forza_ws/race_stack/system_identification/nodes/id_controller': PYTHONPATH=/home/misys/forza_ws/race_stack/build/id_controller/prefix_override:/usr/lib/python3/dist-packages/colcon_core/task/python/colcon_distutils_commands:/home/misys/forza_ws/race_stack/install/id_controller/lib/python3.10/site-packages:${PYTHONPATH} /usr/bin/python3 -W ignore:setup.py install is deprecated -W ignore:easy_install command is deprecated setup.py egg_info --egg-base ../../../build/id_controller build --build-base /home/misys/forza_ws/race_stack/build/id_controller/build install --record /home/misys/forza_ws/race_stack/build/id_controller/install.log --single-version-externally-managed install_data
[8.416s] running egg_info
[8.416s] creating ../../../build/id_controller/id_controller.egg-info
[8.416s] writing ../../../build/id_controller/id_controller.egg-info/PKG-INFO
[8.416s] writing dependency_links to ../../../build/id_controller/id_controller.egg-info/dependency_links.txt
[8.416s] writing entry points to ../../../build/id_controller/id_controller.egg-info/entry_points.txt
[8.417s] writing requirements to ../../../build/id_controller/id_controller.egg-info/requires.txt
[8.417s] writing top-level names to ../../../build/id_controller/id_controller.egg-info/top_level.txt
[8.417s] writing manifest file '../../../build/id_controller/id_controller.egg-info/SOURCES.txt'
[8.417s] reading manifest file '../../../build/id_controller/id_controller.egg-info/SOURCES.txt'
[8.417s] adding license file 'LICENSE'
[8.417s] writing manifest file '../../../build/id_controller/id_controller.egg-info/SOURCES.txt'
[8.417s] running build
[8.417s] running build_py
[8.417s] creating /home/misys/forza_ws/race_stack/build/id_controller/build
[8.417s] creating /home/misys/forza_ws/race_stack/build/id_controller/build/lib
[8.417s] creating /home/misys/forza_ws/race_stack/build/id_controller/build/lib/id_controller
[8.417s] copying id_controller/__init__.py -> /home/misys/forza_ws/race_stack/build/id_controller/build/lib/id_controller
[8.417s] running install
[8.417s] running install_lib
[8.418s] creating /home/misys/forza_ws/race_stack/install/id_controller/lib/python3.10/site-packages/id_controller
[8.418s] copying /home/misys/forza_ws/race_stack/build/id_controller/build/lib/id_controller/__init__.py -> /home/misys/forza_ws/race_stack/install/id_controller/lib/python3.10/site-packages/id_controller
[8.418s] byte-compiling /home/misys/forza_ws/race_stack/install/id_controller/lib/python3.10/site-packages/id_controller/__init__.py to __init__.cpython-310.pyc
[8.418s] running install_data
[8.418s] creating /home/misys/forza_ws/race_stack/install/id_controller/share/ament_index
[8.418s] creating /home/misys/forza_ws/race_stack/install/id_controller/share/ament_index/resource_index
[8.418s] creating /home/misys/forza_ws/race_stack/install/id_controller/share/ament_index/resource_index/packages
[8.418s] copying resource/id_controller -> /home/misys/forza_ws/race_stack/install/id_controller/share/ament_index/resource_index/packages
[8.422s] copying package.xml -> /home/misys/forza_ws/race_stack/install/id_controller/share/id_controller
[8.422s] running install_egg_info
[8.422s] Copying ../../../build/id_controller/id_controller.egg-info to /home/misys/forza_ws/race_stack/install/id_controller/lib/python3.10/site-packages/id_controller-0.0.0-py3.10.egg-info
[8.422s] running install_scripts
[8.422s] writing list of installed files to '/home/misys/forza_ws/race_stack/build/id_controller/install.log'
[9.320s] Invoked command in '/home/misys/forza_ws/race_stack/system_identification/nodes/id_controller' returned '0': PYTHONPATH=/home/misys/forza_ws/race_stack/build/id_controller/prefix_override:/usr/lib/python3/dist-packages/colcon_core/task/python/colcon_distutils_commands:/home/misys/forza_ws/race_stack/install/id_controller/lib/python3.10/site-packages:${PYTHONPATH} /usr/bin/python3 -W ignore:setup.py install is deprecated -W ignore:easy_install command is deprecated setup.py egg_info --egg-base ../../../build/id_controller build --build-base /home/misys/forza_ws/race_stack/build/id_controller/build install --record /home/misys/forza_ws/race_stack/build/id_controller/install.log --single-version-externally-managed install_data
