[35m[1mConsolidate compiler generated dependencies of target global_planner__rosidl_generator_c[0m
[  1%] [32mBuilding CXX object CMakeFiles/utils_lib.dir/src/utils.cpp.o[0m
[  3%] Built target global_planner__cpp
[ 11%] Built target global_planner__rosidl_generator_c
[ 13%] [34m[1mGenerating C++ type support dispatch for ROS interfaces[0m
[ 15%] Built target ament_cmake_python_copy_global_planner
[ 15%] [34m[1mGenerating C introspection for ROS interfaces[0m
[ 16%] [34m[1mGenerating C++ type support for eProsima Fast-RTPS[0m
[ 20%] [34m[1mGenerating C type support for eProsima Fast-RTPS[0m
[ 20%] [34m[1mGenerating C++ introspection for ROS interfaces[0m
[ 22%] [34m[1mGenerating C type support dispatch for ROS interfaces[0m
[ 23%] [32mBuilding CXX object CMakeFiles/global_planner__rosidl_typesupport_cpp.dir/rosidl_typesupport_cpp/global_planner/msg/wpnt__type_support.cpp.o[0m
[ 30%] [32mBuilding CXX object CMakeFiles/global_planner__rosidl_typesupport_c.dir/rosidl_typesupport_c/global_planner/msg/metadata__type_support.cpp.o[0m
[ 30%] [32mBuilding CXX object CMakeFiles/global_planner__rosidl_typesupport_cpp.dir/rosidl_typesupport_cpp/global_planner/msg/wpnt_array__type_support.cpp.o[0m
[ 30%] [32mBuilding CXX object CMakeFiles/global_planner__rosidl_typesupport_cpp.dir/rosidl_typesupport_cpp/global_planner/msg/metadata__type_support.cpp.o[0m
[ 30%] [32mBuilding CXX object CMakeFiles/global_planner__rosidl_typesupport_c.dir/rosidl_typesupport_c/global_planner/msg/wpnt__type_support.cpp.o[0m
[ 32%] [32mBuilding CXX object CMakeFiles/global_planner__rosidl_typesupport_c.dir/rosidl_typesupport_c/global_planner/msg/wpnt_array__type_support.cpp.o[0m
[ 37%] [32mBuilding C object CMakeFiles/global_planner__rosidl_typesupport_introspection_c.dir/rosidl_typesupport_introspection_c/global_planner/msg/detail/wpnt__type_support.c.o[0m
[ 37%] [32mBuilding C object CMakeFiles/global_planner__rosidl_typesupport_introspection_c.dir/rosidl_typesupport_introspection_c/global_planner/msg/detail/wpnt_array__type_support.c.o[0m
[ 37%] [32mBuilding C object CMakeFiles/global_planner__rosidl_typesupport_introspection_c.dir/rosidl_typesupport_introspection_c/global_planner/msg/detail/metadata__type_support.c.o[0m
[ 38%] [32m[1mLinking CXX shared library libglobal_planner__rosidl_typesupport_c.so[0m
[ 40%] [32mBuilding CXX object CMakeFiles/global_planner__rosidl_typesupport_introspection_cpp.dir/rosidl_typesupport_introspection_cpp/global_planner/msg/detail/wpnt_array__type_support.cpp.o[0m
[ 42%] [32mBuilding CXX object CMakeFiles/global_planner__rosidl_typesupport_introspection_cpp.dir/rosidl_typesupport_introspection_cpp/global_planner/msg/detail/wpnt__type_support.cpp.o[0m
[ 44%] [32mBuilding CXX object CMakeFiles/global_planner__rosidl_typesupport_introspection_cpp.dir/rosidl_typesupport_introspection_cpp/global_planner/msg/detail/metadata__type_support.cpp.o[0m
[ 45%] [32m[1mLinking C shared library libglobal_planner__rosidl_typesupport_introspection_c.so[0m
[ 45%] Built target global_planner__rosidl_typesupport_c
[ 45%] Built target global_planner__rosidl_typesupport_introspection_c
[ 49%] [32mBuilding CXX object CMakeFiles/global_planner__rosidl_typesupport_fastrtps_c.dir/rosidl_typesupport_fastrtps_c/global_planner/msg/detail/metadata__type_support_c.cpp.o[0m
[ 49%] [32mBuilding CXX object CMakeFiles/global_planner__rosidl_typesupport_fastrtps_c.dir/rosidl_typesupport_fastrtps_c/global_planner/msg/detail/wpnt__type_support_c.cpp.o[0m
[ 50%] [32mBuilding CXX object CMakeFiles/global_planner__rosidl_typesupport_fastrtps_c.dir/rosidl_typesupport_fastrtps_c/global_planner/msg/detail/wpnt_array__type_support_c.cpp.o[0m
[ 54%] [32mBuilding CXX object CMakeFiles/global_planner__rosidl_typesupport_fastrtps_cpp.dir/rosidl_typesupport_fastrtps_cpp/global_planner/msg/detail/dds_fastrtps/wpnt__type_support.cpp.o[0m
[ 54%] [32mBuilding CXX object CMakeFiles/global_planner__rosidl_typesupport_fastrtps_cpp.dir/rosidl_typesupport_fastrtps_cpp/global_planner/msg/detail/dds_fastrtps/wpnt_array__type_support.cpp.o[0m
[ 55%] [32mBuilding CXX object CMakeFiles/global_planner__rosidl_typesupport_fastrtps_cpp.dir/rosidl_typesupport_fastrtps_cpp/global_planner/msg/detail/dds_fastrtps/metadata__type_support.cpp.o[0m
[ 57%] [32m[1mLinking CXX shared library libglobal_planner__rosidl_typesupport_cpp.so[0m
[ 57%] Built target global_planner__rosidl_typesupport_cpp
[ 59%] [32m[1mLinking CXX shared library libglobal_planner__rosidl_typesupport_introspection_cpp.so[0m
[ 61%] [32m[1mLinking CXX shared library libglobal_planner__rosidl_typesupport_fastrtps_c.so[0m
[ 61%] Built target global_planner__rosidl_typesupport_introspection_cpp
[ 62%] [32m[1mLinking CXX shared library libglobal_planner__rosidl_typesupport_fastrtps_cpp.so[0m
[ 62%] Built target global_planner__rosidl_typesupport_fastrtps_c
[ 62%] Built target global_planner__rosidl_typesupport_fastrtps_cpp
