[0.017s] Invoking command in '/home/misys/forza_ws/race_stack/global_planner/build/global_planner': /usr/bin/cmake --build /home/misys/forza_ws/race_stack/global_planner/build/global_planner -- -j18 -l18
[0.086s] [35m[1mConsolidate compiler generated dependencies of target global_planner__rosidl_generator_c[0m
[0.099s] [  1%] [32mBuilding CXX object CMakeFiles/utils_lib.dir/src/utils.cpp.o[0m
[0.099s] [  3%] Built target global_planner__cpp
[0.100s] [ 11%] Built target global_planner__rosidl_generator_c
[0.111s] In file included from [01m[K/home/misys/forza_ws/race_stack/global_planner/src/utils.cpp:3[m[K:
[0.111s] [01m[K/home/misys/forza_ws/race_stack/global_planner/include/utils.hpp:6:10:[m[K [01;31m[Kfatal error: [m[Kglobal_planner/msg/wpnt.msg: No such file or directory
[0.111s]     6 | #include [01;31m[K"global_planner/msg/wpnt.msg"[m[K
[0.111s]       |          [01;31m[K^~~~~~~~~~~~~~~~~~~~~~~~~~~~~[m[K
[0.111s] compilation terminated.
[0.112s] [ 13%] [34m[1mGenerating C++ type support dispatch for ROS interfaces[0m
[0.112s] gmake[2]: *** [CMakeFiles/utils_lib.dir/build.make:76: CMakeFiles/utils_lib.dir/src/utils.cpp.o] Error 1
[0.113s] [ 15%] Built target ament_cmake_python_copy_global_planner
[0.113s] [ 15%] [34m[1mGenerating C introspection for ROS interfaces[0m
[0.113s] gmake[1]: *** [CMakeFiles/Makefile2:602: CMakeFiles/utils_lib.dir/all] Error 2
[0.113s] gmake[1]: *** Waiting for unfinished jobs....
[0.113s] [ 16%] [34m[1mGenerating C++ type support for eProsima Fast-RTPS[0m
[0.114s] [ 20%] [34m[1mGenerating C type support for eProsima Fast-RTPS[0m
[0.114s] [ 20%] [34m[1mGenerating C++ introspection for ROS interfaces[0m
[0.115s] [ 22%] [34m[1mGenerating C type support dispatch for ROS interfaces[0m
[0.462s] [ 23%] [32mBuilding CXX object CMakeFiles/global_planner__rosidl_typesupport_cpp.dir/rosidl_typesupport_cpp/global_planner/msg/wpnt__type_support.cpp.o[0m
[0.464s] [ 30%] [32mBuilding CXX object CMakeFiles/global_planner__rosidl_typesupport_c.dir/rosidl_typesupport_c/global_planner/msg/metadata__type_support.cpp.o[0m
[0.464s] [ 30%] [32mBuilding CXX object CMakeFiles/global_planner__rosidl_typesupport_cpp.dir/rosidl_typesupport_cpp/global_planner/msg/wpnt_array__type_support.cpp.o[0m
[0.465s] [ 30%] [32mBuilding CXX object CMakeFiles/global_planner__rosidl_typesupport_cpp.dir/rosidl_typesupport_cpp/global_planner/msg/metadata__type_support.cpp.o[0m
[0.465s] [ 30%] [32mBuilding CXX object CMakeFiles/global_planner__rosidl_typesupport_c.dir/rosidl_typesupport_c/global_planner/msg/wpnt__type_support.cpp.o[0m
[0.466s] [ 32%] [32mBuilding CXX object CMakeFiles/global_planner__rosidl_typesupport_c.dir/rosidl_typesupport_c/global_planner/msg/wpnt_array__type_support.cpp.o[0m
[0.499s] [ 37%] [32mBuilding C object CMakeFiles/global_planner__rosidl_typesupport_introspection_c.dir/rosidl_typesupport_introspection_c/global_planner/msg/detail/wpnt__type_support.c.o[0m
[0.499s] [ 37%] [32mBuilding C object CMakeFiles/global_planner__rosidl_typesupport_introspection_c.dir/rosidl_typesupport_introspection_c/global_planner/msg/detail/wpnt_array__type_support.c.o[0m
[0.499s] [ 37%] [32mBuilding C object CMakeFiles/global_planner__rosidl_typesupport_introspection_c.dir/rosidl_typesupport_introspection_c/global_planner/msg/detail/metadata__type_support.c.o[0m
[0.511s] [ 38%] [32m[1mLinking CXX shared library libglobal_planner__rosidl_typesupport_c.so[0m
[0.524s] [ 40%] [32mBuilding CXX object CMakeFiles/global_planner__rosidl_typesupport_introspection_cpp.dir/rosidl_typesupport_introspection_cpp/global_planner/msg/detail/wpnt_array__type_support.cpp.o[0m
[0.524s] [ 42%] [32mBuilding CXX object CMakeFiles/global_planner__rosidl_typesupport_introspection_cpp.dir/rosidl_typesupport_introspection_cpp/global_planner/msg/detail/wpnt__type_support.cpp.o[0m
[0.525s] [ 44%] [32mBuilding CXX object CMakeFiles/global_planner__rosidl_typesupport_introspection_cpp.dir/rosidl_typesupport_introspection_cpp/global_planner/msg/detail/metadata__type_support.cpp.o[0m
[0.544s] [ 45%] [32m[1mLinking C shared library libglobal_planner__rosidl_typesupport_introspection_c.so[0m
[0.559s] [ 45%] Built target global_planner__rosidl_typesupport_c
[0.583s] [ 45%] Built target global_planner__rosidl_typesupport_introspection_c
[0.632s] [ 49%] [32mBuilding CXX object CMakeFiles/global_planner__rosidl_typesupport_fastrtps_c.dir/rosidl_typesupport_fastrtps_c/global_planner/msg/detail/metadata__type_support_c.cpp.o[0m
[0.632s] [ 49%] [32mBuilding CXX object CMakeFiles/global_planner__rosidl_typesupport_fastrtps_c.dir/rosidl_typesupport_fastrtps_c/global_planner/msg/detail/wpnt__type_support_c.cpp.o[0m
[0.632s] [ 50%] [32mBuilding CXX object CMakeFiles/global_planner__rosidl_typesupport_fastrtps_c.dir/rosidl_typesupport_fastrtps_c/global_planner/msg/detail/wpnt_array__type_support_c.cpp.o[0m
[0.723s] [ 54%] [32mBuilding CXX object CMakeFiles/global_planner__rosidl_typesupport_fastrtps_cpp.dir/rosidl_typesupport_fastrtps_cpp/global_planner/msg/detail/dds_fastrtps/wpnt__type_support.cpp.o[0m
[0.723s] [ 54%] [32mBuilding CXX object CMakeFiles/global_planner__rosidl_typesupport_fastrtps_cpp.dir/rosidl_typesupport_fastrtps_cpp/global_planner/msg/detail/dds_fastrtps/wpnt_array__type_support.cpp.o[0m
[0.727s] [ 55%] [32mBuilding CXX object CMakeFiles/global_planner__rosidl_typesupport_fastrtps_cpp.dir/rosidl_typesupport_fastrtps_cpp/global_planner/msg/detail/dds_fastrtps/metadata__type_support.cpp.o[0m
[0.902s] [ 57%] [32m[1mLinking CXX shared library libglobal_planner__rosidl_typesupport_cpp.so[0m
[0.965s] [ 57%] Built target global_planner__rosidl_typesupport_cpp
[1.045s] [ 59%] [32m[1mLinking CXX shared library libglobal_planner__rosidl_typesupport_introspection_cpp.so[0m
[1.104s] [ 61%] [32m[1mLinking CXX shared library libglobal_planner__rosidl_typesupport_fastrtps_c.so[0m
[1.151s] [ 61%] Built target global_planner__rosidl_typesupport_introspection_cpp
[1.160s] [ 62%] [32m[1mLinking CXX shared library libglobal_planner__rosidl_typesupport_fastrtps_cpp.so[0m
[1.196s] [ 62%] Built target global_planner__rosidl_typesupport_fastrtps_c
[1.256s] [ 62%] Built target global_planner__rosidl_typesupport_fastrtps_cpp
[1.258s] gmake: *** [Makefile:146: all] Error 2
[1.262s] Invoked command in '/home/misys/forza_ws/race_stack/global_planner/build/global_planner' returned '2': /usr/bin/cmake --build /home/misys/forza_ws/race_stack/global_planner/build/global_planner -- -j18 -l18
