[35m[1mConsolidate compiler generated dependencies of target utils_lib[0m
[ 10%] Built target global_planner__cpp
[ 10%] Built target global_planner__rosidl_generator_c
[ 11%] [32mBuilding CXX object CMakeFiles/utils_lib.dir/src/utils.cpp.o[0m
[ 11%] Built target ament_cmake_python_copy_global_planner
[ 28%] Built target global_planner__rosidl_typesupport_c
[ 28%] Built target global_planner__rosidl_typesupport_fastrtps_c
[ 37%] Built target global_planner__rosidl_typesupport_introspection_c
[ 45%] Built target global_planner__rosidl_typesupport_fastrtps_cpp
[ 54%] Built target global_planner__rosidl_typesupport_cpp
[ 62%] Built target global_planner__rosidl_typesupport_introspection_cpp
[ 62%] Built target global_planner
[ 64%] Built target global_planner__py
[ 67%] [32mBuilding C object CMakeFiles/global_planner__rosidl_generator_py.dir/rosidl_generator_py/global_planner/msg/_wpnt_array_s.c.o[0m
[ 67%] [32mBuilding C object CMakeFiles/global_planner__rosidl_generator_py.dir/rosidl_generator_py/global_planner/msg/_wpnt_s.c.o[0m
[ 69%] [32mBuilding C object CMakeFiles/global_planner__rosidl_generator_py.dir/rosidl_generator_py/global_planner/msg/_metadata_s.c.o[0m
[ 71%] [32m[1mLinking C shared library rosidl_generator_py/global_planner/libglobal_planner__rosidl_generator_py.so[0m
running egg_info
writing global_planner.egg-info/PKG-INFO
writing dependency_links to global_planner.egg-info/dependency_links.txt
writing top-level names to global_planner.egg-info/top_level.txt
reading manifest file 'global_planner.egg-info/SOURCES.txt'
writing manifest file 'global_planner.egg-info/SOURCES.txt'
[ 71%] Built target global_planner__rosidl_generator_py
[ 71%] Built target ament_cmake_python_build_global_planner_egg
[ 72%] [32mBuilding C object CMakeFiles/global_planner__rosidl_typesupport_c__pyext.dir/rosidl_generator_py/global_planner/_global_planner_s.ep.rosidl_typesupport_c.c.o[0m
[ 74%] [32mBuilding C object CMakeFiles/global_planner__rosidl_typesupport_fastrtps_c__pyext.dir/rosidl_generator_py/global_planner/_global_planner_s.ep.rosidl_typesupport_fastrtps_c.c.o[0m
[ 76%] [32mBuilding C object CMakeFiles/global_planner__rosidl_typesupport_introspection_c__pyext.dir/rosidl_generator_py/global_planner/_global_planner_s.ep.rosidl_typesupport_introspection_c.c.o[0m
[ 77%] [32m[1mLinking C shared library rosidl_generator_py/global_planner/global_planner_s__rosidl_typesupport_introspection_c.cpython-310-x86_64-linux-gnu.so[0m
[ 79%] [32m[1mLinking C shared library rosidl_generator_py/global_planner/global_planner_s__rosidl_typesupport_fastrtps_c.cpython-310-x86_64-linux-gnu.so[0m
[ 81%] [32m[1mLinking C shared library rosidl_generator_py/global_planner/global_planner_s__rosidl_typesupport_c.cpython-310-x86_64-linux-gnu.so[0m
[ 81%] Built target global_planner__rosidl_typesupport_introspection_c__pyext
[ 81%] Built target global_planner__rosidl_typesupport_fastrtps_c__pyext
[ 81%] Built target global_planner__rosidl_typesupport_c__pyext
[ 83%] [32m[1mLinking CXX shared library libutils_lib.so[0m
[ 83%] Built target utils_lib
[ 84%] [32mBuilding CXX object CMakeFiles/velocity_planner.dir/src/velocity_planner.cpp.o[0m
[ 86%] [32mBuilding CXX object CMakeFiles/curvature_planner.dir/src/curvature_planner.cpp.o[0m
[ 89%] [32mBuilding CXX object CMakeFiles/centerline_extractor.dir/src/centerline_extractor.cpp.o[0m
[ 91%] [32mBuilding CXX object CMakeFiles/global_planner_node.dir/src/global_planner_node.cpp.o[0m
[ 91%] [32mBuilding CXX object CMakeFiles/time_optimal_planner.dir/src/time_optimal_planner.cpp.o[0m
