running egg_info
creating ../../../build/slam_tuner/slam_tuner.egg-info
writing ../../../build/slam_tuner/slam_tuner.egg-info/PKG-INFO
writing dependency_links to ../../../build/slam_tuner/slam_tuner.egg-info/dependency_links.txt
writing entry points to ../../../build/slam_tuner/slam_tuner.egg-info/entry_points.txt
writing requirements to ../../../build/slam_tuner/slam_tuner.egg-info/requires.txt
writing top-level names to ../../../build/slam_tuner/slam_tuner.egg-info/top_level.txt
writing manifest file '../../../build/slam_tuner/slam_tuner.egg-info/SOURCES.txt'
reading manifest file '../../../build/slam_tuner/slam_tuner.egg-info/SOURCES.txt'
writing manifest file '../../../build/slam_tuner/slam_tuner.egg-info/SOURCES.txt'
running build
running build_py
creating /home/misys/forza_ws/race_stack/build/slam_tuner/build
creating /home/misys/forza_ws/race_stack/build/slam_tuner/build/lib
creating /home/misys/forza_ws/race_stack/build/slam_tuner/build/lib/slam_tuner
copying slam_tuner/path_recorder.py -> /home/misys/forza_ws/race_stack/build/slam_tuner/build/lib/slam_tuner
copying slam_tuner/__init__.py -> /home/misys/forza_ws/race_stack/build/slam_tuner/build/lib/slam_tuner
copying slam_tuner/setup.py -> /home/misys/forza_ws/race_stack/build/slam_tuner/build/lib/slam_tuner
copying slam_tuner/reconstruction_error.py -> /home/misys/forza_ws/race_stack/build/slam_tuner/build/lib/slam_tuner
creating /home/misys/forza_ws/race_stack/build/slam_tuner/build/lib/slam_tuner/errormetrics
copying slam_tuner/errormetrics/__init__.py -> /home/misys/forza_ws/race_stack/build/slam_tuner/build/lib/slam_tuner/errormetrics
copying slam_tuner/errormetrics/utils.py -> /home/misys/forza_ws/race_stack/build/slam_tuner/build/lib/slam_tuner/errormetrics
copying slam_tuner/errormetrics/csv_io.py -> /home/misys/forza_ws/race_stack/build/slam_tuner/build/lib/slam_tuner/errormetrics
copying slam_tuner/errormetrics/plot_things.py -> /home/misys/forza_ws/race_stack/build/slam_tuner/build/lib/slam_tuner/errormetrics
running install
running install_lib
creating /home/misys/forza_ws/race_stack/install/slam_tuner/lib/python3.10/site-packages/slam_tuner
copying /home/misys/forza_ws/race_stack/build/slam_tuner/build/lib/slam_tuner/path_recorder.py -> /home/misys/forza_ws/race_stack/install/slam_tuner/lib/python3.10/site-packages/slam_tuner
copying /home/misys/forza_ws/race_stack/build/slam_tuner/build/lib/slam_tuner/__init__.py -> /home/misys/forza_ws/race_stack/install/slam_tuner/lib/python3.10/site-packages/slam_tuner
creating /home/misys/forza_ws/race_stack/install/slam_tuner/lib/python3.10/site-packages/slam_tuner/errormetrics
copying /home/misys/forza_ws/race_stack/build/slam_tuner/build/lib/slam_tuner/errormetrics/__init__.py -> /home/misys/forza_ws/race_stack/install/slam_tuner/lib/python3.10/site-packages/slam_tuner/errormetrics
copying /home/misys/forza_ws/race_stack/build/slam_tuner/build/lib/slam_tuner/errormetrics/utils.py -> /home/misys/forza_ws/race_stack/install/slam_tuner/lib/python3.10/site-packages/slam_tuner/errormetrics
copying /home/misys/forza_ws/race_stack/build/slam_tuner/build/lib/slam_tuner/errormetrics/csv_io.py -> /home/misys/forza_ws/race_stack/install/slam_tuner/lib/python3.10/site-packages/slam_tuner/errormetrics
copying /home/misys/forza_ws/race_stack/build/slam_tuner/build/lib/slam_tuner/errormetrics/plot_things.py -> /home/misys/forza_ws/race_stack/install/slam_tuner/lib/python3.10/site-packages/slam_tuner/errormetrics
copying /home/misys/forza_ws/race_stack/build/slam_tuner/build/lib/slam_tuner/setup.py -> /home/misys/forza_ws/race_stack/install/slam_tuner/lib/python3.10/site-packages/slam_tuner
copying /home/misys/forza_ws/race_stack/build/slam_tuner/build/lib/slam_tuner/reconstruction_error.py -> /home/misys/forza_ws/race_stack/install/slam_tuner/lib/python3.10/site-packages/slam_tuner
byte-compiling /home/misys/forza_ws/race_stack/install/slam_tuner/lib/python3.10/site-packages/slam_tuner/path_recorder.py to path_recorder.cpython-310.pyc
byte-compiling /home/misys/forza_ws/race_stack/install/slam_tuner/lib/python3.10/site-packages/slam_tuner/__init__.py to __init__.cpython-310.pyc
byte-compiling /home/misys/forza_ws/race_stack/install/slam_tuner/lib/python3.10/site-packages/slam_tuner/errormetrics/__init__.py to __init__.cpython-310.pyc
byte-compiling /home/misys/forza_ws/race_stack/install/slam_tuner/lib/python3.10/site-packages/slam_tuner/errormetrics/utils.py to utils.cpython-310.pyc
byte-compiling /home/misys/forza_ws/race_stack/install/slam_tuner/lib/python3.10/site-packages/slam_tuner/errormetrics/csv_io.py to csv_io.cpython-310.pyc
byte-compiling /home/misys/forza_ws/race_stack/install/slam_tuner/lib/python3.10/site-packages/slam_tuner/errormetrics/plot_things.py to plot_things.cpython-310.pyc
byte-compiling /home/misys/forza_ws/race_stack/install/slam_tuner/lib/python3.10/site-packages/slam_tuner/setup.py to setup.cpython-310.pyc
byte-compiling /home/misys/forza_ws/race_stack/install/slam_tuner/lib/python3.10/site-packages/slam_tuner/reconstruction_error.py to reconstruction_error.cpython-310.pyc
running install_data
creating /home/misys/forza_ws/race_stack/install/slam_tuner/share/ament_index
creating /home/misys/forza_ws/race_stack/install/slam_tuner/share/ament_index/resource_index
creating /home/misys/forza_ws/race_stack/install/slam_tuner/share/ament_index/resource_index/packages
copying resource/slam_tuner -> /home/misys/forza_ws/race_stack/install/slam_tuner/share/ament_index/resource_index/packages
copying package.xml -> /home/misys/forza_ws/race_stack/install/slam_tuner/share/slam_tuner
creating /home/misys/forza_ws/race_stack/install/slam_tuner/share/slam_tuner/config
copying config/f110_2d_loc.lua -> /home/misys/forza_ws/race_stack/install/slam_tuner/share/slam_tuner/config
copying config/f110_2d.lua -> /home/misys/forza_ws/race_stack/install/slam_tuner/share/slam_tuner/config
creating /home/misys/forza_ws/race_stack/install/slam_tuner/share/slam_tuner/launch
copying launch/tuner_launch.xml -> /home/misys/forza_ws/race_stack/install/slam_tuner/share/slam_tuner/launch
copying launch/ekf_sim_launch.py -> /home/misys/forza_ws/race_stack/install/slam_tuner/share/slam_tuner/launch
creating /home/misys/forza_ws/race_stack/install/slam_tuner/share/slam_tuner/rviz
copying rviz/tuner.rviz -> /home/misys/forza_ws/race_stack/install/slam_tuner/share/slam_tuner/rviz
copying rviz/tuner_rviz.rviz -> /home/misys/forza_ws/race_stack/install/slam_tuner/share/slam_tuner/rviz
creating /home/misys/forza_ws/race_stack/install/slam_tuner/share/slam_tuner/data
running install_egg_info
Copying ../../../build/slam_tuner/slam_tuner.egg-info to /home/misys/forza_ws/race_stack/install/slam_tuner/lib/python3.10/site-packages/slam_tuner-0.0.0-py3.10.egg-info
running install_scripts
Installing slam_tuner_node script to /home/misys/forza_ws/race_stack/install/slam_tuner/lib/slam_tuner
writing list of installed files to '/home/misys/forza_ws/race_stack/build/slam_tuner/install.log'
