[1.764s] Invoking command in '/home/misys/forza_ws/race_stack/utilities/nodes/slam_tuner': AMENT_PREFIX_PATH=/home/misys/forza_ws/race_stack/install/state_estimation:${AMENT_PREFIX_PATH} PYTHONPATH=/home/misys/forza_ws/race_stack/build/slam_tuner/prefix_override:/usr/lib/python3/dist-packages/colcon_core/task/python/colcon_distutils_commands:/home/misys/forza_ws/race_stack/install/slam_tuner/lib/python3.10/site-packages:/home/misys/forza_ws/race_stack/install/state_estimation/lib/python3.10/site-packages:${PYTHONPATH} /usr/bin/python3 -W ignore:setup.py install is deprecated -W ignore:easy_install command is deprecated setup.py egg_info --egg-base ../../../build/slam_tuner build --build-base /home/misys/forza_ws/race_stack/build/slam_tuner/build install --record /home/misys/forza_ws/race_stack/build/slam_tuner/install.log --single-version-externally-managed install_data
[2.114s] running egg_info
[2.116s] creating ../../../build/slam_tuner/slam_tuner.egg-info
[2.116s] writing ../../../build/slam_tuner/slam_tuner.egg-info/PKG-INFO
[2.116s] writing dependency_links to ../../../build/slam_tuner/slam_tuner.egg-info/dependency_links.txt
[2.116s] writing entry points to ../../../build/slam_tuner/slam_tuner.egg-info/entry_points.txt
[2.116s] writing requirements to ../../../build/slam_tuner/slam_tuner.egg-info/requires.txt
[2.117s] writing top-level names to ../../../build/slam_tuner/slam_tuner.egg-info/top_level.txt
[2.117s] writing manifest file '../../../build/slam_tuner/slam_tuner.egg-info/SOURCES.txt'
[2.123s] reading manifest file '../../../build/slam_tuner/slam_tuner.egg-info/SOURCES.txt'
[2.124s] writing manifest file '../../../build/slam_tuner/slam_tuner.egg-info/SOURCES.txt'
[2.124s] running build
[2.124s] running build_py
[2.128s] creating /home/misys/forza_ws/race_stack/build/slam_tuner/build
[2.128s] creating /home/misys/forza_ws/race_stack/build/slam_tuner/build/lib
[2.130s] creating /home/misys/forza_ws/race_stack/build/slam_tuner/build/lib/slam_tuner
[2.130s] copying slam_tuner/path_recorder.py -> /home/misys/forza_ws/race_stack/build/slam_tuner/build/lib/slam_tuner
[2.130s] copying slam_tuner/__init__.py -> /home/misys/forza_ws/race_stack/build/slam_tuner/build/lib/slam_tuner
[2.131s] copying slam_tuner/setup.py -> /home/misys/forza_ws/race_stack/build/slam_tuner/build/lib/slam_tuner
[2.131s] copying slam_tuner/reconstruction_error.py -> /home/misys/forza_ws/race_stack/build/slam_tuner/build/lib/slam_tuner
[2.134s] creating /home/misys/forza_ws/race_stack/build/slam_tuner/build/lib/slam_tuner/errormetrics
[2.134s] copying slam_tuner/errormetrics/__init__.py -> /home/misys/forza_ws/race_stack/build/slam_tuner/build/lib/slam_tuner/errormetrics
[2.134s] copying slam_tuner/errormetrics/utils.py -> /home/misys/forza_ws/race_stack/build/slam_tuner/build/lib/slam_tuner/errormetrics
[2.134s] copying slam_tuner/errormetrics/csv_io.py -> /home/misys/forza_ws/race_stack/build/slam_tuner/build/lib/slam_tuner/errormetrics
[2.134s] copying slam_tuner/errormetrics/plot_things.py -> /home/misys/forza_ws/race_stack/build/slam_tuner/build/lib/slam_tuner/errormetrics
[2.134s] running install
[2.134s] running install_lib
[2.134s] creating /home/misys/forza_ws/race_stack/install/slam_tuner/lib/python3.10/site-packages/slam_tuner
[2.135s] copying /home/misys/forza_ws/race_stack/build/slam_tuner/build/lib/slam_tuner/path_recorder.py -> /home/misys/forza_ws/race_stack/install/slam_tuner/lib/python3.10/site-packages/slam_tuner
[2.135s] copying /home/misys/forza_ws/race_stack/build/slam_tuner/build/lib/slam_tuner/__init__.py -> /home/misys/forza_ws/race_stack/install/slam_tuner/lib/python3.10/site-packages/slam_tuner
[2.135s] creating /home/misys/forza_ws/race_stack/install/slam_tuner/lib/python3.10/site-packages/slam_tuner/errormetrics
[2.135s] copying /home/misys/forza_ws/race_stack/build/slam_tuner/build/lib/slam_tuner/errormetrics/__init__.py -> /home/misys/forza_ws/race_stack/install/slam_tuner/lib/python3.10/site-packages/slam_tuner/errormetrics
[2.135s] copying /home/misys/forza_ws/race_stack/build/slam_tuner/build/lib/slam_tuner/errormetrics/utils.py -> /home/misys/forza_ws/race_stack/install/slam_tuner/lib/python3.10/site-packages/slam_tuner/errormetrics
[2.135s] copying /home/misys/forza_ws/race_stack/build/slam_tuner/build/lib/slam_tuner/errormetrics/csv_io.py -> /home/misys/forza_ws/race_stack/install/slam_tuner/lib/python3.10/site-packages/slam_tuner/errormetrics
[2.135s] copying /home/misys/forza_ws/race_stack/build/slam_tuner/build/lib/slam_tuner/errormetrics/plot_things.py -> /home/misys/forza_ws/race_stack/install/slam_tuner/lib/python3.10/site-packages/slam_tuner/errormetrics
[2.135s] copying /home/misys/forza_ws/race_stack/build/slam_tuner/build/lib/slam_tuner/setup.py -> /home/misys/forza_ws/race_stack/install/slam_tuner/lib/python3.10/site-packages/slam_tuner
[2.135s] copying /home/misys/forza_ws/race_stack/build/slam_tuner/build/lib/slam_tuner/reconstruction_error.py -> /home/misys/forza_ws/race_stack/install/slam_tuner/lib/python3.10/site-packages/slam_tuner
[2.145s] byte-compiling /home/misys/forza_ws/race_stack/install/slam_tuner/lib/python3.10/site-packages/slam_tuner/path_recorder.py to path_recorder.cpython-310.pyc
[2.145s] byte-compiling /home/misys/forza_ws/race_stack/install/slam_tuner/lib/python3.10/site-packages/slam_tuner/__init__.py to __init__.cpython-310.pyc
[2.145s] byte-compiling /home/misys/forza_ws/race_stack/install/slam_tuner/lib/python3.10/site-packages/slam_tuner/errormetrics/__init__.py to __init__.cpython-310.pyc
[2.145s] byte-compiling /home/misys/forza_ws/race_stack/install/slam_tuner/lib/python3.10/site-packages/slam_tuner/errormetrics/utils.py to utils.cpython-310.pyc
[2.146s] byte-compiling /home/misys/forza_ws/race_stack/install/slam_tuner/lib/python3.10/site-packages/slam_tuner/errormetrics/csv_io.py to csv_io.cpython-310.pyc
[2.146s] byte-compiling /home/misys/forza_ws/race_stack/install/slam_tuner/lib/python3.10/site-packages/slam_tuner/errormetrics/plot_things.py to plot_things.cpython-310.pyc
[2.146s] byte-compiling /home/misys/forza_ws/race_stack/install/slam_tuner/lib/python3.10/site-packages/slam_tuner/setup.py to setup.cpython-310.pyc
[2.146s] byte-compiling /home/misys/forza_ws/race_stack/install/slam_tuner/lib/python3.10/site-packages/slam_tuner/reconstruction_error.py to reconstruction_error.cpython-310.pyc
[2.147s] running install_data
[2.147s] creating /home/misys/forza_ws/race_stack/install/slam_tuner/share/ament_index
[2.147s] creating /home/misys/forza_ws/race_stack/install/slam_tuner/share/ament_index/resource_index
[2.147s] creating /home/misys/forza_ws/race_stack/install/slam_tuner/share/ament_index/resource_index/packages
[2.147s] copying resource/slam_tuner -> /home/misys/forza_ws/race_stack/install/slam_tuner/share/ament_index/resource_index/packages
[2.147s] copying package.xml -> /home/misys/forza_ws/race_stack/install/slam_tuner/share/slam_tuner
[2.147s] creating /home/misys/forza_ws/race_stack/install/slam_tuner/share/slam_tuner/config
[2.147s] copying config/f110_2d_loc.lua -> /home/misys/forza_ws/race_stack/install/slam_tuner/share/slam_tuner/config
[2.147s] copying config/f110_2d.lua -> /home/misys/forza_ws/race_stack/install/slam_tuner/share/slam_tuner/config
[2.148s] creating /home/misys/forza_ws/race_stack/install/slam_tuner/share/slam_tuner/launch
[2.156s] copying launch/tuner_launch.xml -> /home/misys/forza_ws/race_stack/install/slam_tuner/share/slam_tuner/launch
[2.156s] copying launch/ekf_sim_launch.py -> /home/misys/forza_ws/race_stack/install/slam_tuner/share/slam_tuner/launch
[2.156s] creating /home/misys/forza_ws/race_stack/install/slam_tuner/share/slam_tuner/rviz
[2.156s] copying rviz/tuner.rviz -> /home/misys/forza_ws/race_stack/install/slam_tuner/share/slam_tuner/rviz
[2.156s] copying rviz/tuner_rviz.rviz -> /home/misys/forza_ws/race_stack/install/slam_tuner/share/slam_tuner/rviz
[2.156s] creating /home/misys/forza_ws/race_stack/install/slam_tuner/share/slam_tuner/data
[2.156s] running install_egg_info
[2.157s] Copying ../../../build/slam_tuner/slam_tuner.egg-info to /home/misys/forza_ws/race_stack/install/slam_tuner/lib/python3.10/site-packages/slam_tuner-0.0.0-py3.10.egg-info
[2.158s] running install_scripts
[2.186s] Installing slam_tuner_node script to /home/misys/forza_ws/race_stack/install/slam_tuner/lib/slam_tuner
[2.187s] writing list of installed files to '/home/misys/forza_ws/race_stack/build/slam_tuner/install.log'
[2.250s] Invoked command in '/home/misys/forza_ws/race_stack/utilities/nodes/slam_tuner' returned '0': AMENT_PREFIX_PATH=/home/misys/forza_ws/race_stack/install/state_estimation:${AMENT_PREFIX_PATH} PYTHONPATH=/home/misys/forza_ws/race_stack/build/slam_tuner/prefix_override:/usr/lib/python3/dist-packages/colcon_core/task/python/colcon_distutils_commands:/home/misys/forza_ws/race_stack/install/slam_tuner/lib/python3.10/site-packages:/home/misys/forza_ws/race_stack/install/state_estimation/lib/python3.10/site-packages:${PYTHONPATH} /usr/bin/python3 -W ignore:setup.py install is deprecated -W ignore:easy_install command is deprecated setup.py egg_info --egg-base ../../../build/slam_tuner build --build-base /home/misys/forza_ws/race_stack/build/slam_tuner/build install --record /home/misys/forza_ws/race_stack/build/slam_tuner/install.log --single-version-externally-managed install_data
