[35m[1mConsolidate compiler generated dependencies of target frenet_odom_republisher[0m
[100%] Built target frenet_odom_republisher
-- Install configuration: ""
-- Up-to-date: /home/misys/forza_ws/race_stack/install/frenet_odom_republisher_cpp/lib/frenet_odom_republisher_cpp/frenet_odom_republisher
-- Up-to-date: /home/misys/forza_ws/race_stack/install/frenet_odom_republisher_cpp/share/frenet_odom_republisher_cpp/launch
-- Up-to-date: /home/misys/forza_ws/race_stack/install/frenet_odom_republisher_cpp/share/frenet_odom_republisher_cpp/launch/frenet_odom_republisher_launch.xml
-- Up-to-date: /home/misys/forza_ws/race_stack/install/frenet_odom_republisher_cpp/share/ament_index/resource_index/package_run_dependencies/frenet_odom_republisher_cpp
-- Up-to-date: /home/misys/forza_ws/race_stack/install/frenet_odom_republisher_cpp/share/ament_index/resource_index/parent_prefix_path/frenet_odom_republisher_cpp
-- Up-to-date: /home/misys/forza_ws/race_stack/install/frenet_odom_republisher_cpp/share/frenet_odom_republisher_cpp/environment/ament_prefix_path.sh
-- Up-to-date: /home/misys/forza_ws/race_stack/install/frenet_odom_republisher_cpp/share/frenet_odom_republisher_cpp/environment/ament_prefix_path.dsv
-- Up-to-date: /home/misys/forza_ws/race_stack/install/frenet_odom_republisher_cpp/share/frenet_odom_republisher_cpp/environment/path.sh
-- Up-to-date: /home/misys/forza_ws/race_stack/install/frenet_odom_republisher_cpp/share/frenet_odom_republisher_cpp/environment/path.dsv
-- Up-to-date: /home/misys/forza_ws/race_stack/install/frenet_odom_republisher_cpp/share/frenet_odom_republisher_cpp/local_setup.bash
-- Up-to-date: /home/misys/forza_ws/race_stack/install/frenet_odom_republisher_cpp/share/frenet_odom_republisher_cpp/local_setup.sh
-- Up-to-date: /home/misys/forza_ws/race_stack/install/frenet_odom_republisher_cpp/share/frenet_odom_republisher_cpp/local_setup.zsh
-- Up-to-date: /home/misys/forza_ws/race_stack/install/frenet_odom_republisher_cpp/share/frenet_odom_republisher_cpp/local_setup.dsv
-- Installing: /home/misys/forza_ws/race_stack/install/frenet_odom_republisher_cpp/share/frenet_odom_republisher_cpp/package.dsv
-- Up-to-date: /home/misys/forza_ws/race_stack/install/frenet_odom_republisher_cpp/share/ament_index/resource_index/packages/frenet_odom_republisher_cpp
-- Up-to-date: /home/misys/forza_ws/race_stack/install/frenet_odom_republisher_cpp/share/frenet_odom_republisher_cpp/cmake/frenet_odom_republisher_cppConfig.cmake
-- Up-to-date: /home/misys/forza_ws/race_stack/install/frenet_odom_republisher_cpp/share/frenet_odom_republisher_cpp/cmake/frenet_odom_republisher_cppConfig-version.cmake
-- Up-to-date: /home/misys/forza_ws/race_stack/install/frenet_odom_republisher_cpp/share/frenet_odom_republisher_cpp/package.xml
